[2.879s] DEBUG:colcon:Command line arguments: ['/usr/bin/colcon', 'build', '--symlink-install']
[2.879s] DEBUG:colcon:Parsed command line arguments: Namespace(ament_cmake_args=None, base_paths=['.'], build_base='build', catkin_cmake_args=None, catkin_skip_building_tests=False, cmake_args=None, cmake_clean_cache=False, cmake_clean_first=False, cmake_force_configure=False, cmake_target=None, cmake_target_skip_unavailable=False, continue_on_error=False, event_handlers=None, executor='parallel', ignore_user_meta=False, install_base='install', log_base=None, log_level=None, main=<bound method BuildVerb.main of <colcon_core.verb.build.BuildVerb object at 0x7fab2e1630>>, merge_install=False, metas=['./colcon.meta'], packages_above=None, packages_above_and_dependencies=None, packages_above_depth=None, packages_end=None, packages_ignore=None, packages_ignore_regex=None, packages_select=None, packages_select_build_failed=False, packages_select_by_dep=None, packages_select_regex=None, packages_select_test_failures=False, packages_skip=None, packages_skip_build_finished=False, packages_skip_by_dep=None, packages_skip_regex=None, packages_skip_test_passed=False, packages_skip_up_to=None, packages_start=None, packages_up_to=None, packages_up_to_regex=None, parallel_workers=4, paths=None, symlink_install=True, test_result_base=None, verb_extension=<colcon_core.verb.build.BuildVerb object at 0x7fab2e1630>, verb_name='build', verb_parser=<colcon_defaults.argument_parser.defaults.DefaultArgumentsDecorator object at 0x7fab1bb470>)
[3.069s] Level 1:colcon.colcon_core.package_discovery:discover_packages(colcon_meta) check parameters
[3.070s] Level 1:colcon.colcon_core.package_discovery:discover_packages(recursive) check parameters
[3.070s] Level 1:colcon.colcon_core.package_discovery:discover_packages(ignore) check parameters
[3.070s] Level 1:colcon.colcon_core.package_discovery:discover_packages(path) check parameters
[3.070s] Level 1:colcon.colcon_core.package_discovery:discover_packages(colcon_meta) discover
[3.072s] Level 1:colcon.colcon_core.package_discovery:discover_packages(recursive) discover
[3.072s] INFO:colcon.colcon_core.package_discovery:Crawling recursively for packages in '/home/jetbot/ece417/ws'
[3.073s] Level 1:colcon.colcon_core.package_identification:_identify(.) by extensions ['ignore', 'ignore_ament_install']
[3.073s] Level 1:colcon.colcon_core.package_identification:_identify(.) by extension 'ignore'
[3.073s] Level 1:colcon.colcon_core.package_identification:_identify(.) by extension 'ignore_ament_install'
[3.074s] Level 1:colcon.colcon_core.package_identification:_identify(.) by extensions ['colcon_pkg']
[3.074s] Level 1:colcon.colcon_core.package_identification:_identify(.) by extension 'colcon_pkg'
[3.074s] Level 1:colcon.colcon_core.package_identification:_identify(.) by extensions ['colcon_meta']
[3.074s] Level 1:colcon.colcon_core.package_identification:_identify(.) by extension 'colcon_meta'
[3.075s] Level 1:colcon.colcon_core.package_identification:_identify(.) by extensions ['ros']
[3.075s] Level 1:colcon.colcon_core.package_identification:_identify(.) by extension 'ros'
[3.246s] Level 1:colcon.colcon_core.package_identification:_identify(.) by extensions ['cmake', 'python']
[3.246s] Level 1:colcon.colcon_core.package_identification:_identify(.) by extension 'cmake'
[3.247s] Level 1:colcon.colcon_core.package_identification:_identify(.) by extension 'python'
[3.247s] Level 1:colcon.colcon_core.package_identification:_identify(.) by extensions ['python_setup_py']
[3.247s] Level 1:colcon.colcon_core.package_identification:_identify(.) by extension 'python_setup_py'
[3.248s] Level 1:colcon.colcon_core.package_identification:_identify(build) by extensions ['ignore', 'ignore_ament_install']
[3.248s] Level 1:colcon.colcon_core.package_identification:_identify(build) by extension 'ignore'
[3.248s] Level 1:colcon.colcon_core.package_identification:_identify(build) ignored
[3.250s] Level 1:colcon.colcon_core.package_identification:_identify(install) by extensions ['ignore', 'ignore_ament_install']
[3.251s] Level 1:colcon.colcon_core.package_identification:_identify(install) by extension 'ignore'
[3.251s] Level 1:colcon.colcon_core.package_identification:_identify(install) ignored
[3.252s] Level 1:colcon.colcon_core.package_identification:_identify(log) by extensions ['ignore', 'ignore_ament_install']
[3.252s] Level 1:colcon.colcon_core.package_identification:_identify(log) by extension 'ignore'
[3.252s] Level 1:colcon.colcon_core.package_identification:_identify(log) ignored
[3.253s] Level 1:colcon.colcon_core.package_identification:_identify(src) by extensions ['ignore', 'ignore_ament_install']
[3.253s] Level 1:colcon.colcon_core.package_identification:_identify(src) by extension 'ignore'
[3.253s] Level 1:colcon.colcon_core.package_identification:_identify(src) by extension 'ignore_ament_install'
[3.254s] Level 1:colcon.colcon_core.package_identification:_identify(src) by extensions ['colcon_pkg']
[3.254s] Level 1:colcon.colcon_core.package_identification:_identify(src) by extension 'colcon_pkg'
[3.254s] Level 1:colcon.colcon_core.package_identification:_identify(src) by extensions ['colcon_meta']
[3.254s] Level 1:colcon.colcon_core.package_identification:_identify(src) by extension 'colcon_meta'
[3.254s] Level 1:colcon.colcon_core.package_identification:_identify(src) by extensions ['ros']
[3.255s] Level 1:colcon.colcon_core.package_identification:_identify(src) by extension 'ros'
[3.255s] Level 1:colcon.colcon_core.package_identification:_identify(src) by extensions ['cmake', 'python']
[3.255s] Level 1:colcon.colcon_core.package_identification:_identify(src) by extension 'cmake'
[3.256s] Level 1:colcon.colcon_core.package_identification:_identify(src) by extension 'python'
[3.256s] Level 1:colcon.colcon_core.package_identification:_identify(src) by extensions ['python_setup_py']
[3.256s] Level 1:colcon.colcon_core.package_identification:_identify(src) by extension 'python_setup_py'
[3.257s] Level 1:colcon.colcon_core.package_identification:_identify(src/gscam) by extensions ['ignore', 'ignore_ament_install']
[3.257s] Level 1:colcon.colcon_core.package_identification:_identify(src/gscam) by extension 'ignore'
[3.257s] Level 1:colcon.colcon_core.package_identification:_identify(src/gscam) by extension 'ignore_ament_install'
[3.258s] Level 1:colcon.colcon_core.package_identification:_identify(src/gscam) by extensions ['colcon_pkg']
[3.258s] Level 1:colcon.colcon_core.package_identification:_identify(src/gscam) by extension 'colcon_pkg'
[3.258s] Level 1:colcon.colcon_core.package_identification:_identify(src/gscam) by extensions ['colcon_meta']
[3.258s] Level 1:colcon.colcon_core.package_identification:_identify(src/gscam) by extension 'colcon_meta'
[3.258s] Level 1:colcon.colcon_core.package_identification:_identify(src/gscam) by extensions ['ros']
[3.259s] Level 1:colcon.colcon_core.package_identification:_identify(src/gscam) by extension 'ros'
[3.277s] DEBUG:colcon.colcon_core.package_identification:Package 'src/gscam' with type 'ros.ament_cmake' and name 'gscam'
[3.277s] Level 1:colcon.colcon_core.package_identification:_identify(src/jetbot_ros) by extensions ['ignore', 'ignore_ament_install']
[3.278s] Level 1:colcon.colcon_core.package_identification:_identify(src/jetbot_ros) by extension 'ignore'
[3.278s] Level 1:colcon.colcon_core.package_identification:_identify(src/jetbot_ros) by extension 'ignore_ament_install'
[3.279s] Level 1:colcon.colcon_core.package_identification:_identify(src/jetbot_ros) by extensions ['colcon_pkg']
[3.279s] Level 1:colcon.colcon_core.package_identification:_identify(src/jetbot_ros) by extension 'colcon_pkg'
[3.279s] Level 1:colcon.colcon_core.package_identification:_identify(src/jetbot_ros) by extensions ['colcon_meta']
[3.279s] Level 1:colcon.colcon_core.package_identification:_identify(src/jetbot_ros) by extension 'colcon_meta'
[3.280s] Level 1:colcon.colcon_core.package_identification:_identify(src/jetbot_ros) by extensions ['ros']
[3.280s] Level 1:colcon.colcon_core.package_identification:_identify(src/jetbot_ros) by extension 'ros'
[3.282s] DEBUG:colcon.colcon_core.package_identification:Package 'src/jetbot_ros' with type 'ros.ament_python' and name 'jetbot_ros'
[3.283s] Level 1:colcon.colcon_core.package_identification:_identify(src/py_pubsub) by extensions ['ignore', 'ignore_ament_install']
[3.283s] Level 1:colcon.colcon_core.package_identification:_identify(src/py_pubsub) by extension 'ignore'
[3.283s] Level 1:colcon.colcon_core.package_identification:_identify(src/py_pubsub) by extension 'ignore_ament_install'
[3.284s] Level 1:colcon.colcon_core.package_identification:_identify(src/py_pubsub) by extensions ['colcon_pkg']
[3.284s] Level 1:colcon.colcon_core.package_identification:_identify(src/py_pubsub) by extension 'colcon_pkg'
[3.284s] Level 1:colcon.colcon_core.package_identification:_identify(src/py_pubsub) by extensions ['colcon_meta']
[3.284s] Level 1:colcon.colcon_core.package_identification:_identify(src/py_pubsub) by extension 'colcon_meta'
[3.285s] Level 1:colcon.colcon_core.package_identification:_identify(src/py_pubsub) by extensions ['ros']
[3.285s] Level 1:colcon.colcon_core.package_identification:_identify(src/py_pubsub) by extension 'ros'
[3.287s] DEBUG:colcon.colcon_core.package_identification:Package 'src/py_pubsub' with type 'ros.ament_python' and name 'py_pubsub'
[3.288s] Level 1:colcon.colcon_core.package_identification:_identify(src/ros_aruco_opencv) by extensions ['ignore', 'ignore_ament_install']
[3.288s] Level 1:colcon.colcon_core.package_identification:_identify(src/ros_aruco_opencv) by extension 'ignore'
[3.288s] Level 1:colcon.colcon_core.package_identification:_identify(src/ros_aruco_opencv) by extension 'ignore_ament_install'
[3.289s] Level 1:colcon.colcon_core.package_identification:_identify(src/ros_aruco_opencv) by extensions ['colcon_pkg']
[3.289s] Level 1:colcon.colcon_core.package_identification:_identify(src/ros_aruco_opencv) by extension 'colcon_pkg'
[3.289s] Level 1:colcon.colcon_core.package_identification:_identify(src/ros_aruco_opencv) by extensions ['colcon_meta']
[3.289s] Level 1:colcon.colcon_core.package_identification:_identify(src/ros_aruco_opencv) by extension 'colcon_meta'
[3.290s] Level 1:colcon.colcon_core.package_identification:_identify(src/ros_aruco_opencv) by extensions ['ros']
[3.290s] Level 1:colcon.colcon_core.package_identification:_identify(src/ros_aruco_opencv) by extension 'ros'
[3.290s] Level 1:colcon.colcon_core.package_identification:_identify(src/ros_aruco_opencv) by extensions ['cmake', 'python']
[3.290s] Level 1:colcon.colcon_core.package_identification:_identify(src/ros_aruco_opencv) by extension 'cmake'
[3.291s] Level 1:colcon.colcon_core.package_identification:_identify(src/ros_aruco_opencv) by extension 'python'
[3.291s] Level 1:colcon.colcon_core.package_identification:_identify(src/ros_aruco_opencv) by extensions ['python_setup_py']
[3.291s] Level 1:colcon.colcon_core.package_identification:_identify(src/ros_aruco_opencv) by extension 'python_setup_py'
[3.292s] Level 1:colcon.colcon_core.package_identification:_identify(src/ros_aruco_opencv/aruco_opencv) by extensions ['ignore', 'ignore_ament_install']
[3.292s] Level 1:colcon.colcon_core.package_identification:_identify(src/ros_aruco_opencv/aruco_opencv) by extension 'ignore'
[3.292s] Level 1:colcon.colcon_core.package_identification:_identify(src/ros_aruco_opencv/aruco_opencv) by extension 'ignore_ament_install'
[3.293s] Level 1:colcon.colcon_core.package_identification:_identify(src/ros_aruco_opencv/aruco_opencv) by extensions ['colcon_pkg']
[3.293s] Level 1:colcon.colcon_core.package_identification:_identify(src/ros_aruco_opencv/aruco_opencv) by extension 'colcon_pkg'
[3.293s] Level 1:colcon.colcon_core.package_identification:_identify(src/ros_aruco_opencv/aruco_opencv) by extensions ['colcon_meta']
[3.293s] Level 1:colcon.colcon_core.package_identification:_identify(src/ros_aruco_opencv/aruco_opencv) by extension 'colcon_meta'
[3.294s] Level 1:colcon.colcon_core.package_identification:_identify(src/ros_aruco_opencv/aruco_opencv) by extensions ['ros']
[3.294s] Level 1:colcon.colcon_core.package_identification:_identify(src/ros_aruco_opencv/aruco_opencv) by extension 'ros'
[3.299s] DEBUG:colcon.colcon_core.package_identification:Package 'src/ros_aruco_opencv/aruco_opencv' with type 'ros.ament_cmake' and name 'aruco_opencv'
[3.299s] Level 1:colcon.colcon_core.package_identification:_identify(src/ros_aruco_opencv/aruco_opencv_msgs) by extensions ['ignore', 'ignore_ament_install']
[3.300s] Level 1:colcon.colcon_core.package_identification:_identify(src/ros_aruco_opencv/aruco_opencv_msgs) by extension 'ignore'
[3.300s] Level 1:colcon.colcon_core.package_identification:_identify(src/ros_aruco_opencv/aruco_opencv_msgs) by extension 'ignore_ament_install'
[3.300s] Level 1:colcon.colcon_core.package_identification:_identify(src/ros_aruco_opencv/aruco_opencv_msgs) by extensions ['colcon_pkg']
[3.300s] Level 1:colcon.colcon_core.package_identification:_identify(src/ros_aruco_opencv/aruco_opencv_msgs) by extension 'colcon_pkg'
[3.301s] Level 1:colcon.colcon_core.package_identification:_identify(src/ros_aruco_opencv/aruco_opencv_msgs) by extensions ['colcon_meta']
[3.301s] Level 1:colcon.colcon_core.package_identification:_identify(src/ros_aruco_opencv/aruco_opencv_msgs) by extension 'colcon_meta'
[3.301s] Level 1:colcon.colcon_core.package_identification:_identify(src/ros_aruco_opencv/aruco_opencv_msgs) by extensions ['ros']
[3.301s] Level 1:colcon.colcon_core.package_identification:_identify(src/ros_aruco_opencv/aruco_opencv_msgs) by extension 'ros'
[3.305s] DEBUG:colcon.colcon_core.package_identification:Package 'src/ros_aruco_opencv/aruco_opencv_msgs' with type 'ros.ament_cmake' and name 'aruco_opencv_msgs'
[3.305s] Level 1:colcon.colcon_core.package_discovery:discover_packages(recursive) using defaults
[3.306s] Level 1:colcon.colcon_core.package_discovery:discover_packages(ignore) discover
[3.307s] Level 1:colcon.colcon_core.package_discovery:discover_packages(ignore) using defaults
[3.307s] Level 1:colcon.colcon_core.package_discovery:discover_packages(path) discover
[3.307s] Level 1:colcon.colcon_core.package_discovery:discover_packages(path) using defaults
[3.524s] Level 5:colcon.colcon_core.verb:set package 'aruco_opencv_msgs' build argument 'cmake_args' from command line to 'None'
[3.524s] Level 5:colcon.colcon_core.verb:set package 'aruco_opencv_msgs' build argument 'cmake_target' from command line to 'None'
[3.525s] Level 5:colcon.colcon_core.verb:set package 'aruco_opencv_msgs' build argument 'cmake_target_skip_unavailable' from command line to 'False'
[3.525s] Level 5:colcon.colcon_core.verb:set package 'aruco_opencv_msgs' build argument 'cmake_clean_cache' from command line to 'False'
[3.525s] Level 5:colcon.colcon_core.verb:set package 'aruco_opencv_msgs' build argument 'cmake_clean_first' from command line to 'False'
[3.525s] Level 5:colcon.colcon_core.verb:set package 'aruco_opencv_msgs' build argument 'cmake_force_configure' from command line to 'False'
[3.525s] Level 5:colcon.colcon_core.verb:set package 'aruco_opencv_msgs' build argument 'ament_cmake_args' from command line to 'None'
[3.525s] Level 5:colcon.colcon_core.verb:set package 'aruco_opencv_msgs' build argument 'catkin_cmake_args' from command line to 'None'
[3.526s] Level 5:colcon.colcon_core.verb:set package 'aruco_opencv_msgs' build argument 'catkin_skip_building_tests' from command line to 'False'
[3.526s] DEBUG:colcon.colcon_core.verb:Building package 'aruco_opencv_msgs' with the following arguments: {'ament_cmake_args': None, 'build_base': '/home/jetbot/ece417/ws/build/aruco_opencv_msgs', 'catkin_cmake_args': None, 'catkin_skip_building_tests': False, 'cmake_args': None, 'cmake_clean_cache': False, 'cmake_clean_first': False, 'cmake_force_configure': False, 'cmake_target': None, 'cmake_target_skip_unavailable': False, 'install_base': '/home/jetbot/ece417/ws/install/aruco_opencv_msgs', 'merge_install': False, 'path': '/home/jetbot/ece417/ws/src/ros_aruco_opencv/aruco_opencv_msgs', 'symlink_install': True, 'test_result_base': None}
[3.544s] Level 5:colcon.colcon_core.verb:set package 'gscam' build argument 'cmake_args' from command line to 'None'
[3.544s] Level 5:colcon.colcon_core.verb:set package 'gscam' build argument 'cmake_target' from command line to 'None'
[3.544s] Level 5:colcon.colcon_core.verb:set package 'gscam' build argument 'cmake_target_skip_unavailable' from command line to 'False'
[3.544s] Level 5:colcon.colcon_core.verb:set package 'gscam' build argument 'cmake_clean_cache' from command line to 'False'
[3.544s] Level 5:colcon.colcon_core.verb:set package 'gscam' build argument 'cmake_clean_first' from command line to 'False'
[3.545s] Level 5:colcon.colcon_core.verb:set package 'gscam' build argument 'cmake_force_configure' from command line to 'False'
[3.545s] Level 5:colcon.colcon_core.verb:set package 'gscam' build argument 'ament_cmake_args' from command line to 'None'
[3.545s] Level 5:colcon.colcon_core.verb:set package 'gscam' build argument 'catkin_cmake_args' from command line to 'None'
[3.545s] Level 5:colcon.colcon_core.verb:set package 'gscam' build argument 'catkin_skip_building_tests' from command line to 'False'
[3.545s] DEBUG:colcon.colcon_core.verb:Building package 'gscam' with the following arguments: {'ament_cmake_args': None, 'build_base': '/home/jetbot/ece417/ws/build/gscam', 'catkin_cmake_args': None, 'catkin_skip_building_tests': False, 'cmake_args': None, 'cmake_clean_cache': False, 'cmake_clean_first': False, 'cmake_force_configure': False, 'cmake_target': None, 'cmake_target_skip_unavailable': False, 'install_base': '/home/jetbot/ece417/ws/install/gscam', 'merge_install': False, 'path': '/home/jetbot/ece417/ws/src/gscam', 'symlink_install': True, 'test_result_base': None}
[3.563s] Level 5:colcon.colcon_core.verb:set package 'jetbot_ros' build argument 'cmake_args' from command line to 'None'
[3.563s] Level 5:colcon.colcon_core.verb:set package 'jetbot_ros' build argument 'cmake_target' from command line to 'None'
[3.563s] Level 5:colcon.colcon_core.verb:set package 'jetbot_ros' build argument 'cmake_target_skip_unavailable' from command line to 'False'
[3.563s] Level 5:colcon.colcon_core.verb:set package 'jetbot_ros' build argument 'cmake_clean_cache' from command line to 'False'
[3.564s] Level 5:colcon.colcon_core.verb:set package 'jetbot_ros' build argument 'cmake_clean_first' from command line to 'False'
[3.564s] Level 5:colcon.colcon_core.verb:set package 'jetbot_ros' build argument 'cmake_force_configure' from command line to 'False'
[3.564s] Level 5:colcon.colcon_core.verb:set package 'jetbot_ros' build argument 'ament_cmake_args' from command line to 'None'
[3.564s] Level 5:colcon.colcon_core.verb:set package 'jetbot_ros' build argument 'catkin_cmake_args' from command line to 'None'
[3.564s] Level 5:colcon.colcon_core.verb:set package 'jetbot_ros' build argument 'catkin_skip_building_tests' from command line to 'False'
[3.564s] DEBUG:colcon.colcon_core.verb:Building package 'jetbot_ros' with the following arguments: {'ament_cmake_args': None, 'build_base': '/home/jetbot/ece417/ws/build/jetbot_ros', 'catkin_cmake_args': None, 'catkin_skip_building_tests': False, 'cmake_args': None, 'cmake_clean_cache': False, 'cmake_clean_first': False, 'cmake_force_configure': False, 'cmake_target': None, 'cmake_target_skip_unavailable': False, 'install_base': '/home/jetbot/ece417/ws/install/jetbot_ros', 'merge_install': False, 'path': '/home/jetbot/ece417/ws/src/jetbot_ros', 'symlink_install': True, 'test_result_base': None}
[3.582s] Level 5:colcon.colcon_core.verb:set package 'py_pubsub' build argument 'cmake_args' from command line to 'None'
[3.582s] Level 5:colcon.colcon_core.verb:set package 'py_pubsub' build argument 'cmake_target' from command line to 'None'
[3.582s] Level 5:colcon.colcon_core.verb:set package 'py_pubsub' build argument 'cmake_target_skip_unavailable' from command line to 'False'
[3.582s] Level 5:colcon.colcon_core.verb:set package 'py_pubsub' build argument 'cmake_clean_cache' from command line to 'False'
[3.583s] Level 5:colcon.colcon_core.verb:set package 'py_pubsub' build argument 'cmake_clean_first' from command line to 'False'
[3.583s] Level 5:colcon.colcon_core.verb:set package 'py_pubsub' build argument 'cmake_force_configure' from command line to 'False'
[3.583s] Level 5:colcon.colcon_core.verb:set package 'py_pubsub' build argument 'ament_cmake_args' from command line to 'None'
[3.583s] Level 5:colcon.colcon_core.verb:set package 'py_pubsub' build argument 'catkin_cmake_args' from command line to 'None'
[3.583s] Level 5:colcon.colcon_core.verb:set package 'py_pubsub' build argument 'catkin_skip_building_tests' from command line to 'False'
[3.583s] DEBUG:colcon.colcon_core.verb:Building package 'py_pubsub' with the following arguments: {'ament_cmake_args': None, 'build_base': '/home/jetbot/ece417/ws/build/py_pubsub', 'catkin_cmake_args': None, 'catkin_skip_building_tests': False, 'cmake_args': None, 'cmake_clean_cache': False, 'cmake_clean_first': False, 'cmake_force_configure': False, 'cmake_target': None, 'cmake_target_skip_unavailable': False, 'install_base': '/home/jetbot/ece417/ws/install/py_pubsub', 'merge_install': False, 'path': '/home/jetbot/ece417/ws/src/py_pubsub', 'symlink_install': True, 'test_result_base': None}
[3.601s] Level 5:colcon.colcon_core.verb:set package 'aruco_opencv' build argument 'cmake_args' from command line to 'None'
[3.601s] Level 5:colcon.colcon_core.verb:set package 'aruco_opencv' build argument 'cmake_target' from command line to 'None'
[3.601s] Level 5:colcon.colcon_core.verb:set package 'aruco_opencv' build argument 'cmake_target_skip_unavailable' from command line to 'False'
[3.601s] Level 5:colcon.colcon_core.verb:set package 'aruco_opencv' build argument 'cmake_clean_cache' from command line to 'False'
[3.602s] Level 5:colcon.colcon_core.verb:set package 'aruco_opencv' build argument 'cmake_clean_first' from command line to 'False'
[3.602s] Level 5:colcon.colcon_core.verb:set package 'aruco_opencv' build argument 'cmake_force_configure' from command line to 'False'
[3.602s] Level 5:colcon.colcon_core.verb:set package 'aruco_opencv' build argument 'ament_cmake_args' from command line to 'None'
[3.602s] Level 5:colcon.colcon_core.verb:set package 'aruco_opencv' build argument 'catkin_cmake_args' from command line to 'None'
[3.602s] Level 5:colcon.colcon_core.verb:set package 'aruco_opencv' build argument 'catkin_skip_building_tests' from command line to 'False'
[3.602s] DEBUG:colcon.colcon_core.verb:Building package 'aruco_opencv' with the following arguments: {'ament_cmake_args': None, 'build_base': '/home/jetbot/ece417/ws/build/aruco_opencv', 'catkin_cmake_args': None, 'catkin_skip_building_tests': False, 'cmake_args': None, 'cmake_clean_cache': False, 'cmake_clean_first': False, 'cmake_force_configure': False, 'cmake_target': None, 'cmake_target_skip_unavailable': False, 'install_base': '/home/jetbot/ece417/ws/install/aruco_opencv', 'merge_install': False, 'path': '/home/jetbot/ece417/ws/src/ros_aruco_opencv/aruco_opencv', 'symlink_install': True, 'test_result_base': None}
[3.618s] INFO:colcon.colcon_core.executor:Executing jobs using 'parallel' executor
[3.700s] DEBUG:colcon.colcon_parallel_executor.executor.parallel:run_until_complete
[3.702s] INFO:colcon.colcon_ros.task.ament_cmake.build:Building ROS package in '/home/jetbot/ece417/ws/src/ros_aruco_opencv/aruco_opencv_msgs' with build type 'ament_cmake'
[3.702s] INFO:colcon.colcon_cmake.task.cmake.build:Building CMake package in '/home/jetbot/ece417/ws/src/ros_aruco_opencv/aruco_opencv_msgs'
[3.776s] INFO:colcon.colcon_core.plugin_system:Skipping extension 'colcon_core.shell.bat': Not used on non-Windows systems
[3.777s] INFO:colcon.colcon_core.shell:Skip shell extension 'powershell' for command environment: Not usable outside of PowerShell
[3.778s] DEBUG:colcon.colcon_core.shell:Skip shell extension 'dsv' for command environment
[3.887s] INFO:colcon.colcon_ros.task.ament_cmake.build:Building ROS package in '/home/jetbot/ece417/ws/src/gscam' with build type 'ament_cmake'
[3.888s] INFO:colcon.colcon_cmake.task.cmake.build:Building CMake package in '/home/jetbot/ece417/ws/src/gscam'
[3.929s] INFO:colcon.colcon_core.shell:Skip shell extension 'powershell' for command environment: Not usable outside of PowerShell
[3.929s] DEBUG:colcon.colcon_core.shell:Skip shell extension 'dsv' for command environment
[4.027s] INFO:colcon.colcon_ros.task.ament_python.build:Building ROS package in '/home/jetbot/ece417/ws/src/jetbot_ros' with build type 'ament_python'
[4.029s] Level 1:colcon.colcon_core.shell:create_environment_hook('jetbot_ros', 'ament_prefix_path')
[4.078s] INFO:colcon.colcon_core.shell:Creating environment hook '/home/jetbot/ece417/ws/install/jetbot_ros/share/jetbot_ros/hook/ament_prefix_path.ps1'
[4.083s] INFO:colcon.colcon_core.shell:Creating environment descriptor '/home/jetbot/ece417/ws/install/jetbot_ros/share/jetbot_ros/hook/ament_prefix_path.dsv'
[4.086s] INFO:colcon.colcon_core.shell:Creating environment hook '/home/jetbot/ece417/ws/install/jetbot_ros/share/jetbot_ros/hook/ament_prefix_path.sh'
[4.135s] INFO:colcon.colcon_core.shell:Skip shell extension 'powershell' for command environment: Not usable outside of PowerShell
[4.136s] DEBUG:colcon.colcon_core.shell:Skip shell extension 'dsv' for command environment
[4.233s] INFO:colcon.colcon_ros.task.ament_python.build:Building ROS package in '/home/jetbot/ece417/ws/src/py_pubsub' with build type 'ament_python'
[4.234s] Level 1:colcon.colcon_core.shell:create_environment_hook('py_pubsub', 'ament_prefix_path')
[4.274s] INFO:colcon.colcon_core.shell:Creating environment hook '/home/jetbot/ece417/ws/install/py_pubsub/share/py_pubsub/hook/ament_prefix_path.ps1'
[4.276s] INFO:colcon.colcon_core.shell:Creating environment descriptor '/home/jetbot/ece417/ws/install/py_pubsub/share/py_pubsub/hook/ament_prefix_path.dsv'
[4.278s] INFO:colcon.colcon_core.shell:Creating environment hook '/home/jetbot/ece417/ws/install/py_pubsub/share/py_pubsub/hook/ament_prefix_path.sh'
[4.316s] INFO:colcon.colcon_core.shell:Skip shell extension 'powershell' for command environment: Not usable outside of PowerShell
[4.316s] DEBUG:colcon.colcon_core.shell:Skip shell extension 'dsv' for command environment
[4.439s] DEBUG:colcon.colcon_core.event_handler.log_command:Invoking command in '/home/jetbot/ece417/ws/build/aruco_opencv_msgs': CMAKE_PREFIX_PATH=/home/jetbot/ece417/ws/install/gscam:/home/jetbot/ece417/ws/install/aruco_opencv:/home/jetbot/ece417/ws/install/aruco_opencv_msgs:/home/jetbot/ece417/ws/install/py_pubsub:/home/jetbot/ece417/ws/install/jetbot_ros:/ros_deep_learning/install/ros_deep_learning:/opt/ros/humble/install /usr/local/bin/cmake --build /home/jetbot/ece417/ws/build/aruco_opencv_msgs -- -j4 -l4
[4.463s] DEBUG:colcon.colcon_core.event_handler.log_command:Invoking command in '/home/jetbot/ece417/ws/build/gscam': CMAKE_PREFIX_PATH=/home/jetbot/ece417/ws/install/gscam:/home/jetbot/ece417/ws/install/aruco_opencv:/home/jetbot/ece417/ws/install/aruco_opencv_msgs:/home/jetbot/ece417/ws/install/py_pubsub:/home/jetbot/ece417/ws/install/jetbot_ros:/ros_deep_learning/install/ros_deep_learning:/opt/ros/humble/install /usr/local/bin/cmake --build /home/jetbot/ece417/ws/build/gscam -- -j4 -l4
[6.299s] INFO:colcon.colcon_core.task.python.build:Building Python package in '/home/jetbot/ece417/ws/src/jetbot_ros'
[6.339s] INFO:colcon.colcon_core.shell:Skip shell extension 'powershell' for command environment: Not usable outside of PowerShell
[6.340s] DEBUG:colcon.colcon_core.shell:Skip shell extension 'dsv' for command environment
[8.206s] INFO:colcon.colcon_core.task.python.build:Building Python package in '/home/jetbot/ece417/ws/src/py_pubsub'
[8.245s] INFO:colcon.colcon_core.shell:Skip shell extension 'powershell' for command environment: Not usable outside of PowerShell
[8.245s] DEBUG:colcon.colcon_core.shell:Skip shell extension 'dsv' for command environment
[8.354s] DEBUG:colcon.colcon_core.event_handler.log_command:Invoked command in '/home/jetbot/ece417/ws/build/gscam' returned '0': CMAKE_PREFIX_PATH=/home/jetbot/ece417/ws/install/gscam:/home/jetbot/ece417/ws/install/aruco_opencv:/home/jetbot/ece417/ws/install/aruco_opencv_msgs:/home/jetbot/ece417/ws/install/py_pubsub:/home/jetbot/ece417/ws/install/jetbot_ros:/ros_deep_learning/install/ros_deep_learning:/opt/ros/humble/install /usr/local/bin/cmake --build /home/jetbot/ece417/ws/build/gscam -- -j4 -l4
[8.366s] DEBUG:colcon.colcon_core.event_handler.log_command:Invoked command in '/home/jetbot/ece417/ws/build/aruco_opencv_msgs' returned '0': CMAKE_PREFIX_PATH=/home/jetbot/ece417/ws/install/gscam:/home/jetbot/ece417/ws/install/aruco_opencv:/home/jetbot/ece417/ws/install/aruco_opencv_msgs:/home/jetbot/ece417/ws/install/py_pubsub:/home/jetbot/ece417/ws/install/jetbot_ros:/ros_deep_learning/install/ros_deep_learning:/opt/ros/humble/install /usr/local/bin/cmake --build /home/jetbot/ece417/ws/build/aruco_opencv_msgs -- -j4 -l4
[8.901s] DEBUG:colcon.colcon_core.event_handler.log_command:Invoking command in '/home/jetbot/ece417/ws/build/gscam': CMAKE_PREFIX_PATH=/home/jetbot/ece417/ws/install/gscam:/home/jetbot/ece417/ws/install/aruco_opencv:/home/jetbot/ece417/ws/install/aruco_opencv_msgs:/home/jetbot/ece417/ws/install/py_pubsub:/home/jetbot/ece417/ws/install/jetbot_ros:/ros_deep_learning/install/ros_deep_learning:/opt/ros/humble/install /usr/local/bin/cmake --install /home/jetbot/ece417/ws/build/gscam
[8.989s] DEBUG:colcon.colcon_core.event_handler.log_command:Invoking command in '/home/jetbot/ece417/ws/build/aruco_opencv_msgs': CMAKE_PREFIX_PATH=/home/jetbot/ece417/ws/install/gscam:/home/jetbot/ece417/ws/install/aruco_opencv:/home/jetbot/ece417/ws/install/aruco_opencv_msgs:/home/jetbot/ece417/ws/install/py_pubsub:/home/jetbot/ece417/ws/install/jetbot_ros:/ros_deep_learning/install/ros_deep_learning:/opt/ros/humble/install /usr/local/bin/cmake --install /home/jetbot/ece417/ws/build/aruco_opencv_msgs
[9.170s] Level 1:colcon.colcon_core.environment:create_environment_scripts_only(gscam)
[9.183s] DEBUG:colcon.colcon_core.event_handler.log_command:Invoked command in '/home/jetbot/ece417/ws/build/gscam' returned '0': CMAKE_PREFIX_PATH=/home/jetbot/ece417/ws/install/gscam:/home/jetbot/ece417/ws/install/aruco_opencv:/home/jetbot/ece417/ws/install/aruco_opencv_msgs:/home/jetbot/ece417/ws/install/py_pubsub:/home/jetbot/ece417/ws/install/jetbot_ros:/ros_deep_learning/install/ros_deep_learning:/opt/ros/humble/install /usr/local/bin/cmake --install /home/jetbot/ece417/ws/build/gscam
[9.338s] Level 1:colcon.colcon_core.environment:checking '/home/jetbot/ece417/ws/install/gscam' for CMake module files
[9.343s] Level 1:colcon.colcon_core.environment:checking '/home/jetbot/ece417/ws/install/gscam' for CMake config files
[9.345s] Level 1:colcon.colcon_core.shell:create_environment_hook('gscam', 'cmake_prefix_path')
[9.387s] INFO:colcon.colcon_core.shell:Creating environment hook '/home/jetbot/ece417/ws/install/gscam/share/gscam/hook/cmake_prefix_path.ps1'
[9.390s] INFO:colcon.colcon_core.shell:Creating environment descriptor '/home/jetbot/ece417/ws/install/gscam/share/gscam/hook/cmake_prefix_path.dsv'
[9.392s] INFO:colcon.colcon_core.shell:Creating environment hook '/home/jetbot/ece417/ws/install/gscam/share/gscam/hook/cmake_prefix_path.sh'
[9.396s] Level 1:colcon.colcon_core.environment:checking '/home/jetbot/ece417/ws/install/gscam/lib'
[9.397s] Level 1:colcon.colcon_core.shell:create_environment_hook('gscam', 'ld_library_path_lib')
[9.451s] INFO:colcon.colcon_core.shell:Creating environment hook '/home/jetbot/ece417/ws/install/gscam/share/gscam/hook/ld_library_path_lib.ps1'
[9.453s] INFO:colcon.colcon_core.shell:Creating environment descriptor '/home/jetbot/ece417/ws/install/gscam/share/gscam/hook/ld_library_path_lib.dsv'
[9.459s] INFO:colcon.colcon_core.shell:Creating environment hook '/home/jetbot/ece417/ws/install/gscam/share/gscam/hook/ld_library_path_lib.sh'
[9.461s] Level 1:colcon.colcon_core.environment:checking '/home/jetbot/ece417/ws/install/gscam/bin'
[9.462s] Level 1:colcon.colcon_core.environment:checking '/home/jetbot/ece417/ws/install/gscam/lib/pkgconfig/gscam.pc'
[9.463s] Level 1:colcon.colcon_core.environment:checking '/home/jetbot/ece417/ws/install/gscam/lib/python3.6/site-packages'
[9.464s] Level 1:colcon.colcon_core.environment:checking '/home/jetbot/ece417/ws/install/gscam/bin'
[9.531s] INFO:colcon.colcon_core.shell:Creating package script '/home/jetbot/ece417/ws/install/gscam/share/gscam/package.ps1'
[9.562s] INFO:colcon.colcon_core.shell:Creating package descriptor '/home/jetbot/ece417/ws/install/gscam/share/gscam/package.dsv'
[9.566s] INFO:colcon.colcon_core.shell:Creating package script '/home/jetbot/ece417/ws/install/gscam/share/gscam/package.sh'
[9.572s] INFO:colcon.colcon_core.shell:Creating package script '/home/jetbot/ece417/ws/install/gscam/share/gscam/package.bash'
[9.577s] INFO:colcon.colcon_core.shell:Creating package script '/home/jetbot/ece417/ws/install/gscam/share/gscam/package.zsh'
[9.581s] Level 1:colcon.colcon_core.environment:create_file_with_runtime_dependencies(/home/jetbot/ece417/ws/install/gscam/share/colcon-core/packages/gscam)
[9.596s] Level 1:colcon.colcon_core.environment:create_environment_scripts_only(aruco_opencv_msgs)
[9.599s] DEBUG:colcon.colcon_core.event_handler.log_command:Invoked command in '/home/jetbot/ece417/ws/build/aruco_opencv_msgs' returned '0': CMAKE_PREFIX_PATH=/home/jetbot/ece417/ws/install/gscam:/home/jetbot/ece417/ws/install/aruco_opencv:/home/jetbot/ece417/ws/install/aruco_opencv_msgs:/home/jetbot/ece417/ws/install/py_pubsub:/home/jetbot/ece417/ws/install/jetbot_ros:/ros_deep_learning/install/ros_deep_learning:/opt/ros/humble/install /usr/local/bin/cmake --install /home/jetbot/ece417/ws/build/aruco_opencv_msgs
[9.663s] Level 1:colcon.colcon_core.environment:checking '/home/jetbot/ece417/ws/install/aruco_opencv_msgs' for CMake module files
[9.668s] Level 1:colcon.colcon_core.environment:checking '/home/jetbot/ece417/ws/install/aruco_opencv_msgs' for CMake config files
[9.677s] Level 1:colcon.colcon_core.shell:create_environment_hook('aruco_opencv_msgs', 'cmake_prefix_path')
[9.719s] INFO:colcon.colcon_core.shell:Creating environment hook '/home/jetbot/ece417/ws/install/aruco_opencv_msgs/share/aruco_opencv_msgs/hook/cmake_prefix_path.ps1'
[9.725s] INFO:colcon.colcon_core.shell:Creating environment descriptor '/home/jetbot/ece417/ws/install/aruco_opencv_msgs/share/aruco_opencv_msgs/hook/cmake_prefix_path.dsv'
[9.727s] INFO:colcon.colcon_core.shell:Creating environment hook '/home/jetbot/ece417/ws/install/aruco_opencv_msgs/share/aruco_opencv_msgs/hook/cmake_prefix_path.sh'
[9.731s] Level 1:colcon.colcon_core.environment:checking '/home/jetbot/ece417/ws/install/aruco_opencv_msgs/lib'
[9.732s] Level 1:colcon.colcon_core.shell:create_environment_hook('aruco_opencv_msgs', 'ld_library_path_lib')
[9.774s] INFO:colcon.colcon_core.shell:Creating environment hook '/home/jetbot/ece417/ws/install/aruco_opencv_msgs/share/aruco_opencv_msgs/hook/ld_library_path_lib.ps1'
[9.776s] INFO:colcon.colcon_core.shell:Creating environment descriptor '/home/jetbot/ece417/ws/install/aruco_opencv_msgs/share/aruco_opencv_msgs/hook/ld_library_path_lib.dsv'
[9.777s] INFO:colcon.colcon_core.shell:Creating environment hook '/home/jetbot/ece417/ws/install/aruco_opencv_msgs/share/aruco_opencv_msgs/hook/ld_library_path_lib.sh'
[9.779s] Level 1:colcon.colcon_core.environment:checking '/home/jetbot/ece417/ws/install/aruco_opencv_msgs/bin'
[9.780s] Level 1:colcon.colcon_core.environment:checking '/home/jetbot/ece417/ws/install/aruco_opencv_msgs/lib/pkgconfig/aruco_opencv_msgs.pc'
[9.781s] Level 1:colcon.colcon_core.environment:checking '/home/jetbot/ece417/ws/install/aruco_opencv_msgs/lib/python3.6/site-packages'
[9.781s] Level 1:colcon.colcon_core.shell:create_environment_hook('aruco_opencv_msgs', 'pythonpath')
[9.824s] INFO:colcon.colcon_core.shell:Creating environment hook '/home/jetbot/ece417/ws/install/aruco_opencv_msgs/share/aruco_opencv_msgs/hook/pythonpath.ps1'
[9.829s] INFO:colcon.colcon_core.shell:Creating environment descriptor '/home/jetbot/ece417/ws/install/aruco_opencv_msgs/share/aruco_opencv_msgs/hook/pythonpath.dsv'
[9.831s] INFO:colcon.colcon_core.shell:Creating environment hook '/home/jetbot/ece417/ws/install/aruco_opencv_msgs/share/aruco_opencv_msgs/hook/pythonpath.sh'
[9.833s] Level 1:colcon.colcon_core.environment:checking '/home/jetbot/ece417/ws/install/aruco_opencv_msgs/bin'
[9.882s] INFO:colcon.colcon_core.shell:Creating package script '/home/jetbot/ece417/ws/install/aruco_opencv_msgs/share/aruco_opencv_msgs/package.ps1'
[9.885s] INFO:colcon.colcon_core.shell:Creating package descriptor '/home/jetbot/ece417/ws/install/aruco_opencv_msgs/share/aruco_opencv_msgs/package.dsv'
[9.888s] INFO:colcon.colcon_core.shell:Creating package script '/home/jetbot/ece417/ws/install/aruco_opencv_msgs/share/aruco_opencv_msgs/package.sh'
[9.891s] INFO:colcon.colcon_core.shell:Creating package script '/home/jetbot/ece417/ws/install/aruco_opencv_msgs/share/aruco_opencv_msgs/package.bash'
[9.893s] INFO:colcon.colcon_core.shell:Creating package script '/home/jetbot/ece417/ws/install/aruco_opencv_msgs/share/aruco_opencv_msgs/package.zsh'
[9.895s] Level 1:colcon.colcon_core.environment:create_file_with_runtime_dependencies(/home/jetbot/ece417/ws/install/aruco_opencv_msgs/share/colcon-core/packages/aruco_opencv_msgs)
[9.957s] Level 1:colcon.colcon_core.environment:create_environment_scripts_only(gscam)
[10.020s] Level 1:colcon.colcon_core.environment:checking '/home/jetbot/ece417/ws/install/gscam' for CMake module files
[10.024s] Level 1:colcon.colcon_core.environment:checking '/home/jetbot/ece417/ws/install/gscam' for CMake config files
[10.026s] Level 1:colcon.colcon_core.shell:create_environment_hook('gscam', 'cmake_prefix_path')
[10.071s] INFO:colcon.colcon_core.shell:Creating environment hook '/home/jetbot/ece417/ws/install/gscam/share/gscam/hook/cmake_prefix_path.ps1'
[10.073s] INFO:colcon.colcon_core.shell:Creating environment descriptor '/home/jetbot/ece417/ws/install/gscam/share/gscam/hook/cmake_prefix_path.dsv'
[10.075s] INFO:colcon.colcon_core.shell:Creating environment hook '/home/jetbot/ece417/ws/install/gscam/share/gscam/hook/cmake_prefix_path.sh'
[10.079s] Level 1:colcon.colcon_core.environment:checking '/home/jetbot/ece417/ws/install/gscam/lib'
[10.080s] Level 1:colcon.colcon_core.shell:create_environment_hook('gscam', 'ld_library_path_lib')
[10.123s] INFO:colcon.colcon_core.shell:Creating environment hook '/home/jetbot/ece417/ws/install/gscam/share/gscam/hook/ld_library_path_lib.ps1'
[10.125s] INFO:colcon.colcon_core.shell:Creating environment descriptor '/home/jetbot/ece417/ws/install/gscam/share/gscam/hook/ld_library_path_lib.dsv'
[10.127s] INFO:colcon.colcon_core.shell:Creating environment hook '/home/jetbot/ece417/ws/install/gscam/share/gscam/hook/ld_library_path_lib.sh'
[10.129s] Level 1:colcon.colcon_core.environment:checking '/home/jetbot/ece417/ws/install/gscam/bin'
[10.129s] Level 1:colcon.colcon_core.environment:checking '/home/jetbot/ece417/ws/install/gscam/lib/pkgconfig/gscam.pc'
[10.131s] Level 1:colcon.colcon_core.environment:checking '/home/jetbot/ece417/ws/install/gscam/lib/python3.6/site-packages'
[10.131s] Level 1:colcon.colcon_core.environment:checking '/home/jetbot/ece417/ws/install/gscam/bin'
[10.180s] INFO:colcon.colcon_core.shell:Creating package script '/home/jetbot/ece417/ws/install/gscam/share/gscam/package.ps1'
[10.184s] INFO:colcon.colcon_core.shell:Creating package descriptor '/home/jetbot/ece417/ws/install/gscam/share/gscam/package.dsv'
[10.187s] INFO:colcon.colcon_core.shell:Creating package script '/home/jetbot/ece417/ws/install/gscam/share/gscam/package.sh'
[10.189s] INFO:colcon.colcon_core.shell:Creating package script '/home/jetbot/ece417/ws/install/gscam/share/gscam/package.bash'
[10.192s] INFO:colcon.colcon_core.shell:Creating package script '/home/jetbot/ece417/ws/install/gscam/share/gscam/package.zsh'
[10.194s] Level 1:colcon.colcon_core.environment:create_file_with_runtime_dependencies(/home/jetbot/ece417/ws/install/gscam/share/colcon-core/packages/gscam)
[10.527s] Level 1:colcon.colcon_core.environment:create_environment_scripts_only(aruco_opencv_msgs)
[10.590s] Level 1:colcon.colcon_core.environment:checking '/home/jetbot/ece417/ws/install/aruco_opencv_msgs' for CMake module files
[10.594s] Level 1:colcon.colcon_core.environment:checking '/home/jetbot/ece417/ws/install/aruco_opencv_msgs' for CMake config files
[10.598s] Level 1:colcon.colcon_core.shell:create_environment_hook('aruco_opencv_msgs', 'cmake_prefix_path')
[10.640s] INFO:colcon.colcon_core.shell:Creating environment hook '/home/jetbot/ece417/ws/install/aruco_opencv_msgs/share/aruco_opencv_msgs/hook/cmake_prefix_path.ps1'
[10.643s] INFO:colcon.colcon_core.shell:Creating environment descriptor '/home/jetbot/ece417/ws/install/aruco_opencv_msgs/share/aruco_opencv_msgs/hook/cmake_prefix_path.dsv'
[10.645s] INFO:colcon.colcon_core.shell:Creating environment hook '/home/jetbot/ece417/ws/install/aruco_opencv_msgs/share/aruco_opencv_msgs/hook/cmake_prefix_path.sh'
[10.649s] Level 1:colcon.colcon_core.environment:checking '/home/jetbot/ece417/ws/install/aruco_opencv_msgs/lib'
[10.650s] Level 1:colcon.colcon_core.shell:create_environment_hook('aruco_opencv_msgs', 'ld_library_path_lib')
[10.701s] INFO:colcon.colcon_core.shell:Creating environment hook '/home/jetbot/ece417/ws/install/aruco_opencv_msgs/share/aruco_opencv_msgs/hook/ld_library_path_lib.ps1'
[10.703s] INFO:colcon.colcon_core.shell:Creating environment descriptor '/home/jetbot/ece417/ws/install/aruco_opencv_msgs/share/aruco_opencv_msgs/hook/ld_library_path_lib.dsv'
[10.705s] INFO:colcon.colcon_core.shell:Creating environment hook '/home/jetbot/ece417/ws/install/aruco_opencv_msgs/share/aruco_opencv_msgs/hook/ld_library_path_lib.sh'
[10.708s] Level 1:colcon.colcon_core.environment:checking '/home/jetbot/ece417/ws/install/aruco_opencv_msgs/bin'
[10.708s] Level 1:colcon.colcon_core.environment:checking '/home/jetbot/ece417/ws/install/aruco_opencv_msgs/lib/pkgconfig/aruco_opencv_msgs.pc'
[10.709s] Level 1:colcon.colcon_core.environment:checking '/home/jetbot/ece417/ws/install/aruco_opencv_msgs/lib/python3.6/site-packages'
[10.710s] Level 1:colcon.colcon_core.shell:create_environment_hook('aruco_opencv_msgs', 'pythonpath')
[10.753s] INFO:colcon.colcon_core.shell:Creating environment hook '/home/jetbot/ece417/ws/install/aruco_opencv_msgs/share/aruco_opencv_msgs/hook/pythonpath.ps1'
[10.757s] INFO:colcon.colcon_core.shell:Creating environment descriptor '/home/jetbot/ece417/ws/install/aruco_opencv_msgs/share/aruco_opencv_msgs/hook/pythonpath.dsv'
[10.759s] INFO:colcon.colcon_core.shell:Creating environment hook '/home/jetbot/ece417/ws/install/aruco_opencv_msgs/share/aruco_opencv_msgs/hook/pythonpath.sh'
[10.762s] Level 1:colcon.colcon_core.environment:checking '/home/jetbot/ece417/ws/install/aruco_opencv_msgs/bin'
[10.808s] INFO:colcon.colcon_core.shell:Creating package script '/home/jetbot/ece417/ws/install/aruco_opencv_msgs/share/aruco_opencv_msgs/package.ps1'
[10.812s] INFO:colcon.colcon_core.shell:Creating package descriptor '/home/jetbot/ece417/ws/install/aruco_opencv_msgs/share/aruco_opencv_msgs/package.dsv'
[10.815s] INFO:colcon.colcon_core.shell:Creating package script '/home/jetbot/ece417/ws/install/aruco_opencv_msgs/share/aruco_opencv_msgs/package.sh'
[10.817s] INFO:colcon.colcon_core.shell:Creating package script '/home/jetbot/ece417/ws/install/aruco_opencv_msgs/share/aruco_opencv_msgs/package.bash'
[10.820s] INFO:colcon.colcon_core.shell:Creating package script '/home/jetbot/ece417/ws/install/aruco_opencv_msgs/share/aruco_opencv_msgs/package.zsh'
[10.822s] Level 1:colcon.colcon_core.environment:create_file_with_runtime_dependencies(/home/jetbot/ece417/ws/install/aruco_opencv_msgs/share/colcon-core/packages/aruco_opencv_msgs)
[10.827s] INFO:colcon.colcon_ros.task.ament_cmake.build:Building ROS package in '/home/jetbot/ece417/ws/src/ros_aruco_opencv/aruco_opencv' with build type 'ament_cmake'
[10.828s] INFO:colcon.colcon_cmake.task.cmake.build:Building CMake package in '/home/jetbot/ece417/ws/src/ros_aruco_opencv/aruco_opencv'
[10.878s] INFO:colcon.colcon_core.shell:Skip shell extension 'powershell' for command environment: Not usable outside of PowerShell
[10.879s] DEBUG:colcon.colcon_core.shell:Skip shell extension 'dsv' for command environment
[11.050s] DEBUG:colcon.colcon_core.event_handler.log_command:Invoking command in '/home/jetbot/ece417/ws/build/aruco_opencv': CMAKE_PREFIX_PATH=/home/jetbot/ece417/ws/install/aruco_opencv_msgs:/home/jetbot/ece417/ws/install/gscam:/home/jetbot/ece417/ws/install/aruco_opencv:/home/jetbot/ece417/ws/install/py_pubsub:/home/jetbot/ece417/ws/install/jetbot_ros:/ros_deep_learning/install/ros_deep_learning:/opt/ros/humble/install LD_LIBRARY_PATH=/home/jetbot/ece417/ws/install/aruco_opencv_msgs/lib:/home/jetbot/ece417/ws/install/gscam/lib:/home/jetbot/ece417/ws/install/aruco_opencv/lib:/opt/ros/humble/install/lib:/usr/local/cuda/lib64:/usr/local/cuda-10.2/targets/aarch64-linux/lib PYTHONPATH=/home/jetbot/ece417/ws/install/aruco_opencv_msgs/lib/python3.6/site-packages:/home/jetbot/ece417/ws/build/py_pubsub:/home/jetbot/ece417/ws/install/py_pubsub/lib/python3.6/site-packages:/home/jetbot/ece417/ws/build/jetbot_ros:/home/jetbot/ece417/ws/install/jetbot_ros/lib/python3.6/site-packages:/opt/ros/humble/install/lib/python3.6/site-packages /usr/local/bin/cmake --build /home/jetbot/ece417/ws/build/aruco_opencv -- -j4 -l4
[11.120s] DEBUG:colcon.colcon_core.event_handler.log_command:Invoking command in '/home/jetbot/ece417/ws/build/py_pubsub': PYTHONPATH=/home/jetbot/ece417/ws/build/py_pubsub/prefix_override:/home/jetbot/ece417/ws/install/py_pubsub/lib/python3.6/site-packages:${PYTHONPATH} /usr/bin/python3 setup.py develop --editable --build-directory /home/jetbot/ece417/ws/build/py_pubsub/build --no-deps install_data
[11.195s] DEBUG:colcon.colcon_core.event_handler.log_command:Invoking command in '/home/jetbot/ece417/ws/build/jetbot_ros': PYTHONPATH=/home/jetbot/ece417/ws/build/jetbot_ros/prefix_override:/home/jetbot/ece417/ws/install/jetbot_ros/lib/python3.6/site-packages:${PYTHONPATH} /usr/bin/python3 setup.py develop --editable --build-directory /home/jetbot/ece417/ws/build/jetbot_ros/build --no-deps install_data
[11.436s] DEBUG:colcon.colcon_core.event_handler.log_command:Invoked command in '/home/jetbot/ece417/ws/build/aruco_opencv' returned '0': CMAKE_PREFIX_PATH=/home/jetbot/ece417/ws/install/aruco_opencv_msgs:/home/jetbot/ece417/ws/install/gscam:/home/jetbot/ece417/ws/install/aruco_opencv:/home/jetbot/ece417/ws/install/py_pubsub:/home/jetbot/ece417/ws/install/jetbot_ros:/ros_deep_learning/install/ros_deep_learning:/opt/ros/humble/install LD_LIBRARY_PATH=/home/jetbot/ece417/ws/install/aruco_opencv_msgs/lib:/home/jetbot/ece417/ws/install/gscam/lib:/home/jetbot/ece417/ws/install/aruco_opencv/lib:/opt/ros/humble/install/lib:/usr/local/cuda/lib64:/usr/local/cuda-10.2/targets/aarch64-linux/lib PYTHONPATH=/home/jetbot/ece417/ws/install/aruco_opencv_msgs/lib/python3.6/site-packages:/home/jetbot/ece417/ws/build/py_pubsub:/home/jetbot/ece417/ws/install/py_pubsub/lib/python3.6/site-packages:/home/jetbot/ece417/ws/build/jetbot_ros:/home/jetbot/ece417/ws/install/jetbot_ros/lib/python3.6/site-packages:/opt/ros/humble/install/lib/python3.6/site-packages /usr/local/bin/cmake --build /home/jetbot/ece417/ws/build/aruco_opencv -- -j4 -l4
[11.741s] DEBUG:colcon.colcon_core.event_handler.log_command:Invoking command in '/home/jetbot/ece417/ws/build/aruco_opencv': CMAKE_PREFIX_PATH=/home/jetbot/ece417/ws/install/aruco_opencv_msgs:/home/jetbot/ece417/ws/install/gscam:/home/jetbot/ece417/ws/install/aruco_opencv:/home/jetbot/ece417/ws/install/py_pubsub:/home/jetbot/ece417/ws/install/jetbot_ros:/ros_deep_learning/install/ros_deep_learning:/opt/ros/humble/install LD_LIBRARY_PATH=/home/jetbot/ece417/ws/install/aruco_opencv_msgs/lib:/home/jetbot/ece417/ws/install/gscam/lib:/home/jetbot/ece417/ws/install/aruco_opencv/lib:/opt/ros/humble/install/lib:/usr/local/cuda/lib64:/usr/local/cuda-10.2/targets/aarch64-linux/lib PYTHONPATH=/home/jetbot/ece417/ws/install/aruco_opencv_msgs/lib/python3.6/site-packages:/home/jetbot/ece417/ws/build/py_pubsub:/home/jetbot/ece417/ws/install/py_pubsub/lib/python3.6/site-packages:/home/jetbot/ece417/ws/build/jetbot_ros:/home/jetbot/ece417/ws/install/jetbot_ros/lib/python3.6/site-packages:/opt/ros/humble/install/lib/python3.6/site-packages /usr/local/bin/cmake --install /home/jetbot/ece417/ws/build/aruco_opencv
[11.982s] Level 1:colcon.colcon_core.environment:create_environment_scripts_only(aruco_opencv)
[11.995s] DEBUG:colcon.colcon_core.event_handler.log_command:Invoked command in '/home/jetbot/ece417/ws/build/aruco_opencv' returned '0': CMAKE_PREFIX_PATH=/home/jetbot/ece417/ws/install/aruco_opencv_msgs:/home/jetbot/ece417/ws/install/gscam:/home/jetbot/ece417/ws/install/aruco_opencv:/home/jetbot/ece417/ws/install/py_pubsub:/home/jetbot/ece417/ws/install/jetbot_ros:/ros_deep_learning/install/ros_deep_learning:/opt/ros/humble/install LD_LIBRARY_PATH=/home/jetbot/ece417/ws/install/aruco_opencv_msgs/lib:/home/jetbot/ece417/ws/install/gscam/lib:/home/jetbot/ece417/ws/install/aruco_opencv/lib:/opt/ros/humble/install/lib:/usr/local/cuda/lib64:/usr/local/cuda-10.2/targets/aarch64-linux/lib PYTHONPATH=/home/jetbot/ece417/ws/install/aruco_opencv_msgs/lib/python3.6/site-packages:/home/jetbot/ece417/ws/build/py_pubsub:/home/jetbot/ece417/ws/install/py_pubsub/lib/python3.6/site-packages:/home/jetbot/ece417/ws/build/jetbot_ros:/home/jetbot/ece417/ws/install/jetbot_ros/lib/python3.6/site-packages:/opt/ros/humble/install/lib/python3.6/site-packages /usr/local/bin/cmake --install /home/jetbot/ece417/ws/build/aruco_opencv
[12.045s] Level 1:colcon.colcon_core.environment:checking '/home/jetbot/ece417/ws/install/aruco_opencv' for CMake module files
[12.053s] Level 1:colcon.colcon_core.environment:checking '/home/jetbot/ece417/ws/install/aruco_opencv' for CMake config files
[12.055s] Level 1:colcon.colcon_core.shell:create_environment_hook('aruco_opencv', 'cmake_prefix_path')
[12.095s] INFO:colcon.colcon_core.shell:Creating environment hook '/home/jetbot/ece417/ws/install/aruco_opencv/share/aruco_opencv/hook/cmake_prefix_path.ps1'
[12.097s] INFO:colcon.colcon_core.shell:Creating environment descriptor '/home/jetbot/ece417/ws/install/aruco_opencv/share/aruco_opencv/hook/cmake_prefix_path.dsv'
[12.099s] INFO:colcon.colcon_core.shell:Creating environment hook '/home/jetbot/ece417/ws/install/aruco_opencv/share/aruco_opencv/hook/cmake_prefix_path.sh'
[12.103s] Level 1:colcon.colcon_core.environment:checking '/home/jetbot/ece417/ws/install/aruco_opencv/lib'
[12.103s] Level 1:colcon.colcon_core.shell:create_environment_hook('aruco_opencv', 'ld_library_path_lib')
[12.142s] INFO:colcon.colcon_core.shell:Creating environment hook '/home/jetbot/ece417/ws/install/aruco_opencv/share/aruco_opencv/hook/ld_library_path_lib.ps1'
[12.144s] INFO:colcon.colcon_core.shell:Creating environment descriptor '/home/jetbot/ece417/ws/install/aruco_opencv/share/aruco_opencv/hook/ld_library_path_lib.dsv'
[12.146s] INFO:colcon.colcon_core.shell:Creating environment hook '/home/jetbot/ece417/ws/install/aruco_opencv/share/aruco_opencv/hook/ld_library_path_lib.sh'
[12.147s] Level 1:colcon.colcon_core.environment:checking '/home/jetbot/ece417/ws/install/aruco_opencv/bin'
[12.148s] Level 1:colcon.colcon_core.environment:checking '/home/jetbot/ece417/ws/install/aruco_opencv/lib/pkgconfig/aruco_opencv.pc'
[12.149s] Level 1:colcon.colcon_core.environment:checking '/home/jetbot/ece417/ws/install/aruco_opencv/lib/python3.6/site-packages'
[12.149s] Level 1:colcon.colcon_core.environment:checking '/home/jetbot/ece417/ws/install/aruco_opencv/bin'
[12.191s] INFO:colcon.colcon_core.shell:Creating package script '/home/jetbot/ece417/ws/install/aruco_opencv/share/aruco_opencv/package.ps1'
[12.194s] INFO:colcon.colcon_core.shell:Creating package descriptor '/home/jetbot/ece417/ws/install/aruco_opencv/share/aruco_opencv/package.dsv'
[12.196s] INFO:colcon.colcon_core.shell:Creating package script '/home/jetbot/ece417/ws/install/aruco_opencv/share/aruco_opencv/package.sh'
[12.198s] INFO:colcon.colcon_core.shell:Creating package script '/home/jetbot/ece417/ws/install/aruco_opencv/share/aruco_opencv/package.bash'
[12.199s] INFO:colcon.colcon_core.shell:Creating package script '/home/jetbot/ece417/ws/install/aruco_opencv/share/aruco_opencv/package.zsh'
[12.201s] Level 1:colcon.colcon_core.environment:create_file_with_runtime_dependencies(/home/jetbot/ece417/ws/install/aruco_opencv/share/colcon-core/packages/aruco_opencv)
[12.568s] Level 1:colcon.colcon_core.environment:create_environment_scripts_only(aruco_opencv)
[12.630s] Level 1:colcon.colcon_core.environment:checking '/home/jetbot/ece417/ws/install/aruco_opencv' for CMake module files
[12.634s] Level 1:colcon.colcon_core.environment:checking '/home/jetbot/ece417/ws/install/aruco_opencv' for CMake config files
[12.636s] Level 1:colcon.colcon_core.shell:create_environment_hook('aruco_opencv', 'cmake_prefix_path')
[12.677s] INFO:colcon.colcon_core.shell:Creating environment hook '/home/jetbot/ece417/ws/install/aruco_opencv/share/aruco_opencv/hook/cmake_prefix_path.ps1'
[12.679s] INFO:colcon.colcon_core.shell:Creating environment descriptor '/home/jetbot/ece417/ws/install/aruco_opencv/share/aruco_opencv/hook/cmake_prefix_path.dsv'
[12.681s] INFO:colcon.colcon_core.shell:Creating environment hook '/home/jetbot/ece417/ws/install/aruco_opencv/share/aruco_opencv/hook/cmake_prefix_path.sh'
[12.684s] Level 1:colcon.colcon_core.environment:checking '/home/jetbot/ece417/ws/install/aruco_opencv/lib'
[12.685s] Level 1:colcon.colcon_core.shell:create_environment_hook('aruco_opencv', 'ld_library_path_lib')
[12.727s] INFO:colcon.colcon_core.shell:Creating environment hook '/home/jetbot/ece417/ws/install/aruco_opencv/share/aruco_opencv/hook/ld_library_path_lib.ps1'
[12.729s] INFO:colcon.colcon_core.shell:Creating environment descriptor '/home/jetbot/ece417/ws/install/aruco_opencv/share/aruco_opencv/hook/ld_library_path_lib.dsv'
[12.730s] INFO:colcon.colcon_core.shell:Creating environment hook '/home/jetbot/ece417/ws/install/aruco_opencv/share/aruco_opencv/hook/ld_library_path_lib.sh'
[12.732s] Level 1:colcon.colcon_core.environment:checking '/home/jetbot/ece417/ws/install/aruco_opencv/bin'
[12.733s] Level 1:colcon.colcon_core.environment:checking '/home/jetbot/ece417/ws/install/aruco_opencv/lib/pkgconfig/aruco_opencv.pc'
[12.734s] Level 1:colcon.colcon_core.environment:checking '/home/jetbot/ece417/ws/install/aruco_opencv/lib/python3.6/site-packages'
[12.734s] Level 1:colcon.colcon_core.environment:checking '/home/jetbot/ece417/ws/install/aruco_opencv/bin'
[12.775s] INFO:colcon.colcon_core.shell:Creating package script '/home/jetbot/ece417/ws/install/aruco_opencv/share/aruco_opencv/package.ps1'
[12.778s] INFO:colcon.colcon_core.shell:Creating package descriptor '/home/jetbot/ece417/ws/install/aruco_opencv/share/aruco_opencv/package.dsv'
[12.781s] INFO:colcon.colcon_core.shell:Creating package script '/home/jetbot/ece417/ws/install/aruco_opencv/share/aruco_opencv/package.sh'
[12.783s] INFO:colcon.colcon_core.shell:Creating package script '/home/jetbot/ece417/ws/install/aruco_opencv/share/aruco_opencv/package.bash'
[12.787s] INFO:colcon.colcon_core.shell:Creating package script '/home/jetbot/ece417/ws/install/aruco_opencv/share/aruco_opencv/package.zsh'
[12.790s] Level 1:colcon.colcon_core.environment:create_file_with_runtime_dependencies(/home/jetbot/ece417/ws/install/aruco_opencv/share/colcon-core/packages/aruco_opencv)
[14.362s] Level 1:colcon.colcon_core.shell:create_environment_hook('py_pubsub', 'pythonpath_develop')
[14.374s] DEBUG:colcon.colcon_core.event_handler.log_command:Invoked command in '/home/jetbot/ece417/ws/build/py_pubsub' returned '0': PYTHONPATH=/home/jetbot/ece417/ws/build/py_pubsub/prefix_override:/home/jetbot/ece417/ws/install/py_pubsub/lib/python3.6/site-packages:${PYTHONPATH} /usr/bin/python3 setup.py develop --editable --build-directory /home/jetbot/ece417/ws/build/py_pubsub/build --no-deps install_data
[14.408s] INFO:colcon.colcon_core.shell:Creating environment hook '/home/jetbot/ece417/ws/build/py_pubsub/share/py_pubsub/hook/pythonpath_develop.ps1'
[14.412s] INFO:colcon.colcon_core.shell:Creating environment descriptor '/home/jetbot/ece417/ws/build/py_pubsub/share/py_pubsub/hook/pythonpath_develop.dsv'
[14.414s] INFO:colcon.colcon_core.shell:Creating environment hook '/home/jetbot/ece417/ws/build/py_pubsub/share/py_pubsub/hook/pythonpath_develop.sh'
[14.470s] Level 1:colcon.colcon_core.environment:checking '/home/jetbot/ece417/ws/install/py_pubsub' for CMake module files
[14.473s] Level 1:colcon.colcon_core.environment:checking '/home/jetbot/ece417/ws/install/py_pubsub' for CMake config files
[14.477s] Level 1:colcon.colcon_core.environment:checking '/home/jetbot/ece417/ws/install/py_pubsub/lib'
[14.477s] Level 1:colcon.colcon_core.environment:checking '/home/jetbot/ece417/ws/install/py_pubsub/bin'
[14.477s] Level 1:colcon.colcon_core.environment:checking '/home/jetbot/ece417/ws/install/py_pubsub/lib/pkgconfig/py_pubsub.pc'
[14.478s] Level 1:colcon.colcon_core.environment:checking '/home/jetbot/ece417/ws/install/py_pubsub/lib/python3.6/site-packages'
[14.478s] Level 1:colcon.colcon_core.shell:create_environment_hook('py_pubsub', 'pythonpath')
[14.515s] INFO:colcon.colcon_core.shell:Creating environment hook '/home/jetbot/ece417/ws/install/py_pubsub/share/py_pubsub/hook/pythonpath.ps1'
[14.519s] INFO:colcon.colcon_core.shell:Creating environment descriptor '/home/jetbot/ece417/ws/install/py_pubsub/share/py_pubsub/hook/pythonpath.dsv'
[14.521s] INFO:colcon.colcon_core.shell:Creating environment hook '/home/jetbot/ece417/ws/install/py_pubsub/share/py_pubsub/hook/pythonpath.sh'
[14.523s] Level 1:colcon.colcon_core.environment:checking '/home/jetbot/ece417/ws/install/py_pubsub/bin'
[14.524s] Level 1:colcon.colcon_core.environment:create_environment_scripts_only(py_pubsub)
[14.562s] INFO:colcon.colcon_core.shell:Creating package script '/home/jetbot/ece417/ws/install/py_pubsub/share/py_pubsub/package.ps1'
[14.564s] INFO:colcon.colcon_core.shell:Creating package descriptor '/home/jetbot/ece417/ws/install/py_pubsub/share/py_pubsub/package.dsv'
[14.567s] INFO:colcon.colcon_core.shell:Creating package script '/home/jetbot/ece417/ws/install/py_pubsub/share/py_pubsub/package.sh'
[14.569s] INFO:colcon.colcon_core.shell:Creating package script '/home/jetbot/ece417/ws/install/py_pubsub/share/py_pubsub/package.bash'
[14.570s] INFO:colcon.colcon_core.shell:Creating package script '/home/jetbot/ece417/ws/install/py_pubsub/share/py_pubsub/package.zsh'
[14.572s] Level 1:colcon.colcon_core.environment:create_file_with_runtime_dependencies(/home/jetbot/ece417/ws/install/py_pubsub/share/colcon-core/packages/py_pubsub)
[14.578s] Level 1:colcon.colcon_core.shell:create_environment_hook('jetbot_ros', 'pythonpath_develop')
[14.584s] DEBUG:colcon.colcon_core.event_handler.log_command:Invoked command in '/home/jetbot/ece417/ws/build/jetbot_ros' returned '0': PYTHONPATH=/home/jetbot/ece417/ws/build/jetbot_ros/prefix_override:/home/jetbot/ece417/ws/install/jetbot_ros/lib/python3.6/site-packages:${PYTHONPATH} /usr/bin/python3 setup.py develop --editable --build-directory /home/jetbot/ece417/ws/build/jetbot_ros/build --no-deps install_data
[14.617s] INFO:colcon.colcon_core.shell:Creating environment hook '/home/jetbot/ece417/ws/build/jetbot_ros/share/jetbot_ros/hook/pythonpath_develop.ps1'
[14.620s] INFO:colcon.colcon_core.shell:Creating environment descriptor '/home/jetbot/ece417/ws/build/jetbot_ros/share/jetbot_ros/hook/pythonpath_develop.dsv'
[14.621s] INFO:colcon.colcon_core.shell:Creating environment hook '/home/jetbot/ece417/ws/build/jetbot_ros/share/jetbot_ros/hook/pythonpath_develop.sh'
[14.676s] Level 1:colcon.colcon_core.environment:checking '/home/jetbot/ece417/ws/install/jetbot_ros' for CMake module files
[14.686s] Level 1:colcon.colcon_core.environment:checking '/home/jetbot/ece417/ws/install/jetbot_ros' for CMake config files
[14.691s] Level 1:colcon.colcon_core.environment:checking '/home/jetbot/ece417/ws/install/jetbot_ros/lib'
[14.691s] Level 1:colcon.colcon_core.environment:checking '/home/jetbot/ece417/ws/install/jetbot_ros/bin'
[14.691s] Level 1:colcon.colcon_core.environment:checking '/home/jetbot/ece417/ws/install/jetbot_ros/lib/pkgconfig/jetbot_ros.pc'
[14.692s] Level 1:colcon.colcon_core.environment:checking '/home/jetbot/ece417/ws/install/jetbot_ros/lib/python3.6/site-packages'
[14.693s] Level 1:colcon.colcon_core.shell:create_environment_hook('jetbot_ros', 'pythonpath')
[14.731s] INFO:colcon.colcon_core.shell:Creating environment hook '/home/jetbot/ece417/ws/install/jetbot_ros/share/jetbot_ros/hook/pythonpath.ps1'
[14.733s] INFO:colcon.colcon_core.shell:Creating environment descriptor '/home/jetbot/ece417/ws/install/jetbot_ros/share/jetbot_ros/hook/pythonpath.dsv'
[14.734s] INFO:colcon.colcon_core.shell:Creating environment hook '/home/jetbot/ece417/ws/install/jetbot_ros/share/jetbot_ros/hook/pythonpath.sh'
[14.736s] Level 1:colcon.colcon_core.environment:checking '/home/jetbot/ece417/ws/install/jetbot_ros/bin'
[14.736s] Level 1:colcon.colcon_core.environment:create_environment_scripts_only(jetbot_ros)
[14.779s] INFO:colcon.colcon_core.shell:Creating package script '/home/jetbot/ece417/ws/install/jetbot_ros/share/jetbot_ros/package.ps1'
[14.781s] INFO:colcon.colcon_core.shell:Creating package descriptor '/home/jetbot/ece417/ws/install/jetbot_ros/share/jetbot_ros/package.dsv'
[14.784s] INFO:colcon.colcon_core.shell:Creating package script '/home/jetbot/ece417/ws/install/jetbot_ros/share/jetbot_ros/package.sh'
[14.786s] INFO:colcon.colcon_core.shell:Creating package script '/home/jetbot/ece417/ws/install/jetbot_ros/share/jetbot_ros/package.bash'
[14.787s] INFO:colcon.colcon_core.shell:Creating package script '/home/jetbot/ece417/ws/install/jetbot_ros/share/jetbot_ros/package.zsh'
[14.788s] Level 1:colcon.colcon_core.environment:create_file_with_runtime_dependencies(/home/jetbot/ece417/ws/install/jetbot_ros/share/colcon-core/packages/jetbot_ros)
[14.789s] DEBUG:colcon.colcon_parallel_executor.executor.parallel:closing loop
[14.794s] DEBUG:colcon.colcon_parallel_executor.executor.parallel:loop closed
[14.794s] DEBUG:colcon.colcon_parallel_executor.executor.parallel:run_until_complete finished with '0'
[14.795s] DEBUG:colcon.colcon_core.event_reactor:joining thread
[14.824s] INFO:colcon.colcon_core.plugin_system:Skipping extension 'colcon_notification.desktop_notification.notify_send': Could not find 'notify-send'
[14.825s] INFO:colcon.colcon_core.plugin_system:Skipping extension 'colcon_notification.desktop_notification.terminal_notifier': Not used on non-Darwin systems
[14.825s] INFO:colcon.colcon_core.plugin_system:Skipping extension 'colcon_notification.desktop_notification.win32': Not used on non-Windows systems
[14.825s] INFO:colcon.colcon_notification.desktop_notification:Sending desktop notification using 'notify2'
[14.826s] DEBUG:colcon.colcon_notification.desktop_notification.notify2:Failed to initialize notify2: org.freedesktop.DBus.Error.NotSupported: Unable to autolaunch a dbus-daemon without a $DISPLAY for X11
[14.826s] DEBUG:colcon.colcon_core.event_reactor:joined thread
[14.863s] INFO:colcon.colcon_core.shell:Creating prefix script '/home/jetbot/ece417/ws/install/local_setup.ps1'
[14.869s] INFO:colcon.colcon_core.shell:Creating prefix util module '/home/jetbot/ece417/ws/install/_local_setup_util_ps1.py'
[14.878s] INFO:colcon.colcon_core.shell:Creating prefix chain script '/home/jetbot/ece417/ws/install/setup.ps1'
[14.893s] INFO:colcon.colcon_core.shell:Creating prefix script '/home/jetbot/ece417/ws/install/local_setup.sh'
[14.895s] INFO:colcon.colcon_core.shell:Creating prefix util module '/home/jetbot/ece417/ws/install/_local_setup_util_sh.py'
[14.897s] INFO:colcon.colcon_core.shell:Creating prefix chain script '/home/jetbot/ece417/ws/install/setup.sh'
[14.913s] INFO:colcon.colcon_core.shell:Creating prefix script '/home/jetbot/ece417/ws/install/local_setup.bash'
[14.915s] INFO:colcon.colcon_core.shell:Creating prefix chain script '/home/jetbot/ece417/ws/install/setup.bash'
[14.931s] INFO:colcon.colcon_core.shell:Creating prefix script '/home/jetbot/ece417/ws/install/local_setup.zsh'
[14.934s] INFO:colcon.colcon_core.shell:Creating prefix chain script '/home/jetbot/ece417/ws/install/setup.zsh'
