[7.003s] Invoking command in '/home/jetbot/ece417/ws/build/py_pubsub': PYTHONPATH=/home/jetbot/ece417/ws/build/py_pubsub/prefix_override:/home/jetbot/ece417/ws/install/py_pubsub/lib/python3.6/site-packages:${PYTHONPATH} /usr/bin/python3 setup.py develop --editable --build-directory /home/jetbot/ece417/ws/build/py_pubsub/build --no-deps install_data
[8.806s] running develop
[8.806s] /usr/local/lib/python3.6/dist-packages/setuptools/command/easy_install.py:159: EasyInstallDeprecationWarning: easy_install command is deprecated. Use build and pip and other standards-based tools.
[8.807s]   EasyInstallDeprecationWarning,
[8.808s] /usr/local/lib/python3.6/dist-packages/setuptools/command/install.py:37: SetuptoolsDeprecationWarning: setup.py install is deprecated. Use build and pip and other standards-based tools.
[8.808s]   setuptools.SetuptoolsDeprecationWarning,
[9.857s] running egg_info
[9.859s] writing py_pubsub.egg-info/PKG-INFO
[9.862s] writing dependency_links to py_pubsub.egg-info/dependency_links.txt
[9.864s] writing entry points to py_pubsub.egg-info/entry_points.txt
[9.866s] writing requirements to py_pubsub.egg-info/requires.txt
[9.867s] writing top-level names to py_pubsub.egg-info/top_level.txt
[9.878s] reading manifest file 'py_pubsub.egg-info/SOURCES.txt'
[9.884s] writing manifest file 'py_pubsub.egg-info/SOURCES.txt'
[10.127s] running build_ext
[10.128s] Creating /home/jetbot/ece417/ws/install/py_pubsub/lib/python3.6/site-packages/py-pubsub.egg-link (link to .)
[10.133s] Installing listener script to /home/jetbot/ece417/ws/install/py_pubsub/lib/py_pubsub
[10.135s] Installing talker script to /home/jetbot/ece417/ws/install/py_pubsub/lib/py_pubsub
[10.139s] 
[10.140s] Installed /home/jetbot/ece417/ws/build/py_pubsub
[10.140s] running install_data
[10.320s] Invoked command in '/home/jetbot/ece417/ws/build/py_pubsub' returned '0': PYTHONPATH=/home/jetbot/ece417/ws/build/py_pubsub/prefix_override:/home/jetbot/ece417/ws/install/py_pubsub/lib/python3.6/site-packages:${PYTHONPATH} /usr/bin/python3 setup.py develop --editable --build-directory /home/jetbot/ece417/ws/build/py_pubsub/build --no-deps install_data
