[6.875s] Invoking command in '/home/jetbot/ece417/ws/build/py_pubsub': PYTHONPATH=/home/jetbot/ece417/ws/build/py_pubsub/prefix_override:/home/jetbot/ece417/ws/install/py_pubsub/lib/python3.6/site-packages:${PYTHONPATH} /usr/bin/python3 setup.py develop --editable --build-directory /home/jetbot/ece417/ws/build/py_pubsub/build --no-deps install_data
[8.741s] running develop
[8.743s] /usr/local/lib/python3.6/dist-packages/setuptools/command/easy_install.py:159: EasyInstallDeprecationWarning: easy_install command is deprecated. Use build and pip and other standards-based tools.
[8.743s]   EasyInstallDeprecationWarning,
[8.748s] /usr/local/lib/python3.6/dist-packages/setuptools/command/install.py:37: SetuptoolsDeprecationWarning: setup.py install is deprecated. Use build and pip and other standards-based tools.
[8.749s]   setuptools.SetuptoolsDeprecationWarning,
[9.731s] running egg_info
[9.734s] writing py_pubsub.egg-info/PKG-INFO
[9.735s] writing dependency_links to py_pubsub.egg-info/dependency_links.txt
[9.735s] writing entry points to py_pubsub.egg-info/entry_points.txt
[9.736s] writing requirements to py_pubsub.egg-info/requires.txt
[9.736s] writing top-level names to py_pubsub.egg-info/top_level.txt
[9.743s] reading manifest file 'py_pubsub.egg-info/SOURCES.txt'
[9.748s] writing manifest file 'py_pubsub.egg-info/SOURCES.txt'
[9.963s] running build_ext
[9.964s] Creating /home/jetbot/ece417/ws/install/py_pubsub/lib/python3.6/site-packages/py-pubsub.egg-link (link to .)
[9.968s] Installing listener script to /home/jetbot/ece417/ws/install/py_pubsub/lib/py_pubsub
[9.969s] Installing move2aruco script to /home/jetbot/ece417/ws/install/py_pubsub/lib/py_pubsub
[9.970s] Installing talker script to /home/jetbot/ece417/ws/install/py_pubsub/lib/py_pubsub
[9.971s] 
[9.971s] Installed /home/jetbot/ece417/ws/build/py_pubsub
[9.972s] running install_data
[10.129s] Invoked command in '/home/jetbot/ece417/ws/build/py_pubsub' returned '0': PYTHONPATH=/home/jetbot/ece417/ws/build/py_pubsub/prefix_override:/home/jetbot/ece417/ws/install/py_pubsub/lib/python3.6/site-packages:${PYTHONPATH} /usr/bin/python3 setup.py develop --editable --build-directory /home/jetbot/ece417/ws/build/py_pubsub/build --no-deps install_data
