[3.015s] DEBUG:colcon:Command line arguments: ['/usr/bin/colcon', 'build', '--symlink-install']
[3.015s] DEBUG:colcon:Parsed command line arguments: Namespace(ament_cmake_args=None, base_paths=['.'], build_base='build', catkin_cmake_args=None, catkin_skip_building_tests=False, cmake_args=None, cmake_clean_cache=False, cmake_clean_first=False, cmake_force_configure=False, cmake_target=None, cmake_target_skip_unavailable=False, continue_on_error=False, event_handlers=None, executor='parallel', ignore_user_meta=False, install_base='install', log_base=None, log_level=None, main=<bound method BuildVerb.main of <colcon_core.verb.build.BuildVerb object at 0x7f830c1128>>, merge_install=False, metas=['./colcon.meta'], packages_above=None, packages_above_and_dependencies=None, packages_above_depth=None, packages_end=None, packages_ignore=None, packages_ignore_regex=None, packages_select=None, packages_select_build_failed=False, packages_select_by_dep=None, packages_select_regex=None, packages_select_test_failures=False, packages_skip=None, packages_skip_build_finished=False, packages_skip_by_dep=None, packages_skip_regex=None, packages_skip_test_passed=False, packages_skip_up_to=None, packages_start=None, packages_up_to=None, packages_up_to_regex=None, parallel_workers=4, paths=None, symlink_install=True, test_result_base=None, verb_extension=<colcon_core.verb.build.BuildVerb object at 0x7f830c1128>, verb_name='build', verb_parser=<colcon_defaults.argument_parser.defaults.DefaultArgumentsDecorator object at 0x7f8303bc18>)
[3.259s] Level 1:colcon.colcon_core.package_discovery:discover_packages(colcon_meta) check parameters
[3.259s] Level 1:colcon.colcon_core.package_discovery:discover_packages(recursive) check parameters
[3.260s] Level 1:colcon.colcon_core.package_discovery:discover_packages(ignore) check parameters
[3.260s] Level 1:colcon.colcon_core.package_discovery:discover_packages(path) check parameters
[3.260s] Level 1:colcon.colcon_core.package_discovery:discover_packages(colcon_meta) discover
[3.261s] Level 1:colcon.colcon_core.package_discovery:discover_packages(recursive) discover
[3.262s] INFO:colcon.colcon_core.package_discovery:Crawling recursively for packages in '/home/jetbot/ece417/ws'
[3.262s] Level 1:colcon.colcon_core.package_identification:_identify(.) by extensions ['ignore', 'ignore_ament_install']
[3.263s] Level 1:colcon.colcon_core.package_identification:_identify(.) by extension 'ignore'
[3.263s] Level 1:colcon.colcon_core.package_identification:_identify(.) by extension 'ignore_ament_install'
[3.263s] Level 1:colcon.colcon_core.package_identification:_identify(.) by extensions ['colcon_pkg']
[3.263s] Level 1:colcon.colcon_core.package_identification:_identify(.) by extension 'colcon_pkg'
[3.264s] Level 1:colcon.colcon_core.package_identification:_identify(.) by extensions ['colcon_meta']
[3.264s] Level 1:colcon.colcon_core.package_identification:_identify(.) by extension 'colcon_meta'
[3.264s] Level 1:colcon.colcon_core.package_identification:_identify(.) by extensions ['ros']
[3.264s] Level 1:colcon.colcon_core.package_identification:_identify(.) by extension 'ros'
[3.457s] Level 1:colcon.colcon_core.package_identification:_identify(.) by extensions ['cmake', 'python']
[3.457s] Level 1:colcon.colcon_core.package_identification:_identify(.) by extension 'cmake'
[3.458s] Level 1:colcon.colcon_core.package_identification:_identify(.) by extension 'python'
[3.458s] Level 1:colcon.colcon_core.package_identification:_identify(.) by extensions ['python_setup_py']
[3.458s] Level 1:colcon.colcon_core.package_identification:_identify(.) by extension 'python_setup_py'
[3.459s] Level 1:colcon.colcon_core.package_identification:_identify(build) by extensions ['ignore', 'ignore_ament_install']
[3.459s] Level 1:colcon.colcon_core.package_identification:_identify(build) by extension 'ignore'
[3.459s] Level 1:colcon.colcon_core.package_identification:_identify(build) ignored
[3.461s] Level 1:colcon.colcon_core.package_identification:_identify(install) by extensions ['ignore', 'ignore_ament_install']
[3.461s] Level 1:colcon.colcon_core.package_identification:_identify(install) by extension 'ignore'
[3.462s] Level 1:colcon.colcon_core.package_identification:_identify(install) ignored
[3.462s] Level 1:colcon.colcon_core.package_identification:_identify(log) by extensions ['ignore', 'ignore_ament_install']
[3.463s] Level 1:colcon.colcon_core.package_identification:_identify(log) by extension 'ignore'
[3.463s] Level 1:colcon.colcon_core.package_identification:_identify(log) ignored
[3.463s] Level 1:colcon.colcon_core.package_identification:_identify(src) by extensions ['ignore', 'ignore_ament_install']
[3.464s] Level 1:colcon.colcon_core.package_identification:_identify(src) by extension 'ignore'
[3.464s] Level 1:colcon.colcon_core.package_identification:_identify(src) by extension 'ignore_ament_install'
[3.464s] Level 1:colcon.colcon_core.package_identification:_identify(src) by extensions ['colcon_pkg']
[3.464s] Level 1:colcon.colcon_core.package_identification:_identify(src) by extension 'colcon_pkg'
[3.465s] Level 1:colcon.colcon_core.package_identification:_identify(src) by extensions ['colcon_meta']
[3.465s] Level 1:colcon.colcon_core.package_identification:_identify(src) by extension 'colcon_meta'
[3.465s] Level 1:colcon.colcon_core.package_identification:_identify(src) by extensions ['ros']
[3.465s] Level 1:colcon.colcon_core.package_identification:_identify(src) by extension 'ros'
[3.466s] Level 1:colcon.colcon_core.package_identification:_identify(src) by extensions ['cmake', 'python']
[3.466s] Level 1:colcon.colcon_core.package_identification:_identify(src) by extension 'cmake'
[3.466s] Level 1:colcon.colcon_core.package_identification:_identify(src) by extension 'python'
[3.467s] Level 1:colcon.colcon_core.package_identification:_identify(src) by extensions ['python_setup_py']
[3.467s] Level 1:colcon.colcon_core.package_identification:_identify(src) by extension 'python_setup_py'
[3.467s] Level 1:colcon.colcon_core.package_identification:_identify(src/jetbot_ros) by extensions ['ignore', 'ignore_ament_install']
[3.468s] Level 1:colcon.colcon_core.package_identification:_identify(src/jetbot_ros) by extension 'ignore'
[3.468s] Level 1:colcon.colcon_core.package_identification:_identify(src/jetbot_ros) by extension 'ignore_ament_install'
[3.468s] Level 1:colcon.colcon_core.package_identification:_identify(src/jetbot_ros) by extensions ['colcon_pkg']
[3.469s] Level 1:colcon.colcon_core.package_identification:_identify(src/jetbot_ros) by extension 'colcon_pkg'
[3.469s] Level 1:colcon.colcon_core.package_identification:_identify(src/jetbot_ros) by extensions ['colcon_meta']
[3.469s] Level 1:colcon.colcon_core.package_identification:_identify(src/jetbot_ros) by extension 'colcon_meta'
[3.469s] Level 1:colcon.colcon_core.package_identification:_identify(src/jetbot_ros) by extensions ['ros']
[3.469s] Level 1:colcon.colcon_core.package_identification:_identify(src/jetbot_ros) by extension 'ros'
[3.488s] DEBUG:colcon.colcon_core.package_identification:Package 'src/jetbot_ros' with type 'ros.ament_python' and name 'jetbot_ros'
[3.489s] Level 1:colcon.colcon_core.package_discovery:discover_packages(recursive) using defaults
[3.490s] Level 1:colcon.colcon_core.package_discovery:discover_packages(ignore) discover
[3.490s] Level 1:colcon.colcon_core.package_discovery:discover_packages(ignore) using defaults
[3.490s] Level 1:colcon.colcon_core.package_discovery:discover_packages(path) discover
[3.490s] Level 1:colcon.colcon_core.package_discovery:discover_packages(path) using defaults
[3.730s] Level 5:colcon.colcon_core.verb:set package 'jetbot_ros' build argument 'cmake_args' from command line to 'None'
[3.730s] Level 5:colcon.colcon_core.verb:set package 'jetbot_ros' build argument 'cmake_target' from command line to 'None'
[3.730s] Level 5:colcon.colcon_core.verb:set package 'jetbot_ros' build argument 'cmake_target_skip_unavailable' from command line to 'False'
[3.731s] Level 5:colcon.colcon_core.verb:set package 'jetbot_ros' build argument 'cmake_clean_cache' from command line to 'False'
[3.731s] Level 5:colcon.colcon_core.verb:set package 'jetbot_ros' build argument 'cmake_clean_first' from command line to 'False'
[3.731s] Level 5:colcon.colcon_core.verb:set package 'jetbot_ros' build argument 'cmake_force_configure' from command line to 'False'
[3.731s] Level 5:colcon.colcon_core.verb:set package 'jetbot_ros' build argument 'ament_cmake_args' from command line to 'None'
[3.731s] Level 5:colcon.colcon_core.verb:set package 'jetbot_ros' build argument 'catkin_cmake_args' from command line to 'None'
[3.731s] Level 5:colcon.colcon_core.verb:set package 'jetbot_ros' build argument 'catkin_skip_building_tests' from command line to 'False'
[3.732s] DEBUG:colcon.colcon_core.verb:Building package 'jetbot_ros' with the following arguments: {'ament_cmake_args': None, 'build_base': '/home/jetbot/ece417/ws/build/jetbot_ros', 'catkin_cmake_args': None, 'catkin_skip_building_tests': False, 'cmake_args': None, 'cmake_clean_cache': False, 'cmake_clean_first': False, 'cmake_force_configure': False, 'cmake_target': None, 'cmake_target_skip_unavailable': False, 'install_base': '/home/jetbot/ece417/ws/install/jetbot_ros', 'merge_install': False, 'path': '/home/jetbot/ece417/ws/src/jetbot_ros', 'symlink_install': True, 'test_result_base': None}
[3.747s] INFO:colcon.colcon_core.executor:Executing jobs using 'parallel' executor
[3.829s] DEBUG:colcon.colcon_parallel_executor.executor.parallel:run_until_complete
[3.830s] INFO:colcon.colcon_ros.task.ament_python.build:Building ROS package in '/home/jetbot/ece417/ws/src/jetbot_ros' with build type 'ament_python'
[3.830s] Level 1:colcon.colcon_core.shell:create_environment_hook('jetbot_ros', 'ament_prefix_path')
[3.884s] INFO:colcon.colcon_core.plugin_system:Skipping extension 'colcon_core.shell.bat': Not used on non-Windows systems
[3.886s] INFO:colcon.colcon_core.shell:Creating environment hook '/home/jetbot/ece417/ws/install/jetbot_ros/share/jetbot_ros/hook/ament_prefix_path.ps1'
[3.889s] INFO:colcon.colcon_core.shell:Creating environment descriptor '/home/jetbot/ece417/ws/install/jetbot_ros/share/jetbot_ros/hook/ament_prefix_path.dsv'
[3.891s] INFO:colcon.colcon_core.shell:Creating environment hook '/home/jetbot/ece417/ws/install/jetbot_ros/share/jetbot_ros/hook/ament_prefix_path.sh'
[3.929s] INFO:colcon.colcon_core.shell:Skip shell extension 'powershell' for command environment: Not usable outside of PowerShell
[3.930s] DEBUG:colcon.colcon_core.shell:Skip shell extension 'dsv' for command environment
[5.679s] INFO:colcon.colcon_core.task.python.build:Building Python package in '/home/jetbot/ece417/ws/src/jetbot_ros'
[5.719s] INFO:colcon.colcon_core.shell:Skip shell extension 'powershell' for command environment: Not usable outside of PowerShell
[5.719s] DEBUG:colcon.colcon_core.shell:Skip shell extension 'dsv' for command environment
[8.181s] DEBUG:colcon.colcon_core.event_handler.log_command:Invoking command in '/home/jetbot/ece417/ws/build/jetbot_ros': PYTHONPATH=/home/jetbot/ece417/ws/build/jetbot_ros/prefix_override:/home/jetbot/ece417/ws/install/jetbot_ros/lib/python3.6/site-packages:${PYTHONPATH} /usr/bin/python3 setup.py develop --editable --build-directory /home/jetbot/ece417/ws/build/jetbot_ros/build --no-deps install_data
[11.605s] Level 1:colcon.colcon_core.shell:create_environment_hook('jetbot_ros', 'pythonpath_develop')
[11.613s] DEBUG:colcon.colcon_core.event_handler.log_command:Invoked command in '/home/jetbot/ece417/ws/build/jetbot_ros' returned '0': PYTHONPATH=/home/jetbot/ece417/ws/build/jetbot_ros/prefix_override:/home/jetbot/ece417/ws/install/jetbot_ros/lib/python3.6/site-packages:${PYTHONPATH} /usr/bin/python3 setup.py develop --editable --build-directory /home/jetbot/ece417/ws/build/jetbot_ros/build --no-deps install_data
[11.647s] INFO:colcon.colcon_core.shell:Creating environment hook '/home/jetbot/ece417/ws/build/jetbot_ros/share/jetbot_ros/hook/pythonpath_develop.ps1'
[11.649s] INFO:colcon.colcon_core.shell:Creating environment descriptor '/home/jetbot/ece417/ws/build/jetbot_ros/share/jetbot_ros/hook/pythonpath_develop.dsv'
[11.650s] INFO:colcon.colcon_core.shell:Creating environment hook '/home/jetbot/ece417/ws/build/jetbot_ros/share/jetbot_ros/hook/pythonpath_develop.sh'
[11.717s] Level 1:colcon.colcon_core.environment:checking '/home/jetbot/ece417/ws/install/jetbot_ros' for CMake module files
[11.721s] Level 1:colcon.colcon_core.environment:checking '/home/jetbot/ece417/ws/install/jetbot_ros' for CMake config files
[11.727s] Level 1:colcon.colcon_core.environment:checking '/home/jetbot/ece417/ws/install/jetbot_ros/lib'
[11.728s] Level 1:colcon.colcon_core.environment:checking '/home/jetbot/ece417/ws/install/jetbot_ros/bin'
[11.728s] Level 1:colcon.colcon_core.environment:checking '/home/jetbot/ece417/ws/install/jetbot_ros/lib/pkgconfig/jetbot_ros.pc'
[11.729s] Level 1:colcon.colcon_core.environment:checking '/home/jetbot/ece417/ws/install/jetbot_ros/lib/python3.6/site-packages'
[11.729s] Level 1:colcon.colcon_core.shell:create_environment_hook('jetbot_ros', 'pythonpath')
[11.766s] INFO:colcon.colcon_core.shell:Creating environment hook '/home/jetbot/ece417/ws/install/jetbot_ros/share/jetbot_ros/hook/pythonpath.ps1'
[11.768s] INFO:colcon.colcon_core.shell:Creating environment descriptor '/home/jetbot/ece417/ws/install/jetbot_ros/share/jetbot_ros/hook/pythonpath.dsv'
[11.769s] INFO:colcon.colcon_core.shell:Creating environment hook '/home/jetbot/ece417/ws/install/jetbot_ros/share/jetbot_ros/hook/pythonpath.sh'
[11.771s] Level 1:colcon.colcon_core.environment:checking '/home/jetbot/ece417/ws/install/jetbot_ros/bin'
[11.771s] Level 1:colcon.colcon_core.environment:create_environment_scripts_only(jetbot_ros)
[11.808s] INFO:colcon.colcon_core.shell:Creating package script '/home/jetbot/ece417/ws/install/jetbot_ros/share/jetbot_ros/package.ps1'
[11.813s] INFO:colcon.colcon_core.shell:Creating package descriptor '/home/jetbot/ece417/ws/install/jetbot_ros/share/jetbot_ros/package.dsv'
[11.816s] INFO:colcon.colcon_core.shell:Creating package script '/home/jetbot/ece417/ws/install/jetbot_ros/share/jetbot_ros/package.sh'
[11.820s] INFO:colcon.colcon_core.shell:Creating package script '/home/jetbot/ece417/ws/install/jetbot_ros/share/jetbot_ros/package.bash'
[11.827s] INFO:colcon.colcon_core.shell:Creating package script '/home/jetbot/ece417/ws/install/jetbot_ros/share/jetbot_ros/package.zsh'
[11.831s] Level 1:colcon.colcon_core.environment:create_file_with_runtime_dependencies(/home/jetbot/ece417/ws/install/jetbot_ros/share/colcon-core/packages/jetbot_ros)
[11.834s] DEBUG:colcon.colcon_parallel_executor.executor.parallel:closing loop
[11.835s] DEBUG:colcon.colcon_parallel_executor.executor.parallel:loop closed
[11.836s] DEBUG:colcon.colcon_parallel_executor.executor.parallel:run_until_complete finished with '0'
[11.837s] DEBUG:colcon.colcon_core.event_reactor:joining thread
[11.872s] INFO:colcon.colcon_core.plugin_system:Skipping extension 'colcon_notification.desktop_notification.notify_send': Could not find 'notify-send'
[11.873s] INFO:colcon.colcon_core.plugin_system:Skipping extension 'colcon_notification.desktop_notification.terminal_notifier': Not used on non-Darwin systems
[11.873s] INFO:colcon.colcon_core.plugin_system:Skipping extension 'colcon_notification.desktop_notification.win32': Not used on non-Windows systems
[11.874s] INFO:colcon.colcon_notification.desktop_notification:Sending desktop notification using 'notify2'
[11.874s] DEBUG:colcon.colcon_notification.desktop_notification.notify2:Failed to initialize notify2: org.freedesktop.DBus.Error.NotSupported: Unable to autolaunch a dbus-daemon without a $DISPLAY for X11
[11.874s] DEBUG:colcon.colcon_core.event_reactor:joined thread
[11.912s] INFO:colcon.colcon_core.shell:Creating prefix script '/home/jetbot/ece417/ws/install/local_setup.ps1'
[11.917s] INFO:colcon.colcon_core.shell:Creating prefix util module '/home/jetbot/ece417/ws/install/_local_setup_util_ps1.py'
[11.926s] INFO:colcon.colcon_core.shell:Creating prefix chain script '/home/jetbot/ece417/ws/install/setup.ps1'
[11.940s] INFO:colcon.colcon_core.shell:Creating prefix script '/home/jetbot/ece417/ws/install/local_setup.sh'
[11.942s] INFO:colcon.colcon_core.shell:Creating prefix util module '/home/jetbot/ece417/ws/install/_local_setup_util_sh.py'
[11.944s] INFO:colcon.colcon_core.shell:Creating prefix chain script '/home/jetbot/ece417/ws/install/setup.sh'
[11.958s] INFO:colcon.colcon_core.shell:Creating prefix script '/home/jetbot/ece417/ws/install/local_setup.bash'
[11.960s] INFO:colcon.colcon_core.shell:Creating prefix chain script '/home/jetbot/ece417/ws/install/setup.bash'
[11.973s] INFO:colcon.colcon_core.shell:Creating prefix script '/home/jetbot/ece417/ws/install/local_setup.zsh'
[11.976s] INFO:colcon.colcon_core.shell:Creating prefix chain script '/home/jetbot/ece417/ws/install/setup.zsh'
