[0.176s] Invoking command in '/home/jetbot/ece417/ws/build/aruco_opencv': CMAKE_PREFIX_PATH=/home/jetbot/ece417/ws/install/aruco_opencv_msgs:/home/jetbot/ece417/ws/install/gscam:/home/jetbot/ece417/ws/install/aruco_opencv:/home/jetbot/ece417/ws/install/py_pubsub:/home/jetbot/ece417/ws/install/jetbot_ros:/ros_deep_learning/install/ros_deep_learning:/opt/ros/humble/install LD_LIBRARY_PATH=/home/jetbot/ece417/ws/install/aruco_opencv_msgs/lib:/home/jetbot/ece417/ws/install/gscam/lib:/home/jetbot/ece417/ws/install/aruco_opencv/lib:/opt/ros/humble/install/lib:/usr/local/cuda/lib64:/usr/local/cuda-10.2/targets/aarch64-linux/lib PYTHONPATH=/home/jetbot/ece417/ws/install/aruco_opencv_msgs/lib/python3.6/site-packages:/home/jetbot/ece417/ws/build/py_pubsub:/home/jetbot/ece417/ws/install/py_pubsub/lib/python3.6/site-packages:/home/jetbot/ece417/ws/build/jetbot_ros:/home/jetbot/ece417/ws/install/jetbot_ros/lib/python3.6/site-packages:/opt/ros/humble/install/lib/python3.6/site-packages /usr/local/bin/cmake --build /home/jetbot/ece417/ws/build/aruco_opencv -- -j4 -l4
[0.491s] [ 28%] Built target aruco_tracker
[0.499s] [ 57%] Built target aruco_tracker_autostart
[0.549s] [ 71%] [32mBuilding CXX object CMakeFiles/aruco_opencv.dir/src/aruco_tracker.cpp.o[0m
[68.443s] [ 85%] [32m[1mLinking CXX shared library libaruco_opencv.so[0m
[72.853s] [100%] Built target aruco_opencv
[72.886s] Invoked command in '/home/jetbot/ece417/ws/build/aruco_opencv' returned '0': CMAKE_PREFIX_PATH=/home/jetbot/ece417/ws/install/aruco_opencv_msgs:/home/jetbot/ece417/ws/install/gscam:/home/jetbot/ece417/ws/install/aruco_opencv:/home/jetbot/ece417/ws/install/py_pubsub:/home/jetbot/ece417/ws/install/jetbot_ros:/ros_deep_learning/install/ros_deep_learning:/opt/ros/humble/install LD_LIBRARY_PATH=/home/jetbot/ece417/ws/install/aruco_opencv_msgs/lib:/home/jetbot/ece417/ws/install/gscam/lib:/home/jetbot/ece417/ws/install/aruco_opencv/lib:/opt/ros/humble/install/lib:/usr/local/cuda/lib64:/usr/local/cuda-10.2/targets/aarch64-linux/lib PYTHONPATH=/home/jetbot/ece417/ws/install/aruco_opencv_msgs/lib/python3.6/site-packages:/home/jetbot/ece417/ws/build/py_pubsub:/home/jetbot/ece417/ws/install/py_pubsub/lib/python3.6/site-packages:/home/jetbot/ece417/ws/build/jetbot_ros:/home/jetbot/ece417/ws/install/jetbot_ros/lib/python3.6/site-packages:/opt/ros/humble/install/lib/python3.6/site-packages /usr/local/bin/cmake --build /home/jetbot/ece417/ws/build/aruco_opencv -- -j4 -l4
[73.178s] Invoking command in '/home/jetbot/ece417/ws/build/aruco_opencv': CMAKE_PREFIX_PATH=/home/jetbot/ece417/ws/install/aruco_opencv_msgs:/home/jetbot/ece417/ws/install/gscam:/home/jetbot/ece417/ws/install/aruco_opencv:/home/jetbot/ece417/ws/install/py_pubsub:/home/jetbot/ece417/ws/install/jetbot_ros:/ros_deep_learning/install/ros_deep_learning:/opt/ros/humble/install LD_LIBRARY_PATH=/home/jetbot/ece417/ws/install/aruco_opencv_msgs/lib:/home/jetbot/ece417/ws/install/gscam/lib:/home/jetbot/ece417/ws/install/aruco_opencv/lib:/opt/ros/humble/install/lib:/usr/local/cuda/lib64:/usr/local/cuda-10.2/targets/aarch64-linux/lib PYTHONPATH=/home/jetbot/ece417/ws/install/aruco_opencv_msgs/lib/python3.6/site-packages:/home/jetbot/ece417/ws/build/py_pubsub:/home/jetbot/ece417/ws/install/py_pubsub/lib/python3.6/site-packages:/home/jetbot/ece417/ws/build/jetbot_ros:/home/jetbot/ece417/ws/install/jetbot_ros/lib/python3.6/site-packages:/opt/ros/humble/install/lib/python3.6/site-packages /usr/local/bin/cmake --install /home/jetbot/ece417/ws/build/aruco_opencv
[73.358s] -- Install configuration: ""
[73.360s] -- Execute custom install script
[73.361s] -- Up-to-date symlink: /home/jetbot/ece417/ws/install/aruco_opencv/lib/aruco_opencv/aruco_tracker
[73.362s] -- Up-to-date symlink: /home/jetbot/ece417/ws/install/aruco_opencv/lib/aruco_opencv/aruco_tracker_autostart
[73.363s] -- Up-to-date symlink: /home/jetbot/ece417/ws/install/aruco_opencv/lib/libaruco_opencv.so
[73.364s] -- Up-to-date symlink: /home/jetbot/ece417/ws/install/aruco_opencv/share/aruco_opencv/config/aruco_tracker.yaml
[73.365s] -- Up-to-date symlink: /home/jetbot/ece417/ws/install/aruco_opencv/share/aruco_opencv/config/board_descriptions.yaml
[73.366s] -- Up-to-date symlink: /home/jetbot/ece417/ws/install/aruco_opencv/share/aruco_opencv/launch/aruco.launch.xml
[73.367s] -- Up-to-date symlink: /home/jetbot/ece417/ws/install/aruco_opencv/share/aruco_opencv/launch/aruco_tracker.launch.xml
[73.367s] -- Up-to-date symlink: /home/jetbot/ece417/ws/install/aruco_opencv/lib/aruco_opencv/create_board
[73.368s] -- Up-to-date symlink: /home/jetbot/ece417/ws/install/aruco_opencv/lib/aruco_opencv/create_marker
[73.369s] -- Up-to-date symlink: /home/jetbot/ece417/ws/install/aruco_opencv/share/ament_index/resource_index/package_run_dependencies/aruco_opencv
[73.370s] -- Up-to-date symlink: /home/jetbot/ece417/ws/install/aruco_opencv/share/ament_index/resource_index/parent_prefix_path/aruco_opencv
[73.370s] -- Up-to-date symlink: /home/jetbot/ece417/ws/install/aruco_opencv/share/aruco_opencv/environment/ament_prefix_path.sh
[73.371s] -- Up-to-date symlink: /home/jetbot/ece417/ws/install/aruco_opencv/share/aruco_opencv/environment/ament_prefix_path.dsv
[73.372s] -- Up-to-date symlink: /home/jetbot/ece417/ws/install/aruco_opencv/share/aruco_opencv/environment/path.sh
[73.373s] -- Up-to-date symlink: /home/jetbot/ece417/ws/install/aruco_opencv/share/aruco_opencv/environment/path.dsv
[73.373s] -- Up-to-date symlink: /home/jetbot/ece417/ws/install/aruco_opencv/share/aruco_opencv/local_setup.bash
[73.374s] -- Up-to-date symlink: /home/jetbot/ece417/ws/install/aruco_opencv/share/aruco_opencv/local_setup.sh
[73.375s] -- Up-to-date symlink: /home/jetbot/ece417/ws/install/aruco_opencv/share/aruco_opencv/local_setup.zsh
[73.376s] -- Up-to-date symlink: /home/jetbot/ece417/ws/install/aruco_opencv/share/aruco_opencv/local_setup.dsv
[73.376s] -- Symlinking: /home/jetbot/ece417/ws/install/aruco_opencv/share/aruco_opencv/package.dsv
[73.386s] -- Up-to-date symlink: /home/jetbot/ece417/ws/install/aruco_opencv/share/ament_index/resource_index/packages/aruco_opencv
[73.387s] -- Up-to-date symlink: /home/jetbot/ece417/ws/install/aruco_opencv/share/ament_index/resource_index/rclcpp_components/aruco_opencv
[73.388s] -- Up-to-date symlink: /home/jetbot/ece417/ws/install/aruco_opencv/share/aruco_opencv/cmake/aruco_opencvConfig.cmake
[73.388s] -- Up-to-date symlink: /home/jetbot/ece417/ws/install/aruco_opencv/share/aruco_opencv/cmake/aruco_opencvConfig-version.cmake
[73.389s] -- Up-to-date symlink: /home/jetbot/ece417/ws/install/aruco_opencv/share/aruco_opencv/package.xml
[73.424s] Invoked command in '/home/jetbot/ece417/ws/build/aruco_opencv' returned '0': CMAKE_PREFIX_PATH=/home/jetbot/ece417/ws/install/aruco_opencv_msgs:/home/jetbot/ece417/ws/install/gscam:/home/jetbot/ece417/ws/install/aruco_opencv:/home/jetbot/ece417/ws/install/py_pubsub:/home/jetbot/ece417/ws/install/jetbot_ros:/ros_deep_learning/install/ros_deep_learning:/opt/ros/humble/install LD_LIBRARY_PATH=/home/jetbot/ece417/ws/install/aruco_opencv_msgs/lib:/home/jetbot/ece417/ws/install/gscam/lib:/home/jetbot/ece417/ws/install/aruco_opencv/lib:/opt/ros/humble/install/lib:/usr/local/cuda/lib64:/usr/local/cuda-10.2/targets/aarch64-linux/lib PYTHONPATH=/home/jetbot/ece417/ws/install/aruco_opencv_msgs/lib/python3.6/site-packages:/home/jetbot/ece417/ws/build/py_pubsub:/home/jetbot/ece417/ws/install/py_pubsub/lib/python3.6/site-packages:/home/jetbot/ece417/ws/build/jetbot_ros:/home/jetbot/ece417/ws/install/jetbot_ros/lib/python3.6/site-packages:/opt/ros/humble/install/lib/python3.6/site-packages /usr/local/bin/cmake --install /home/jetbot/ece417/ws/build/aruco_opencv
