running develop
running egg_info
creating jetbot_ros.egg-info
writing jetbot_ros.egg-info/PKG-INFO
writing dependency_links to jetbot_ros.egg-info/dependency_links.txt
writing entry points to jetbot_ros.egg-info/entry_points.txt
writing requirements to jetbot_ros.egg-info/requires.txt
writing top-level names to jetbot_ros.egg-info/top_level.txt
writing manifest file 'jetbot_ros.egg-info/SOURCES.txt'
reading manifest file 'jetbot_ros.egg-info/SOURCES.txt'
writing manifest file 'jetbot_ros.egg-info/SOURCES.txt'
running build_ext
Creating /home/jetbot/ece417/ws/install/jetbot_ros/lib/python3.6/site-packages/jetbot-ros.egg-link (link to .)
Installing data_collection script to /home/jetbot/ece417/ws/install/jetbot_ros/lib/jetbot_ros
Installing gazebo_spawn script to /home/jetbot/ece417/ws/install/jetbot_ros/lib/jetbot_ros
Installing motors_nvidia script to /home/jetbot/ece417/ws/install/jetbot_ros/lib/jetbot_ros
Installing motors_sparkfun script to /home/jetbot/ece417/ws/install/jetbot_ros/lib/jetbot_ros
Installing motors_waveshare script to /home/jetbot/ece417/ws/install/jetbot_ros/lib/jetbot_ros
Installing nav_model script to /home/jetbot/ece417/ws/install/jetbot_ros/lib/jetbot_ros
Installing oled_ssd1306 script to /home/jetbot/ece417/ws/install/jetbot_ros/lib/jetbot_ros
Installing teleop_keyboard script to /home/jetbot/ece417/ws/install/jetbot_ros/lib/jetbot_ros

Installed /home/jetbot/ece417/ws/build/jetbot_ros
running install_data
creating /home/jetbot/ece417/ws/install/jetbot_ros/share/ament_index
creating /home/jetbot/ece417/ws/install/jetbot_ros/share/ament_index/resource_index
creating /home/jetbot/ece417/ws/install/jetbot_ros/share/ament_index/resource_index/packages
copying resource/jetbot_ros -> /home/jetbot/ece417/ws/install/jetbot_ros/share/ament_index/resource_index/packages
copying package.xml -> /home/jetbot/ece417/ws/install/jetbot_ros/share/jetbot_ros
creating /home/jetbot/ece417/ws/install/jetbot_ros/share/jetbot_ros/launch
copying launch/teleop_keyboard.launch.py -> /home/jetbot/ece417/ws/install/jetbot_ros/share/jetbot_ros/launch
copying launch/nav_model.launch.py -> /home/jetbot/ece417/ws/install/jetbot_ros/share/jetbot_ros/launch
copying launch/gazebo_nav.launch.py -> /home/jetbot/ece417/ws/install/jetbot_ros/share/jetbot_ros/launch
copying launch/gazebo_world.launch.py -> /home/jetbot/ece417/ws/install/jetbot_ros/share/jetbot_ros/launch
copying launch/jetbot_nvidia.launch.py -> /home/jetbot/ece417/ws/install/jetbot_ros/share/jetbot_ros/launch
copying launch/data_collection.launch.py -> /home/jetbot/ece417/ws/install/jetbot_ros/share/jetbot_ros/launch
copying launch/jetbot_sparkfun.launch.py -> /home/jetbot/ece417/ws/install/jetbot_ros/share/jetbot_ros/launch
creating /home/jetbot/ece417/ws/install/jetbot_ros/share/jetbot_ros/worlds
copying gazebo/worlds/dirt_path_simple_diff.world -> /home/jetbot/ece417/ws/install/jetbot_ros/share/jetbot_ros/worlds
copying gazebo/worlds/dirt_path_curves.world -> /home/jetbot/ece417/ws/install/jetbot_ros/share/jetbot_ros/worlds
copying gazebo/worlds/dirt_path_curves_simple_diff.world -> /home/jetbot/ece417/ws/install/jetbot_ros/share/jetbot_ros/worlds
copying gazebo/worlds/maze_obstacles_simple_diff.world -> /home/jetbot/ece417/ws/install/jetbot_ros/share/jetbot_ros/worlds
copying gazebo/worlds/maze_simple_diff.world -> /home/jetbot/ece417/ws/install/jetbot_ros/share/jetbot_ros/worlds
copying gazebo/worlds/maze_obstacles.world -> /home/jetbot/ece417/ws/install/jetbot_ros/share/jetbot_ros/worlds
copying gazebo/worlds/maze.world -> /home/jetbot/ece417/ws/install/jetbot_ros/share/jetbot_ros/worlds
copying gazebo/worlds/dirt_path.world -> /home/jetbot/ece417/ws/install/jetbot_ros/share/jetbot_ros/worlds
creating /home/jetbot/ece417/ws/install/jetbot_ros/share/jetbot_ros/models
creating /home/jetbot/ece417/ws/install/jetbot_ros/share/jetbot_ros/models/dirt_path
copying gazebo/models/dirt_path/grass_grass_0105_02_tiled_1024.jpg -> /home/jetbot/ece417/ws/install/jetbot_ros/share/jetbot_ros/models/dirt_path
copying gazebo/models/dirt_path/ground_stone_ground_0002_02_tiled_1024.jpg -> /home/jetbot/ece417/ws/install/jetbot_ros/share/jetbot_ros/models/dirt_path
copying gazebo/models/dirt_path/dirt_path.dae -> /home/jetbot/ece417/ws/install/jetbot_ros/share/jetbot_ros/models/dirt_path
copying gazebo/models/dirt_path/model.sdf -> /home/jetbot/ece417/ws/install/jetbot_ros/share/jetbot_ros/models/dirt_path
copying gazebo/models/dirt_path/model.config -> /home/jetbot/ece417/ws/install/jetbot_ros/share/jetbot_ros/models/dirt_path
creating /home/jetbot/ece417/ws/install/jetbot_ros/share/jetbot_ros/models/simple_diff
copying gazebo/models/simple_diff/model.sdf -> /home/jetbot/ece417/ws/install/jetbot_ros/share/jetbot_ros/models/simple_diff
copying gazebo/models/simple_diff/model.config -> /home/jetbot/ece417/ws/install/jetbot_ros/share/jetbot_ros/models/simple_diff
creating /home/jetbot/ece417/ws/install/jetbot_ros/share/jetbot_ros/models/ground_plane_grass
copying gazebo/models/ground_plane_grass/grass_grass_0105_02_tiled_1024.jpg -> /home/jetbot/ece417/ws/install/jetbot_ros/share/jetbot_ros/models/ground_plane_grass
copying gazebo/models/ground_plane_grass/ground_plane_grass.blend -> /home/jetbot/ece417/ws/install/jetbot_ros/share/jetbot_ros/models/ground_plane_grass
copying gazebo/models/ground_plane_grass/model.sdf -> /home/jetbot/ece417/ws/install/jetbot_ros/share/jetbot_ros/models/ground_plane_grass
copying gazebo/models/ground_plane_grass/model.config -> /home/jetbot/ece417/ws/install/jetbot_ros/share/jetbot_ros/models/ground_plane_grass
copying gazebo/models/ground_plane_grass/ground_plane_grass.dae -> /home/jetbot/ece417/ws/install/jetbot_ros/share/jetbot_ros/models/ground_plane_grass
creating /home/jetbot/ece417/ws/install/jetbot_ros/share/jetbot_ros/models/simple_diff_ros
copying gazebo/models/simple_diff_ros/model.sdf -> /home/jetbot/ece417/ws/install/jetbot_ros/share/jetbot_ros/models/simple_diff_ros
copying gazebo/models/simple_diff_ros/model.config -> /home/jetbot/ece417/ws/install/jetbot_ros/share/jetbot_ros/models/simple_diff_ros
creating /home/jetbot/ece417/ws/install/jetbot_ros/share/jetbot_ros/models/maze
copying gazebo/models/maze/model.sdf -> /home/jetbot/ece417/ws/install/jetbot_ros/share/jetbot_ros/models/maze
copying gazebo/models/maze/model.config -> /home/jetbot/ece417/ws/install/jetbot_ros/share/jetbot_ros/models/maze
creating /home/jetbot/ece417/ws/install/jetbot_ros/share/jetbot_ros/models/dirt_path_curves
copying gazebo/models/dirt_path_curves/grass_grass_0105_02_tiled_1024.jpg -> /home/jetbot/ece417/ws/install/jetbot_ros/share/jetbot_ros/models/dirt_path_curves
copying gazebo/models/dirt_path_curves/ground_stone_ground_0002_02_tiled_1024.jpg -> /home/jetbot/ece417/ws/install/jetbot_ros/share/jetbot_ros/models/dirt_path_curves
copying gazebo/models/dirt_path_curves/model.sdf -> /home/jetbot/ece417/ws/install/jetbot_ros/share/jetbot_ros/models/dirt_path_curves
copying gazebo/models/dirt_path_curves/model.config -> /home/jetbot/ece417/ws/install/jetbot_ros/share/jetbot_ros/models/dirt_path_curves
copying gazebo/models/dirt_path_curves/dirt_path_curves.dae -> /home/jetbot/ece417/ws/install/jetbot_ros/share/jetbot_ros/models/dirt_path_curves
creating /home/jetbot/ece417/ws/install/jetbot_ros/share/jetbot_ros/models/jetbot
copying gazebo/models/jetbot/model.original.sdf -> /home/jetbot/ece417/ws/install/jetbot_ros/share/jetbot_ros/models/jetbot
copying gazebo/models/jetbot/model.sdf -> /home/jetbot/ece417/ws/install/jetbot_ros/share/jetbot_ros/models/jetbot
copying gazebo/models/jetbot/model.config -> /home/jetbot/ece417/ws/install/jetbot_ros/share/jetbot_ros/models/jetbot
creating /home/jetbot/ece417/ws/install/jetbot_ros/share/jetbot_ros/models/jetbot/meshes
copying gazebo/models/jetbot/meshes/JetBot-v3-Chassis.stl -> /home/jetbot/ece417/ws/install/jetbot_ros/share/jetbot_ros/models/jetbot/meshes
copying gazebo/models/jetbot/meshes/JetBot-v3-Chassis.dae -> /home/jetbot/ece417/ws/install/jetbot_ros/share/jetbot_ros/models/jetbot/meshes
copying gazebo/models/jetbot/meshes/JetBot-v3-Wheel.stl -> /home/jetbot/ece417/ws/install/jetbot_ros/share/jetbot_ros/models/jetbot/meshes
copying gazebo/models/jetbot/meshes/JetBot-v3-Chassis_simplified.stl -> /home/jetbot/ece417/ws/install/jetbot_ros/share/jetbot_ros/models/jetbot/meshes
