[4.342s] Invoking command in '/home/jetbot/ece417/ws/build/jetbot_ros': PYTHONPATH=/home/jetbot/ece417/ws/build/jetbot_ros/prefix_override:/home/jetbot/ece417/ws/install/jetbot_ros/lib/python3.6/site-packages:${PYTHONPATH} /usr/bin/python3 setup.py develop --editable --build-directory /home/jetbot/ece417/ws/build/jetbot_ros/build --no-deps install_data
[5.744s] /usr/local/lib/python3.6/dist-packages/setuptools/dist.py:726: UserWarning: Usage of dash-separated 'script-dir' will not be supported in future versions. Please use the underscore name 'script_dir' instead
[5.744s]   % (opt, underscore_opt)
[5.988s] running develop
[5.992s] /usr/local/lib/python3.6/dist-packages/setuptools/command/easy_install.py:159: EasyInstallDeprecationWarning: easy_install command is deprecated. Use build and pip and other standards-based tools.
[5.993s]   EasyInstallDeprecationWarning,
[6.000s] /usr/local/lib/python3.6/dist-packages/setuptools/command/install.py:37: SetuptoolsDeprecationWarning: setup.py install is deprecated. Use build and pip and other standards-based tools.
[6.001s]   setuptools.SetuptoolsDeprecationWarning,
[6.904s] running egg_info
[6.905s] creating jetbot_ros.egg-info
[6.906s] writing jetbot_ros.egg-info/PKG-INFO
[6.906s] writing dependency_links to jetbot_ros.egg-info/dependency_links.txt
[6.907s] writing entry points to jetbot_ros.egg-info/entry_points.txt
[6.908s] writing requirements to jetbot_ros.egg-info/requires.txt
[6.908s] writing top-level names to jetbot_ros.egg-info/top_level.txt
[6.909s] writing manifest file 'jetbot_ros.egg-info/SOURCES.txt'
[6.919s] reading manifest file 'jetbot_ros.egg-info/SOURCES.txt'
[6.926s] writing manifest file 'jetbot_ros.egg-info/SOURCES.txt'
[7.132s] running build_ext
[7.133s] Creating /home/jetbot/ece417/ws/install/jetbot_ros/lib/python3.6/site-packages/jetbot-ros.egg-link (link to .)
[7.137s] Installing data_collection script to /home/jetbot/ece417/ws/install/jetbot_ros/lib/jetbot_ros
[7.138s] Installing gazebo_spawn script to /home/jetbot/ece417/ws/install/jetbot_ros/lib/jetbot_ros
[7.139s] Installing motors_nvidia script to /home/jetbot/ece417/ws/install/jetbot_ros/lib/jetbot_ros
[7.139s] Installing motors_sparkfun script to /home/jetbot/ece417/ws/install/jetbot_ros/lib/jetbot_ros
[7.140s] Installing motors_waveshare script to /home/jetbot/ece417/ws/install/jetbot_ros/lib/jetbot_ros
[7.140s] Installing nav_model script to /home/jetbot/ece417/ws/install/jetbot_ros/lib/jetbot_ros
[7.141s] Installing oled_ssd1306 script to /home/jetbot/ece417/ws/install/jetbot_ros/lib/jetbot_ros
[7.142s] Installing teleop_keyboard script to /home/jetbot/ece417/ws/install/jetbot_ros/lib/jetbot_ros
[7.142s] 
[7.143s] Installed /home/jetbot/ece417/ws/build/jetbot_ros
[7.144s] running install_data
[7.145s] creating /home/jetbot/ece417/ws/install/jetbot_ros/share/ament_index
[7.145s] creating /home/jetbot/ece417/ws/install/jetbot_ros/share/ament_index/resource_index
[7.146s] creating /home/jetbot/ece417/ws/install/jetbot_ros/share/ament_index/resource_index/packages
[7.146s] copying resource/jetbot_ros -> /home/jetbot/ece417/ws/install/jetbot_ros/share/ament_index/resource_index/packages
[7.147s] copying package.xml -> /home/jetbot/ece417/ws/install/jetbot_ros/share/jetbot_ros
[7.148s] creating /home/jetbot/ece417/ws/install/jetbot_ros/share/jetbot_ros/launch
[7.148s] copying launch/teleop_keyboard.launch.py -> /home/jetbot/ece417/ws/install/jetbot_ros/share/jetbot_ros/launch
[7.149s] copying launch/nav_model.launch.py -> /home/jetbot/ece417/ws/install/jetbot_ros/share/jetbot_ros/launch
[7.149s] copying launch/gazebo_nav.launch.py -> /home/jetbot/ece417/ws/install/jetbot_ros/share/jetbot_ros/launch
[7.150s] copying launch/gazebo_world.launch.py -> /home/jetbot/ece417/ws/install/jetbot_ros/share/jetbot_ros/launch
[7.151s] copying launch/jetbot_nvidia.launch.py -> /home/jetbot/ece417/ws/install/jetbot_ros/share/jetbot_ros/launch
[7.152s] copying launch/data_collection.launch.py -> /home/jetbot/ece417/ws/install/jetbot_ros/share/jetbot_ros/launch
[7.153s] copying launch/jetbot_sparkfun.launch.py -> /home/jetbot/ece417/ws/install/jetbot_ros/share/jetbot_ros/launch
[7.154s] creating /home/jetbot/ece417/ws/install/jetbot_ros/share/jetbot_ros/worlds
[7.154s] copying gazebo/worlds/dirt_path_simple_diff.world -> /home/jetbot/ece417/ws/install/jetbot_ros/share/jetbot_ros/worlds
[7.155s] copying gazebo/worlds/dirt_path_curves.world -> /home/jetbot/ece417/ws/install/jetbot_ros/share/jetbot_ros/worlds
[7.156s] copying gazebo/worlds/dirt_path_curves_simple_diff.world -> /home/jetbot/ece417/ws/install/jetbot_ros/share/jetbot_ros/worlds
[7.156s] copying gazebo/worlds/maze_obstacles_simple_diff.world -> /home/jetbot/ece417/ws/install/jetbot_ros/share/jetbot_ros/worlds
[7.157s] copying gazebo/worlds/maze_simple_diff.world -> /home/jetbot/ece417/ws/install/jetbot_ros/share/jetbot_ros/worlds
[7.159s] copying gazebo/worlds/maze_obstacles.world -> /home/jetbot/ece417/ws/install/jetbot_ros/share/jetbot_ros/worlds
[7.161s] copying gazebo/worlds/maze.world -> /home/jetbot/ece417/ws/install/jetbot_ros/share/jetbot_ros/worlds
[7.161s] copying gazebo/worlds/dirt_path.world -> /home/jetbot/ece417/ws/install/jetbot_ros/share/jetbot_ros/worlds
[7.162s] creating /home/jetbot/ece417/ws/install/jetbot_ros/share/jetbot_ros/models
[7.163s] creating /home/jetbot/ece417/ws/install/jetbot_ros/share/jetbot_ros/models/dirt_path
[7.167s] copying gazebo/models/dirt_path/grass_grass_0105_02_tiled_1024.jpg -> /home/jetbot/ece417/ws/install/jetbot_ros/share/jetbot_ros/models/dirt_path
[7.189s] copying gazebo/models/dirt_path/ground_stone_ground_0002_02_tiled_1024.jpg -> /home/jetbot/ece417/ws/install/jetbot_ros/share/jetbot_ros/models/dirt_path
[7.202s] copying gazebo/models/dirt_path/dirt_path.dae -> /home/jetbot/ece417/ws/install/jetbot_ros/share/jetbot_ros/models/dirt_path
[7.204s] copying gazebo/models/dirt_path/model.sdf -> /home/jetbot/ece417/ws/install/jetbot_ros/share/jetbot_ros/models/dirt_path
[7.205s] copying gazebo/models/dirt_path/model.config -> /home/jetbot/ece417/ws/install/jetbot_ros/share/jetbot_ros/models/dirt_path
[7.206s] creating /home/jetbot/ece417/ws/install/jetbot_ros/share/jetbot_ros/models/simple_diff
[7.207s] copying gazebo/models/simple_diff/model.sdf -> /home/jetbot/ece417/ws/install/jetbot_ros/share/jetbot_ros/models/simple_diff
[7.207s] copying gazebo/models/simple_diff/model.config -> /home/jetbot/ece417/ws/install/jetbot_ros/share/jetbot_ros/models/simple_diff
[7.208s] creating /home/jetbot/ece417/ws/install/jetbot_ros/share/jetbot_ros/models/ground_plane_grass
[7.209s] copying gazebo/models/ground_plane_grass/grass_grass_0105_02_tiled_1024.jpg -> /home/jetbot/ece417/ws/install/jetbot_ros/share/jetbot_ros/models/ground_plane_grass
[7.234s] copying gazebo/models/ground_plane_grass/ground_plane_grass.blend -> /home/jetbot/ece417/ws/install/jetbot_ros/share/jetbot_ros/models/ground_plane_grass
[7.247s] copying gazebo/models/ground_plane_grass/model.sdf -> /home/jetbot/ece417/ws/install/jetbot_ros/share/jetbot_ros/models/ground_plane_grass
[7.248s] copying gazebo/models/ground_plane_grass/model.config -> /home/jetbot/ece417/ws/install/jetbot_ros/share/jetbot_ros/models/ground_plane_grass
[7.249s] copying gazebo/models/ground_plane_grass/ground_plane_grass.dae -> /home/jetbot/ece417/ws/install/jetbot_ros/share/jetbot_ros/models/ground_plane_grass
[7.249s] creating /home/jetbot/ece417/ws/install/jetbot_ros/share/jetbot_ros/models/simple_diff_ros
[7.250s] copying gazebo/models/simple_diff_ros/model.sdf -> /home/jetbot/ece417/ws/install/jetbot_ros/share/jetbot_ros/models/simple_diff_ros
[7.251s] copying gazebo/models/simple_diff_ros/model.config -> /home/jetbot/ece417/ws/install/jetbot_ros/share/jetbot_ros/models/simple_diff_ros
[7.251s] creating /home/jetbot/ece417/ws/install/jetbot_ros/share/jetbot_ros/models/maze
[7.252s] copying gazebo/models/maze/model.sdf -> /home/jetbot/ece417/ws/install/jetbot_ros/share/jetbot_ros/models/maze
[7.253s] copying gazebo/models/maze/model.config -> /home/jetbot/ece417/ws/install/jetbot_ros/share/jetbot_ros/models/maze
[7.254s] creating /home/jetbot/ece417/ws/install/jetbot_ros/share/jetbot_ros/models/dirt_path_curves
[7.254s] copying gazebo/models/dirt_path_curves/grass_grass_0105_02_tiled_1024.jpg -> /home/jetbot/ece417/ws/install/jetbot_ros/share/jetbot_ros/models/dirt_path_curves
[7.280s] copying gazebo/models/dirt_path_curves/ground_stone_ground_0002_02_tiled_1024.jpg -> /home/jetbot/ece417/ws/install/jetbot_ros/share/jetbot_ros/models/dirt_path_curves
[7.294s] copying gazebo/models/dirt_path_curves/model.sdf -> /home/jetbot/ece417/ws/install/jetbot_ros/share/jetbot_ros/models/dirt_path_curves
[7.295s] copying gazebo/models/dirt_path_curves/model.config -> /home/jetbot/ece417/ws/install/jetbot_ros/share/jetbot_ros/models/dirt_path_curves
[7.297s] copying gazebo/models/dirt_path_curves/dirt_path_curves.dae -> /home/jetbot/ece417/ws/install/jetbot_ros/share/jetbot_ros/models/dirt_path_curves
[7.298s] creating /home/jetbot/ece417/ws/install/jetbot_ros/share/jetbot_ros/models/jetbot
[7.299s] copying gazebo/models/jetbot/model.original.sdf -> /home/jetbot/ece417/ws/install/jetbot_ros/share/jetbot_ros/models/jetbot
[7.300s] copying gazebo/models/jetbot/model.sdf -> /home/jetbot/ece417/ws/install/jetbot_ros/share/jetbot_ros/models/jetbot
[7.301s] copying gazebo/models/jetbot/model.config -> /home/jetbot/ece417/ws/install/jetbot_ros/share/jetbot_ros/models/jetbot
[7.306s] creating /home/jetbot/ece417/ws/install/jetbot_ros/share/jetbot_ros/models/jetbot/meshes
[7.306s] copying gazebo/models/jetbot/meshes/JetBot-v3-Chassis.stl -> /home/jetbot/ece417/ws/install/jetbot_ros/share/jetbot_ros/models/jetbot/meshes
[7.435s] copying gazebo/models/jetbot/meshes/JetBot-v3-Chassis.dae -> /home/jetbot/ece417/ws/install/jetbot_ros/share/jetbot_ros/models/jetbot/meshes
[7.609s] copying gazebo/models/jetbot/meshes/JetBot-v3-Wheel.stl -> /home/jetbot/ece417/ws/install/jetbot_ros/share/jetbot_ros/models/jetbot/meshes
[7.614s] copying gazebo/models/jetbot/meshes/JetBot-v3-Chassis_simplified.stl -> /home/jetbot/ece417/ws/install/jetbot_ros/share/jetbot_ros/models/jetbot/meshes
[7.773s] Invoked command in '/home/jetbot/ece417/ws/build/jetbot_ros' returned '0': PYTHONPATH=/home/jetbot/ece417/ws/build/jetbot_ros/prefix_override:/home/jetbot/ece417/ws/install/jetbot_ros/lib/python3.6/site-packages:${PYTHONPATH} /usr/bin/python3 setup.py develop --editable --build-directory /home/jetbot/ece417/ws/build/jetbot_ros/build --no-deps install_data
