-- The C compiler identification is GNU 7.5.0
-- The CXX compiler identification is GNU 7.5.0
-- Detecting C compiler ABI info
-- Detecting C compiler ABI info - done
-- Check for working C compiler: /usr/bin/cc - skipped
-- Detecting C compile features
-- Detecting C compile features - done
-- Detecting CXX compiler ABI info
-- Detecting CXX compiler ABI info - done
-- Check for working CXX compiler: /usr/bin/c++ - skipped
-- Detecting CXX compile features
-- Detecting CXX compile features - done
-- Found PkgConfig: /usr/bin/pkg-config (found version "0.29.1") 
-- Checking for module 'gstreamer-1.0'
--   Found gstreamer-1.0, version 1.14.5
-- Checking for module 'gstreamer-app-1.0'
--   Found gstreamer-app-1.0, version 1.14.5
-- Found ament_cmake: 1.3.4 (/opt/ros/humble/install/share/ament_cmake/cmake)
-- Found Python3: /usr/bin/python3.6 (found version "3.6.9") found components: Interpreter 
-- Override CMake install command with custom implementation using symlinks instead of copying resources
-- Found class_loader: 2.2.0 (/opt/ros/humble/install/share/class_loader/cmake)
-- Found image_transport: 3.1.5 (/opt/ros/humble/install/share/image_transport/cmake)
-- Found rosidl_generator_c: 3.1.4 (/opt/ros/humble/install/share/rosidl_generator_c/cmake)
-- Found rosidl_adapter: 3.1.4 (/opt/ros/humble/install/share/rosidl_adapter/cmake)
-- Found rosidl_generator_cpp: 3.1.4 (/opt/ros/humble/install/share/rosidl_generator_cpp/cmake)
-- Using all available rosidl_typesupport_c: rosidl_typesupport_fastrtps_c;rosidl_typesupport_introspection_c
-- Using all available rosidl_typesupport_cpp: rosidl_typesupport_fastrtps_cpp;rosidl_typesupport_introspection_cpp
-- Found rmw_implementation_cmake: 6.1.1 (/opt/ros/humble/install/share/rmw_implementation_cmake/cmake)
-- Found rmw_cyclonedds_cpp: 1.3.4 (/opt/ros/humble/install/share/rmw_cyclonedds_cpp/cmake)
-- Using RMW implementation 'rmw_cyclonedds_cpp' as default
-- Performing Test CMAKE_HAVE_LIBC_PTHREAD
-- Performing Test CMAKE_HAVE_LIBC_PTHREAD - Failed
-- Looking for pthread_create in pthreads
-- Looking for pthread_create in pthreads - not found
-- Looking for pthread_create in pthread
-- Looking for pthread_create in pthread - found
-- Found Threads: TRUE  
-- Found rclcpp_components: 16.0.4 (/opt/ros/humble/install/share/rclcpp_components/cmake)
-- Found camera_calibration_parsers: 3.1.5 (/opt/ros/humble/install/share/camera_calibration_parsers/cmake)
-- Found camera_info_manager: 3.1.5 (/opt/ros/humble/install/share/camera_info_manager/cmake)
-- Found ament_lint_auto: 0.12.6 (/opt/ros/humble/install/share/ament_lint_auto/cmake)
-- Found gtest sources under '/opt/ros/humble/install/src/gtest_vendor': C++ tests using 'Google Test' will be built
-- Check if compiler accepts -pthread
-- Check if compiler accepts -pthread - yes
-- Added test 'copyright' to check source files copyright and LICENSE
-- Added test 'cppcheck' to perform static code analysis on C / C++ code
-- Configured cppcheck include dirs: /home/jetbot/ece417/ws/src/gscam/include
-- Configured cppcheck exclude dirs and/or files: 
-- Added test 'cpplint' to check C / C++ code against the Google style
-- Configured cpplint exclude dirs and/or files: 
-- Added test 'flake8' to check Python code syntax and style conventions
-- Added test 'lint_cmake' to check CMake code style
-- Added test 'pep257' to check Python code against some of the docstring style conventions in PEP 257
-- Added test 'uncrustify' to check C / C++ code style
-- Configured uncrustify additional arguments: 
-- Added test 'xmllint' to check XML markup files
-- Configuring done (14.1s)
-- Generating done (0.1s)
-- Build files have been written to: /home/jetbot/ece417/ws/build/gscam
[ 20%] [32mBuilding CXX object CMakeFiles/gscam_node.dir/rclcpp_components/node_main_gscam_node.cpp.o[0m
[ 20%] [32mBuilding CXX object gtest/CMakeFiles/gtest_main.dir/src/gtest_main.cc.o[0m
[ 30%] [32mBuilding CXX object gtest/CMakeFiles/gtest.dir/src/gtest-all.cc.o[0m
[ 40%] [32mBuilding CXX object CMakeFiles/gscam.dir/src/gscam.cpp.o[0m
[ 50%] [32m[1mLinking CXX static library libgtest_main.a[0m
[ 50%] Built target gtest_main
[ 60%] [32m[1mLinking CXX static library libgtest.a[0m
[ 60%] Built target gtest
[ 70%] [32m[1mLinking CXX executable gscam_node[0m
[ 70%] Built target gscam_node
[ 80%] [32m[1mLinking CXX shared library libgscam.so[0m
[ 80%] Built target gscam
[ 90%] [32mBuilding CXX object CMakeFiles/smoke_test.dir/test/smoke_test.cpp.o[0m
[100%] [32m[1mLinking CXX executable smoke_test[0m
[100%] Built target smoke_test
-- Install configuration: ""
-- Execute custom install script
-- Symlinking: /home/jetbot/ece417/ws/install/gscam/lib/gscam/gscam_node
-- Symlinking: /home/jetbot/ece417/ws/install/gscam/share/gscam/environment/library_path.sh
-- Symlinking: /home/jetbot/ece417/ws/install/gscam/share/gscam/environment/library_path.dsv
-- Symlinking: /home/jetbot/ece417/ws/install/gscam/share/ament_index/resource_index/package_run_dependencies/gscam
-- Symlinking: /home/jetbot/ece417/ws/install/gscam/share/ament_index/resource_index/parent_prefix_path/gscam
-- Symlinking: /home/jetbot/ece417/ws/install/gscam/share/gscam/environment/ament_prefix_path.sh
-- Symlinking: /home/jetbot/ece417/ws/install/gscam/share/gscam/environment/ament_prefix_path.dsv
-- Symlinking: /home/jetbot/ece417/ws/install/gscam/share/gscam/environment/path.sh
-- Symlinking: /home/jetbot/ece417/ws/install/gscam/share/gscam/environment/path.dsv
-- Symlinking: /home/jetbot/ece417/ws/install/gscam/share/gscam/local_setup.bash
-- Symlinking: /home/jetbot/ece417/ws/install/gscam/share/gscam/local_setup.sh
-- Symlinking: /home/jetbot/ece417/ws/install/gscam/share/gscam/local_setup.zsh
-- Symlinking: /home/jetbot/ece417/ws/install/gscam/share/gscam/local_setup.dsv
-- Symlinking: /home/jetbot/ece417/ws/install/gscam/share/gscam/package.dsv
-- Symlinking: /home/jetbot/ece417/ws/install/gscam/share/ament_index/resource_index/packages/gscam
-- Symlinking: /home/jetbot/ece417/ws/install/gscam/share/ament_index/resource_index/rclcpp_components/gscam
-- Symlinking: /home/jetbot/ece417/ws/install/gscam/share/gscam/cmake/ament_cmake_export_dependencies-extras.cmake
-- Symlinking: /home/jetbot/ece417/ws/install/gscam/share/gscam/cmake/ament_cmake_export_include_directories-extras.cmake
-- Symlinking: /home/jetbot/ece417/ws/install/gscam/share/gscam/cmake/ament_cmake_export_targets-extras.cmake
-- Symlinking: /home/jetbot/ece417/ws/install/gscam/share/gscam/cmake/ament_cmake_export_libraries-extras.cmake
-- Symlinking: /home/jetbot/ece417/ws/install/gscam/share/gscam/cmake/gscamConfig.cmake
-- Symlinking: /home/jetbot/ece417/ws/install/gscam/share/gscam/cmake/gscamConfig-version.cmake
-- Symlinking: /home/jetbot/ece417/ws/install/gscam/share/gscam/package.xml
-- Symlinking: /home/jetbot/ece417/ws/install/gscam/share/gscam/examples/component_pipeline_launch.py
-- Symlinking: /home/jetbot/ece417/ws/install/gscam/share/gscam/examples/decklink.launch.xml
-- Symlinking: /home/jetbot/ece417/ws/install/gscam/share/gscam/examples/minoru.launch.xml
-- Symlinking: /home/jetbot/ece417/ws/install/gscam/share/gscam/examples/osx.launch.xml
-- Symlinking: /home/jetbot/ece417/ws/install/gscam/share/gscam/examples/uncalibrated_parameters.ini
-- Symlinking: /home/jetbot/ece417/ws/install/gscam/share/gscam/examples/v4l.launch.xml
-- Symlinking: /home/jetbot/ece417/ws/install/gscam/share/gscam/examples/v4ljpeg.launch.xml
-- Symlinking: /home/jetbot/ece417/ws/install/gscam/share/gscam/examples/videofile.launch.xml
-- Installing: /home/jetbot/ece417/ws/install/gscam/share/gscam/cmake/export_gscamExport.cmake
-- Installing: /home/jetbot/ece417/ws/install/gscam/share/gscam/cmake/export_gscamExport-noconfig.cmake
-- Installing: /home/jetbot/ece417/ws/install/gscam/lib/libgscam.so
-- Set runtime path of "/home/jetbot/ece417/ws/install/gscam/lib/libgscam.so" to ""
