[7.291s] Invoking command in '/home/jetbot/ece417/ws/build/py_pubsub': PYTHONPATH=/home/jetbot/ece417/ws/build/py_pubsub/prefix_override:/home/jetbot/ece417/ws/install/py_pubsub/lib/python3.6/site-packages:${PYTHONPATH} /usr/bin/python3 setup.py develop --editable --build-directory /home/jetbot/ece417/ws/build/py_pubsub/build --no-deps install_data
[9.175s] running develop
[9.177s] /usr/local/lib/python3.6/dist-packages/setuptools/command/easy_install.py:159: EasyInstallDeprecationWarning: easy_install command is deprecated. Use build and pip and other standards-based tools.
[9.177s]   EasyInstallDeprecationWarning,
[9.183s] /usr/local/lib/python3.6/dist-packages/setuptools/command/install.py:37: SetuptoolsDeprecationWarning: setup.py install is deprecated. Use build and pip and other standards-based tools.
[9.184s]   setuptools.SetuptoolsDeprecationWarning,
[10.179s] running egg_info
[10.180s] writing py_pubsub.egg-info/PKG-INFO
[10.181s] writing dependency_links to py_pubsub.egg-info/dependency_links.txt
[10.182s] writing entry points to py_pubsub.egg-info/entry_points.txt
[10.183s] writing requirements to py_pubsub.egg-info/requires.txt
[10.183s] writing top-level names to py_pubsub.egg-info/top_level.txt
[10.191s] reading manifest file 'py_pubsub.egg-info/SOURCES.txt'
[10.198s] writing manifest file 'py_pubsub.egg-info/SOURCES.txt'
[10.423s] running build_ext
[10.424s] Creating /home/jetbot/ece417/ws/install/py_pubsub/lib/python3.6/site-packages/py-pubsub.egg-link (link to .)
[10.429s] Installing listener script to /home/jetbot/ece417/ws/install/py_pubsub/lib/py_pubsub
[10.430s] Installing talker script to /home/jetbot/ece417/ws/install/py_pubsub/lib/py_pubsub
[10.431s] 
[10.432s] Installed /home/jetbot/ece417/ws/build/py_pubsub
[10.432s] running install_data
[10.586s] Invoked command in '/home/jetbot/ece417/ws/build/py_pubsub' returned '0': PYTHONPATH=/home/jetbot/ece417/ws/build/py_pubsub/prefix_override:/home/jetbot/ece417/ws/install/py_pubsub/lib/python3.6/site-packages:${PYTHONPATH} /usr/bin/python3 setup.py develop --editable --build-directory /home/jetbot/ece417/ws/build/py_pubsub/build --no-deps install_data
