[0.534s] Invoking command in '/home/jetbot/ece417/ws/build/gscam': CMAKE_PREFIX_PATH=/home/jetbot/ece417/ws/install/gscam:/home/jetbot/ece417/ws/install/py_pubsub:/home/jetbot/ece417/ws/install/jetbot_ros:/ros_deep_learning/install/ros_deep_learning:/opt/ros/humble/install /usr/local/bin/cmake --build /home/jetbot/ece417/ws/build/gscam -- -j4 -l4
[2.428s] [ 20%] Built target gtest_main
[2.430s] [ 40%] Built target gtest
[2.431s] [ 60%] Built target gscam_node
[2.432s] [ 80%] Built target gscam
[2.433s] [100%] Built target smoke_test
[4.279s] Invoked command in '/home/jetbot/ece417/ws/build/gscam' returned '0': CMAKE_PREFIX_PATH=/home/jetbot/ece417/ws/install/gscam:/home/jetbot/ece417/ws/install/py_pubsub:/home/jetbot/ece417/ws/install/jetbot_ros:/ros_deep_learning/install/ros_deep_learning:/opt/ros/humble/install /usr/local/bin/cmake --build /home/jetbot/ece417/ws/build/gscam -- -j4 -l4
[4.777s] Invoking command in '/home/jetbot/ece417/ws/build/gscam': CMAKE_PREFIX_PATH=/home/jetbot/ece417/ws/install/gscam:/home/jetbot/ece417/ws/install/py_pubsub:/home/jetbot/ece417/ws/install/jetbot_ros:/ros_deep_learning/install/ros_deep_learning:/opt/ros/humble/install /usr/local/bin/cmake --install /home/jetbot/ece417/ws/build/gscam
[4.944s] -- Install configuration: ""
[4.946s] -- Execute custom install script
[4.947s] -- Up-to-date symlink: /home/jetbot/ece417/ws/install/gscam/lib/gscam/gscam_node
[4.948s] -- Up-to-date symlink: /home/jetbot/ece417/ws/install/gscam/share/gscam/environment/library_path.sh
[4.949s] -- Up-to-date symlink: /home/jetbot/ece417/ws/install/gscam/share/gscam/environment/library_path.dsv
[4.950s] -- Up-to-date symlink: /home/jetbot/ece417/ws/install/gscam/share/ament_index/resource_index/package_run_dependencies/gscam
[4.950s] -- Up-to-date symlink: /home/jetbot/ece417/ws/install/gscam/share/ament_index/resource_index/parent_prefix_path/gscam
[4.951s] -- Up-to-date symlink: /home/jetbot/ece417/ws/install/gscam/share/gscam/environment/ament_prefix_path.sh
[4.952s] -- Up-to-date symlink: /home/jetbot/ece417/ws/install/gscam/share/gscam/environment/ament_prefix_path.dsv
[4.953s] -- Up-to-date symlink: /home/jetbot/ece417/ws/install/gscam/share/gscam/environment/path.sh
[4.953s] -- Up-to-date symlink: /home/jetbot/ece417/ws/install/gscam/share/gscam/environment/path.dsv
[4.954s] -- Up-to-date symlink: /home/jetbot/ece417/ws/install/gscam/share/gscam/local_setup.bash
[4.955s] -- Up-to-date symlink: /home/jetbot/ece417/ws/install/gscam/share/gscam/local_setup.sh
[4.956s] -- Up-to-date symlink: /home/jetbot/ece417/ws/install/gscam/share/gscam/local_setup.zsh
[4.956s] -- Up-to-date symlink: /home/jetbot/ece417/ws/install/gscam/share/gscam/local_setup.dsv
[4.957s] -- Symlinking: /home/jetbot/ece417/ws/install/gscam/share/gscam/package.dsv
[4.968s] -- Up-to-date symlink: /home/jetbot/ece417/ws/install/gscam/share/ament_index/resource_index/packages/gscam
[4.968s] -- Up-to-date symlink: /home/jetbot/ece417/ws/install/gscam/share/ament_index/resource_index/rclcpp_components/gscam
[4.969s] -- Up-to-date symlink: /home/jetbot/ece417/ws/install/gscam/share/gscam/cmake/ament_cmake_export_dependencies-extras.cmake
[4.970s] -- Up-to-date symlink: /home/jetbot/ece417/ws/install/gscam/share/gscam/cmake/ament_cmake_export_include_directories-extras.cmake
[4.971s] -- Up-to-date symlink: /home/jetbot/ece417/ws/install/gscam/share/gscam/cmake/ament_cmake_export_targets-extras.cmake
[4.972s] -- Up-to-date symlink: /home/jetbot/ece417/ws/install/gscam/share/gscam/cmake/ament_cmake_export_libraries-extras.cmake
[4.973s] -- Up-to-date symlink: /home/jetbot/ece417/ws/install/gscam/share/gscam/cmake/gscamConfig.cmake
[4.973s] -- Up-to-date symlink: /home/jetbot/ece417/ws/install/gscam/share/gscam/cmake/gscamConfig-version.cmake
[4.974s] -- Up-to-date symlink: /home/jetbot/ece417/ws/install/gscam/share/gscam/package.xml
[4.976s] -- Up-to-date symlink: /home/jetbot/ece417/ws/install/gscam/share/gscam/examples/component_pipeline_launch.py
[4.977s] -- Symlinking: /home/jetbot/ece417/ws/install/gscam/share/gscam/examples/csi_cam_640x360.ini
[4.986s] -- Up-to-date symlink: /home/jetbot/ece417/ws/install/gscam/share/gscam/examples/decklink.launch.xml
[4.987s] -- Up-to-date symlink: /home/jetbot/ece417/ws/install/gscam/share/gscam/examples/minoru.launch.xml
[4.988s] -- Symlinking: /home/jetbot/ece417/ws/install/gscam/share/gscam/examples/nvcsi.launch.xml
[4.996s] -- Up-to-date symlink: /home/jetbot/ece417/ws/install/gscam/share/gscam/examples/osx.launch.xml
[4.997s] -- Up-to-date symlink: /home/jetbot/ece417/ws/install/gscam/share/gscam/examples/uncalibrated_parameters.ini
[4.998s] -- Up-to-date symlink: /home/jetbot/ece417/ws/install/gscam/share/gscam/examples/v4l.launch.xml
[4.998s] -- Up-to-date symlink: /home/jetbot/ece417/ws/install/gscam/share/gscam/examples/v4ljpeg.launch.xml
[4.999s] -- Up-to-date symlink: /home/jetbot/ece417/ws/install/gscam/share/gscam/examples/videofile.launch.xml
[4.999s] -- Up-to-date: /home/jetbot/ece417/ws/install/gscam/share/gscam/cmake/export_gscamExport.cmake
[5.000s] -- Up-to-date: /home/jetbot/ece417/ws/install/gscam/share/gscam/cmake/export_gscamExport-noconfig.cmake
[5.000s] -- Up-to-date: /home/jetbot/ece417/ws/install/gscam/lib/libgscam.so
[5.033s] Invoked command in '/home/jetbot/ece417/ws/build/gscam' returned '0': CMAKE_PREFIX_PATH=/home/jetbot/ece417/ws/install/gscam:/home/jetbot/ece417/ws/install/py_pubsub:/home/jetbot/ece417/ws/install/jetbot_ros:/ros_deep_learning/install/ros_deep_learning:/opt/ros/humble/install /usr/local/bin/cmake --install /home/jetbot/ece417/ws/build/gscam
