[6.511s] Invoking command in '/home/jetbot/ece417/ws/build/py_pubsub': PYTHONPATH=/home/jetbot/ece417/ws/build/py_pubsub/prefix_override:/home/jetbot/ece417/ws/install/py_pubsub/lib/python3.6/site-packages:${PYTHONPATH} /usr/bin/python3 setup.py develop --editable --build-directory /home/jetbot/ece417/ws/build/py_pubsub/build --no-deps install_data
[8.210s] running develop
[8.211s] /usr/local/lib/python3.6/dist-packages/setuptools/command/easy_install.py:159: EasyInstallDeprecationWarning: easy_install command is deprecated. Use build and pip and other standards-based tools.
[8.212s]   EasyInstallDeprecationWarning,
[8.217s] /usr/local/lib/python3.6/dist-packages/setuptools/command/install.py:37: SetuptoolsDeprecationWarning: setup.py install is deprecated. Use build and pip and other standards-based tools.
[8.218s]   setuptools.SetuptoolsDeprecationWarning,
[9.173s] running egg_info
[9.179s] writing py_pubsub.egg-info/PKG-INFO
[9.181s] writing dependency_links to py_pubsub.egg-info/dependency_links.txt
[9.182s] writing entry points to py_pubsub.egg-info/entry_points.txt
[9.183s] writing requirements to py_pubsub.egg-info/requires.txt
[9.183s] writing top-level names to py_pubsub.egg-info/top_level.txt
[9.187s] reading manifest file 'py_pubsub.egg-info/SOURCES.txt'
[9.193s] writing manifest file 'py_pubsub.egg-info/SOURCES.txt'
[9.414s] running build_ext
[9.415s] Creating /home/jetbot/ece417/ws/install/py_pubsub/lib/python3.6/site-packages/py-pubsub.egg-link (link to .)
[9.420s] Installing listener script to /home/jetbot/ece417/ws/install/py_pubsub/lib/py_pubsub
[9.421s] Installing talker script to /home/jetbot/ece417/ws/install/py_pubsub/lib/py_pubsub
[9.422s] 
[9.423s] Installed /home/jetbot/ece417/ws/build/py_pubsub
[9.425s] running install_data
[9.581s] Invoked command in '/home/jetbot/ece417/ws/build/py_pubsub' returned '0': PYTHONPATH=/home/jetbot/ece417/ws/build/py_pubsub/prefix_override:/home/jetbot/ece417/ws/install/py_pubsub/lib/python3.6/site-packages:${PYTHONPATH} /usr/bin/python3 setup.py develop --editable --build-directory /home/jetbot/ece417/ws/build/py_pubsub/build --no-deps install_data
