[2.879s] DEBUG:colcon:Command line arguments: ['/usr/bin/colcon', 'build', '--symlink-install']
[2.879s] DEBUG:colcon:Parsed command line arguments: Namespace(ament_cmake_args=None, base_paths=['.'], build_base='build', catkin_cmake_args=None, catkin_skip_building_tests=False, cmake_args=None, cmake_clean_cache=False, cmake_clean_first=False, cmake_force_configure=False, cmake_target=None, cmake_target_skip_unavailable=False, continue_on_error=False, event_handlers=None, executor='parallel', ignore_user_meta=False, install_base='install', log_base=None, log_level=None, main=<bound method BuildVerb.main of <colcon_core.verb.build.BuildVerb object at 0x7fb0b41a90>>, merge_install=False, metas=['./colcon.meta'], packages_above=None, packages_above_and_dependencies=None, packages_above_depth=None, packages_end=None, packages_ignore=None, packages_ignore_regex=None, packages_select=None, packages_select_build_failed=False, packages_select_by_dep=None, packages_select_regex=None, packages_select_test_failures=False, packages_skip=None, packages_skip_build_finished=False, packages_skip_by_dep=None, packages_skip_regex=None, packages_skip_test_passed=False, packages_skip_up_to=None, packages_start=None, packages_up_to=None, packages_up_to_regex=None, parallel_workers=4, paths=None, symlink_install=True, test_result_base=None, verb_extension=<colcon_core.verb.build.BuildVerb object at 0x7fb0b41a90>, verb_name='build', verb_parser=<colcon_defaults.argument_parser.defaults.DefaultArgumentsDecorator object at 0x7fb0a1b470>)
[3.071s] Level 1:colcon.colcon_core.package_discovery:discover_packages(colcon_meta) check parameters
[3.072s] Level 1:colcon.colcon_core.package_discovery:discover_packages(recursive) check parameters
[3.072s] Level 1:colcon.colcon_core.package_discovery:discover_packages(ignore) check parameters
[3.072s] Level 1:colcon.colcon_core.package_discovery:discover_packages(path) check parameters
[3.072s] Level 1:colcon.colcon_core.package_discovery:discover_packages(colcon_meta) discover
[3.074s] Level 1:colcon.colcon_core.package_discovery:discover_packages(recursive) discover
[3.074s] INFO:colcon.colcon_core.package_discovery:Crawling recursively for packages in '/home/jetbot/ece417/ws'
[3.075s] Level 1:colcon.colcon_core.package_identification:_identify(.) by extensions ['ignore', 'ignore_ament_install']
[3.075s] Level 1:colcon.colcon_core.package_identification:_identify(.) by extension 'ignore'
[3.075s] Level 1:colcon.colcon_core.package_identification:_identify(.) by extension 'ignore_ament_install'
[3.076s] Level 1:colcon.colcon_core.package_identification:_identify(.) by extensions ['colcon_pkg']
[3.076s] Level 1:colcon.colcon_core.package_identification:_identify(.) by extension 'colcon_pkg'
[3.076s] Level 1:colcon.colcon_core.package_identification:_identify(.) by extensions ['colcon_meta']
[3.076s] Level 1:colcon.colcon_core.package_identification:_identify(.) by extension 'colcon_meta'
[3.077s] Level 1:colcon.colcon_core.package_identification:_identify(.) by extensions ['ros']
[3.077s] Level 1:colcon.colcon_core.package_identification:_identify(.) by extension 'ros'
[3.253s] Level 1:colcon.colcon_core.package_identification:_identify(.) by extensions ['cmake', 'python']
[3.253s] Level 1:colcon.colcon_core.package_identification:_identify(.) by extension 'cmake'
[3.253s] Level 1:colcon.colcon_core.package_identification:_identify(.) by extension 'python'
[3.254s] Level 1:colcon.colcon_core.package_identification:_identify(.) by extensions ['python_setup_py']
[3.254s] Level 1:colcon.colcon_core.package_identification:_identify(.) by extension 'python_setup_py'
[3.255s] Level 1:colcon.colcon_core.package_identification:_identify(build) by extensions ['ignore', 'ignore_ament_install']
[3.255s] Level 1:colcon.colcon_core.package_identification:_identify(build) by extension 'ignore'
[3.255s] Level 1:colcon.colcon_core.package_identification:_identify(build) ignored
[3.257s] Level 1:colcon.colcon_core.package_identification:_identify(gscam) by extensions ['ignore', 'ignore_ament_install']
[3.258s] Level 1:colcon.colcon_core.package_identification:_identify(gscam) by extension 'ignore'
[3.258s] Level 1:colcon.colcon_core.package_identification:_identify(gscam) by extension 'ignore_ament_install'
[3.258s] Level 1:colcon.colcon_core.package_identification:_identify(gscam) by extensions ['colcon_pkg']
[3.259s] Level 1:colcon.colcon_core.package_identification:_identify(gscam) by extension 'colcon_pkg'
[3.259s] Level 1:colcon.colcon_core.package_identification:_identify(gscam) by extensions ['colcon_meta']
[3.259s] Level 1:colcon.colcon_core.package_identification:_identify(gscam) by extension 'colcon_meta'
[3.260s] Level 1:colcon.colcon_core.package_identification:_identify(gscam) by extensions ['ros']
[3.260s] Level 1:colcon.colcon_core.package_identification:_identify(gscam) by extension 'ros'
[3.278s] DEBUG:colcon.colcon_core.package_identification:Package 'gscam' with type 'ros.ament_cmake' and name 'gscam'
[3.279s] Level 1:colcon.colcon_core.package_identification:_identify(install) by extensions ['ignore', 'ignore_ament_install']
[3.279s] Level 1:colcon.colcon_core.package_identification:_identify(install) by extension 'ignore'
[3.280s] Level 1:colcon.colcon_core.package_identification:_identify(install) ignored
[3.280s] Level 1:colcon.colcon_core.package_identification:_identify(log) by extensions ['ignore', 'ignore_ament_install']
[3.281s] Level 1:colcon.colcon_core.package_identification:_identify(log) by extension 'ignore'
[3.281s] Level 1:colcon.colcon_core.package_identification:_identify(log) ignored
[3.281s] Level 1:colcon.colcon_core.package_identification:_identify(src) by extensions ['ignore', 'ignore_ament_install']
[3.282s] Level 1:colcon.colcon_core.package_identification:_identify(src) by extension 'ignore'
[3.282s] Level 1:colcon.colcon_core.package_identification:_identify(src) by extension 'ignore_ament_install'
[3.282s] Level 1:colcon.colcon_core.package_identification:_identify(src) by extensions ['colcon_pkg']
[3.282s] Level 1:colcon.colcon_core.package_identification:_identify(src) by extension 'colcon_pkg'
[3.283s] Level 1:colcon.colcon_core.package_identification:_identify(src) by extensions ['colcon_meta']
[3.283s] Level 1:colcon.colcon_core.package_identification:_identify(src) by extension 'colcon_meta'
[3.283s] Level 1:colcon.colcon_core.package_identification:_identify(src) by extensions ['ros']
[3.283s] Level 1:colcon.colcon_core.package_identification:_identify(src) by extension 'ros'
[3.284s] Level 1:colcon.colcon_core.package_identification:_identify(src) by extensions ['cmake', 'python']
[3.284s] Level 1:colcon.colcon_core.package_identification:_identify(src) by extension 'cmake'
[3.284s] Level 1:colcon.colcon_core.package_identification:_identify(src) by extension 'python'
[3.284s] Level 1:colcon.colcon_core.package_identification:_identify(src) by extensions ['python_setup_py']
[3.285s] Level 1:colcon.colcon_core.package_identification:_identify(src) by extension 'python_setup_py'
[3.285s] Level 1:colcon.colcon_core.package_identification:_identify(src/gscam) by extensions ['ignore', 'ignore_ament_install']
[3.286s] Level 1:colcon.colcon_core.package_identification:_identify(src/gscam) by extension 'ignore'
[3.286s] Level 1:colcon.colcon_core.package_identification:_identify(src/gscam) by extension 'ignore_ament_install'
[3.286s] Level 1:colcon.colcon_core.package_identification:_identify(src/gscam) by extensions ['colcon_pkg']
[3.286s] Level 1:colcon.colcon_core.package_identification:_identify(src/gscam) by extension 'colcon_pkg'
[3.287s] Level 1:colcon.colcon_core.package_identification:_identify(src/gscam) by extensions ['colcon_meta']
[3.287s] Level 1:colcon.colcon_core.package_identification:_identify(src/gscam) by extension 'colcon_meta'
[3.287s] Level 1:colcon.colcon_core.package_identification:_identify(src/gscam) by extensions ['ros']
[3.287s] Level 1:colcon.colcon_core.package_identification:_identify(src/gscam) by extension 'ros'
[3.296s] DEBUG:colcon.colcon_core.package_identification:Package 'src/gscam' with type 'ros.ament_cmake' and name 'gscam'
[3.297s] Level 1:colcon.colcon_core.package_identification:_identify(src/jetbot_ros) by extensions ['ignore', 'ignore_ament_install']
[3.297s] Level 1:colcon.colcon_core.package_identification:_identify(src/jetbot_ros) by extension 'ignore'
[3.297s] Level 1:colcon.colcon_core.package_identification:_identify(src/jetbot_ros) by extension 'ignore_ament_install'
[3.298s] Level 1:colcon.colcon_core.package_identification:_identify(src/jetbot_ros) by extensions ['colcon_pkg']
[3.298s] Level 1:colcon.colcon_core.package_identification:_identify(src/jetbot_ros) by extension 'colcon_pkg'
[3.298s] Level 1:colcon.colcon_core.package_identification:_identify(src/jetbot_ros) by extensions ['colcon_meta']
[3.298s] Level 1:colcon.colcon_core.package_identification:_identify(src/jetbot_ros) by extension 'colcon_meta'
[3.299s] Level 1:colcon.colcon_core.package_identification:_identify(src/jetbot_ros) by extensions ['ros']
[3.299s] Level 1:colcon.colcon_core.package_identification:_identify(src/jetbot_ros) by extension 'ros'
[3.301s] DEBUG:colcon.colcon_core.package_identification:Package 'src/jetbot_ros' with type 'ros.ament_python' and name 'jetbot_ros'
[3.302s] Level 1:colcon.colcon_core.package_identification:_identify(src/py_pubsub) by extensions ['ignore', 'ignore_ament_install']
[3.302s] Level 1:colcon.colcon_core.package_identification:_identify(src/py_pubsub) by extension 'ignore'
[3.302s] Level 1:colcon.colcon_core.package_identification:_identify(src/py_pubsub) by extension 'ignore_ament_install'
[3.303s] Level 1:colcon.colcon_core.package_identification:_identify(src/py_pubsub) by extensions ['colcon_pkg']
[3.303s] Level 1:colcon.colcon_core.package_identification:_identify(src/py_pubsub) by extension 'colcon_pkg'
[3.303s] Level 1:colcon.colcon_core.package_identification:_identify(src/py_pubsub) by extensions ['colcon_meta']
[3.303s] Level 1:colcon.colcon_core.package_identification:_identify(src/py_pubsub) by extension 'colcon_meta'
[3.303s] Level 1:colcon.colcon_core.package_identification:_identify(src/py_pubsub) by extensions ['ros']
[3.304s] Level 1:colcon.colcon_core.package_identification:_identify(src/py_pubsub) by extension 'ros'
[3.306s] DEBUG:colcon.colcon_core.package_identification:Package 'src/py_pubsub' with type 'ros.ament_python' and name 'py_pubsub'
[3.307s] Level 1:colcon.colcon_core.package_identification:_identify(src/ros_aruco_opencv) by extensions ['ignore', 'ignore_ament_install']
[3.307s] Level 1:colcon.colcon_core.package_identification:_identify(src/ros_aruco_opencv) by extension 'ignore'
[3.308s] Level 1:colcon.colcon_core.package_identification:_identify(src/ros_aruco_opencv) by extension 'ignore_ament_install'
[3.308s] Level 1:colcon.colcon_core.package_identification:_identify(src/ros_aruco_opencv) by extensions ['colcon_pkg']
[3.308s] Level 1:colcon.colcon_core.package_identification:_identify(src/ros_aruco_opencv) by extension 'colcon_pkg'
[3.308s] Level 1:colcon.colcon_core.package_identification:_identify(src/ros_aruco_opencv) by extensions ['colcon_meta']
[3.308s] Level 1:colcon.colcon_core.package_identification:_identify(src/ros_aruco_opencv) by extension 'colcon_meta'
[3.309s] Level 1:colcon.colcon_core.package_identification:_identify(src/ros_aruco_opencv) by extensions ['ros']
[3.309s] Level 1:colcon.colcon_core.package_identification:_identify(src/ros_aruco_opencv) by extension 'ros'
[3.309s] Level 1:colcon.colcon_core.package_identification:_identify(src/ros_aruco_opencv) by extensions ['cmake', 'python']
[3.310s] Level 1:colcon.colcon_core.package_identification:_identify(src/ros_aruco_opencv) by extension 'cmake'
[3.310s] Level 1:colcon.colcon_core.package_identification:_identify(src/ros_aruco_opencv) by extension 'python'
[3.310s] Level 1:colcon.colcon_core.package_identification:_identify(src/ros_aruco_opencv) by extensions ['python_setup_py']
[3.310s] Level 1:colcon.colcon_core.package_identification:_identify(src/ros_aruco_opencv) by extension 'python_setup_py'
[3.311s] Level 1:colcon.colcon_core.package_identification:_identify(src/ros_aruco_opencv/aruco_opencv) by extensions ['ignore', 'ignore_ament_install']
[3.311s] Level 1:colcon.colcon_core.package_identification:_identify(src/ros_aruco_opencv/aruco_opencv) by extension 'ignore'
[3.311s] Level 1:colcon.colcon_core.package_identification:_identify(src/ros_aruco_opencv/aruco_opencv) by extension 'ignore_ament_install'
[3.312s] Level 1:colcon.colcon_core.package_identification:_identify(src/ros_aruco_opencv/aruco_opencv) by extensions ['colcon_pkg']
[3.312s] Level 1:colcon.colcon_core.package_identification:_identify(src/ros_aruco_opencv/aruco_opencv) by extension 'colcon_pkg'
[3.312s] Level 1:colcon.colcon_core.package_identification:_identify(src/ros_aruco_opencv/aruco_opencv) by extensions ['colcon_meta']
[3.312s] Level 1:colcon.colcon_core.package_identification:_identify(src/ros_aruco_opencv/aruco_opencv) by extension 'colcon_meta'
[3.313s] Level 1:colcon.colcon_core.package_identification:_identify(src/ros_aruco_opencv/aruco_opencv) by extensions ['ros']
[3.313s] Level 1:colcon.colcon_core.package_identification:_identify(src/ros_aruco_opencv/aruco_opencv) by extension 'ros'
[3.318s] DEBUG:colcon.colcon_core.package_identification:Package 'src/ros_aruco_opencv/aruco_opencv' with type 'ros.ament_cmake' and name 'aruco_opencv'
[3.318s] Level 1:colcon.colcon_core.package_identification:_identify(src/ros_aruco_opencv/aruco_opencv_msgs) by extensions ['ignore', 'ignore_ament_install']
[3.318s] Level 1:colcon.colcon_core.package_identification:_identify(src/ros_aruco_opencv/aruco_opencv_msgs) by extension 'ignore'
[3.319s] Level 1:colcon.colcon_core.package_identification:_identify(src/ros_aruco_opencv/aruco_opencv_msgs) by extension 'ignore_ament_install'
[3.319s] Level 1:colcon.colcon_core.package_identification:_identify(src/ros_aruco_opencv/aruco_opencv_msgs) by extensions ['colcon_pkg']
[3.319s] Level 1:colcon.colcon_core.package_identification:_identify(src/ros_aruco_opencv/aruco_opencv_msgs) by extension 'colcon_pkg'
[3.320s] Level 1:colcon.colcon_core.package_identification:_identify(src/ros_aruco_opencv/aruco_opencv_msgs) by extensions ['colcon_meta']
[3.320s] Level 1:colcon.colcon_core.package_identification:_identify(src/ros_aruco_opencv/aruco_opencv_msgs) by extension 'colcon_meta'
[3.320s] Level 1:colcon.colcon_core.package_identification:_identify(src/ros_aruco_opencv/aruco_opencv_msgs) by extensions ['ros']
[3.320s] Level 1:colcon.colcon_core.package_identification:_identify(src/ros_aruco_opencv/aruco_opencv_msgs) by extension 'ros'
[3.324s] DEBUG:colcon.colcon_core.package_identification:Package 'src/ros_aruco_opencv/aruco_opencv_msgs' with type 'ros.ament_cmake' and name 'aruco_opencv_msgs'
[3.324s] Level 1:colcon.colcon_core.package_discovery:discover_packages(recursive) using defaults
[3.325s] Level 1:colcon.colcon_core.package_discovery:discover_packages(ignore) discover
[3.325s] Level 1:colcon.colcon_core.package_discovery:discover_packages(ignore) using defaults
[3.326s] Level 1:colcon.colcon_core.package_discovery:discover_packages(path) discover
[3.326s] Level 1:colcon.colcon_core.package_discovery:discover_packages(path) using defaults
[3.545s] ERROR:colcon:colcon build: Duplicate package names not supported:
- gscam:
  - gscam
  - src/gscam
