[4.822s] Invoking command in '/home/jetbot/ece417/ws/src/py_pubsub': PYTHONPATH=/home/jetbot/ece417/ws/build/py_pubsub/prefix_override:/home/jetbot/ece417/ws/install/py_pubsub/lib/python3.6/site-packages:${PYTHONPATH} /usr/bin/python3 setup.py egg_info --egg-base ../../build/py_pubsub build --build-base /home/jetbot/ece417/ws/build/py_pubsub/build install --record /home/jetbot/ece417/ws/build/py_pubsub/install.log --single-version-externally-managed
[6.545s] running egg_info
[6.549s] writing ../../build/py_pubsub/py_pubsub.egg-info/PKG-INFO
[6.550s] writing dependency_links to ../../build/py_pubsub/py_pubsub.egg-info/dependency_links.txt
[6.551s] writing entry points to ../../build/py_pubsub/py_pubsub.egg-info/entry_points.txt
[6.552s] writing requirements to ../../build/py_pubsub/py_pubsub.egg-info/requires.txt
[6.552s] writing top-level names to ../../build/py_pubsub/py_pubsub.egg-info/top_level.txt
[6.562s] reading manifest file '../../build/py_pubsub/py_pubsub.egg-info/SOURCES.txt'
[6.569s] writing manifest file '../../build/py_pubsub/py_pubsub.egg-info/SOURCES.txt'
[6.570s] running build
[6.571s] running build_py
[6.574s] running install
[6.575s] /usr/local/lib/python3.6/dist-packages/setuptools/command/install.py:37: SetuptoolsDeprecationWarning: setup.py install is deprecated. Use build and pip and other standards-based tools.
[6.576s]   setuptools.SetuptoolsDeprecationWarning,
[6.577s] running install_lib
[6.583s] running install_data
[6.586s] running install_egg_info
[6.595s] removing '/home/jetbot/ece417/ws/install/py_pubsub/lib/python3.6/site-packages/py_pubsub-0.0.0-py3.6.egg-info' (and everything under it)
[6.596s] Copying ../../build/py_pubsub/py_pubsub.egg-info to /home/jetbot/ece417/ws/install/py_pubsub/lib/python3.6/site-packages/py_pubsub-0.0.0-py3.6.egg-info
[6.601s] running install_scripts
[6.691s] Installing listener script to /home/jetbot/ece417/ws/install/py_pubsub/lib/py_pubsub
[6.692s] Installing talker script to /home/jetbot/ece417/ws/install/py_pubsub/lib/py_pubsub
[6.693s] writing list of installed files to '/home/jetbot/ece417/ws/build/py_pubsub/install.log'
[6.815s] Invoked command in '/home/jetbot/ece417/ws/src/py_pubsub' returned '0': PYTHONPATH=/home/jetbot/ece417/ws/build/py_pubsub/prefix_override:/home/jetbot/ece417/ws/install/py_pubsub/lib/python3.6/site-packages:${PYTHONPATH} /usr/bin/python3 setup.py egg_info --egg-base ../../build/py_pubsub build --build-base /home/jetbot/ece417/ws/build/py_pubsub/build install --record /home/jetbot/ece417/ws/build/py_pubsub/install.log --single-version-externally-managed
