[3.108s] DEBUG:colcon:Command line arguments: ['/usr/bin/colcon', 'build', '--packages-select', 'py_pubsub']
[3.108s] DEBUG:colcon:Parsed command line arguments: Namespace(ament_cmake_args=None, base_paths=['.'], build_base='build', catkin_cmake_args=None, catkin_skip_building_tests=False, cmake_args=None, cmake_clean_cache=False, cmake_clean_first=False, cmake_force_configure=False, cmake_target=None, cmake_target_skip_unavailable=False, continue_on_error=False, event_handlers=None, executor='parallel', ignore_user_meta=False, install_base='install', log_base=None, log_level=None, main=<bound method BuildVerb.main of <colcon_core.verb.build.BuildVerb object at 0x7f897aa128>>, merge_install=False, metas=['./colcon.meta'], packages_above=None, packages_above_and_dependencies=None, packages_above_depth=None, packages_end=None, packages_ignore=None, packages_ignore_regex=None, packages_select=['py_pubsub'], packages_select_build_failed=False, packages_select_by_dep=None, packages_select_regex=None, packages_select_test_failures=False, packages_skip=None, packages_skip_build_finished=False, packages_skip_by_dep=None, packages_skip_regex=None, packages_skip_test_passed=False, packages_skip_up_to=None, packages_start=None, packages_up_to=None, packages_up_to_regex=None, parallel_workers=4, paths=None, symlink_install=False, test_result_base=None, verb_extension=<colcon_core.verb.build.BuildVerb object at 0x7f897aa128>, verb_name='build', verb_parser=<colcon_defaults.argument_parser.defaults.DefaultArgumentsDecorator object at 0x7f897110f0>)
[3.363s] Level 1:colcon.colcon_core.package_discovery:discover_packages(colcon_meta) check parameters
[3.363s] Level 1:colcon.colcon_core.package_discovery:discover_packages(recursive) check parameters
[3.363s] Level 1:colcon.colcon_core.package_discovery:discover_packages(ignore) check parameters
[3.364s] Level 1:colcon.colcon_core.package_discovery:discover_packages(path) check parameters
[3.364s] Level 1:colcon.colcon_core.package_discovery:discover_packages(colcon_meta) discover
[3.365s] Level 1:colcon.colcon_core.package_discovery:discover_packages(recursive) discover
[3.365s] INFO:colcon.colcon_core.package_discovery:Crawling recursively for packages in '/home/jetbot/ece417/ws'
[3.366s] Level 1:colcon.colcon_core.package_identification:_identify(.) by extensions ['ignore', 'ignore_ament_install']
[3.366s] Level 1:colcon.colcon_core.package_identification:_identify(.) by extension 'ignore'
[3.367s] Level 1:colcon.colcon_core.package_identification:_identify(.) by extension 'ignore_ament_install'
[3.367s] Level 1:colcon.colcon_core.package_identification:_identify(.) by extensions ['colcon_pkg']
[3.367s] Level 1:colcon.colcon_core.package_identification:_identify(.) by extension 'colcon_pkg'
[3.367s] Level 1:colcon.colcon_core.package_identification:_identify(.) by extensions ['colcon_meta']
[3.368s] Level 1:colcon.colcon_core.package_identification:_identify(.) by extension 'colcon_meta'
[3.368s] Level 1:colcon.colcon_core.package_identification:_identify(.) by extensions ['ros']
[3.368s] Level 1:colcon.colcon_core.package_identification:_identify(.) by extension 'ros'
[3.538s] Level 1:colcon.colcon_core.package_identification:_identify(.) by extensions ['cmake', 'python']
[3.539s] Level 1:colcon.colcon_core.package_identification:_identify(.) by extension 'cmake'
[3.539s] Level 1:colcon.colcon_core.package_identification:_identify(.) by extension 'python'
[3.539s] Level 1:colcon.colcon_core.package_identification:_identify(.) by extensions ['python_setup_py']
[3.539s] Level 1:colcon.colcon_core.package_identification:_identify(.) by extension 'python_setup_py'
[3.540s] Level 1:colcon.colcon_core.package_identification:_identify(build) by extensions ['ignore', 'ignore_ament_install']
[3.541s] Level 1:colcon.colcon_core.package_identification:_identify(build) by extension 'ignore'
[3.541s] Level 1:colcon.colcon_core.package_identification:_identify(build) ignored
[3.543s] Level 1:colcon.colcon_core.package_identification:_identify(install) by extensions ['ignore', 'ignore_ament_install']
[3.543s] Level 1:colcon.colcon_core.package_identification:_identify(install) by extension 'ignore'
[3.543s] Level 1:colcon.colcon_core.package_identification:_identify(install) ignored
[3.544s] Level 1:colcon.colcon_core.package_identification:_identify(log) by extensions ['ignore', 'ignore_ament_install']
[3.544s] Level 1:colcon.colcon_core.package_identification:_identify(log) by extension 'ignore'
[3.544s] Level 1:colcon.colcon_core.package_identification:_identify(log) ignored
[3.545s] Level 1:colcon.colcon_core.package_identification:_identify(src) by extensions ['ignore', 'ignore_ament_install']
[3.545s] Level 1:colcon.colcon_core.package_identification:_identify(src) by extension 'ignore'
[3.546s] Level 1:colcon.colcon_core.package_identification:_identify(src) by extension 'ignore_ament_install'
[3.546s] Level 1:colcon.colcon_core.package_identification:_identify(src) by extensions ['colcon_pkg']
[3.546s] Level 1:colcon.colcon_core.package_identification:_identify(src) by extension 'colcon_pkg'
[3.546s] Level 1:colcon.colcon_core.package_identification:_identify(src) by extensions ['colcon_meta']
[3.547s] Level 1:colcon.colcon_core.package_identification:_identify(src) by extension 'colcon_meta'
[3.547s] Level 1:colcon.colcon_core.package_identification:_identify(src) by extensions ['ros']
[3.547s] Level 1:colcon.colcon_core.package_identification:_identify(src) by extension 'ros'
[3.548s] Level 1:colcon.colcon_core.package_identification:_identify(src) by extensions ['cmake', 'python']
[3.548s] Level 1:colcon.colcon_core.package_identification:_identify(src) by extension 'cmake'
[3.548s] Level 1:colcon.colcon_core.package_identification:_identify(src) by extension 'python'
[3.548s] Level 1:colcon.colcon_core.package_identification:_identify(src) by extensions ['python_setup_py']
[3.548s] Level 1:colcon.colcon_core.package_identification:_identify(src) by extension 'python_setup_py'
[3.549s] Level 1:colcon.colcon_core.package_identification:_identify(src/jetbot_ros) by extensions ['ignore', 'ignore_ament_install']
[3.549s] Level 1:colcon.colcon_core.package_identification:_identify(src/jetbot_ros) by extension 'ignore'
[3.550s] Level 1:colcon.colcon_core.package_identification:_identify(src/jetbot_ros) by extension 'ignore_ament_install'
[3.550s] Level 1:colcon.colcon_core.package_identification:_identify(src/jetbot_ros) by extensions ['colcon_pkg']
[3.550s] Level 1:colcon.colcon_core.package_identification:_identify(src/jetbot_ros) by extension 'colcon_pkg'
[3.551s] Level 1:colcon.colcon_core.package_identification:_identify(src/jetbot_ros) by extensions ['colcon_meta']
[3.551s] Level 1:colcon.colcon_core.package_identification:_identify(src/jetbot_ros) by extension 'colcon_meta'
[3.551s] Level 1:colcon.colcon_core.package_identification:_identify(src/jetbot_ros) by extensions ['ros']
[3.551s] Level 1:colcon.colcon_core.package_identification:_identify(src/jetbot_ros) by extension 'ros'
[3.563s] DEBUG:colcon.colcon_core.package_identification:Package 'src/jetbot_ros' with type 'ros.ament_python' and name 'jetbot_ros'
[3.563s] Level 1:colcon.colcon_core.package_identification:_identify(src/py_pubsub) by extensions ['ignore', 'ignore_ament_install']
[3.564s] Level 1:colcon.colcon_core.package_identification:_identify(src/py_pubsub) by extension 'ignore'
[3.564s] Level 1:colcon.colcon_core.package_identification:_identify(src/py_pubsub) by extension 'ignore_ament_install'
[3.565s] Level 1:colcon.colcon_core.package_identification:_identify(src/py_pubsub) by extensions ['colcon_pkg']
[3.565s] Level 1:colcon.colcon_core.package_identification:_identify(src/py_pubsub) by extension 'colcon_pkg'
[3.565s] Level 1:colcon.colcon_core.package_identification:_identify(src/py_pubsub) by extensions ['colcon_meta']
[3.565s] Level 1:colcon.colcon_core.package_identification:_identify(src/py_pubsub) by extension 'colcon_meta'
[3.565s] Level 1:colcon.colcon_core.package_identification:_identify(src/py_pubsub) by extensions ['ros']
[3.566s] Level 1:colcon.colcon_core.package_identification:_identify(src/py_pubsub) by extension 'ros'
[3.568s] DEBUG:colcon.colcon_core.package_identification:Package 'src/py_pubsub' with type 'ros.ament_python' and name 'py_pubsub'
[3.569s] Level 1:colcon.colcon_core.package_discovery:discover_packages(recursive) using defaults
[3.570s] Level 1:colcon.colcon_core.package_discovery:discover_packages(ignore) discover
[3.570s] Level 1:colcon.colcon_core.package_discovery:discover_packages(ignore) using defaults
[3.570s] Level 1:colcon.colcon_core.package_discovery:discover_packages(path) discover
[3.570s] Level 1:colcon.colcon_core.package_discovery:discover_packages(path) using defaults
[3.786s] INFO:colcon.colcon_core.package_selection:Skipping not selected package 'jetbot_ros' in 'src/jetbot_ros'
[3.804s] Level 5:colcon.colcon_core.verb:set package 'py_pubsub' build argument 'cmake_args' from command line to 'None'
[3.805s] Level 5:colcon.colcon_core.verb:set package 'py_pubsub' build argument 'cmake_target' from command line to 'None'
[3.805s] Level 5:colcon.colcon_core.verb:set package 'py_pubsub' build argument 'cmake_target_skip_unavailable' from command line to 'False'
[3.805s] Level 5:colcon.colcon_core.verb:set package 'py_pubsub' build argument 'cmake_clean_cache' from command line to 'False'
[3.805s] Level 5:colcon.colcon_core.verb:set package 'py_pubsub' build argument 'cmake_clean_first' from command line to 'False'
[3.805s] Level 5:colcon.colcon_core.verb:set package 'py_pubsub' build argument 'cmake_force_configure' from command line to 'False'
[3.806s] Level 5:colcon.colcon_core.verb:set package 'py_pubsub' build argument 'ament_cmake_args' from command line to 'None'
[3.806s] Level 5:colcon.colcon_core.verb:set package 'py_pubsub' build argument 'catkin_cmake_args' from command line to 'None'
[3.806s] Level 5:colcon.colcon_core.verb:set package 'py_pubsub' build argument 'catkin_skip_building_tests' from command line to 'False'
[3.806s] DEBUG:colcon.colcon_core.verb:Building package 'py_pubsub' with the following arguments: {'ament_cmake_args': None, 'build_base': '/home/jetbot/ece417/ws/build/py_pubsub', 'catkin_cmake_args': None, 'catkin_skip_building_tests': False, 'cmake_args': None, 'cmake_clean_cache': False, 'cmake_clean_first': False, 'cmake_force_configure': False, 'cmake_target': None, 'cmake_target_skip_unavailable': False, 'install_base': '/home/jetbot/ece417/ws/install/py_pubsub', 'merge_install': False, 'path': '/home/jetbot/ece417/ws/src/py_pubsub', 'symlink_install': False, 'test_result_base': None}
[3.821s] INFO:colcon.colcon_core.executor:Executing jobs using 'parallel' executor
[3.904s] DEBUG:colcon.colcon_parallel_executor.executor.parallel:run_until_complete
[3.905s] INFO:colcon.colcon_ros.task.ament_python.build:Building ROS package in '/home/jetbot/ece417/ws/src/py_pubsub' with build type 'ament_python'
[3.906s] Level 1:colcon.colcon_core.shell:create_environment_hook('py_pubsub', 'ament_prefix_path')
[3.969s] INFO:colcon.colcon_core.plugin_system:Skipping extension 'colcon_core.shell.bat': Not used on non-Windows systems
[3.971s] INFO:colcon.colcon_core.shell:Creating environment hook '/home/jetbot/ece417/ws/install/py_pubsub/share/py_pubsub/hook/ament_prefix_path.ps1'
[3.975s] INFO:colcon.colcon_core.shell:Creating environment descriptor '/home/jetbot/ece417/ws/install/py_pubsub/share/py_pubsub/hook/ament_prefix_path.dsv'
[3.980s] INFO:colcon.colcon_core.shell:Creating environment hook '/home/jetbot/ece417/ws/install/py_pubsub/share/py_pubsub/hook/ament_prefix_path.sh'
[4.022s] INFO:colcon.colcon_core.shell:Skip shell extension 'powershell' for command environment: Not usable outside of PowerShell
[4.023s] DEBUG:colcon.colcon_core.shell:Skip shell extension 'dsv' for command environment
[5.804s] INFO:colcon.colcon_core.task.python.build:Building Python package in '/home/jetbot/ece417/ws/src/py_pubsub'
[5.851s] INFO:colcon.colcon_core.shell:Skip shell extension 'powershell' for command environment: Not usable outside of PowerShell
[5.851s] DEBUG:colcon.colcon_core.shell:Skip shell extension 'dsv' for command environment
[8.739s] DEBUG:colcon.colcon_core.event_handler.log_command:Invoking command in '/home/jetbot/ece417/ws/src/py_pubsub': PYTHONPATH=/home/jetbot/ece417/ws/build/py_pubsub/prefix_override:/home/jetbot/ece417/ws/install/py_pubsub/lib/python3.6/site-packages:${PYTHONPATH} /usr/bin/python3 setup.py egg_info --egg-base ../../build/py_pubsub build --build-base /home/jetbot/ece417/ws/build/py_pubsub/build install --record /home/jetbot/ece417/ws/build/py_pubsub/install.log --single-version-externally-managed
[10.731s] DEBUG:colcon.colcon_core.event_handler.log_command:Invoked command in '/home/jetbot/ece417/ws/src/py_pubsub' returned '0': PYTHONPATH=/home/jetbot/ece417/ws/build/py_pubsub/prefix_override:/home/jetbot/ece417/ws/install/py_pubsub/lib/python3.6/site-packages:${PYTHONPATH} /usr/bin/python3 setup.py egg_info --egg-base ../../build/py_pubsub build --build-base /home/jetbot/ece417/ws/build/py_pubsub/build install --record /home/jetbot/ece417/ws/build/py_pubsub/install.log --single-version-externally-managed
[10.828s] Level 1:colcon.colcon_core.environment:checking '/home/jetbot/ece417/ws/install/py_pubsub' for CMake module files
[10.832s] Level 1:colcon.colcon_core.environment:checking '/home/jetbot/ece417/ws/install/py_pubsub' for CMake config files
[10.837s] Level 1:colcon.colcon_core.environment:checking '/home/jetbot/ece417/ws/install/py_pubsub/lib'
[10.838s] Level 1:colcon.colcon_core.environment:checking '/home/jetbot/ece417/ws/install/py_pubsub/bin'
[10.838s] Level 1:colcon.colcon_core.environment:checking '/home/jetbot/ece417/ws/install/py_pubsub/lib/pkgconfig/py_pubsub.pc'
[10.839s] Level 1:colcon.colcon_core.environment:checking '/home/jetbot/ece417/ws/install/py_pubsub/lib/python3.6/site-packages'
[10.839s] Level 1:colcon.colcon_core.shell:create_environment_hook('py_pubsub', 'pythonpath')
[10.879s] INFO:colcon.colcon_core.shell:Creating environment hook '/home/jetbot/ece417/ws/install/py_pubsub/share/py_pubsub/hook/pythonpath.ps1'
[10.881s] INFO:colcon.colcon_core.shell:Creating environment descriptor '/home/jetbot/ece417/ws/install/py_pubsub/share/py_pubsub/hook/pythonpath.dsv'
[10.883s] INFO:colcon.colcon_core.shell:Creating environment hook '/home/jetbot/ece417/ws/install/py_pubsub/share/py_pubsub/hook/pythonpath.sh'
[10.886s] Level 1:colcon.colcon_core.environment:checking '/home/jetbot/ece417/ws/install/py_pubsub/bin'
[10.887s] Level 1:colcon.colcon_core.environment:create_environment_scripts_only(py_pubsub)
[10.926s] INFO:colcon.colcon_core.shell:Creating package script '/home/jetbot/ece417/ws/install/py_pubsub/share/py_pubsub/package.ps1'
[10.932s] INFO:colcon.colcon_core.shell:Creating package descriptor '/home/jetbot/ece417/ws/install/py_pubsub/share/py_pubsub/package.dsv'
[10.936s] INFO:colcon.colcon_core.shell:Creating package script '/home/jetbot/ece417/ws/install/py_pubsub/share/py_pubsub/package.sh'
[10.942s] INFO:colcon.colcon_core.shell:Creating package script '/home/jetbot/ece417/ws/install/py_pubsub/share/py_pubsub/package.bash'
[10.948s] INFO:colcon.colcon_core.shell:Creating package script '/home/jetbot/ece417/ws/install/py_pubsub/share/py_pubsub/package.zsh'
[10.953s] Level 1:colcon.colcon_core.environment:create_file_with_runtime_dependencies(/home/jetbot/ece417/ws/install/py_pubsub/share/colcon-core/packages/py_pubsub)
[10.956s] DEBUG:colcon.colcon_parallel_executor.executor.parallel:closing loop
[10.958s] DEBUG:colcon.colcon_parallel_executor.executor.parallel:loop closed
[10.959s] DEBUG:colcon.colcon_parallel_executor.executor.parallel:run_until_complete finished with '0'
[10.959s] DEBUG:colcon.colcon_core.event_reactor:joining thread
[11.023s] INFO:colcon.colcon_core.plugin_system:Skipping extension 'colcon_notification.desktop_notification.notify_send': Could not find 'notify-send'
[11.023s] INFO:colcon.colcon_core.plugin_system:Skipping extension 'colcon_notification.desktop_notification.terminal_notifier': Not used on non-Darwin systems
[11.024s] INFO:colcon.colcon_core.plugin_system:Skipping extension 'colcon_notification.desktop_notification.win32': Not used on non-Windows systems
[11.024s] INFO:colcon.colcon_notification.desktop_notification:Sending desktop notification using 'notify2'
[11.024s] DEBUG:colcon.colcon_notification.desktop_notification.notify2:Failed to initialize notify2: org.freedesktop.DBus.Error.NotSupported: Unable to autolaunch a dbus-daemon without a $DISPLAY for X11
[11.025s] DEBUG:colcon.colcon_core.event_reactor:joined thread
[11.070s] INFO:colcon.colcon_core.shell:Creating prefix script '/home/jetbot/ece417/ws/install/local_setup.ps1'
[11.077s] INFO:colcon.colcon_core.shell:Creating prefix util module '/home/jetbot/ece417/ws/install/_local_setup_util_ps1.py'
[11.088s] INFO:colcon.colcon_core.shell:Creating prefix chain script '/home/jetbot/ece417/ws/install/setup.ps1'
[11.104s] INFO:colcon.colcon_core.shell:Creating prefix script '/home/jetbot/ece417/ws/install/local_setup.sh'
[11.108s] INFO:colcon.colcon_core.shell:Creating prefix util module '/home/jetbot/ece417/ws/install/_local_setup_util_sh.py'
[11.110s] INFO:colcon.colcon_core.shell:Creating prefix chain script '/home/jetbot/ece417/ws/install/setup.sh'
[11.137s] INFO:colcon.colcon_core.shell:Creating prefix script '/home/jetbot/ece417/ws/install/local_setup.bash'
[11.142s] INFO:colcon.colcon_core.shell:Creating prefix chain script '/home/jetbot/ece417/ws/install/setup.bash'
[11.157s] INFO:colcon.colcon_core.shell:Creating prefix script '/home/jetbot/ece417/ws/install/local_setup.zsh'
[11.161s] INFO:colcon.colcon_core.shell:Creating prefix chain script '/home/jetbot/ece417/ws/install/setup.zsh'
