[2.876s] DEBUG:colcon:Command line arguments: ['/usr/bin/colcon', 'build', '--symlink-install']
[2.877s] DEBUG:colcon:Parsed command line arguments: Namespace(ament_cmake_args=None, base_paths=['.'], build_base='build', catkin_cmake_args=None, catkin_skip_building_tests=False, cmake_args=None, cmake_clean_cache=False, cmake_clean_first=False, cmake_force_configure=False, cmake_target=None, cmake_target_skip_unavailable=False, continue_on_error=False, event_handlers=None, executor='parallel', ignore_user_meta=False, install_base='install', log_base=None, log_level=None, main=<bound method BuildVerb.main of <colcon_core.verb.build.BuildVerb object at 0x7fa41f1dd8>>, merge_install=False, metas=['./colcon.meta'], packages_above=None, packages_above_and_dependencies=None, packages_above_depth=None, packages_end=None, packages_ignore=None, packages_ignore_regex=None, packages_select=None, packages_select_build_failed=False, packages_select_by_dep=None, packages_select_regex=None, packages_select_test_failures=False, packages_skip=None, packages_skip_build_finished=False, packages_skip_by_dep=None, packages_skip_regex=None, packages_skip_test_passed=False, packages_skip_up_to=None, packages_start=None, packages_up_to=None, packages_up_to_regex=None, parallel_workers=4, paths=None, symlink_install=True, test_result_base=None, verb_extension=<colcon_core.verb.build.BuildVerb object at 0x7fa41f1dd8>, verb_name='build', verb_parser=<colcon_defaults.argument_parser.defaults.DefaultArgumentsDecorator object at 0x7fa40cb438>)
[3.067s] Level 1:colcon.colcon_core.package_discovery:discover_packages(colcon_meta) check parameters
[3.068s] Level 1:colcon.colcon_core.package_discovery:discover_packages(recursive) check parameters
[3.068s] Level 1:colcon.colcon_core.package_discovery:discover_packages(ignore) check parameters
[3.068s] Level 1:colcon.colcon_core.package_discovery:discover_packages(path) check parameters
[3.069s] Level 1:colcon.colcon_core.package_discovery:discover_packages(colcon_meta) discover
[3.070s] Level 1:colcon.colcon_core.package_discovery:discover_packages(recursive) discover
[3.070s] INFO:colcon.colcon_core.package_discovery:Crawling recursively for packages in '/home/jetbot/ece417/ws'
[3.071s] Level 1:colcon.colcon_core.package_identification:_identify(.) by extensions ['ignore', 'ignore_ament_install']
[3.071s] Level 1:colcon.colcon_core.package_identification:_identify(.) by extension 'ignore'
[3.071s] Level 1:colcon.colcon_core.package_identification:_identify(.) by extension 'ignore_ament_install'
[3.072s] Level 1:colcon.colcon_core.package_identification:_identify(.) by extensions ['colcon_pkg']
[3.072s] Level 1:colcon.colcon_core.package_identification:_identify(.) by extension 'colcon_pkg'
[3.072s] Level 1:colcon.colcon_core.package_identification:_identify(.) by extensions ['colcon_meta']
[3.072s] Level 1:colcon.colcon_core.package_identification:_identify(.) by extension 'colcon_meta'
[3.073s] Level 1:colcon.colcon_core.package_identification:_identify(.) by extensions ['ros']
[3.073s] Level 1:colcon.colcon_core.package_identification:_identify(.) by extension 'ros'
[3.245s] Level 1:colcon.colcon_core.package_identification:_identify(.) by extensions ['cmake', 'python']
[3.245s] Level 1:colcon.colcon_core.package_identification:_identify(.) by extension 'cmake'
[3.245s] Level 1:colcon.colcon_core.package_identification:_identify(.) by extension 'python'
[3.246s] Level 1:colcon.colcon_core.package_identification:_identify(.) by extensions ['python_setup_py']
[3.246s] Level 1:colcon.colcon_core.package_identification:_identify(.) by extension 'python_setup_py'
[3.246s] Level 1:colcon.colcon_core.package_identification:_identify(build) by extensions ['ignore', 'ignore_ament_install']
[3.247s] Level 1:colcon.colcon_core.package_identification:_identify(build) by extension 'ignore'
[3.247s] Level 1:colcon.colcon_core.package_identification:_identify(build) ignored
[3.249s] Level 1:colcon.colcon_core.package_identification:_identify(install) by extensions ['ignore', 'ignore_ament_install']
[3.249s] Level 1:colcon.colcon_core.package_identification:_identify(install) by extension 'ignore'
[3.250s] Level 1:colcon.colcon_core.package_identification:_identify(install) ignored
[3.250s] Level 1:colcon.colcon_core.package_identification:_identify(log) by extensions ['ignore', 'ignore_ament_install']
[3.251s] Level 1:colcon.colcon_core.package_identification:_identify(log) by extension 'ignore'
[3.251s] Level 1:colcon.colcon_core.package_identification:_identify(log) ignored
[3.251s] Level 1:colcon.colcon_core.package_identification:_identify(src) by extensions ['ignore', 'ignore_ament_install']
[3.252s] Level 1:colcon.colcon_core.package_identification:_identify(src) by extension 'ignore'
[3.252s] Level 1:colcon.colcon_core.package_identification:_identify(src) by extension 'ignore_ament_install'
[3.252s] Level 1:colcon.colcon_core.package_identification:_identify(src) by extensions ['colcon_pkg']
[3.252s] Level 1:colcon.colcon_core.package_identification:_identify(src) by extension 'colcon_pkg'
[3.253s] Level 1:colcon.colcon_core.package_identification:_identify(src) by extensions ['colcon_meta']
[3.253s] Level 1:colcon.colcon_core.package_identification:_identify(src) by extension 'colcon_meta'
[3.253s] Level 1:colcon.colcon_core.package_identification:_identify(src) by extensions ['ros']
[3.253s] Level 1:colcon.colcon_core.package_identification:_identify(src) by extension 'ros'
[3.254s] Level 1:colcon.colcon_core.package_identification:_identify(src) by extensions ['cmake', 'python']
[3.254s] Level 1:colcon.colcon_core.package_identification:_identify(src) by extension 'cmake'
[3.254s] Level 1:colcon.colcon_core.package_identification:_identify(src) by extension 'python'
[3.254s] Level 1:colcon.colcon_core.package_identification:_identify(src) by extensions ['python_setup_py']
[3.255s] Level 1:colcon.colcon_core.package_identification:_identify(src) by extension 'python_setup_py'
[3.255s] Level 1:colcon.colcon_core.package_identification:_identify(src/gscam) by extensions ['ignore', 'ignore_ament_install']
[3.256s] Level 1:colcon.colcon_core.package_identification:_identify(src/gscam) by extension 'ignore'
[3.256s] Level 1:colcon.colcon_core.package_identification:_identify(src/gscam) by extension 'ignore_ament_install'
[3.256s] Level 1:colcon.colcon_core.package_identification:_identify(src/gscam) by extensions ['colcon_pkg']
[3.256s] Level 1:colcon.colcon_core.package_identification:_identify(src/gscam) by extension 'colcon_pkg'
[3.257s] Level 1:colcon.colcon_core.package_identification:_identify(src/gscam) by extensions ['colcon_meta']
[3.257s] Level 1:colcon.colcon_core.package_identification:_identify(src/gscam) by extension 'colcon_meta'
[3.257s] Level 1:colcon.colcon_core.package_identification:_identify(src/gscam) by extensions ['ros']
[3.257s] Level 1:colcon.colcon_core.package_identification:_identify(src/gscam) by extension 'ros'
[3.275s] DEBUG:colcon.colcon_core.package_identification:Package 'src/gscam' with type 'ros.ament_cmake' and name 'gscam'
[3.276s] Level 1:colcon.colcon_core.package_identification:_identify(src/jetbot_ros) by extensions ['ignore', 'ignore_ament_install']
[3.276s] Level 1:colcon.colcon_core.package_identification:_identify(src/jetbot_ros) by extension 'ignore'
[3.277s] Level 1:colcon.colcon_core.package_identification:_identify(src/jetbot_ros) by extension 'ignore_ament_install'
[3.277s] Level 1:colcon.colcon_core.package_identification:_identify(src/jetbot_ros) by extensions ['colcon_pkg']
[3.277s] Level 1:colcon.colcon_core.package_identification:_identify(src/jetbot_ros) by extension 'colcon_pkg'
[3.278s] Level 1:colcon.colcon_core.package_identification:_identify(src/jetbot_ros) by extensions ['colcon_meta']
[3.278s] Level 1:colcon.colcon_core.package_identification:_identify(src/jetbot_ros) by extension 'colcon_meta'
[3.278s] Level 1:colcon.colcon_core.package_identification:_identify(src/jetbot_ros) by extensions ['ros']
[3.278s] Level 1:colcon.colcon_core.package_identification:_identify(src/jetbot_ros) by extension 'ros'
[3.281s] DEBUG:colcon.colcon_core.package_identification:Package 'src/jetbot_ros' with type 'ros.ament_python' and name 'jetbot_ros'
[3.281s] Level 1:colcon.colcon_core.package_identification:_identify(src/py_pubsub) by extensions ['ignore', 'ignore_ament_install']
[3.282s] Level 1:colcon.colcon_core.package_identification:_identify(src/py_pubsub) by extension 'ignore'
[3.282s] Level 1:colcon.colcon_core.package_identification:_identify(src/py_pubsub) by extension 'ignore_ament_install'
[3.282s] Level 1:colcon.colcon_core.package_identification:_identify(src/py_pubsub) by extensions ['colcon_pkg']
[3.282s] Level 1:colcon.colcon_core.package_identification:_identify(src/py_pubsub) by extension 'colcon_pkg'
[3.283s] Level 1:colcon.colcon_core.package_identification:_identify(src/py_pubsub) by extensions ['colcon_meta']
[3.283s] Level 1:colcon.colcon_core.package_identification:_identify(src/py_pubsub) by extension 'colcon_meta'
[3.283s] Level 1:colcon.colcon_core.package_identification:_identify(src/py_pubsub) by extensions ['ros']
[3.283s] Level 1:colcon.colcon_core.package_identification:_identify(src/py_pubsub) by extension 'ros'
[3.286s] DEBUG:colcon.colcon_core.package_identification:Package 'src/py_pubsub' with type 'ros.ament_python' and name 'py_pubsub'
[3.286s] Level 1:colcon.colcon_core.package_identification:_identify(src/ros_aruco_opencv) by extensions ['ignore', 'ignore_ament_install']
[3.287s] Level 1:colcon.colcon_core.package_identification:_identify(src/ros_aruco_opencv) by extension 'ignore'
[3.287s] Level 1:colcon.colcon_core.package_identification:_identify(src/ros_aruco_opencv) by extension 'ignore_ament_install'
[3.287s] Level 1:colcon.colcon_core.package_identification:_identify(src/ros_aruco_opencv) by extensions ['colcon_pkg']
[3.287s] Level 1:colcon.colcon_core.package_identification:_identify(src/ros_aruco_opencv) by extension 'colcon_pkg'
[3.288s] Level 1:colcon.colcon_core.package_identification:_identify(src/ros_aruco_opencv) by extensions ['colcon_meta']
[3.288s] Level 1:colcon.colcon_core.package_identification:_identify(src/ros_aruco_opencv) by extension 'colcon_meta'
[3.288s] Level 1:colcon.colcon_core.package_identification:_identify(src/ros_aruco_opencv) by extensions ['ros']
[3.288s] Level 1:colcon.colcon_core.package_identification:_identify(src/ros_aruco_opencv) by extension 'ros'
[3.289s] Level 1:colcon.colcon_core.package_identification:_identify(src/ros_aruco_opencv) by extensions ['cmake', 'python']
[3.289s] Level 1:colcon.colcon_core.package_identification:_identify(src/ros_aruco_opencv) by extension 'cmake'
[3.289s] Level 1:colcon.colcon_core.package_identification:_identify(src/ros_aruco_opencv) by extension 'python'
[3.289s] Level 1:colcon.colcon_core.package_identification:_identify(src/ros_aruco_opencv) by extensions ['python_setup_py']
[3.290s] Level 1:colcon.colcon_core.package_identification:_identify(src/ros_aruco_opencv) by extension 'python_setup_py'
[3.290s] Level 1:colcon.colcon_core.package_identification:_identify(src/ros_aruco_opencv/aruco_opencv) by extensions ['ignore', 'ignore_ament_install']
[3.291s] Level 1:colcon.colcon_core.package_identification:_identify(src/ros_aruco_opencv/aruco_opencv) by extension 'ignore'
[3.291s] Level 1:colcon.colcon_core.package_identification:_identify(src/ros_aruco_opencv/aruco_opencv) by extension 'ignore_ament_install'
[3.291s] Level 1:colcon.colcon_core.package_identification:_identify(src/ros_aruco_opencv/aruco_opencv) by extensions ['colcon_pkg']
[3.291s] Level 1:colcon.colcon_core.package_identification:_identify(src/ros_aruco_opencv/aruco_opencv) by extension 'colcon_pkg'
[3.292s] Level 1:colcon.colcon_core.package_identification:_identify(src/ros_aruco_opencv/aruco_opencv) by extensions ['colcon_meta']
[3.292s] Level 1:colcon.colcon_core.package_identification:_identify(src/ros_aruco_opencv/aruco_opencv) by extension 'colcon_meta'
[3.292s] Level 1:colcon.colcon_core.package_identification:_identify(src/ros_aruco_opencv/aruco_opencv) by extensions ['ros']
[3.292s] Level 1:colcon.colcon_core.package_identification:_identify(src/ros_aruco_opencv/aruco_opencv) by extension 'ros'
[3.297s] DEBUG:colcon.colcon_core.package_identification:Package 'src/ros_aruco_opencv/aruco_opencv' with type 'ros.ament_cmake' and name 'aruco_opencv'
[3.298s] Level 1:colcon.colcon_core.package_identification:_identify(src/ros_aruco_opencv/aruco_opencv_msgs) by extensions ['ignore', 'ignore_ament_install']
[3.298s] Level 1:colcon.colcon_core.package_identification:_identify(src/ros_aruco_opencv/aruco_opencv_msgs) by extension 'ignore'
[3.299s] Level 1:colcon.colcon_core.package_identification:_identify(src/ros_aruco_opencv/aruco_opencv_msgs) by extension 'ignore_ament_install'
[3.299s] Level 1:colcon.colcon_core.package_identification:_identify(src/ros_aruco_opencv/aruco_opencv_msgs) by extensions ['colcon_pkg']
[3.299s] Level 1:colcon.colcon_core.package_identification:_identify(src/ros_aruco_opencv/aruco_opencv_msgs) by extension 'colcon_pkg'
[3.299s] Level 1:colcon.colcon_core.package_identification:_identify(src/ros_aruco_opencv/aruco_opencv_msgs) by extensions ['colcon_meta']
[3.299s] Level 1:colcon.colcon_core.package_identification:_identify(src/ros_aruco_opencv/aruco_opencv_msgs) by extension 'colcon_meta'
[3.300s] Level 1:colcon.colcon_core.package_identification:_identify(src/ros_aruco_opencv/aruco_opencv_msgs) by extensions ['ros']
[3.300s] Level 1:colcon.colcon_core.package_identification:_identify(src/ros_aruco_opencv/aruco_opencv_msgs) by extension 'ros'
[3.304s] DEBUG:colcon.colcon_core.package_identification:Package 'src/ros_aruco_opencv/aruco_opencv_msgs' with type 'ros.ament_cmake' and name 'aruco_opencv_msgs'
[3.304s] Level 1:colcon.colcon_core.package_discovery:discover_packages(recursive) using defaults
[3.305s] Level 1:colcon.colcon_core.package_discovery:discover_packages(ignore) discover
[3.305s] Level 1:colcon.colcon_core.package_discovery:discover_packages(ignore) using defaults
[3.305s] Level 1:colcon.colcon_core.package_discovery:discover_packages(path) discover
[3.306s] Level 1:colcon.colcon_core.package_discovery:discover_packages(path) using defaults
[3.523s] Level 5:colcon.colcon_core.verb:set package 'aruco_opencv_msgs' build argument 'cmake_args' from command line to 'None'
[3.523s] Level 5:colcon.colcon_core.verb:set package 'aruco_opencv_msgs' build argument 'cmake_target' from command line to 'None'
[3.523s] Level 5:colcon.colcon_core.verb:set package 'aruco_opencv_msgs' build argument 'cmake_target_skip_unavailable' from command line to 'False'
[3.523s] Level 5:colcon.colcon_core.verb:set package 'aruco_opencv_msgs' build argument 'cmake_clean_cache' from command line to 'False'
[3.524s] Level 5:colcon.colcon_core.verb:set package 'aruco_opencv_msgs' build argument 'cmake_clean_first' from command line to 'False'
[3.524s] Level 5:colcon.colcon_core.verb:set package 'aruco_opencv_msgs' build argument 'cmake_force_configure' from command line to 'False'
[3.524s] Level 5:colcon.colcon_core.verb:set package 'aruco_opencv_msgs' build argument 'ament_cmake_args' from command line to 'None'
[3.524s] Level 5:colcon.colcon_core.verb:set package 'aruco_opencv_msgs' build argument 'catkin_cmake_args' from command line to 'None'
[3.524s] Level 5:colcon.colcon_core.verb:set package 'aruco_opencv_msgs' build argument 'catkin_skip_building_tests' from command line to 'False'
[3.524s] DEBUG:colcon.colcon_core.verb:Building package 'aruco_opencv_msgs' with the following arguments: {'ament_cmake_args': None, 'build_base': '/home/jetbot/ece417/ws/build/aruco_opencv_msgs', 'catkin_cmake_args': None, 'catkin_skip_building_tests': False, 'cmake_args': None, 'cmake_clean_cache': False, 'cmake_clean_first': False, 'cmake_force_configure': False, 'cmake_target': None, 'cmake_target_skip_unavailable': False, 'install_base': '/home/jetbot/ece417/ws/install/aruco_opencv_msgs', 'merge_install': False, 'path': '/home/jetbot/ece417/ws/src/ros_aruco_opencv/aruco_opencv_msgs', 'symlink_install': True, 'test_result_base': None}
[3.542s] Level 5:colcon.colcon_core.verb:set package 'gscam' build argument 'cmake_args' from command line to 'None'
[3.542s] Level 5:colcon.colcon_core.verb:set package 'gscam' build argument 'cmake_target' from command line to 'None'
[3.543s] Level 5:colcon.colcon_core.verb:set package 'gscam' build argument 'cmake_target_skip_unavailable' from command line to 'False'
[3.543s] Level 5:colcon.colcon_core.verb:set package 'gscam' build argument 'cmake_clean_cache' from command line to 'False'
[3.543s] Level 5:colcon.colcon_core.verb:set package 'gscam' build argument 'cmake_clean_first' from command line to 'False'
[3.543s] Level 5:colcon.colcon_core.verb:set package 'gscam' build argument 'cmake_force_configure' from command line to 'False'
[3.543s] Level 5:colcon.colcon_core.verb:set package 'gscam' build argument 'ament_cmake_args' from command line to 'None'
[3.543s] Level 5:colcon.colcon_core.verb:set package 'gscam' build argument 'catkin_cmake_args' from command line to 'None'
[3.544s] Level 5:colcon.colcon_core.verb:set package 'gscam' build argument 'catkin_skip_building_tests' from command line to 'False'
[3.544s] DEBUG:colcon.colcon_core.verb:Building package 'gscam' with the following arguments: {'ament_cmake_args': None, 'build_base': '/home/jetbot/ece417/ws/build/gscam', 'catkin_cmake_args': None, 'catkin_skip_building_tests': False, 'cmake_args': None, 'cmake_clean_cache': False, 'cmake_clean_first': False, 'cmake_force_configure': False, 'cmake_target': None, 'cmake_target_skip_unavailable': False, 'install_base': '/home/jetbot/ece417/ws/install/gscam', 'merge_install': False, 'path': '/home/jetbot/ece417/ws/src/gscam', 'symlink_install': True, 'test_result_base': None}
[3.562s] Level 5:colcon.colcon_core.verb:set package 'jetbot_ros' build argument 'cmake_args' from command line to 'None'
[3.563s] Level 5:colcon.colcon_core.verb:set package 'jetbot_ros' build argument 'cmake_target' from command line to 'None'
[3.563s] Level 5:colcon.colcon_core.verb:set package 'jetbot_ros' build argument 'cmake_target_skip_unavailable' from command line to 'False'
[3.563s] Level 5:colcon.colcon_core.verb:set package 'jetbot_ros' build argument 'cmake_clean_cache' from command line to 'False'
[3.563s] Level 5:colcon.colcon_core.verb:set package 'jetbot_ros' build argument 'cmake_clean_first' from command line to 'False'
[3.564s] Level 5:colcon.colcon_core.verb:set package 'jetbot_ros' build argument 'cmake_force_configure' from command line to 'False'
[3.564s] Level 5:colcon.colcon_core.verb:set package 'jetbot_ros' build argument 'ament_cmake_args' from command line to 'None'
[3.565s] Level 5:colcon.colcon_core.verb:set package 'jetbot_ros' build argument 'catkin_cmake_args' from command line to 'None'
[3.565s] Level 5:colcon.colcon_core.verb:set package 'jetbot_ros' build argument 'catkin_skip_building_tests' from command line to 'False'
[3.565s] DEBUG:colcon.colcon_core.verb:Building package 'jetbot_ros' with the following arguments: {'ament_cmake_args': None, 'build_base': '/home/jetbot/ece417/ws/build/jetbot_ros', 'catkin_cmake_args': None, 'catkin_skip_building_tests': False, 'cmake_args': None, 'cmake_clean_cache': False, 'cmake_clean_first': False, 'cmake_force_configure': False, 'cmake_target': None, 'cmake_target_skip_unavailable': False, 'install_base': '/home/jetbot/ece417/ws/install/jetbot_ros', 'merge_install': False, 'path': '/home/jetbot/ece417/ws/src/jetbot_ros', 'symlink_install': True, 'test_result_base': None}
[3.586s] Level 5:colcon.colcon_core.verb:set package 'py_pubsub' build argument 'cmake_args' from command line to 'None'
[3.586s] Level 5:colcon.colcon_core.verb:set package 'py_pubsub' build argument 'cmake_target' from command line to 'None'
[3.586s] Level 5:colcon.colcon_core.verb:set package 'py_pubsub' build argument 'cmake_target_skip_unavailable' from command line to 'False'
[3.587s] Level 5:colcon.colcon_core.verb:set package 'py_pubsub' build argument 'cmake_clean_cache' from command line to 'False'
[3.587s] Level 5:colcon.colcon_core.verb:set package 'py_pubsub' build argument 'cmake_clean_first' from command line to 'False'
[3.587s] Level 5:colcon.colcon_core.verb:set package 'py_pubsub' build argument 'cmake_force_configure' from command line to 'False'
[3.587s] Level 5:colcon.colcon_core.verb:set package 'py_pubsub' build argument 'ament_cmake_args' from command line to 'None'
[3.587s] Level 5:colcon.colcon_core.verb:set package 'py_pubsub' build argument 'catkin_cmake_args' from command line to 'None'
[3.587s] Level 5:colcon.colcon_core.verb:set package 'py_pubsub' build argument 'catkin_skip_building_tests' from command line to 'False'
[3.588s] DEBUG:colcon.colcon_core.verb:Building package 'py_pubsub' with the following arguments: {'ament_cmake_args': None, 'build_base': '/home/jetbot/ece417/ws/build/py_pubsub', 'catkin_cmake_args': None, 'catkin_skip_building_tests': False, 'cmake_args': None, 'cmake_clean_cache': False, 'cmake_clean_first': False, 'cmake_force_configure': False, 'cmake_target': None, 'cmake_target_skip_unavailable': False, 'install_base': '/home/jetbot/ece417/ws/install/py_pubsub', 'merge_install': False, 'path': '/home/jetbot/ece417/ws/src/py_pubsub', 'symlink_install': True, 'test_result_base': None}
[3.606s] Level 5:colcon.colcon_core.verb:set package 'aruco_opencv' build argument 'cmake_args' from command line to 'None'
[3.606s] Level 5:colcon.colcon_core.verb:set package 'aruco_opencv' build argument 'cmake_target' from command line to 'None'
[3.606s] Level 5:colcon.colcon_core.verb:set package 'aruco_opencv' build argument 'cmake_target_skip_unavailable' from command line to 'False'
[3.606s] Level 5:colcon.colcon_core.verb:set package 'aruco_opencv' build argument 'cmake_clean_cache' from command line to 'False'
[3.607s] Level 5:colcon.colcon_core.verb:set package 'aruco_opencv' build argument 'cmake_clean_first' from command line to 'False'
[3.607s] Level 5:colcon.colcon_core.verb:set package 'aruco_opencv' build argument 'cmake_force_configure' from command line to 'False'
[3.607s] Level 5:colcon.colcon_core.verb:set package 'aruco_opencv' build argument 'ament_cmake_args' from command line to 'None'
[3.607s] Level 5:colcon.colcon_core.verb:set package 'aruco_opencv' build argument 'catkin_cmake_args' from command line to 'None'
[3.607s] Level 5:colcon.colcon_core.verb:set package 'aruco_opencv' build argument 'catkin_skip_building_tests' from command line to 'False'
[3.607s] DEBUG:colcon.colcon_core.verb:Building package 'aruco_opencv' with the following arguments: {'ament_cmake_args': None, 'build_base': '/home/jetbot/ece417/ws/build/aruco_opencv', 'catkin_cmake_args': None, 'catkin_skip_building_tests': False, 'cmake_args': None, 'cmake_clean_cache': False, 'cmake_clean_first': False, 'cmake_force_configure': False, 'cmake_target': None, 'cmake_target_skip_unavailable': False, 'install_base': '/home/jetbot/ece417/ws/install/aruco_opencv', 'merge_install': False, 'path': '/home/jetbot/ece417/ws/src/ros_aruco_opencv/aruco_opencv', 'symlink_install': True, 'test_result_base': None}
[3.623s] INFO:colcon.colcon_core.executor:Executing jobs using 'parallel' executor
[3.706s] DEBUG:colcon.colcon_parallel_executor.executor.parallel:run_until_complete
[3.707s] INFO:colcon.colcon_ros.task.ament_cmake.build:Building ROS package in '/home/jetbot/ece417/ws/src/ros_aruco_opencv/aruco_opencv_msgs' with build type 'ament_cmake'
[3.707s] INFO:colcon.colcon_cmake.task.cmake.build:Building CMake package in '/home/jetbot/ece417/ws/src/ros_aruco_opencv/aruco_opencv_msgs'
[3.775s] INFO:colcon.colcon_core.plugin_system:Skipping extension 'colcon_core.shell.bat': Not used on non-Windows systems
[3.776s] INFO:colcon.colcon_core.shell:Skip shell extension 'powershell' for command environment: Not usable outside of PowerShell
[3.777s] DEBUG:colcon.colcon_core.shell:Skip shell extension 'dsv' for command environment
[3.895s] INFO:colcon.colcon_ros.task.ament_cmake.build:Building ROS package in '/home/jetbot/ece417/ws/src/gscam' with build type 'ament_cmake'
[3.896s] INFO:colcon.colcon_cmake.task.cmake.build:Building CMake package in '/home/jetbot/ece417/ws/src/gscam'
[3.941s] INFO:colcon.colcon_core.shell:Skip shell extension 'powershell' for command environment: Not usable outside of PowerShell
[3.941s] DEBUG:colcon.colcon_core.shell:Skip shell extension 'dsv' for command environment
[4.045s] INFO:colcon.colcon_ros.task.ament_python.build:Building ROS package in '/home/jetbot/ece417/ws/src/jetbot_ros' with build type 'ament_python'
[4.046s] Level 1:colcon.colcon_core.shell:create_environment_hook('jetbot_ros', 'ament_prefix_path')
[4.088s] INFO:colcon.colcon_core.shell:Creating environment hook '/home/jetbot/ece417/ws/install/jetbot_ros/share/jetbot_ros/hook/ament_prefix_path.ps1'
[4.091s] INFO:colcon.colcon_core.shell:Creating environment descriptor '/home/jetbot/ece417/ws/install/jetbot_ros/share/jetbot_ros/hook/ament_prefix_path.dsv'
[4.094s] INFO:colcon.colcon_core.shell:Creating environment hook '/home/jetbot/ece417/ws/install/jetbot_ros/share/jetbot_ros/hook/ament_prefix_path.sh'
[4.141s] INFO:colcon.colcon_core.shell:Skip shell extension 'powershell' for command environment: Not usable outside of PowerShell
[4.142s] DEBUG:colcon.colcon_core.shell:Skip shell extension 'dsv' for command environment
[4.238s] INFO:colcon.colcon_ros.task.ament_python.build:Building ROS package in '/home/jetbot/ece417/ws/src/py_pubsub' with build type 'ament_python'
[4.239s] Level 1:colcon.colcon_core.shell:create_environment_hook('py_pubsub', 'ament_prefix_path')
[4.278s] INFO:colcon.colcon_core.shell:Creating environment hook '/home/jetbot/ece417/ws/install/py_pubsub/share/py_pubsub/hook/ament_prefix_path.ps1'
[4.280s] INFO:colcon.colcon_core.shell:Creating environment descriptor '/home/jetbot/ece417/ws/install/py_pubsub/share/py_pubsub/hook/ament_prefix_path.dsv'
[4.282s] INFO:colcon.colcon_core.shell:Creating environment hook '/home/jetbot/ece417/ws/install/py_pubsub/share/py_pubsub/hook/ament_prefix_path.sh'
[4.320s] INFO:colcon.colcon_core.shell:Skip shell extension 'powershell' for command environment: Not usable outside of PowerShell
[4.320s] DEBUG:colcon.colcon_core.shell:Skip shell extension 'dsv' for command environment
[4.440s] DEBUG:colcon.colcon_core.event_handler.log_command:Invoking command in '/home/jetbot/ece417/ws/build/aruco_opencv_msgs': CMAKE_PREFIX_PATH=/home/jetbot/ece417/ws/install/gscam:/home/jetbot/ece417/ws/install/aruco_opencv:/home/jetbot/ece417/ws/install/aruco_opencv_msgs:/home/jetbot/ece417/ws/install/py_pubsub:/home/jetbot/ece417/ws/install/jetbot_ros:/ros_deep_learning/install/ros_deep_learning:/opt/ros/humble/install /usr/local/bin/cmake --build /home/jetbot/ece417/ws/build/aruco_opencv_msgs -- -j4 -l4
[4.466s] DEBUG:colcon.colcon_core.event_handler.log_command:Invoking command in '/home/jetbot/ece417/ws/build/gscam': CMAKE_PREFIX_PATH=/home/jetbot/ece417/ws/install/gscam:/home/jetbot/ece417/ws/install/aruco_opencv:/home/jetbot/ece417/ws/install/aruco_opencv_msgs:/home/jetbot/ece417/ws/install/py_pubsub:/home/jetbot/ece417/ws/install/jetbot_ros:/ros_deep_learning/install/ros_deep_learning:/opt/ros/humble/install /usr/local/bin/cmake --build /home/jetbot/ece417/ws/build/gscam -- -j4 -l4
[6.296s] INFO:colcon.colcon_core.task.python.build:Building Python package in '/home/jetbot/ece417/ws/src/jetbot_ros'
[6.340s] INFO:colcon.colcon_core.shell:Skip shell extension 'powershell' for command environment: Not usable outside of PowerShell
[6.341s] DEBUG:colcon.colcon_core.shell:Skip shell extension 'dsv' for command environment
[8.191s] INFO:colcon.colcon_core.task.python.build:Building Python package in '/home/jetbot/ece417/ws/src/py_pubsub'
[8.229s] INFO:colcon.colcon_core.shell:Skip shell extension 'powershell' for command environment: Not usable outside of PowerShell
[8.229s] DEBUG:colcon.colcon_core.shell:Skip shell extension 'dsv' for command environment
[8.377s] DEBUG:colcon.colcon_core.event_handler.log_command:Invoked command in '/home/jetbot/ece417/ws/build/aruco_opencv_msgs' returned '0': CMAKE_PREFIX_PATH=/home/jetbot/ece417/ws/install/gscam:/home/jetbot/ece417/ws/install/aruco_opencv:/home/jetbot/ece417/ws/install/aruco_opencv_msgs:/home/jetbot/ece417/ws/install/py_pubsub:/home/jetbot/ece417/ws/install/jetbot_ros:/ros_deep_learning/install/ros_deep_learning:/opt/ros/humble/install /usr/local/bin/cmake --build /home/jetbot/ece417/ws/build/aruco_opencv_msgs -- -j4 -l4
[8.392s] DEBUG:colcon.colcon_core.event_handler.log_command:Invoked command in '/home/jetbot/ece417/ws/build/gscam' returned '0': CMAKE_PREFIX_PATH=/home/jetbot/ece417/ws/install/gscam:/home/jetbot/ece417/ws/install/aruco_opencv:/home/jetbot/ece417/ws/install/aruco_opencv_msgs:/home/jetbot/ece417/ws/install/py_pubsub:/home/jetbot/ece417/ws/install/jetbot_ros:/ros_deep_learning/install/ros_deep_learning:/opt/ros/humble/install /usr/local/bin/cmake --build /home/jetbot/ece417/ws/build/gscam -- -j4 -l4
[8.903s] DEBUG:colcon.colcon_core.event_handler.log_command:Invoking command in '/home/jetbot/ece417/ws/build/gscam': CMAKE_PREFIX_PATH=/home/jetbot/ece417/ws/install/gscam:/home/jetbot/ece417/ws/install/aruco_opencv:/home/jetbot/ece417/ws/install/aruco_opencv_msgs:/home/jetbot/ece417/ws/install/py_pubsub:/home/jetbot/ece417/ws/install/jetbot_ros:/ros_deep_learning/install/ros_deep_learning:/opt/ros/humble/install /usr/local/bin/cmake --install /home/jetbot/ece417/ws/build/gscam
[8.977s] DEBUG:colcon.colcon_core.event_handler.log_command:Invoking command in '/home/jetbot/ece417/ws/build/aruco_opencv_msgs': CMAKE_PREFIX_PATH=/home/jetbot/ece417/ws/install/gscam:/home/jetbot/ece417/ws/install/aruco_opencv:/home/jetbot/ece417/ws/install/aruco_opencv_msgs:/home/jetbot/ece417/ws/install/py_pubsub:/home/jetbot/ece417/ws/install/jetbot_ros:/ros_deep_learning/install/ros_deep_learning:/opt/ros/humble/install /usr/local/bin/cmake --install /home/jetbot/ece417/ws/build/aruco_opencv_msgs
[9.252s] Level 1:colcon.colcon_core.environment:create_environment_scripts_only(gscam)
[9.274s] DEBUG:colcon.colcon_core.event_handler.log_command:Invoked command in '/home/jetbot/ece417/ws/build/gscam' returned '0': CMAKE_PREFIX_PATH=/home/jetbot/ece417/ws/install/gscam:/home/jetbot/ece417/ws/install/aruco_opencv:/home/jetbot/ece417/ws/install/aruco_opencv_msgs:/home/jetbot/ece417/ws/install/py_pubsub:/home/jetbot/ece417/ws/install/jetbot_ros:/ros_deep_learning/install/ros_deep_learning:/opt/ros/humble/install /usr/local/bin/cmake --install /home/jetbot/ece417/ws/build/gscam
[9.421s] Level 1:colcon.colcon_core.environment:checking '/home/jetbot/ece417/ws/install/gscam' for CMake module files
[9.426s] Level 1:colcon.colcon_core.environment:checking '/home/jetbot/ece417/ws/install/gscam' for CMake config files
[9.429s] Level 1:colcon.colcon_core.shell:create_environment_hook('gscam', 'cmake_prefix_path')
[9.473s] INFO:colcon.colcon_core.shell:Creating environment hook '/home/jetbot/ece417/ws/install/gscam/share/gscam/hook/cmake_prefix_path.ps1'
[9.475s] INFO:colcon.colcon_core.shell:Creating environment descriptor '/home/jetbot/ece417/ws/install/gscam/share/gscam/hook/cmake_prefix_path.dsv'
[9.478s] INFO:colcon.colcon_core.shell:Creating environment hook '/home/jetbot/ece417/ws/install/gscam/share/gscam/hook/cmake_prefix_path.sh'
[9.482s] Level 1:colcon.colcon_core.environment:checking '/home/jetbot/ece417/ws/install/gscam/lib'
[9.483s] Level 1:colcon.colcon_core.shell:create_environment_hook('gscam', 'ld_library_path_lib')
[9.526s] INFO:colcon.colcon_core.shell:Creating environment hook '/home/jetbot/ece417/ws/install/gscam/share/gscam/hook/ld_library_path_lib.ps1'
[9.527s] INFO:colcon.colcon_core.shell:Creating environment descriptor '/home/jetbot/ece417/ws/install/gscam/share/gscam/hook/ld_library_path_lib.dsv'
[9.529s] INFO:colcon.colcon_core.shell:Creating environment hook '/home/jetbot/ece417/ws/install/gscam/share/gscam/hook/ld_library_path_lib.sh'
[9.531s] Level 1:colcon.colcon_core.environment:checking '/home/jetbot/ece417/ws/install/gscam/bin'
[9.531s] Level 1:colcon.colcon_core.environment:checking '/home/jetbot/ece417/ws/install/gscam/lib/pkgconfig/gscam.pc'
[9.532s] Level 1:colcon.colcon_core.environment:checking '/home/jetbot/ece417/ws/install/gscam/lib/python3.6/site-packages'
[9.533s] Level 1:colcon.colcon_core.environment:checking '/home/jetbot/ece417/ws/install/gscam/bin'
[9.577s] INFO:colcon.colcon_core.shell:Creating package script '/home/jetbot/ece417/ws/install/gscam/share/gscam/package.ps1'
[9.583s] INFO:colcon.colcon_core.shell:Creating package descriptor '/home/jetbot/ece417/ws/install/gscam/share/gscam/package.dsv'
[9.587s] INFO:colcon.colcon_core.shell:Creating package script '/home/jetbot/ece417/ws/install/gscam/share/gscam/package.sh'
[9.604s] INFO:colcon.colcon_core.shell:Creating package script '/home/jetbot/ece417/ws/install/gscam/share/gscam/package.bash'
[9.609s] INFO:colcon.colcon_core.shell:Creating package script '/home/jetbot/ece417/ws/install/gscam/share/gscam/package.zsh'
[9.614s] Level 1:colcon.colcon_core.environment:create_file_with_runtime_dependencies(/home/jetbot/ece417/ws/install/gscam/share/colcon-core/packages/gscam)
[9.635s] Level 1:colcon.colcon_core.environment:create_environment_scripts_only(aruco_opencv_msgs)
[9.653s] DEBUG:colcon.colcon_core.event_handler.log_command:Invoked command in '/home/jetbot/ece417/ws/build/aruco_opencv_msgs' returned '0': CMAKE_PREFIX_PATH=/home/jetbot/ece417/ws/install/gscam:/home/jetbot/ece417/ws/install/aruco_opencv:/home/jetbot/ece417/ws/install/aruco_opencv_msgs:/home/jetbot/ece417/ws/install/py_pubsub:/home/jetbot/ece417/ws/install/jetbot_ros:/ros_deep_learning/install/ros_deep_learning:/opt/ros/humble/install /usr/local/bin/cmake --install /home/jetbot/ece417/ws/build/aruco_opencv_msgs
[9.704s] Level 1:colcon.colcon_core.environment:checking '/home/jetbot/ece417/ws/install/aruco_opencv_msgs' for CMake module files
[9.709s] Level 1:colcon.colcon_core.environment:checking '/home/jetbot/ece417/ws/install/aruco_opencv_msgs' for CMake config files
[9.713s] Level 1:colcon.colcon_core.shell:create_environment_hook('aruco_opencv_msgs', 'cmake_prefix_path')
[9.756s] INFO:colcon.colcon_core.shell:Creating environment hook '/home/jetbot/ece417/ws/install/aruco_opencv_msgs/share/aruco_opencv_msgs/hook/cmake_prefix_path.ps1'
[9.759s] INFO:colcon.colcon_core.shell:Creating environment descriptor '/home/jetbot/ece417/ws/install/aruco_opencv_msgs/share/aruco_opencv_msgs/hook/cmake_prefix_path.dsv'
[9.760s] INFO:colcon.colcon_core.shell:Creating environment hook '/home/jetbot/ece417/ws/install/aruco_opencv_msgs/share/aruco_opencv_msgs/hook/cmake_prefix_path.sh'
[9.764s] Level 1:colcon.colcon_core.environment:checking '/home/jetbot/ece417/ws/install/aruco_opencv_msgs/lib'
[9.765s] Level 1:colcon.colcon_core.shell:create_environment_hook('aruco_opencv_msgs', 'ld_library_path_lib')
[9.808s] INFO:colcon.colcon_core.shell:Creating environment hook '/home/jetbot/ece417/ws/install/aruco_opencv_msgs/share/aruco_opencv_msgs/hook/ld_library_path_lib.ps1'
[9.810s] INFO:colcon.colcon_core.shell:Creating environment descriptor '/home/jetbot/ece417/ws/install/aruco_opencv_msgs/share/aruco_opencv_msgs/hook/ld_library_path_lib.dsv'
[9.812s] INFO:colcon.colcon_core.shell:Creating environment hook '/home/jetbot/ece417/ws/install/aruco_opencv_msgs/share/aruco_opencv_msgs/hook/ld_library_path_lib.sh'
[9.814s] Level 1:colcon.colcon_core.environment:checking '/home/jetbot/ece417/ws/install/aruco_opencv_msgs/bin'
[9.814s] Level 1:colcon.colcon_core.environment:checking '/home/jetbot/ece417/ws/install/aruco_opencv_msgs/lib/pkgconfig/aruco_opencv_msgs.pc'
[9.815s] Level 1:colcon.colcon_core.environment:checking '/home/jetbot/ece417/ws/install/aruco_opencv_msgs/lib/python3.6/site-packages'
[9.816s] Level 1:colcon.colcon_core.shell:create_environment_hook('aruco_opencv_msgs', 'pythonpath')
[9.864s] INFO:colcon.colcon_core.shell:Creating environment hook '/home/jetbot/ece417/ws/install/aruco_opencv_msgs/share/aruco_opencv_msgs/hook/pythonpath.ps1'
[9.866s] INFO:colcon.colcon_core.shell:Creating environment descriptor '/home/jetbot/ece417/ws/install/aruco_opencv_msgs/share/aruco_opencv_msgs/hook/pythonpath.dsv'
[9.868s] INFO:colcon.colcon_core.shell:Creating environment hook '/home/jetbot/ece417/ws/install/aruco_opencv_msgs/share/aruco_opencv_msgs/hook/pythonpath.sh'
[9.871s] Level 1:colcon.colcon_core.environment:checking '/home/jetbot/ece417/ws/install/aruco_opencv_msgs/bin'
[9.917s] INFO:colcon.colcon_core.shell:Creating package script '/home/jetbot/ece417/ws/install/aruco_opencv_msgs/share/aruco_opencv_msgs/package.ps1'
[9.920s] INFO:colcon.colcon_core.shell:Creating package descriptor '/home/jetbot/ece417/ws/install/aruco_opencv_msgs/share/aruco_opencv_msgs/package.dsv'
[9.924s] INFO:colcon.colcon_core.shell:Creating package script '/home/jetbot/ece417/ws/install/aruco_opencv_msgs/share/aruco_opencv_msgs/package.sh'
[9.927s] INFO:colcon.colcon_core.shell:Creating package script '/home/jetbot/ece417/ws/install/aruco_opencv_msgs/share/aruco_opencv_msgs/package.bash'
[9.929s] INFO:colcon.colcon_core.shell:Creating package script '/home/jetbot/ece417/ws/install/aruco_opencv_msgs/share/aruco_opencv_msgs/package.zsh'
[9.931s] Level 1:colcon.colcon_core.environment:create_file_with_runtime_dependencies(/home/jetbot/ece417/ws/install/aruco_opencv_msgs/share/colcon-core/packages/aruco_opencv_msgs)
[9.994s] Level 1:colcon.colcon_core.environment:create_environment_scripts_only(gscam)
[10.056s] Level 1:colcon.colcon_core.environment:checking '/home/jetbot/ece417/ws/install/gscam' for CMake module files
[10.060s] Level 1:colcon.colcon_core.environment:checking '/home/jetbot/ece417/ws/install/gscam' for CMake config files
[10.066s] Level 1:colcon.colcon_core.shell:create_environment_hook('gscam', 'cmake_prefix_path')
[10.110s] INFO:colcon.colcon_core.shell:Creating environment hook '/home/jetbot/ece417/ws/install/gscam/share/gscam/hook/cmake_prefix_path.ps1'
[10.112s] INFO:colcon.colcon_core.shell:Creating environment descriptor '/home/jetbot/ece417/ws/install/gscam/share/gscam/hook/cmake_prefix_path.dsv'
[10.114s] INFO:colcon.colcon_core.shell:Creating environment hook '/home/jetbot/ece417/ws/install/gscam/share/gscam/hook/cmake_prefix_path.sh'
[10.118s] Level 1:colcon.colcon_core.environment:checking '/home/jetbot/ece417/ws/install/gscam/lib'
[10.119s] Level 1:colcon.colcon_core.shell:create_environment_hook('gscam', 'ld_library_path_lib')
[10.163s] INFO:colcon.colcon_core.shell:Creating environment hook '/home/jetbot/ece417/ws/install/gscam/share/gscam/hook/ld_library_path_lib.ps1'
[10.170s] INFO:colcon.colcon_core.shell:Creating environment descriptor '/home/jetbot/ece417/ws/install/gscam/share/gscam/hook/ld_library_path_lib.dsv'
[10.172s] INFO:colcon.colcon_core.shell:Creating environment hook '/home/jetbot/ece417/ws/install/gscam/share/gscam/hook/ld_library_path_lib.sh'
[10.174s] Level 1:colcon.colcon_core.environment:checking '/home/jetbot/ece417/ws/install/gscam/bin'
[10.175s] Level 1:colcon.colcon_core.environment:checking '/home/jetbot/ece417/ws/install/gscam/lib/pkgconfig/gscam.pc'
[10.176s] Level 1:colcon.colcon_core.environment:checking '/home/jetbot/ece417/ws/install/gscam/lib/python3.6/site-packages'
[10.177s] Level 1:colcon.colcon_core.environment:checking '/home/jetbot/ece417/ws/install/gscam/bin'
[10.221s] INFO:colcon.colcon_core.shell:Creating package script '/home/jetbot/ece417/ws/install/gscam/share/gscam/package.ps1'
[10.224s] INFO:colcon.colcon_core.shell:Creating package descriptor '/home/jetbot/ece417/ws/install/gscam/share/gscam/package.dsv'
[10.227s] INFO:colcon.colcon_core.shell:Creating package script '/home/jetbot/ece417/ws/install/gscam/share/gscam/package.sh'
[10.230s] INFO:colcon.colcon_core.shell:Creating package script '/home/jetbot/ece417/ws/install/gscam/share/gscam/package.bash'
[10.232s] INFO:colcon.colcon_core.shell:Creating package script '/home/jetbot/ece417/ws/install/gscam/share/gscam/package.zsh'
[10.235s] Level 1:colcon.colcon_core.environment:create_file_with_runtime_dependencies(/home/jetbot/ece417/ws/install/gscam/share/colcon-core/packages/gscam)
[10.561s] Level 1:colcon.colcon_core.environment:create_environment_scripts_only(aruco_opencv_msgs)
[10.622s] Level 1:colcon.colcon_core.environment:checking '/home/jetbot/ece417/ws/install/aruco_opencv_msgs' for CMake module files
[10.628s] Level 1:colcon.colcon_core.environment:checking '/home/jetbot/ece417/ws/install/aruco_opencv_msgs' for CMake config files
[10.632s] Level 1:colcon.colcon_core.shell:create_environment_hook('aruco_opencv_msgs', 'cmake_prefix_path')
[10.686s] INFO:colcon.colcon_core.shell:Creating environment hook '/home/jetbot/ece417/ws/install/aruco_opencv_msgs/share/aruco_opencv_msgs/hook/cmake_prefix_path.ps1'
[10.689s] INFO:colcon.colcon_core.shell:Creating environment descriptor '/home/jetbot/ece417/ws/install/aruco_opencv_msgs/share/aruco_opencv_msgs/hook/cmake_prefix_path.dsv'
[10.693s] INFO:colcon.colcon_core.shell:Creating environment hook '/home/jetbot/ece417/ws/install/aruco_opencv_msgs/share/aruco_opencv_msgs/hook/cmake_prefix_path.sh'
[10.698s] Level 1:colcon.colcon_core.environment:checking '/home/jetbot/ece417/ws/install/aruco_opencv_msgs/lib'
[10.699s] Level 1:colcon.colcon_core.shell:create_environment_hook('aruco_opencv_msgs', 'ld_library_path_lib')
[10.750s] INFO:colcon.colcon_core.shell:Creating environment hook '/home/jetbot/ece417/ws/install/aruco_opencv_msgs/share/aruco_opencv_msgs/hook/ld_library_path_lib.ps1'
[10.752s] INFO:colcon.colcon_core.shell:Creating environment descriptor '/home/jetbot/ece417/ws/install/aruco_opencv_msgs/share/aruco_opencv_msgs/hook/ld_library_path_lib.dsv'
[10.756s] INFO:colcon.colcon_core.shell:Creating environment hook '/home/jetbot/ece417/ws/install/aruco_opencv_msgs/share/aruco_opencv_msgs/hook/ld_library_path_lib.sh'
[10.759s] Level 1:colcon.colcon_core.environment:checking '/home/jetbot/ece417/ws/install/aruco_opencv_msgs/bin'
[10.759s] Level 1:colcon.colcon_core.environment:checking '/home/jetbot/ece417/ws/install/aruco_opencv_msgs/lib/pkgconfig/aruco_opencv_msgs.pc'
[10.760s] Level 1:colcon.colcon_core.environment:checking '/home/jetbot/ece417/ws/install/aruco_opencv_msgs/lib/python3.6/site-packages'
[10.761s] Level 1:colcon.colcon_core.shell:create_environment_hook('aruco_opencv_msgs', 'pythonpath')
[10.806s] INFO:colcon.colcon_core.shell:Creating environment hook '/home/jetbot/ece417/ws/install/aruco_opencv_msgs/share/aruco_opencv_msgs/hook/pythonpath.ps1'
[10.808s] INFO:colcon.colcon_core.shell:Creating environment descriptor '/home/jetbot/ece417/ws/install/aruco_opencv_msgs/share/aruco_opencv_msgs/hook/pythonpath.dsv'
[10.810s] INFO:colcon.colcon_core.shell:Creating environment hook '/home/jetbot/ece417/ws/install/aruco_opencv_msgs/share/aruco_opencv_msgs/hook/pythonpath.sh'
[10.813s] Level 1:colcon.colcon_core.environment:checking '/home/jetbot/ece417/ws/install/aruco_opencv_msgs/bin'
[10.857s] INFO:colcon.colcon_core.shell:Creating package script '/home/jetbot/ece417/ws/install/aruco_opencv_msgs/share/aruco_opencv_msgs/package.ps1'
[10.860s] INFO:colcon.colcon_core.shell:Creating package descriptor '/home/jetbot/ece417/ws/install/aruco_opencv_msgs/share/aruco_opencv_msgs/package.dsv'
[10.863s] INFO:colcon.colcon_core.shell:Creating package script '/home/jetbot/ece417/ws/install/aruco_opencv_msgs/share/aruco_opencv_msgs/package.sh'
[10.866s] INFO:colcon.colcon_core.shell:Creating package script '/home/jetbot/ece417/ws/install/aruco_opencv_msgs/share/aruco_opencv_msgs/package.bash'
[10.868s] INFO:colcon.colcon_core.shell:Creating package script '/home/jetbot/ece417/ws/install/aruco_opencv_msgs/share/aruco_opencv_msgs/package.zsh'
[10.870s] Level 1:colcon.colcon_core.environment:create_file_with_runtime_dependencies(/home/jetbot/ece417/ws/install/aruco_opencv_msgs/share/colcon-core/packages/aruco_opencv_msgs)
[10.872s] INFO:colcon.colcon_ros.task.ament_cmake.build:Building ROS package in '/home/jetbot/ece417/ws/src/ros_aruco_opencv/aruco_opencv' with build type 'ament_cmake'
[10.872s] INFO:colcon.colcon_cmake.task.cmake.build:Building CMake package in '/home/jetbot/ece417/ws/src/ros_aruco_opencv/aruco_opencv'
[10.916s] INFO:colcon.colcon_core.shell:Skip shell extension 'powershell' for command environment: Not usable outside of PowerShell
[10.916s] DEBUG:colcon.colcon_core.shell:Skip shell extension 'dsv' for command environment
[11.082s] DEBUG:colcon.colcon_core.event_handler.log_command:Invoking command in '/home/jetbot/ece417/ws/build/aruco_opencv': CMAKE_PREFIX_PATH=/home/jetbot/ece417/ws/install/aruco_opencv_msgs:/home/jetbot/ece417/ws/install/gscam:/home/jetbot/ece417/ws/install/aruco_opencv:/home/jetbot/ece417/ws/install/py_pubsub:/home/jetbot/ece417/ws/install/jetbot_ros:/ros_deep_learning/install/ros_deep_learning:/opt/ros/humble/install LD_LIBRARY_PATH=/home/jetbot/ece417/ws/install/aruco_opencv_msgs/lib:/home/jetbot/ece417/ws/install/gscam/lib:/home/jetbot/ece417/ws/install/aruco_opencv/lib:/opt/ros/humble/install/lib:/usr/local/cuda/lib64:/usr/local/cuda-10.2/targets/aarch64-linux/lib PYTHONPATH=/home/jetbot/ece417/ws/install/aruco_opencv_msgs/lib/python3.6/site-packages:/home/jetbot/ece417/ws/build/py_pubsub:/home/jetbot/ece417/ws/install/py_pubsub/lib/python3.6/site-packages:/home/jetbot/ece417/ws/build/jetbot_ros:/home/jetbot/ece417/ws/install/jetbot_ros/lib/python3.6/site-packages:/opt/ros/humble/install/lib/python3.6/site-packages /usr/local/bin/cmake --build /home/jetbot/ece417/ws/build/aruco_opencv -- -j4 -l4
[11.108s] DEBUG:colcon.colcon_core.event_handler.log_command:Invoking command in '/home/jetbot/ece417/ws/build/jetbot_ros': PYTHONPATH=/home/jetbot/ece417/ws/build/jetbot_ros/prefix_override:/home/jetbot/ece417/ws/install/jetbot_ros/lib/python3.6/site-packages:${PYTHONPATH} /usr/bin/python3 setup.py develop --editable --build-directory /home/jetbot/ece417/ws/build/jetbot_ros/build --no-deps install_data
[11.127s] DEBUG:colcon.colcon_core.event_handler.log_command:Invoking command in '/home/jetbot/ece417/ws/build/py_pubsub': PYTHONPATH=/home/jetbot/ece417/ws/build/py_pubsub/prefix_override:/home/jetbot/ece417/ws/install/py_pubsub/lib/python3.6/site-packages:${PYTHONPATH} /usr/bin/python3 setup.py develop --editable --build-directory /home/jetbot/ece417/ws/build/py_pubsub/build --no-deps install_data
[11.450s] DEBUG:colcon.colcon_core.event_handler.log_command:Invoked command in '/home/jetbot/ece417/ws/build/aruco_opencv' returned '0': CMAKE_PREFIX_PATH=/home/jetbot/ece417/ws/install/aruco_opencv_msgs:/home/jetbot/ece417/ws/install/gscam:/home/jetbot/ece417/ws/install/aruco_opencv:/home/jetbot/ece417/ws/install/py_pubsub:/home/jetbot/ece417/ws/install/jetbot_ros:/ros_deep_learning/install/ros_deep_learning:/opt/ros/humble/install LD_LIBRARY_PATH=/home/jetbot/ece417/ws/install/aruco_opencv_msgs/lib:/home/jetbot/ece417/ws/install/gscam/lib:/home/jetbot/ece417/ws/install/aruco_opencv/lib:/opt/ros/humble/install/lib:/usr/local/cuda/lib64:/usr/local/cuda-10.2/targets/aarch64-linux/lib PYTHONPATH=/home/jetbot/ece417/ws/install/aruco_opencv_msgs/lib/python3.6/site-packages:/home/jetbot/ece417/ws/build/py_pubsub:/home/jetbot/ece417/ws/install/py_pubsub/lib/python3.6/site-packages:/home/jetbot/ece417/ws/build/jetbot_ros:/home/jetbot/ece417/ws/install/jetbot_ros/lib/python3.6/site-packages:/opt/ros/humble/install/lib/python3.6/site-packages /usr/local/bin/cmake --build /home/jetbot/ece417/ws/build/aruco_opencv -- -j4 -l4
[11.754s] DEBUG:colcon.colcon_core.event_handler.log_command:Invoking command in '/home/jetbot/ece417/ws/build/aruco_opencv': CMAKE_PREFIX_PATH=/home/jetbot/ece417/ws/install/aruco_opencv_msgs:/home/jetbot/ece417/ws/install/gscam:/home/jetbot/ece417/ws/install/aruco_opencv:/home/jetbot/ece417/ws/install/py_pubsub:/home/jetbot/ece417/ws/install/jetbot_ros:/ros_deep_learning/install/ros_deep_learning:/opt/ros/humble/install LD_LIBRARY_PATH=/home/jetbot/ece417/ws/install/aruco_opencv_msgs/lib:/home/jetbot/ece417/ws/install/gscam/lib:/home/jetbot/ece417/ws/install/aruco_opencv/lib:/opt/ros/humble/install/lib:/usr/local/cuda/lib64:/usr/local/cuda-10.2/targets/aarch64-linux/lib PYTHONPATH=/home/jetbot/ece417/ws/install/aruco_opencv_msgs/lib/python3.6/site-packages:/home/jetbot/ece417/ws/build/py_pubsub:/home/jetbot/ece417/ws/install/py_pubsub/lib/python3.6/site-packages:/home/jetbot/ece417/ws/build/jetbot_ros:/home/jetbot/ece417/ws/install/jetbot_ros/lib/python3.6/site-packages:/opt/ros/humble/install/lib/python3.6/site-packages /usr/local/bin/cmake --install /home/jetbot/ece417/ws/build/aruco_opencv
[11.999s] Level 1:colcon.colcon_core.environment:create_environment_scripts_only(aruco_opencv)
[12.006s] DEBUG:colcon.colcon_core.event_handler.log_command:Invoked command in '/home/jetbot/ece417/ws/build/aruco_opencv' returned '0': CMAKE_PREFIX_PATH=/home/jetbot/ece417/ws/install/aruco_opencv_msgs:/home/jetbot/ece417/ws/install/gscam:/home/jetbot/ece417/ws/install/aruco_opencv:/home/jetbot/ece417/ws/install/py_pubsub:/home/jetbot/ece417/ws/install/jetbot_ros:/ros_deep_learning/install/ros_deep_learning:/opt/ros/humble/install LD_LIBRARY_PATH=/home/jetbot/ece417/ws/install/aruco_opencv_msgs/lib:/home/jetbot/ece417/ws/install/gscam/lib:/home/jetbot/ece417/ws/install/aruco_opencv/lib:/opt/ros/humble/install/lib:/usr/local/cuda/lib64:/usr/local/cuda-10.2/targets/aarch64-linux/lib PYTHONPATH=/home/jetbot/ece417/ws/install/aruco_opencv_msgs/lib/python3.6/site-packages:/home/jetbot/ece417/ws/build/py_pubsub:/home/jetbot/ece417/ws/install/py_pubsub/lib/python3.6/site-packages:/home/jetbot/ece417/ws/build/jetbot_ros:/home/jetbot/ece417/ws/install/jetbot_ros/lib/python3.6/site-packages:/opt/ros/humble/install/lib/python3.6/site-packages /usr/local/bin/cmake --install /home/jetbot/ece417/ws/build/aruco_opencv
[12.070s] Level 1:colcon.colcon_core.environment:checking '/home/jetbot/ece417/ws/install/aruco_opencv' for CMake module files
[12.074s] Level 1:colcon.colcon_core.environment:checking '/home/jetbot/ece417/ws/install/aruco_opencv' for CMake config files
[12.077s] Level 1:colcon.colcon_core.shell:create_environment_hook('aruco_opencv', 'cmake_prefix_path')
[12.125s] INFO:colcon.colcon_core.shell:Creating environment hook '/home/jetbot/ece417/ws/install/aruco_opencv/share/aruco_opencv/hook/cmake_prefix_path.ps1'
[12.128s] INFO:colcon.colcon_core.shell:Creating environment descriptor '/home/jetbot/ece417/ws/install/aruco_opencv/share/aruco_opencv/hook/cmake_prefix_path.dsv'
[12.129s] INFO:colcon.colcon_core.shell:Creating environment hook '/home/jetbot/ece417/ws/install/aruco_opencv/share/aruco_opencv/hook/cmake_prefix_path.sh'
[12.135s] Level 1:colcon.colcon_core.environment:checking '/home/jetbot/ece417/ws/install/aruco_opencv/lib'
[12.136s] Level 1:colcon.colcon_core.shell:create_environment_hook('aruco_opencv', 'ld_library_path_lib')
[12.177s] INFO:colcon.colcon_core.shell:Creating environment hook '/home/jetbot/ece417/ws/install/aruco_opencv/share/aruco_opencv/hook/ld_library_path_lib.ps1'
[12.179s] INFO:colcon.colcon_core.shell:Creating environment descriptor '/home/jetbot/ece417/ws/install/aruco_opencv/share/aruco_opencv/hook/ld_library_path_lib.dsv'
[12.181s] INFO:colcon.colcon_core.shell:Creating environment hook '/home/jetbot/ece417/ws/install/aruco_opencv/share/aruco_opencv/hook/ld_library_path_lib.sh'
[12.182s] Level 1:colcon.colcon_core.environment:checking '/home/jetbot/ece417/ws/install/aruco_opencv/bin'
[12.183s] Level 1:colcon.colcon_core.environment:checking '/home/jetbot/ece417/ws/install/aruco_opencv/lib/pkgconfig/aruco_opencv.pc'
[12.184s] Level 1:colcon.colcon_core.environment:checking '/home/jetbot/ece417/ws/install/aruco_opencv/lib/python3.6/site-packages'
[12.184s] Level 1:colcon.colcon_core.environment:checking '/home/jetbot/ece417/ws/install/aruco_opencv/bin'
[12.225s] INFO:colcon.colcon_core.shell:Creating package script '/home/jetbot/ece417/ws/install/aruco_opencv/share/aruco_opencv/package.ps1'
[12.228s] INFO:colcon.colcon_core.shell:Creating package descriptor '/home/jetbot/ece417/ws/install/aruco_opencv/share/aruco_opencv/package.dsv'
[12.230s] INFO:colcon.colcon_core.shell:Creating package script '/home/jetbot/ece417/ws/install/aruco_opencv/share/aruco_opencv/package.sh'
[12.232s] INFO:colcon.colcon_core.shell:Creating package script '/home/jetbot/ece417/ws/install/aruco_opencv/share/aruco_opencv/package.bash'
[12.234s] INFO:colcon.colcon_core.shell:Creating package script '/home/jetbot/ece417/ws/install/aruco_opencv/share/aruco_opencv/package.zsh'
[12.235s] Level 1:colcon.colcon_core.environment:create_file_with_runtime_dependencies(/home/jetbot/ece417/ws/install/aruco_opencv/share/colcon-core/packages/aruco_opencv)
[12.576s] Level 1:colcon.colcon_core.environment:create_environment_scripts_only(aruco_opencv)
[12.635s] Level 1:colcon.colcon_core.environment:checking '/home/jetbot/ece417/ws/install/aruco_opencv' for CMake module files
[12.639s] Level 1:colcon.colcon_core.environment:checking '/home/jetbot/ece417/ws/install/aruco_opencv' for CMake config files
[12.641s] Level 1:colcon.colcon_core.shell:create_environment_hook('aruco_opencv', 'cmake_prefix_path')
[12.680s] INFO:colcon.colcon_core.shell:Creating environment hook '/home/jetbot/ece417/ws/install/aruco_opencv/share/aruco_opencv/hook/cmake_prefix_path.ps1'
[12.682s] INFO:colcon.colcon_core.shell:Creating environment descriptor '/home/jetbot/ece417/ws/install/aruco_opencv/share/aruco_opencv/hook/cmake_prefix_path.dsv'
[12.683s] INFO:colcon.colcon_core.shell:Creating environment hook '/home/jetbot/ece417/ws/install/aruco_opencv/share/aruco_opencv/hook/cmake_prefix_path.sh'
[12.687s] Level 1:colcon.colcon_core.environment:checking '/home/jetbot/ece417/ws/install/aruco_opencv/lib'
[12.691s] Level 1:colcon.colcon_core.shell:create_environment_hook('aruco_opencv', 'ld_library_path_lib')
[12.732s] INFO:colcon.colcon_core.shell:Creating environment hook '/home/jetbot/ece417/ws/install/aruco_opencv/share/aruco_opencv/hook/ld_library_path_lib.ps1'
[12.734s] INFO:colcon.colcon_core.shell:Creating environment descriptor '/home/jetbot/ece417/ws/install/aruco_opencv/share/aruco_opencv/hook/ld_library_path_lib.dsv'
[12.735s] INFO:colcon.colcon_core.shell:Creating environment hook '/home/jetbot/ece417/ws/install/aruco_opencv/share/aruco_opencv/hook/ld_library_path_lib.sh'
[12.737s] Level 1:colcon.colcon_core.environment:checking '/home/jetbot/ece417/ws/install/aruco_opencv/bin'
[12.738s] Level 1:colcon.colcon_core.environment:checking '/home/jetbot/ece417/ws/install/aruco_opencv/lib/pkgconfig/aruco_opencv.pc'
[12.739s] Level 1:colcon.colcon_core.environment:checking '/home/jetbot/ece417/ws/install/aruco_opencv/lib/python3.6/site-packages'
[12.739s] Level 1:colcon.colcon_core.environment:checking '/home/jetbot/ece417/ws/install/aruco_opencv/bin'
[12.780s] INFO:colcon.colcon_core.shell:Creating package script '/home/jetbot/ece417/ws/install/aruco_opencv/share/aruco_opencv/package.ps1'
[12.783s] INFO:colcon.colcon_core.shell:Creating package descriptor '/home/jetbot/ece417/ws/install/aruco_opencv/share/aruco_opencv/package.dsv'
[12.786s] INFO:colcon.colcon_core.shell:Creating package script '/home/jetbot/ece417/ws/install/aruco_opencv/share/aruco_opencv/package.sh'
[12.788s] INFO:colcon.colcon_core.shell:Creating package script '/home/jetbot/ece417/ws/install/aruco_opencv/share/aruco_opencv/package.bash'
[12.791s] INFO:colcon.colcon_core.shell:Creating package script '/home/jetbot/ece417/ws/install/aruco_opencv/share/aruco_opencv/package.zsh'
[12.794s] Level 1:colcon.colcon_core.environment:create_file_with_runtime_dependencies(/home/jetbot/ece417/ws/install/aruco_opencv/share/colcon-core/packages/aruco_opencv)
[14.322s] Level 1:colcon.colcon_core.shell:create_environment_hook('py_pubsub', 'pythonpath_develop')
[14.334s] DEBUG:colcon.colcon_core.event_handler.log_command:Invoked command in '/home/jetbot/ece417/ws/build/py_pubsub' returned '0': PYTHONPATH=/home/jetbot/ece417/ws/build/py_pubsub/prefix_override:/home/jetbot/ece417/ws/install/py_pubsub/lib/python3.6/site-packages:${PYTHONPATH} /usr/bin/python3 setup.py develop --editable --build-directory /home/jetbot/ece417/ws/build/py_pubsub/build --no-deps install_data
[14.365s] INFO:colcon.colcon_core.shell:Creating environment hook '/home/jetbot/ece417/ws/build/py_pubsub/share/py_pubsub/hook/pythonpath_develop.ps1'
[14.368s] INFO:colcon.colcon_core.shell:Creating environment descriptor '/home/jetbot/ece417/ws/build/py_pubsub/share/py_pubsub/hook/pythonpath_develop.dsv'
[14.370s] INFO:colcon.colcon_core.shell:Creating environment hook '/home/jetbot/ece417/ws/build/py_pubsub/share/py_pubsub/hook/pythonpath_develop.sh'
[14.426s] Level 1:colcon.colcon_core.environment:checking '/home/jetbot/ece417/ws/install/py_pubsub' for CMake module files
[14.429s] Level 1:colcon.colcon_core.environment:checking '/home/jetbot/ece417/ws/install/py_pubsub' for CMake config files
[14.432s] Level 1:colcon.colcon_core.environment:checking '/home/jetbot/ece417/ws/install/py_pubsub/lib'
[14.432s] Level 1:colcon.colcon_core.environment:checking '/home/jetbot/ece417/ws/install/py_pubsub/bin'
[14.433s] Level 1:colcon.colcon_core.environment:checking '/home/jetbot/ece417/ws/install/py_pubsub/lib/pkgconfig/py_pubsub.pc'
[14.433s] Level 1:colcon.colcon_core.environment:checking '/home/jetbot/ece417/ws/install/py_pubsub/lib/python3.6/site-packages'
[14.434s] Level 1:colcon.colcon_core.shell:create_environment_hook('py_pubsub', 'pythonpath')
[14.471s] INFO:colcon.colcon_core.shell:Creating environment hook '/home/jetbot/ece417/ws/install/py_pubsub/share/py_pubsub/hook/pythonpath.ps1'
[14.473s] INFO:colcon.colcon_core.shell:Creating environment descriptor '/home/jetbot/ece417/ws/install/py_pubsub/share/py_pubsub/hook/pythonpath.dsv'
[14.475s] INFO:colcon.colcon_core.shell:Creating environment hook '/home/jetbot/ece417/ws/install/py_pubsub/share/py_pubsub/hook/pythonpath.sh'
[14.477s] Level 1:colcon.colcon_core.environment:checking '/home/jetbot/ece417/ws/install/py_pubsub/bin'
[14.477s] Level 1:colcon.colcon_core.environment:create_environment_scripts_only(py_pubsub)
[14.521s] INFO:colcon.colcon_core.shell:Creating package script '/home/jetbot/ece417/ws/install/py_pubsub/share/py_pubsub/package.ps1'
[14.524s] INFO:colcon.colcon_core.shell:Creating package descriptor '/home/jetbot/ece417/ws/install/py_pubsub/share/py_pubsub/package.dsv'
[14.526s] INFO:colcon.colcon_core.shell:Creating package script '/home/jetbot/ece417/ws/install/py_pubsub/share/py_pubsub/package.sh'
[14.528s] INFO:colcon.colcon_core.shell:Creating package script '/home/jetbot/ece417/ws/install/py_pubsub/share/py_pubsub/package.bash'
[14.530s] INFO:colcon.colcon_core.shell:Creating package script '/home/jetbot/ece417/ws/install/py_pubsub/share/py_pubsub/package.zsh'
[14.531s] Level 1:colcon.colcon_core.environment:create_file_with_runtime_dependencies(/home/jetbot/ece417/ws/install/py_pubsub/share/colcon-core/packages/py_pubsub)
[14.536s] Level 1:colcon.colcon_core.shell:create_environment_hook('jetbot_ros', 'pythonpath_develop')
[14.569s] DEBUG:colcon.colcon_core.event_handler.log_command:Invoked command in '/home/jetbot/ece417/ws/build/jetbot_ros' returned '0': PYTHONPATH=/home/jetbot/ece417/ws/build/jetbot_ros/prefix_override:/home/jetbot/ece417/ws/install/jetbot_ros/lib/python3.6/site-packages:${PYTHONPATH} /usr/bin/python3 setup.py develop --editable --build-directory /home/jetbot/ece417/ws/build/jetbot_ros/build --no-deps install_data
[14.580s] INFO:colcon.colcon_core.shell:Creating environment hook '/home/jetbot/ece417/ws/build/jetbot_ros/share/jetbot_ros/hook/pythonpath_develop.ps1'
[14.582s] INFO:colcon.colcon_core.shell:Creating environment descriptor '/home/jetbot/ece417/ws/build/jetbot_ros/share/jetbot_ros/hook/pythonpath_develop.dsv'
[14.584s] INFO:colcon.colcon_core.shell:Creating environment hook '/home/jetbot/ece417/ws/build/jetbot_ros/share/jetbot_ros/hook/pythonpath_develop.sh'
[14.643s] Level 1:colcon.colcon_core.environment:checking '/home/jetbot/ece417/ws/install/jetbot_ros' for CMake module files
[14.654s] Level 1:colcon.colcon_core.environment:checking '/home/jetbot/ece417/ws/install/jetbot_ros' for CMake config files
[14.659s] Level 1:colcon.colcon_core.environment:checking '/home/jetbot/ece417/ws/install/jetbot_ros/lib'
[14.660s] Level 1:colcon.colcon_core.environment:checking '/home/jetbot/ece417/ws/install/jetbot_ros/bin'
[14.660s] Level 1:colcon.colcon_core.environment:checking '/home/jetbot/ece417/ws/install/jetbot_ros/lib/pkgconfig/jetbot_ros.pc'
[14.661s] Level 1:colcon.colcon_core.environment:checking '/home/jetbot/ece417/ws/install/jetbot_ros/lib/python3.6/site-packages'
[14.661s] Level 1:colcon.colcon_core.shell:create_environment_hook('jetbot_ros', 'pythonpath')
[14.698s] INFO:colcon.colcon_core.shell:Creating environment hook '/home/jetbot/ece417/ws/install/jetbot_ros/share/jetbot_ros/hook/pythonpath.ps1'
[14.699s] INFO:colcon.colcon_core.shell:Creating environment descriptor '/home/jetbot/ece417/ws/install/jetbot_ros/share/jetbot_ros/hook/pythonpath.dsv'
[14.701s] INFO:colcon.colcon_core.shell:Creating environment hook '/home/jetbot/ece417/ws/install/jetbot_ros/share/jetbot_ros/hook/pythonpath.sh'
[14.703s] Level 1:colcon.colcon_core.environment:checking '/home/jetbot/ece417/ws/install/jetbot_ros/bin'
[14.703s] Level 1:colcon.colcon_core.environment:create_environment_scripts_only(jetbot_ros)
[14.742s] INFO:colcon.colcon_core.shell:Creating package script '/home/jetbot/ece417/ws/install/jetbot_ros/share/jetbot_ros/package.ps1'
[14.745s] INFO:colcon.colcon_core.shell:Creating package descriptor '/home/jetbot/ece417/ws/install/jetbot_ros/share/jetbot_ros/package.dsv'
[14.748s] INFO:colcon.colcon_core.shell:Creating package script '/home/jetbot/ece417/ws/install/jetbot_ros/share/jetbot_ros/package.sh'
[14.750s] INFO:colcon.colcon_core.shell:Creating package script '/home/jetbot/ece417/ws/install/jetbot_ros/share/jetbot_ros/package.bash'
[14.752s] INFO:colcon.colcon_core.shell:Creating package script '/home/jetbot/ece417/ws/install/jetbot_ros/share/jetbot_ros/package.zsh'
[14.755s] Level 1:colcon.colcon_core.environment:create_file_with_runtime_dependencies(/home/jetbot/ece417/ws/install/jetbot_ros/share/colcon-core/packages/jetbot_ros)
[14.756s] DEBUG:colcon.colcon_parallel_executor.executor.parallel:closing loop
[14.765s] DEBUG:colcon.colcon_parallel_executor.executor.parallel:loop closed
[14.766s] DEBUG:colcon.colcon_parallel_executor.executor.parallel:run_until_complete finished with '0'
[14.766s] DEBUG:colcon.colcon_core.event_reactor:joining thread
[14.801s] INFO:colcon.colcon_core.plugin_system:Skipping extension 'colcon_notification.desktop_notification.notify_send': Could not find 'notify-send'
[14.802s] INFO:colcon.colcon_core.plugin_system:Skipping extension 'colcon_notification.desktop_notification.terminal_notifier': Not used on non-Darwin systems
[14.803s] INFO:colcon.colcon_core.plugin_system:Skipping extension 'colcon_notification.desktop_notification.win32': Not used on non-Windows systems
[14.803s] INFO:colcon.colcon_notification.desktop_notification:Sending desktop notification using 'notify2'
[14.803s] DEBUG:colcon.colcon_notification.desktop_notification.notify2:Failed to initialize notify2: org.freedesktop.DBus.Error.NotSupported: Unable to autolaunch a dbus-daemon without a $DISPLAY for X11
[14.804s] DEBUG:colcon.colcon_core.event_reactor:joined thread
[14.851s] INFO:colcon.colcon_core.shell:Creating prefix script '/home/jetbot/ece417/ws/install/local_setup.ps1'
[14.857s] INFO:colcon.colcon_core.shell:Creating prefix util module '/home/jetbot/ece417/ws/install/_local_setup_util_ps1.py'
[14.866s] INFO:colcon.colcon_core.shell:Creating prefix chain script '/home/jetbot/ece417/ws/install/setup.ps1'
[14.881s] INFO:colcon.colcon_core.shell:Creating prefix script '/home/jetbot/ece417/ws/install/local_setup.sh'
[14.884s] INFO:colcon.colcon_core.shell:Creating prefix util module '/home/jetbot/ece417/ws/install/_local_setup_util_sh.py'
[14.886s] INFO:colcon.colcon_core.shell:Creating prefix chain script '/home/jetbot/ece417/ws/install/setup.sh'
[14.902s] INFO:colcon.colcon_core.shell:Creating prefix script '/home/jetbot/ece417/ws/install/local_setup.bash'
[14.904s] INFO:colcon.colcon_core.shell:Creating prefix chain script '/home/jetbot/ece417/ws/install/setup.bash'
[14.920s] INFO:colcon.colcon_core.shell:Creating prefix script '/home/jetbot/ece417/ws/install/local_setup.zsh'
[14.922s] INFO:colcon.colcon_core.shell:Creating prefix chain script '/home/jetbot/ece417/ws/install/setup.zsh'
