running develop
/usr/local/lib/python3.6/dist-packages/setuptools/command/easy_install.py:159: EasyInstallDeprecationWarning: easy_install command is deprecated. Use build and pip and other standards-based tools.
  EasyInstallDeprecationWarning,
/usr/local/lib/python3.6/dist-packages/setuptools/command/install.py:37: SetuptoolsDeprecationWarning: setup.py install is deprecated. Use build and pip and other standards-based tools.
  setuptools.SetuptoolsDeprecationWarning,
running egg_info
writing py_pubsub.egg-info/PKG-INFO
writing dependency_links to py_pubsub.egg-info/dependency_links.txt
writing entry points to py_pubsub.egg-info/entry_points.txt
writing requirements to py_pubsub.egg-info/requires.txt
writing top-level names to py_pubsub.egg-info/top_level.txt
reading manifest file 'py_pubsub.egg-info/SOURCES.txt'
writing manifest file 'py_pubsub.egg-info/SOURCES.txt'
running build_ext
Creating /home/jetbot/ece417/ws/install/py_pubsub/lib/python3.6/site-packages/py-pubsub.egg-link (link to .)
Installing listener script to /home/jetbot/ece417/ws/install/py_pubsub/lib/py_pubsub
Installing move2aruco script to /home/jetbot/ece417/ws/install/py_pubsub/lib/py_pubsub
Installing talker script to /home/jetbot/ece417/ws/install/py_pubsub/lib/py_pubsub

Installed /home/jetbot/ece417/ws/build/py_pubsub
running install_data
