[7.087s] Invoking command in '/home/jetbot/ece417/ws/build/py_pubsub': PYTHONPATH=/home/jetbot/ece417/ws/build/py_pubsub/prefix_override:/home/jetbot/ece417/ws/install/py_pubsub/lib/python3.6/site-packages:${PYTHONPATH} /usr/bin/python3 setup.py develop --editable --build-directory /home/jetbot/ece417/ws/build/py_pubsub/build --no-deps install_data
[8.890s] running develop
[8.895s] /usr/local/lib/python3.6/dist-packages/setuptools/command/easy_install.py:159: EasyInstallDeprecationWarning: easy_install command is deprecated. Use build and pip and other standards-based tools.
[8.896s]   EasyInstallDeprecationWarning,
[8.903s] /usr/local/lib/python3.6/dist-packages/setuptools/command/install.py:37: SetuptoolsDeprecationWarning: setup.py install is deprecated. Use build and pip and other standards-based tools.
[8.903s]   setuptools.SetuptoolsDeprecationWarning,
[9.859s] running egg_info
[9.859s] writing py_pubsub.egg-info/PKG-INFO
[9.861s] writing dependency_links to py_pubsub.egg-info/dependency_links.txt
[9.862s] writing entry points to py_pubsub.egg-info/entry_points.txt
[9.862s] writing requirements to py_pubsub.egg-info/requires.txt
[9.863s] writing top-level names to py_pubsub.egg-info/top_level.txt
[9.873s] reading manifest file 'py_pubsub.egg-info/SOURCES.txt'
[9.879s] writing manifest file 'py_pubsub.egg-info/SOURCES.txt'
[10.092s] running build_ext
[10.093s] Creating /home/jetbot/ece417/ws/install/py_pubsub/lib/python3.6/site-packages/py-pubsub.egg-link (link to .)
[10.097s] Installing listener script to /home/jetbot/ece417/ws/install/py_pubsub/lib/py_pubsub
[10.098s] Installing move2aruco script to /home/jetbot/ece417/ws/install/py_pubsub/lib/py_pubsub
[10.099s] Installing talker script to /home/jetbot/ece417/ws/install/py_pubsub/lib/py_pubsub
[10.099s] 
[10.100s] Installed /home/jetbot/ece417/ws/build/py_pubsub
[10.101s] running install_data
[10.260s] Invoked command in '/home/jetbot/ece417/ws/build/py_pubsub' returned '0': PYTHONPATH=/home/jetbot/ece417/ws/build/py_pubsub/prefix_override:/home/jetbot/ece417/ws/install/py_pubsub/lib/python3.6/site-packages:${PYTHONPATH} /usr/bin/python3 setup.py develop --editable --build-directory /home/jetbot/ece417/ws/build/py_pubsub/build --no-deps install_data
