[0.222s] Invoking command in '/home/jetbot/ece417/ws/build/aruco_opencv': CMAKE_PREFIX_PATH=/home/jetbot/ece417/ws/install/aruco_opencv_msgs:/home/jetbot/ece417/ws/install/gscam:/home/jetbot/ece417/ws/install/aruco_opencv:/home/jetbot/ece417/ws/install/py_pubsub:/home/jetbot/ece417/ws/install/jetbot_ros:/ros_deep_learning/install/ros_deep_learning:/opt/ros/humble/install LD_LIBRARY_PATH=/home/jetbot/ece417/ws/install/aruco_opencv_msgs/lib:/home/jetbot/ece417/ws/install/gscam/lib:/home/jetbot/ece417/ws/install/aruco_opencv/lib:/opt/ros/humble/install/lib:/usr/local/cuda/lib64:/usr/local/cuda-10.2/targets/aarch64-linux/lib PYTHONPATH=/home/jetbot/ece417/ws/install/aruco_opencv_msgs/lib/python3.6/site-packages:/home/jetbot/ece417/ws/build/py_pubsub:/home/jetbot/ece417/ws/install/py_pubsub/lib/python3.6/site-packages:/home/jetbot/ece417/ws/build/jetbot_ros:/home/jetbot/ece417/ws/install/jetbot_ros/lib/python3.6/site-packages:/opt/ros/humble/install/lib/python3.6/site-packages /usr/local/bin/cmake --build /home/jetbot/ece417/ws/build/aruco_opencv -- -j4 -l4
[0.559s] [ 28%] Built target aruco_tracker
[0.568s] [ 57%] Built target aruco_tracker_autostart
[0.570s] [100%] Built target aruco_opencv
[0.609s] Invoked command in '/home/jetbot/ece417/ws/build/aruco_opencv' returned '0': CMAKE_PREFIX_PATH=/home/jetbot/ece417/ws/install/aruco_opencv_msgs:/home/jetbot/ece417/ws/install/gscam:/home/jetbot/ece417/ws/install/aruco_opencv:/home/jetbot/ece417/ws/install/py_pubsub:/home/jetbot/ece417/ws/install/jetbot_ros:/ros_deep_learning/install/ros_deep_learning:/opt/ros/humble/install LD_LIBRARY_PATH=/home/jetbot/ece417/ws/install/aruco_opencv_msgs/lib:/home/jetbot/ece417/ws/install/gscam/lib:/home/jetbot/ece417/ws/install/aruco_opencv/lib:/opt/ros/humble/install/lib:/usr/local/cuda/lib64:/usr/local/cuda-10.2/targets/aarch64-linux/lib PYTHONPATH=/home/jetbot/ece417/ws/install/aruco_opencv_msgs/lib/python3.6/site-packages:/home/jetbot/ece417/ws/build/py_pubsub:/home/jetbot/ece417/ws/install/py_pubsub/lib/python3.6/site-packages:/home/jetbot/ece417/ws/build/jetbot_ros:/home/jetbot/ece417/ws/install/jetbot_ros/lib/python3.6/site-packages:/opt/ros/humble/install/lib/python3.6/site-packages /usr/local/bin/cmake --build /home/jetbot/ece417/ws/build/aruco_opencv -- -j4 -l4
[0.913s] Invoking command in '/home/jetbot/ece417/ws/build/aruco_opencv': CMAKE_PREFIX_PATH=/home/jetbot/ece417/ws/install/aruco_opencv_msgs:/home/jetbot/ece417/ws/install/gscam:/home/jetbot/ece417/ws/install/aruco_opencv:/home/jetbot/ece417/ws/install/py_pubsub:/home/jetbot/ece417/ws/install/jetbot_ros:/ros_deep_learning/install/ros_deep_learning:/opt/ros/humble/install LD_LIBRARY_PATH=/home/jetbot/ece417/ws/install/aruco_opencv_msgs/lib:/home/jetbot/ece417/ws/install/gscam/lib:/home/jetbot/ece417/ws/install/aruco_opencv/lib:/opt/ros/humble/install/lib:/usr/local/cuda/lib64:/usr/local/cuda-10.2/targets/aarch64-linux/lib PYTHONPATH=/home/jetbot/ece417/ws/install/aruco_opencv_msgs/lib/python3.6/site-packages:/home/jetbot/ece417/ws/build/py_pubsub:/home/jetbot/ece417/ws/install/py_pubsub/lib/python3.6/site-packages:/home/jetbot/ece417/ws/build/jetbot_ros:/home/jetbot/ece417/ws/install/jetbot_ros/lib/python3.6/site-packages:/opt/ros/humble/install/lib/python3.6/site-packages /usr/local/bin/cmake --install /home/jetbot/ece417/ws/build/aruco_opencv
[1.089s] -- Install configuration: ""
[1.092s] -- Execute custom install script
[1.094s] -- Up-to-date symlink: /home/jetbot/ece417/ws/install/aruco_opencv/lib/aruco_opencv/aruco_tracker
[1.096s] -- Up-to-date symlink: /home/jetbot/ece417/ws/install/aruco_opencv/lib/aruco_opencv/aruco_tracker_autostart
[1.098s] -- Up-to-date symlink: /home/jetbot/ece417/ws/install/aruco_opencv/lib/libaruco_opencv.so
[1.100s] -- Up-to-date symlink: /home/jetbot/ece417/ws/install/aruco_opencv/share/aruco_opencv/config/aruco_tracker.yaml
[1.101s] -- Up-to-date symlink: /home/jetbot/ece417/ws/install/aruco_opencv/share/aruco_opencv/config/board_descriptions.yaml
[1.104s] -- Up-to-date symlink: /home/jetbot/ece417/ws/install/aruco_opencv/share/aruco_opencv/launch/aruco.launch.xml
[1.106s] -- Up-to-date symlink: /home/jetbot/ece417/ws/install/aruco_opencv/share/aruco_opencv/launch/aruco_tracker.launch.xml
[1.106s] -- Up-to-date symlink: /home/jetbot/ece417/ws/install/aruco_opencv/lib/aruco_opencv/create_board
[1.107s] -- Up-to-date symlink: /home/jetbot/ece417/ws/install/aruco_opencv/lib/aruco_opencv/create_marker
[1.109s] -- Up-to-date symlink: /home/jetbot/ece417/ws/install/aruco_opencv/share/ament_index/resource_index/package_run_dependencies/aruco_opencv
[1.110s] -- Up-to-date symlink: /home/jetbot/ece417/ws/install/aruco_opencv/share/ament_index/resource_index/parent_prefix_path/aruco_opencv
[1.111s] -- Up-to-date symlink: /home/jetbot/ece417/ws/install/aruco_opencv/share/aruco_opencv/environment/ament_prefix_path.sh
[1.112s] -- Up-to-date symlink: /home/jetbot/ece417/ws/install/aruco_opencv/share/aruco_opencv/environment/ament_prefix_path.dsv
[1.113s] -- Up-to-date symlink: /home/jetbot/ece417/ws/install/aruco_opencv/share/aruco_opencv/environment/path.sh
[1.114s] -- Up-to-date symlink: /home/jetbot/ece417/ws/install/aruco_opencv/share/aruco_opencv/environment/path.dsv
[1.114s] -- Up-to-date symlink: /home/jetbot/ece417/ws/install/aruco_opencv/share/aruco_opencv/local_setup.bash
[1.115s] -- Up-to-date symlink: /home/jetbot/ece417/ws/install/aruco_opencv/share/aruco_opencv/local_setup.sh
[1.116s] -- Up-to-date symlink: /home/jetbot/ece417/ws/install/aruco_opencv/share/aruco_opencv/local_setup.zsh
[1.117s] -- Up-to-date symlink: /home/jetbot/ece417/ws/install/aruco_opencv/share/aruco_opencv/local_setup.dsv
[1.117s] -- Symlinking: /home/jetbot/ece417/ws/install/aruco_opencv/share/aruco_opencv/package.dsv
[1.127s] -- Up-to-date symlink: /home/jetbot/ece417/ws/install/aruco_opencv/share/ament_index/resource_index/packages/aruco_opencv
[1.128s] -- Up-to-date symlink: /home/jetbot/ece417/ws/install/aruco_opencv/share/ament_index/resource_index/rclcpp_components/aruco_opencv
[1.129s] -- Up-to-date symlink: /home/jetbot/ece417/ws/install/aruco_opencv/share/aruco_opencv/cmake/aruco_opencvConfig.cmake
[1.130s] -- Up-to-date symlink: /home/jetbot/ece417/ws/install/aruco_opencv/share/aruco_opencv/cmake/aruco_opencvConfig-version.cmake
[1.130s] -- Up-to-date symlink: /home/jetbot/ece417/ws/install/aruco_opencv/share/aruco_opencv/package.xml
[1.167s] Invoked command in '/home/jetbot/ece417/ws/build/aruco_opencv' returned '0': CMAKE_PREFIX_PATH=/home/jetbot/ece417/ws/install/aruco_opencv_msgs:/home/jetbot/ece417/ws/install/gscam:/home/jetbot/ece417/ws/install/aruco_opencv:/home/jetbot/ece417/ws/install/py_pubsub:/home/jetbot/ece417/ws/install/jetbot_ros:/ros_deep_learning/install/ros_deep_learning:/opt/ros/humble/install LD_LIBRARY_PATH=/home/jetbot/ece417/ws/install/aruco_opencv_msgs/lib:/home/jetbot/ece417/ws/install/gscam/lib:/home/jetbot/ece417/ws/install/aruco_opencv/lib:/opt/ros/humble/install/lib:/usr/local/cuda/lib64:/usr/local/cuda-10.2/targets/aarch64-linux/lib PYTHONPATH=/home/jetbot/ece417/ws/install/aruco_opencv_msgs/lib/python3.6/site-packages:/home/jetbot/ece417/ws/build/py_pubsub:/home/jetbot/ece417/ws/install/py_pubsub/lib/python3.6/site-packages:/home/jetbot/ece417/ws/build/jetbot_ros:/home/jetbot/ece417/ws/install/jetbot_ros/lib/python3.6/site-packages:/opt/ros/humble/install/lib/python3.6/site-packages /usr/local/bin/cmake --install /home/jetbot/ece417/ws/build/aruco_opencv
