[3.527s] DEBUG:colcon:Command line arguments: ['/usr/bin/colcon', 'build', '--symlink-install']
[3.528s] DEBUG:colcon:Parsed command line arguments: Namespace(ament_cmake_args=None, base_paths=['.'], build_base='build', catkin_cmake_args=None, catkin_skip_building_tests=False, cmake_args=None, cmake_clean_cache=False, cmake_clean_first=False, cmake_force_configure=False, cmake_target=None, cmake_target_skip_unavailable=False, continue_on_error=False, event_handlers=None, executor='parallel', ignore_user_meta=False, install_base='install', log_base=None, log_level=None, main=<bound method BuildVerb.main of <colcon_core.verb.build.BuildVerb object at 0x7f8bbb7550>>, merge_install=False, metas=['./colcon.meta'], packages_above=None, packages_above_and_dependencies=None, packages_above_depth=None, packages_end=None, packages_ignore=None, packages_ignore_regex=None, packages_select=None, packages_select_build_failed=False, packages_select_by_dep=None, packages_select_regex=None, packages_select_test_failures=False, packages_skip=None, packages_skip_build_finished=False, packages_skip_by_dep=None, packages_skip_regex=None, packages_skip_test_passed=False, packages_skip_up_to=None, packages_start=None, packages_up_to=None, packages_up_to_regex=None, parallel_workers=4, paths=None, symlink_install=True, test_result_base=None, verb_extension=<colcon_core.verb.build.BuildVerb object at 0x7f8bbb7550>, verb_name='build', verb_parser=<colcon_defaults.argument_parser.defaults.DefaultArgumentsDecorator object at 0x7f8bb3f0f0>)
[3.888s] Level 1:colcon.colcon_core.package_discovery:discover_packages(colcon_meta) check parameters
[3.889s] Level 1:colcon.colcon_core.package_discovery:discover_packages(recursive) check parameters
[3.889s] Level 1:colcon.colcon_core.package_discovery:discover_packages(ignore) check parameters
[3.889s] Level 1:colcon.colcon_core.package_discovery:discover_packages(path) check parameters
[3.889s] Level 1:colcon.colcon_core.package_discovery:discover_packages(colcon_meta) discover
[3.891s] Level 1:colcon.colcon_core.package_discovery:discover_packages(recursive) discover
[3.892s] INFO:colcon.colcon_core.package_discovery:Crawling recursively for packages in '/home/jetbot/ece417/ws'
[3.892s] Level 1:colcon.colcon_core.package_identification:_identify(.) by extensions ['ignore', 'ignore_ament_install']
[3.893s] Level 1:colcon.colcon_core.package_identification:_identify(.) by extension 'ignore'
[3.893s] Level 1:colcon.colcon_core.package_identification:_identify(.) by extension 'ignore_ament_install'
[3.893s] Level 1:colcon.colcon_core.package_identification:_identify(.) by extensions ['colcon_pkg']
[3.894s] Level 1:colcon.colcon_core.package_identification:_identify(.) by extension 'colcon_pkg'
[3.894s] Level 1:colcon.colcon_core.package_identification:_identify(.) by extensions ['colcon_meta']
[3.894s] Level 1:colcon.colcon_core.package_identification:_identify(.) by extension 'colcon_meta'
[3.895s] Level 1:colcon.colcon_core.package_identification:_identify(.) by extensions ['ros']
[3.895s] Level 1:colcon.colcon_core.package_identification:_identify(.) by extension 'ros'
[4.142s] Level 1:colcon.colcon_core.package_identification:_identify(.) by extensions ['cmake', 'python']
[4.142s] Level 1:colcon.colcon_core.package_identification:_identify(.) by extension 'cmake'
[4.143s] Level 1:colcon.colcon_core.package_identification:_identify(.) by extension 'python'
[4.143s] Level 1:colcon.colcon_core.package_identification:_identify(.) by extensions ['python_setup_py']
[4.143s] Level 1:colcon.colcon_core.package_identification:_identify(.) by extension 'python_setup_py'
[4.144s] Level 1:colcon.colcon_core.package_identification:_identify(build) by extensions ['ignore', 'ignore_ament_install']
[4.144s] Level 1:colcon.colcon_core.package_identification:_identify(build) by extension 'ignore'
[4.144s] Level 1:colcon.colcon_core.package_identification:_identify(build) ignored
[4.146s] Level 1:colcon.colcon_core.package_identification:_identify(install) by extensions ['ignore', 'ignore_ament_install']
[4.147s] Level 1:colcon.colcon_core.package_identification:_identify(install) by extension 'ignore'
[4.147s] Level 1:colcon.colcon_core.package_identification:_identify(install) ignored
[4.147s] Level 1:colcon.colcon_core.package_identification:_identify(log) by extensions ['ignore', 'ignore_ament_install']
[4.148s] Level 1:colcon.colcon_core.package_identification:_identify(log) by extension 'ignore'
[4.148s] Level 1:colcon.colcon_core.package_identification:_identify(log) ignored
[4.149s] Level 1:colcon.colcon_core.package_identification:_identify(src) by extensions ['ignore', 'ignore_ament_install']
[4.149s] Level 1:colcon.colcon_core.package_identification:_identify(src) by extension 'ignore'
[4.149s] Level 1:colcon.colcon_core.package_identification:_identify(src) by extension 'ignore_ament_install'
[4.150s] Level 1:colcon.colcon_core.package_identification:_identify(src) by extensions ['colcon_pkg']
[4.150s] Level 1:colcon.colcon_core.package_identification:_identify(src) by extension 'colcon_pkg'
[4.150s] Level 1:colcon.colcon_core.package_identification:_identify(src) by extensions ['colcon_meta']
[4.150s] Level 1:colcon.colcon_core.package_identification:_identify(src) by extension 'colcon_meta'
[4.150s] Level 1:colcon.colcon_core.package_identification:_identify(src) by extensions ['ros']
[4.151s] Level 1:colcon.colcon_core.package_identification:_identify(src) by extension 'ros'
[4.151s] Level 1:colcon.colcon_core.package_identification:_identify(src) by extensions ['cmake', 'python']
[4.151s] Level 1:colcon.colcon_core.package_identification:_identify(src) by extension 'cmake'
[4.152s] Level 1:colcon.colcon_core.package_identification:_identify(src) by extension 'python'
[4.152s] Level 1:colcon.colcon_core.package_identification:_identify(src) by extensions ['python_setup_py']
[4.152s] Level 1:colcon.colcon_core.package_identification:_identify(src) by extension 'python_setup_py'
[4.153s] Level 1:colcon.colcon_core.package_identification:_identify(src/gscam) by extensions ['ignore', 'ignore_ament_install']
[4.153s] Level 1:colcon.colcon_core.package_identification:_identify(src/gscam) by extension 'ignore'
[4.153s] Level 1:colcon.colcon_core.package_identification:_identify(src/gscam) by extension 'ignore_ament_install'
[4.154s] Level 1:colcon.colcon_core.package_identification:_identify(src/gscam) by extensions ['colcon_pkg']
[4.154s] Level 1:colcon.colcon_core.package_identification:_identify(src/gscam) by extension 'colcon_pkg'
[4.154s] Level 1:colcon.colcon_core.package_identification:_identify(src/gscam) by extensions ['colcon_meta']
[4.154s] Level 1:colcon.colcon_core.package_identification:_identify(src/gscam) by extension 'colcon_meta'
[4.155s] Level 1:colcon.colcon_core.package_identification:_identify(src/gscam) by extensions ['ros']
[4.155s] Level 1:colcon.colcon_core.package_identification:_identify(src/gscam) by extension 'ros'
[4.184s] DEBUG:colcon.colcon_core.package_identification:Package 'src/gscam' with type 'ros.ament_cmake' and name 'gscam'
[4.185s] Level 1:colcon.colcon_core.package_identification:_identify(src/jetbot_ros) by extensions ['ignore', 'ignore_ament_install']
[4.186s] Level 1:colcon.colcon_core.package_identification:_identify(src/jetbot_ros) by extension 'ignore'
[4.186s] Level 1:colcon.colcon_core.package_identification:_identify(src/jetbot_ros) by extension 'ignore_ament_install'
[4.186s] Level 1:colcon.colcon_core.package_identification:_identify(src/jetbot_ros) by extensions ['colcon_pkg']
[4.187s] Level 1:colcon.colcon_core.package_identification:_identify(src/jetbot_ros) by extension 'colcon_pkg'
[4.187s] Level 1:colcon.colcon_core.package_identification:_identify(src/jetbot_ros) by extensions ['colcon_meta']
[4.187s] Level 1:colcon.colcon_core.package_identification:_identify(src/jetbot_ros) by extension 'colcon_meta'
[4.187s] Level 1:colcon.colcon_core.package_identification:_identify(src/jetbot_ros) by extensions ['ros']
[4.187s] Level 1:colcon.colcon_core.package_identification:_identify(src/jetbot_ros) by extension 'ros'
[4.191s] DEBUG:colcon.colcon_core.package_identification:Package 'src/jetbot_ros' with type 'ros.ament_python' and name 'jetbot_ros'
[4.192s] Level 1:colcon.colcon_core.package_identification:_identify(src/py_pubsub) by extensions ['ignore', 'ignore_ament_install']
[4.192s] Level 1:colcon.colcon_core.package_identification:_identify(src/py_pubsub) by extension 'ignore'
[4.193s] Level 1:colcon.colcon_core.package_identification:_identify(src/py_pubsub) by extension 'ignore_ament_install'
[4.193s] Level 1:colcon.colcon_core.package_identification:_identify(src/py_pubsub) by extensions ['colcon_pkg']
[4.193s] Level 1:colcon.colcon_core.package_identification:_identify(src/py_pubsub) by extension 'colcon_pkg'
[4.193s] Level 1:colcon.colcon_core.package_identification:_identify(src/py_pubsub) by extensions ['colcon_meta']
[4.193s] Level 1:colcon.colcon_core.package_identification:_identify(src/py_pubsub) by extension 'colcon_meta'
[4.194s] Level 1:colcon.colcon_core.package_identification:_identify(src/py_pubsub) by extensions ['ros']
[4.194s] Level 1:colcon.colcon_core.package_identification:_identify(src/py_pubsub) by extension 'ros'
[4.197s] DEBUG:colcon.colcon_core.package_identification:Package 'src/py_pubsub' with type 'ros.ament_python' and name 'py_pubsub'
[4.198s] Level 1:colcon.colcon_core.package_identification:_identify(src/ros_aruco_opencv) by extensions ['ignore', 'ignore_ament_install']
[4.199s] Level 1:colcon.colcon_core.package_identification:_identify(src/ros_aruco_opencv) by extension 'ignore'
[4.199s] Level 1:colcon.colcon_core.package_identification:_identify(src/ros_aruco_opencv) by extension 'ignore_ament_install'
[4.199s] Level 1:colcon.colcon_core.package_identification:_identify(src/ros_aruco_opencv) by extensions ['colcon_pkg']
[4.200s] Level 1:colcon.colcon_core.package_identification:_identify(src/ros_aruco_opencv) by extension 'colcon_pkg'
[4.200s] Level 1:colcon.colcon_core.package_identification:_identify(src/ros_aruco_opencv) by extensions ['colcon_meta']
[4.200s] Level 1:colcon.colcon_core.package_identification:_identify(src/ros_aruco_opencv) by extension 'colcon_meta'
[4.200s] Level 1:colcon.colcon_core.package_identification:_identify(src/ros_aruco_opencv) by extensions ['ros']
[4.201s] Level 1:colcon.colcon_core.package_identification:_identify(src/ros_aruco_opencv) by extension 'ros'
[4.201s] Level 1:colcon.colcon_core.package_identification:_identify(src/ros_aruco_opencv) by extensions ['cmake', 'python']
[4.201s] Level 1:colcon.colcon_core.package_identification:_identify(src/ros_aruco_opencv) by extension 'cmake'
[4.202s] Level 1:colcon.colcon_core.package_identification:_identify(src/ros_aruco_opencv) by extension 'python'
[4.202s] Level 1:colcon.colcon_core.package_identification:_identify(src/ros_aruco_opencv) by extensions ['python_setup_py']
[4.202s] Level 1:colcon.colcon_core.package_identification:_identify(src/ros_aruco_opencv) by extension 'python_setup_py'
[4.203s] Level 1:colcon.colcon_core.package_identification:_identify(src/ros_aruco_opencv/aruco_opencv) by extensions ['ignore', 'ignore_ament_install']
[4.203s] Level 1:colcon.colcon_core.package_identification:_identify(src/ros_aruco_opencv/aruco_opencv) by extension 'ignore'
[4.204s] Level 1:colcon.colcon_core.package_identification:_identify(src/ros_aruco_opencv/aruco_opencv) by extension 'ignore_ament_install'
[4.204s] Level 1:colcon.colcon_core.package_identification:_identify(src/ros_aruco_opencv/aruco_opencv) by extensions ['colcon_pkg']
[4.204s] Level 1:colcon.colcon_core.package_identification:_identify(src/ros_aruco_opencv/aruco_opencv) by extension 'colcon_pkg'
[4.204s] Level 1:colcon.colcon_core.package_identification:_identify(src/ros_aruco_opencv/aruco_opencv) by extensions ['colcon_meta']
[4.205s] Level 1:colcon.colcon_core.package_identification:_identify(src/ros_aruco_opencv/aruco_opencv) by extension 'colcon_meta'
[4.205s] Level 1:colcon.colcon_core.package_identification:_identify(src/ros_aruco_opencv/aruco_opencv) by extensions ['ros']
[4.205s] Level 1:colcon.colcon_core.package_identification:_identify(src/ros_aruco_opencv/aruco_opencv) by extension 'ros'
[4.211s] DEBUG:colcon.colcon_core.package_identification:Package 'src/ros_aruco_opencv/aruco_opencv' with type 'ros.ament_cmake' and name 'aruco_opencv'
[4.212s] Level 1:colcon.colcon_core.package_identification:_identify(src/ros_aruco_opencv/aruco_opencv_msgs) by extensions ['ignore', 'ignore_ament_install']
[4.212s] Level 1:colcon.colcon_core.package_identification:_identify(src/ros_aruco_opencv/aruco_opencv_msgs) by extension 'ignore'
[4.212s] Level 1:colcon.colcon_core.package_identification:_identify(src/ros_aruco_opencv/aruco_opencv_msgs) by extension 'ignore_ament_install'
[4.213s] Level 1:colcon.colcon_core.package_identification:_identify(src/ros_aruco_opencv/aruco_opencv_msgs) by extensions ['colcon_pkg']
[4.213s] Level 1:colcon.colcon_core.package_identification:_identify(src/ros_aruco_opencv/aruco_opencv_msgs) by extension 'colcon_pkg'
[4.213s] Level 1:colcon.colcon_core.package_identification:_identify(src/ros_aruco_opencv/aruco_opencv_msgs) by extensions ['colcon_meta']
[4.213s] Level 1:colcon.colcon_core.package_identification:_identify(src/ros_aruco_opencv/aruco_opencv_msgs) by extension 'colcon_meta'
[4.214s] Level 1:colcon.colcon_core.package_identification:_identify(src/ros_aruco_opencv/aruco_opencv_msgs) by extensions ['ros']
[4.214s] Level 1:colcon.colcon_core.package_identification:_identify(src/ros_aruco_opencv/aruco_opencv_msgs) by extension 'ros'
[4.218s] DEBUG:colcon.colcon_core.package_identification:Package 'src/ros_aruco_opencv/aruco_opencv_msgs' with type 'ros.ament_cmake' and name 'aruco_opencv_msgs'
[4.218s] Level 1:colcon.colcon_core.package_discovery:discover_packages(recursive) using defaults
[4.219s] Level 1:colcon.colcon_core.package_discovery:discover_packages(ignore) discover
[4.219s] Level 1:colcon.colcon_core.package_discovery:discover_packages(ignore) using defaults
[4.220s] Level 1:colcon.colcon_core.package_discovery:discover_packages(path) discover
[4.220s] Level 1:colcon.colcon_core.package_discovery:discover_packages(path) using defaults
[4.468s] Level 5:colcon.colcon_core.verb:set package 'aruco_opencv_msgs' build argument 'cmake_args' from command line to 'None'
[4.468s] Level 5:colcon.colcon_core.verb:set package 'aruco_opencv_msgs' build argument 'cmake_target' from command line to 'None'
[4.469s] Level 5:colcon.colcon_core.verb:set package 'aruco_opencv_msgs' build argument 'cmake_target_skip_unavailable' from command line to 'False'
[4.469s] Level 5:colcon.colcon_core.verb:set package 'aruco_opencv_msgs' build argument 'cmake_clean_cache' from command line to 'False'
[4.469s] Level 5:colcon.colcon_core.verb:set package 'aruco_opencv_msgs' build argument 'cmake_clean_first' from command line to 'False'
[4.469s] Level 5:colcon.colcon_core.verb:set package 'aruco_opencv_msgs' build argument 'cmake_force_configure' from command line to 'False'
[4.469s] Level 5:colcon.colcon_core.verb:set package 'aruco_opencv_msgs' build argument 'ament_cmake_args' from command line to 'None'
[4.469s] Level 5:colcon.colcon_core.verb:set package 'aruco_opencv_msgs' build argument 'catkin_cmake_args' from command line to 'None'
[4.470s] Level 5:colcon.colcon_core.verb:set package 'aruco_opencv_msgs' build argument 'catkin_skip_building_tests' from command line to 'False'
[4.470s] DEBUG:colcon.colcon_core.verb:Building package 'aruco_opencv_msgs' with the following arguments: {'ament_cmake_args': None, 'build_base': '/home/jetbot/ece417/ws/build/aruco_opencv_msgs', 'catkin_cmake_args': None, 'catkin_skip_building_tests': False, 'cmake_args': None, 'cmake_clean_cache': False, 'cmake_clean_first': False, 'cmake_force_configure': False, 'cmake_target': None, 'cmake_target_skip_unavailable': False, 'install_base': '/home/jetbot/ece417/ws/install/aruco_opencv_msgs', 'merge_install': False, 'path': '/home/jetbot/ece417/ws/src/ros_aruco_opencv/aruco_opencv_msgs', 'symlink_install': True, 'test_result_base': None}
[4.488s] Level 5:colcon.colcon_core.verb:set package 'gscam' build argument 'cmake_args' from command line to 'None'
[4.488s] Level 5:colcon.colcon_core.verb:set package 'gscam' build argument 'cmake_target' from command line to 'None'
[4.488s] Level 5:colcon.colcon_core.verb:set package 'gscam' build argument 'cmake_target_skip_unavailable' from command line to 'False'
[4.488s] Level 5:colcon.colcon_core.verb:set package 'gscam' build argument 'cmake_clean_cache' from command line to 'False'
[4.488s] Level 5:colcon.colcon_core.verb:set package 'gscam' build argument 'cmake_clean_first' from command line to 'False'
[4.488s] Level 5:colcon.colcon_core.verb:set package 'gscam' build argument 'cmake_force_configure' from command line to 'False'
[4.489s] Level 5:colcon.colcon_core.verb:set package 'gscam' build argument 'ament_cmake_args' from command line to 'None'
[4.489s] Level 5:colcon.colcon_core.verb:set package 'gscam' build argument 'catkin_cmake_args' from command line to 'None'
[4.489s] Level 5:colcon.colcon_core.verb:set package 'gscam' build argument 'catkin_skip_building_tests' from command line to 'False'
[4.489s] DEBUG:colcon.colcon_core.verb:Building package 'gscam' with the following arguments: {'ament_cmake_args': None, 'build_base': '/home/jetbot/ece417/ws/build/gscam', 'catkin_cmake_args': None, 'catkin_skip_building_tests': False, 'cmake_args': None, 'cmake_clean_cache': False, 'cmake_clean_first': False, 'cmake_force_configure': False, 'cmake_target': None, 'cmake_target_skip_unavailable': False, 'install_base': '/home/jetbot/ece417/ws/install/gscam', 'merge_install': False, 'path': '/home/jetbot/ece417/ws/src/gscam', 'symlink_install': True, 'test_result_base': None}
[4.507s] Level 5:colcon.colcon_core.verb:set package 'jetbot_ros' build argument 'cmake_args' from command line to 'None'
[4.507s] Level 5:colcon.colcon_core.verb:set package 'jetbot_ros' build argument 'cmake_target' from command line to 'None'
[4.507s] Level 5:colcon.colcon_core.verb:set package 'jetbot_ros' build argument 'cmake_target_skip_unavailable' from command line to 'False'
[4.507s] Level 5:colcon.colcon_core.verb:set package 'jetbot_ros' build argument 'cmake_clean_cache' from command line to 'False'
[4.507s] Level 5:colcon.colcon_core.verb:set package 'jetbot_ros' build argument 'cmake_clean_first' from command line to 'False'
[4.507s] Level 5:colcon.colcon_core.verb:set package 'jetbot_ros' build argument 'cmake_force_configure' from command line to 'False'
[4.508s] Level 5:colcon.colcon_core.verb:set package 'jetbot_ros' build argument 'ament_cmake_args' from command line to 'None'
[4.508s] Level 5:colcon.colcon_core.verb:set package 'jetbot_ros' build argument 'catkin_cmake_args' from command line to 'None'
[4.508s] Level 5:colcon.colcon_core.verb:set package 'jetbot_ros' build argument 'catkin_skip_building_tests' from command line to 'False'
[4.508s] DEBUG:colcon.colcon_core.verb:Building package 'jetbot_ros' with the following arguments: {'ament_cmake_args': None, 'build_base': '/home/jetbot/ece417/ws/build/jetbot_ros', 'catkin_cmake_args': None, 'catkin_skip_building_tests': False, 'cmake_args': None, 'cmake_clean_cache': False, 'cmake_clean_first': False, 'cmake_force_configure': False, 'cmake_target': None, 'cmake_target_skip_unavailable': False, 'install_base': '/home/jetbot/ece417/ws/install/jetbot_ros', 'merge_install': False, 'path': '/home/jetbot/ece417/ws/src/jetbot_ros', 'symlink_install': True, 'test_result_base': None}
[4.526s] Level 5:colcon.colcon_core.verb:set package 'py_pubsub' build argument 'cmake_args' from command line to 'None'
[4.526s] Level 5:colcon.colcon_core.verb:set package 'py_pubsub' build argument 'cmake_target' from command line to 'None'
[4.526s] Level 5:colcon.colcon_core.verb:set package 'py_pubsub' build argument 'cmake_target_skip_unavailable' from command line to 'False'
[4.526s] Level 5:colcon.colcon_core.verb:set package 'py_pubsub' build argument 'cmake_clean_cache' from command line to 'False'
[4.526s] Level 5:colcon.colcon_core.verb:set package 'py_pubsub' build argument 'cmake_clean_first' from command line to 'False'
[4.527s] Level 5:colcon.colcon_core.verb:set package 'py_pubsub' build argument 'cmake_force_configure' from command line to 'False'
[4.527s] Level 5:colcon.colcon_core.verb:set package 'py_pubsub' build argument 'ament_cmake_args' from command line to 'None'
[4.527s] Level 5:colcon.colcon_core.verb:set package 'py_pubsub' build argument 'catkin_cmake_args' from command line to 'None'
[4.527s] Level 5:colcon.colcon_core.verb:set package 'py_pubsub' build argument 'catkin_skip_building_tests' from command line to 'False'
[4.527s] DEBUG:colcon.colcon_core.verb:Building package 'py_pubsub' with the following arguments: {'ament_cmake_args': None, 'build_base': '/home/jetbot/ece417/ws/build/py_pubsub', 'catkin_cmake_args': None, 'catkin_skip_building_tests': False, 'cmake_args': None, 'cmake_clean_cache': False, 'cmake_clean_first': False, 'cmake_force_configure': False, 'cmake_target': None, 'cmake_target_skip_unavailable': False, 'install_base': '/home/jetbot/ece417/ws/install/py_pubsub', 'merge_install': False, 'path': '/home/jetbot/ece417/ws/src/py_pubsub', 'symlink_install': True, 'test_result_base': None}
[4.545s] Level 5:colcon.colcon_core.verb:set package 'aruco_opencv' build argument 'cmake_args' from command line to 'None'
[4.545s] Level 5:colcon.colcon_core.verb:set package 'aruco_opencv' build argument 'cmake_target' from command line to 'None'
[4.545s] Level 5:colcon.colcon_core.verb:set package 'aruco_opencv' build argument 'cmake_target_skip_unavailable' from command line to 'False'
[4.545s] Level 5:colcon.colcon_core.verb:set package 'aruco_opencv' build argument 'cmake_clean_cache' from command line to 'False'
[4.545s] Level 5:colcon.colcon_core.verb:set package 'aruco_opencv' build argument 'cmake_clean_first' from command line to 'False'
[4.545s] Level 5:colcon.colcon_core.verb:set package 'aruco_opencv' build argument 'cmake_force_configure' from command line to 'False'
[4.546s] Level 5:colcon.colcon_core.verb:set package 'aruco_opencv' build argument 'ament_cmake_args' from command line to 'None'
[4.546s] Level 5:colcon.colcon_core.verb:set package 'aruco_opencv' build argument 'catkin_cmake_args' from command line to 'None'
[4.546s] Level 5:colcon.colcon_core.verb:set package 'aruco_opencv' build argument 'catkin_skip_building_tests' from command line to 'False'
[4.546s] DEBUG:colcon.colcon_core.verb:Building package 'aruco_opencv' with the following arguments: {'ament_cmake_args': None, 'build_base': '/home/jetbot/ece417/ws/build/aruco_opencv', 'catkin_cmake_args': None, 'catkin_skip_building_tests': False, 'cmake_args': None, 'cmake_clean_cache': False, 'cmake_clean_first': False, 'cmake_force_configure': False, 'cmake_target': None, 'cmake_target_skip_unavailable': False, 'install_base': '/home/jetbot/ece417/ws/install/aruco_opencv', 'merge_install': False, 'path': '/home/jetbot/ece417/ws/src/ros_aruco_opencv/aruco_opencv', 'symlink_install': True, 'test_result_base': None}
[4.561s] INFO:colcon.colcon_core.executor:Executing jobs using 'parallel' executor
[4.644s] DEBUG:colcon.colcon_parallel_executor.executor.parallel:run_until_complete
[4.645s] INFO:colcon.colcon_ros.task.ament_cmake.build:Building ROS package in '/home/jetbot/ece417/ws/src/ros_aruco_opencv/aruco_opencv_msgs' with build type 'ament_cmake'
[4.646s] INFO:colcon.colcon_cmake.task.cmake.build:Building CMake package in '/home/jetbot/ece417/ws/src/ros_aruco_opencv/aruco_opencv_msgs'
[4.710s] INFO:colcon.colcon_core.plugin_system:Skipping extension 'colcon_core.shell.bat': Not used on non-Windows systems
[4.712s] INFO:colcon.colcon_core.shell:Skip shell extension 'powershell' for command environment: Not usable outside of PowerShell
[4.712s] DEBUG:colcon.colcon_core.shell:Skip shell extension 'dsv' for command environment
[4.816s] INFO:colcon.colcon_ros.task.ament_cmake.build:Building ROS package in '/home/jetbot/ece417/ws/src/gscam' with build type 'ament_cmake'
[4.817s] INFO:colcon.colcon_cmake.task.cmake.build:Building CMake package in '/home/jetbot/ece417/ws/src/gscam'
[4.856s] INFO:colcon.colcon_core.shell:Skip shell extension 'powershell' for command environment: Not usable outside of PowerShell
[4.857s] DEBUG:colcon.colcon_core.shell:Skip shell extension 'dsv' for command environment
[4.937s] INFO:colcon.colcon_ros.task.ament_python.build:Building ROS package in '/home/jetbot/ece417/ws/src/jetbot_ros' with build type 'ament_python'
[4.938s] Level 1:colcon.colcon_core.shell:create_environment_hook('jetbot_ros', 'ament_prefix_path')
[4.979s] INFO:colcon.colcon_core.shell:Creating environment hook '/home/jetbot/ece417/ws/install/jetbot_ros/share/jetbot_ros/hook/ament_prefix_path.ps1'
[4.989s] INFO:colcon.colcon_core.shell:Creating environment descriptor '/home/jetbot/ece417/ws/install/jetbot_ros/share/jetbot_ros/hook/ament_prefix_path.dsv'
[4.993s] INFO:colcon.colcon_core.shell:Creating environment hook '/home/jetbot/ece417/ws/install/jetbot_ros/share/jetbot_ros/hook/ament_prefix_path.sh'
[5.035s] INFO:colcon.colcon_core.shell:Skip shell extension 'powershell' for command environment: Not usable outside of PowerShell
[5.035s] DEBUG:colcon.colcon_core.shell:Skip shell extension 'dsv' for command environment
[5.117s] INFO:colcon.colcon_ros.task.ament_python.build:Building ROS package in '/home/jetbot/ece417/ws/src/py_pubsub' with build type 'ament_python'
[5.118s] Level 1:colcon.colcon_core.shell:create_environment_hook('py_pubsub', 'ament_prefix_path')
[5.162s] INFO:colcon.colcon_core.shell:Creating environment hook '/home/jetbot/ece417/ws/install/py_pubsub/share/py_pubsub/hook/ament_prefix_path.ps1'
[5.168s] INFO:colcon.colcon_core.shell:Creating environment descriptor '/home/jetbot/ece417/ws/install/py_pubsub/share/py_pubsub/hook/ament_prefix_path.dsv'
[5.170s] INFO:colcon.colcon_core.shell:Creating environment hook '/home/jetbot/ece417/ws/install/py_pubsub/share/py_pubsub/hook/ament_prefix_path.sh'
[5.216s] INFO:colcon.colcon_core.shell:Skip shell extension 'powershell' for command environment: Not usable outside of PowerShell
[5.216s] DEBUG:colcon.colcon_core.shell:Skip shell extension 'dsv' for command environment
[5.347s] DEBUG:colcon.colcon_core.event_handler.log_command:Invoking command in '/home/jetbot/ece417/ws/build/aruco_opencv_msgs': /usr/local/bin/cmake --build /home/jetbot/ece417/ws/build/aruco_opencv_msgs -- -j4 -l4
[5.372s] DEBUG:colcon.colcon_core.event_handler.log_command:Invoking command in '/home/jetbot/ece417/ws/build/gscam': /usr/local/bin/cmake --build /home/jetbot/ece417/ws/build/gscam -- -j4 -l4
[7.217s] INFO:colcon.colcon_core.task.python.build:Building Python package in '/home/jetbot/ece417/ws/src/jetbot_ros'
[7.257s] INFO:colcon.colcon_core.shell:Skip shell extension 'powershell' for command environment: Not usable outside of PowerShell
[7.258s] DEBUG:colcon.colcon_core.shell:Skip shell extension 'dsv' for command environment
[9.036s] INFO:colcon.colcon_core.task.python.build:Building Python package in '/home/jetbot/ece417/ws/src/py_pubsub'
[9.080s] INFO:colcon.colcon_core.shell:Skip shell extension 'powershell' for command environment: Not usable outside of PowerShell
[9.080s] DEBUG:colcon.colcon_core.shell:Skip shell extension 'dsv' for command environment
[9.210s] DEBUG:colcon.colcon_core.event_handler.log_command:Invoked command in '/home/jetbot/ece417/ws/build/aruco_opencv_msgs' returned '0': /usr/local/bin/cmake --build /home/jetbot/ece417/ws/build/aruco_opencv_msgs -- -j4 -l4
[9.212s] DEBUG:colcon.colcon_core.event_handler.log_command:Invoked command in '/home/jetbot/ece417/ws/build/gscam' returned '0': /usr/local/bin/cmake --build /home/jetbot/ece417/ws/build/gscam -- -j4 -l4
[9.723s] DEBUG:colcon.colcon_core.event_handler.log_command:Invoking command in '/home/jetbot/ece417/ws/build/gscam': /usr/local/bin/cmake --install /home/jetbot/ece417/ws/build/gscam
[9.824s] DEBUG:colcon.colcon_core.event_handler.log_command:Invoking command in '/home/jetbot/ece417/ws/build/aruco_opencv_msgs': /usr/local/bin/cmake --install /home/jetbot/ece417/ws/build/aruco_opencv_msgs
[10.062s] Level 1:colcon.colcon_core.environment:create_environment_scripts_only(gscam)
[10.078s] DEBUG:colcon.colcon_core.event_handler.log_command:Invoked command in '/home/jetbot/ece417/ws/build/gscam' returned '0': /usr/local/bin/cmake --install /home/jetbot/ece417/ws/build/gscam
[10.219s] Level 1:colcon.colcon_core.environment:checking '/home/jetbot/ece417/ws/install/gscam' for CMake module files
[10.227s] Level 1:colcon.colcon_core.environment:checking '/home/jetbot/ece417/ws/install/gscam' for CMake config files
[10.236s] Level 1:colcon.colcon_core.shell:create_environment_hook('gscam', 'cmake_prefix_path')
[10.286s] INFO:colcon.colcon_core.shell:Creating environment hook '/home/jetbot/ece417/ws/install/gscam/share/gscam/hook/cmake_prefix_path.ps1'
[10.290s] INFO:colcon.colcon_core.shell:Creating environment descriptor '/home/jetbot/ece417/ws/install/gscam/share/gscam/hook/cmake_prefix_path.dsv'
[10.292s] INFO:colcon.colcon_core.shell:Creating environment hook '/home/jetbot/ece417/ws/install/gscam/share/gscam/hook/cmake_prefix_path.sh'
[10.296s] Level 1:colcon.colcon_core.environment:checking '/home/jetbot/ece417/ws/install/gscam/lib'
[10.297s] Level 1:colcon.colcon_core.shell:create_environment_hook('gscam', 'ld_library_path_lib')
[10.339s] INFO:colcon.colcon_core.shell:Creating environment hook '/home/jetbot/ece417/ws/install/gscam/share/gscam/hook/ld_library_path_lib.ps1'
[10.341s] INFO:colcon.colcon_core.shell:Creating environment descriptor '/home/jetbot/ece417/ws/install/gscam/share/gscam/hook/ld_library_path_lib.dsv'
[10.343s] INFO:colcon.colcon_core.shell:Creating environment hook '/home/jetbot/ece417/ws/install/gscam/share/gscam/hook/ld_library_path_lib.sh'
[10.344s] Level 1:colcon.colcon_core.environment:checking '/home/jetbot/ece417/ws/install/gscam/bin'
[10.345s] Level 1:colcon.colcon_core.environment:checking '/home/jetbot/ece417/ws/install/gscam/lib/pkgconfig/gscam.pc'
[10.346s] Level 1:colcon.colcon_core.environment:checking '/home/jetbot/ece417/ws/install/gscam/lib/python3.6/site-packages'
[10.347s] Level 1:colcon.colcon_core.environment:checking '/home/jetbot/ece417/ws/install/gscam/bin'
[10.389s] INFO:colcon.colcon_core.shell:Creating package script '/home/jetbot/ece417/ws/install/gscam/share/gscam/package.ps1'
[10.397s] INFO:colcon.colcon_core.shell:Creating package descriptor '/home/jetbot/ece417/ws/install/gscam/share/gscam/package.dsv'
[10.402s] INFO:colcon.colcon_core.shell:Creating package script '/home/jetbot/ece417/ws/install/gscam/share/gscam/package.sh'
[10.407s] INFO:colcon.colcon_core.shell:Creating package script '/home/jetbot/ece417/ws/install/gscam/share/gscam/package.bash'
[10.414s] INFO:colcon.colcon_core.shell:Creating package script '/home/jetbot/ece417/ws/install/gscam/share/gscam/package.zsh'
[10.420s] Level 1:colcon.colcon_core.environment:create_file_with_runtime_dependencies(/home/jetbot/ece417/ws/install/gscam/share/colcon-core/packages/gscam)
[10.559s] Level 1:colcon.colcon_core.environment:create_environment_scripts_only(aruco_opencv_msgs)
[10.566s] DEBUG:colcon.colcon_core.event_handler.log_command:Invoked command in '/home/jetbot/ece417/ws/build/aruco_opencv_msgs' returned '0': /usr/local/bin/cmake --install /home/jetbot/ece417/ws/build/aruco_opencv_msgs
[10.644s] Level 1:colcon.colcon_core.environment:checking '/home/jetbot/ece417/ws/install/aruco_opencv_msgs' for CMake module files
[10.651s] Level 1:colcon.colcon_core.environment:checking '/home/jetbot/ece417/ws/install/aruco_opencv_msgs' for CMake config files
[10.655s] Level 1:colcon.colcon_core.shell:create_environment_hook('aruco_opencv_msgs', 'cmake_prefix_path')
[10.710s] INFO:colcon.colcon_core.shell:Creating environment hook '/home/jetbot/ece417/ws/install/aruco_opencv_msgs/share/aruco_opencv_msgs/hook/cmake_prefix_path.ps1'
[10.717s] INFO:colcon.colcon_core.shell:Creating environment descriptor '/home/jetbot/ece417/ws/install/aruco_opencv_msgs/share/aruco_opencv_msgs/hook/cmake_prefix_path.dsv'
[10.720s] INFO:colcon.colcon_core.shell:Creating environment hook '/home/jetbot/ece417/ws/install/aruco_opencv_msgs/share/aruco_opencv_msgs/hook/cmake_prefix_path.sh'
[10.727s] Level 1:colcon.colcon_core.environment:checking '/home/jetbot/ece417/ws/install/aruco_opencv_msgs/lib'
[10.728s] Level 1:colcon.colcon_core.shell:create_environment_hook('aruco_opencv_msgs', 'ld_library_path_lib')
[10.788s] INFO:colcon.colcon_core.shell:Creating environment hook '/home/jetbot/ece417/ws/install/aruco_opencv_msgs/share/aruco_opencv_msgs/hook/ld_library_path_lib.ps1'
[10.791s] INFO:colcon.colcon_core.shell:Creating environment descriptor '/home/jetbot/ece417/ws/install/aruco_opencv_msgs/share/aruco_opencv_msgs/hook/ld_library_path_lib.dsv'
[10.793s] INFO:colcon.colcon_core.shell:Creating environment hook '/home/jetbot/ece417/ws/install/aruco_opencv_msgs/share/aruco_opencv_msgs/hook/ld_library_path_lib.sh'
[10.795s] Level 1:colcon.colcon_core.environment:checking '/home/jetbot/ece417/ws/install/aruco_opencv_msgs/bin'
[10.795s] Level 1:colcon.colcon_core.environment:checking '/home/jetbot/ece417/ws/install/aruco_opencv_msgs/lib/pkgconfig/aruco_opencv_msgs.pc'
[10.797s] Level 1:colcon.colcon_core.environment:checking '/home/jetbot/ece417/ws/install/aruco_opencv_msgs/lib/python3.6/site-packages'
[10.797s] Level 1:colcon.colcon_core.shell:create_environment_hook('aruco_opencv_msgs', 'pythonpath')
[10.842s] INFO:colcon.colcon_core.shell:Creating environment hook '/home/jetbot/ece417/ws/install/aruco_opencv_msgs/share/aruco_opencv_msgs/hook/pythonpath.ps1'
[10.844s] INFO:colcon.colcon_core.shell:Creating environment descriptor '/home/jetbot/ece417/ws/install/aruco_opencv_msgs/share/aruco_opencv_msgs/hook/pythonpath.dsv'
[10.846s] INFO:colcon.colcon_core.shell:Creating environment hook '/home/jetbot/ece417/ws/install/aruco_opencv_msgs/share/aruco_opencv_msgs/hook/pythonpath.sh'
[10.848s] Level 1:colcon.colcon_core.environment:checking '/home/jetbot/ece417/ws/install/aruco_opencv_msgs/bin'
[10.891s] INFO:colcon.colcon_core.shell:Creating package script '/home/jetbot/ece417/ws/install/aruco_opencv_msgs/share/aruco_opencv_msgs/package.ps1'
[10.894s] INFO:colcon.colcon_core.shell:Creating package descriptor '/home/jetbot/ece417/ws/install/aruco_opencv_msgs/share/aruco_opencv_msgs/package.dsv'
[10.897s] INFO:colcon.colcon_core.shell:Creating package script '/home/jetbot/ece417/ws/install/aruco_opencv_msgs/share/aruco_opencv_msgs/package.sh'
[10.899s] INFO:colcon.colcon_core.shell:Creating package script '/home/jetbot/ece417/ws/install/aruco_opencv_msgs/share/aruco_opencv_msgs/package.bash'
[10.901s] INFO:colcon.colcon_core.shell:Creating package script '/home/jetbot/ece417/ws/install/aruco_opencv_msgs/share/aruco_opencv_msgs/package.zsh'
[10.902s] Level 1:colcon.colcon_core.environment:create_file_with_runtime_dependencies(/home/jetbot/ece417/ws/install/aruco_opencv_msgs/share/colcon-core/packages/aruco_opencv_msgs)
[10.962s] Level 1:colcon.colcon_core.environment:create_environment_scripts_only(gscam)
[11.026s] Level 1:colcon.colcon_core.environment:checking '/home/jetbot/ece417/ws/install/gscam' for CMake module files
[11.030s] Level 1:colcon.colcon_core.environment:checking '/home/jetbot/ece417/ws/install/gscam' for CMake config files
[11.032s] Level 1:colcon.colcon_core.shell:create_environment_hook('gscam', 'cmake_prefix_path')
[11.075s] INFO:colcon.colcon_core.shell:Creating environment hook '/home/jetbot/ece417/ws/install/gscam/share/gscam/hook/cmake_prefix_path.ps1'
[11.077s] INFO:colcon.colcon_core.shell:Creating environment descriptor '/home/jetbot/ece417/ws/install/gscam/share/gscam/hook/cmake_prefix_path.dsv'
[11.079s] INFO:colcon.colcon_core.shell:Creating environment hook '/home/jetbot/ece417/ws/install/gscam/share/gscam/hook/cmake_prefix_path.sh'
[11.083s] Level 1:colcon.colcon_core.environment:checking '/home/jetbot/ece417/ws/install/gscam/lib'
[11.084s] Level 1:colcon.colcon_core.shell:create_environment_hook('gscam', 'ld_library_path_lib')
[11.131s] INFO:colcon.colcon_core.shell:Creating environment hook '/home/jetbot/ece417/ws/install/gscam/share/gscam/hook/ld_library_path_lib.ps1'
[11.133s] INFO:colcon.colcon_core.shell:Creating environment descriptor '/home/jetbot/ece417/ws/install/gscam/share/gscam/hook/ld_library_path_lib.dsv'
[11.135s] INFO:colcon.colcon_core.shell:Creating environment hook '/home/jetbot/ece417/ws/install/gscam/share/gscam/hook/ld_library_path_lib.sh'
[11.137s] Level 1:colcon.colcon_core.environment:checking '/home/jetbot/ece417/ws/install/gscam/bin'
[11.137s] Level 1:colcon.colcon_core.environment:checking '/home/jetbot/ece417/ws/install/gscam/lib/pkgconfig/gscam.pc'
[11.138s] Level 1:colcon.colcon_core.environment:checking '/home/jetbot/ece417/ws/install/gscam/lib/python3.6/site-packages'
[11.140s] Level 1:colcon.colcon_core.environment:checking '/home/jetbot/ece417/ws/install/gscam/bin'
[11.182s] INFO:colcon.colcon_core.shell:Creating package script '/home/jetbot/ece417/ws/install/gscam/share/gscam/package.ps1'
[11.185s] INFO:colcon.colcon_core.shell:Creating package descriptor '/home/jetbot/ece417/ws/install/gscam/share/gscam/package.dsv'
[11.187s] INFO:colcon.colcon_core.shell:Creating package script '/home/jetbot/ece417/ws/install/gscam/share/gscam/package.sh'
[11.190s] INFO:colcon.colcon_core.shell:Creating package script '/home/jetbot/ece417/ws/install/gscam/share/gscam/package.bash'
[11.192s] INFO:colcon.colcon_core.shell:Creating package script '/home/jetbot/ece417/ws/install/gscam/share/gscam/package.zsh'
[11.194s] Level 1:colcon.colcon_core.environment:create_file_with_runtime_dependencies(/home/jetbot/ece417/ws/install/gscam/share/colcon-core/packages/gscam)
[11.469s] Level 1:colcon.colcon_core.environment:create_environment_scripts_only(aruco_opencv_msgs)
[11.533s] Level 1:colcon.colcon_core.environment:checking '/home/jetbot/ece417/ws/install/aruco_opencv_msgs' for CMake module files
[11.539s] Level 1:colcon.colcon_core.environment:checking '/home/jetbot/ece417/ws/install/aruco_opencv_msgs' for CMake config files
[11.543s] Level 1:colcon.colcon_core.shell:create_environment_hook('aruco_opencv_msgs', 'cmake_prefix_path')
[11.586s] INFO:colcon.colcon_core.shell:Creating environment hook '/home/jetbot/ece417/ws/install/aruco_opencv_msgs/share/aruco_opencv_msgs/hook/cmake_prefix_path.ps1'
[11.588s] INFO:colcon.colcon_core.shell:Creating environment descriptor '/home/jetbot/ece417/ws/install/aruco_opencv_msgs/share/aruco_opencv_msgs/hook/cmake_prefix_path.dsv'
[11.590s] INFO:colcon.colcon_core.shell:Creating environment hook '/home/jetbot/ece417/ws/install/aruco_opencv_msgs/share/aruco_opencv_msgs/hook/cmake_prefix_path.sh'
[11.593s] Level 1:colcon.colcon_core.environment:checking '/home/jetbot/ece417/ws/install/aruco_opencv_msgs/lib'
[11.594s] Level 1:colcon.colcon_core.shell:create_environment_hook('aruco_opencv_msgs', 'ld_library_path_lib')
[11.635s] INFO:colcon.colcon_core.shell:Creating environment hook '/home/jetbot/ece417/ws/install/aruco_opencv_msgs/share/aruco_opencv_msgs/hook/ld_library_path_lib.ps1'
[11.638s] INFO:colcon.colcon_core.shell:Creating environment descriptor '/home/jetbot/ece417/ws/install/aruco_opencv_msgs/share/aruco_opencv_msgs/hook/ld_library_path_lib.dsv'
[11.640s] INFO:colcon.colcon_core.shell:Creating environment hook '/home/jetbot/ece417/ws/install/aruco_opencv_msgs/share/aruco_opencv_msgs/hook/ld_library_path_lib.sh'
[11.641s] Level 1:colcon.colcon_core.environment:checking '/home/jetbot/ece417/ws/install/aruco_opencv_msgs/bin'
[11.641s] Level 1:colcon.colcon_core.environment:checking '/home/jetbot/ece417/ws/install/aruco_opencv_msgs/lib/pkgconfig/aruco_opencv_msgs.pc'
[11.642s] Level 1:colcon.colcon_core.environment:checking '/home/jetbot/ece417/ws/install/aruco_opencv_msgs/lib/python3.6/site-packages'
[11.643s] Level 1:colcon.colcon_core.shell:create_environment_hook('aruco_opencv_msgs', 'pythonpath')
[11.692s] INFO:colcon.colcon_core.shell:Creating environment hook '/home/jetbot/ece417/ws/install/aruco_opencv_msgs/share/aruco_opencv_msgs/hook/pythonpath.ps1'
[11.694s] INFO:colcon.colcon_core.shell:Creating environment descriptor '/home/jetbot/ece417/ws/install/aruco_opencv_msgs/share/aruco_opencv_msgs/hook/pythonpath.dsv'
[11.695s] INFO:colcon.colcon_core.shell:Creating environment hook '/home/jetbot/ece417/ws/install/aruco_opencv_msgs/share/aruco_opencv_msgs/hook/pythonpath.sh'
[11.697s] Level 1:colcon.colcon_core.environment:checking '/home/jetbot/ece417/ws/install/aruco_opencv_msgs/bin'
[11.739s] INFO:colcon.colcon_core.shell:Creating package script '/home/jetbot/ece417/ws/install/aruco_opencv_msgs/share/aruco_opencv_msgs/package.ps1'
[11.743s] INFO:colcon.colcon_core.shell:Creating package descriptor '/home/jetbot/ece417/ws/install/aruco_opencv_msgs/share/aruco_opencv_msgs/package.dsv'
[11.746s] INFO:colcon.colcon_core.shell:Creating package script '/home/jetbot/ece417/ws/install/aruco_opencv_msgs/share/aruco_opencv_msgs/package.sh'
[11.748s] INFO:colcon.colcon_core.shell:Creating package script '/home/jetbot/ece417/ws/install/aruco_opencv_msgs/share/aruco_opencv_msgs/package.bash'
[11.750s] INFO:colcon.colcon_core.shell:Creating package script '/home/jetbot/ece417/ws/install/aruco_opencv_msgs/share/aruco_opencv_msgs/package.zsh'
[11.752s] Level 1:colcon.colcon_core.environment:create_file_with_runtime_dependencies(/home/jetbot/ece417/ws/install/aruco_opencv_msgs/share/colcon-core/packages/aruco_opencv_msgs)
[11.754s] INFO:colcon.colcon_ros.task.ament_cmake.build:Building ROS package in '/home/jetbot/ece417/ws/src/ros_aruco_opencv/aruco_opencv' with build type 'ament_cmake'
[11.755s] INFO:colcon.colcon_cmake.task.cmake.build:Building CMake package in '/home/jetbot/ece417/ws/src/ros_aruco_opencv/aruco_opencv'
[11.798s] INFO:colcon.colcon_core.shell:Skip shell extension 'powershell' for command environment: Not usable outside of PowerShell
[11.798s] DEBUG:colcon.colcon_core.shell:Skip shell extension 'dsv' for command environment
[11.928s] DEBUG:colcon.colcon_core.event_handler.log_command:Invoking command in '/home/jetbot/ece417/ws/build/aruco_opencv': AMENT_PREFIX_PATH=/home/jetbot/ece417/ws/install/aruco_opencv_msgs:${AMENT_PREFIX_PATH} CMAKE_PREFIX_PATH=/home/jetbot/ece417/ws/install/aruco_opencv_msgs:${CMAKE_PREFIX_PATH} LD_LIBRARY_PATH=/home/jetbot/ece417/ws/install/aruco_opencv_msgs/lib:/opt/ros/humble/install/lib:/usr/local/cuda/lib64:/usr/local/cuda-10.2/targets/aarch64-linux/lib PYTHONPATH=/home/jetbot/ece417/ws/install/aruco_opencv_msgs/lib/python3.6/site-packages:${PYTHONPATH} /usr/local/bin/cmake --build /home/jetbot/ece417/ws/build/aruco_opencv -- -j4 -l4
[12.211s] DEBUG:colcon.colcon_core.event_handler.log_command:Invoking command in '/home/jetbot/ece417/ws/build/py_pubsub': PYTHONPATH=/home/jetbot/ece417/ws/build/py_pubsub/prefix_override:/home/jetbot/ece417/ws/install/py_pubsub/lib/python3.6/site-packages:${PYTHONPATH} /usr/bin/python3 setup.py develop --editable --build-directory /home/jetbot/ece417/ws/build/py_pubsub/build --no-deps install_data
[12.362s] DEBUG:colcon.colcon_core.event_handler.log_command:Invoking command in '/home/jetbot/ece417/ws/build/jetbot_ros': PYTHONPATH=/home/jetbot/ece417/ws/build/jetbot_ros/prefix_override:/home/jetbot/ece417/ws/install/jetbot_ros/lib/python3.6/site-packages:${PYTHONPATH} /usr/bin/python3 setup.py develop --editable --build-directory /home/jetbot/ece417/ws/build/jetbot_ros/build --no-deps install_data
[12.497s] DEBUG:colcon.colcon_core.event_handler.log_command:Invoked command in '/home/jetbot/ece417/ws/build/aruco_opencv' returned '0': AMENT_PREFIX_PATH=/home/jetbot/ece417/ws/install/aruco_opencv_msgs:${AMENT_PREFIX_PATH} CMAKE_PREFIX_PATH=/home/jetbot/ece417/ws/install/aruco_opencv_msgs:${CMAKE_PREFIX_PATH} LD_LIBRARY_PATH=/home/jetbot/ece417/ws/install/aruco_opencv_msgs/lib:/opt/ros/humble/install/lib:/usr/local/cuda/lib64:/usr/local/cuda-10.2/targets/aarch64-linux/lib PYTHONPATH=/home/jetbot/ece417/ws/install/aruco_opencv_msgs/lib/python3.6/site-packages:${PYTHONPATH} /usr/local/bin/cmake --build /home/jetbot/ece417/ws/build/aruco_opencv -- -j4 -l4
[12.777s] DEBUG:colcon.colcon_core.event_handler.log_command:Invoking command in '/home/jetbot/ece417/ws/build/aruco_opencv': AMENT_PREFIX_PATH=/home/jetbot/ece417/ws/install/aruco_opencv_msgs:${AMENT_PREFIX_PATH} CMAKE_PREFIX_PATH=/home/jetbot/ece417/ws/install/aruco_opencv_msgs:${CMAKE_PREFIX_PATH} LD_LIBRARY_PATH=/home/jetbot/ece417/ws/install/aruco_opencv_msgs/lib:/opt/ros/humble/install/lib:/usr/local/cuda/lib64:/usr/local/cuda-10.2/targets/aarch64-linux/lib PYTHONPATH=/home/jetbot/ece417/ws/install/aruco_opencv_msgs/lib/python3.6/site-packages:${PYTHONPATH} /usr/local/bin/cmake --install /home/jetbot/ece417/ws/build/aruco_opencv
[13.028s] Level 1:colcon.colcon_core.environment:create_environment_scripts_only(aruco_opencv)
[13.035s] DEBUG:colcon.colcon_core.event_handler.log_command:Invoked command in '/home/jetbot/ece417/ws/build/aruco_opencv' returned '0': AMENT_PREFIX_PATH=/home/jetbot/ece417/ws/install/aruco_opencv_msgs:${AMENT_PREFIX_PATH} CMAKE_PREFIX_PATH=/home/jetbot/ece417/ws/install/aruco_opencv_msgs:${CMAKE_PREFIX_PATH} LD_LIBRARY_PATH=/home/jetbot/ece417/ws/install/aruco_opencv_msgs/lib:/opt/ros/humble/install/lib:/usr/local/cuda/lib64:/usr/local/cuda-10.2/targets/aarch64-linux/lib PYTHONPATH=/home/jetbot/ece417/ws/install/aruco_opencv_msgs/lib/python3.6/site-packages:${PYTHONPATH} /usr/local/bin/cmake --install /home/jetbot/ece417/ws/build/aruco_opencv
[13.090s] Level 1:colcon.colcon_core.environment:checking '/home/jetbot/ece417/ws/install/aruco_opencv' for CMake module files
[13.094s] Level 1:colcon.colcon_core.environment:checking '/home/jetbot/ece417/ws/install/aruco_opencv' for CMake config files
[13.098s] Level 1:colcon.colcon_core.shell:create_environment_hook('aruco_opencv', 'cmake_prefix_path')
[13.137s] INFO:colcon.colcon_core.shell:Creating environment hook '/home/jetbot/ece417/ws/install/aruco_opencv/share/aruco_opencv/hook/cmake_prefix_path.ps1'
[13.140s] INFO:colcon.colcon_core.shell:Creating environment descriptor '/home/jetbot/ece417/ws/install/aruco_opencv/share/aruco_opencv/hook/cmake_prefix_path.dsv'
[13.142s] INFO:colcon.colcon_core.shell:Creating environment hook '/home/jetbot/ece417/ws/install/aruco_opencv/share/aruco_opencv/hook/cmake_prefix_path.sh'
[13.145s] Level 1:colcon.colcon_core.environment:checking '/home/jetbot/ece417/ws/install/aruco_opencv/lib'
[13.146s] Level 1:colcon.colcon_core.shell:create_environment_hook('aruco_opencv', 'ld_library_path_lib')
[13.185s] INFO:colcon.colcon_core.shell:Creating environment hook '/home/jetbot/ece417/ws/install/aruco_opencv/share/aruco_opencv/hook/ld_library_path_lib.ps1'
[13.188s] INFO:colcon.colcon_core.shell:Creating environment descriptor '/home/jetbot/ece417/ws/install/aruco_opencv/share/aruco_opencv/hook/ld_library_path_lib.dsv'
[13.189s] INFO:colcon.colcon_core.shell:Creating environment hook '/home/jetbot/ece417/ws/install/aruco_opencv/share/aruco_opencv/hook/ld_library_path_lib.sh'
[13.191s] Level 1:colcon.colcon_core.environment:checking '/home/jetbot/ece417/ws/install/aruco_opencv/bin'
[13.192s] Level 1:colcon.colcon_core.environment:checking '/home/jetbot/ece417/ws/install/aruco_opencv/lib/pkgconfig/aruco_opencv.pc'
[13.193s] Level 1:colcon.colcon_core.environment:checking '/home/jetbot/ece417/ws/install/aruco_opencv/lib/python3.6/site-packages'
[13.194s] Level 1:colcon.colcon_core.environment:checking '/home/jetbot/ece417/ws/install/aruco_opencv/bin'
[13.240s] INFO:colcon.colcon_core.shell:Creating package script '/home/jetbot/ece417/ws/install/aruco_opencv/share/aruco_opencv/package.ps1'
[13.242s] INFO:colcon.colcon_core.shell:Creating package descriptor '/home/jetbot/ece417/ws/install/aruco_opencv/share/aruco_opencv/package.dsv'
[13.245s] INFO:colcon.colcon_core.shell:Creating package script '/home/jetbot/ece417/ws/install/aruco_opencv/share/aruco_opencv/package.sh'
[13.247s] INFO:colcon.colcon_core.shell:Creating package script '/home/jetbot/ece417/ws/install/aruco_opencv/share/aruco_opencv/package.bash'
[13.248s] INFO:colcon.colcon_core.shell:Creating package script '/home/jetbot/ece417/ws/install/aruco_opencv/share/aruco_opencv/package.zsh'
[13.249s] Level 1:colcon.colcon_core.environment:create_file_with_runtime_dependencies(/home/jetbot/ece417/ws/install/aruco_opencv/share/colcon-core/packages/aruco_opencv)
[13.597s] Level 1:colcon.colcon_core.environment:create_environment_scripts_only(aruco_opencv)
[13.656s] Level 1:colcon.colcon_core.environment:checking '/home/jetbot/ece417/ws/install/aruco_opencv' for CMake module files
[13.670s] Level 1:colcon.colcon_core.environment:checking '/home/jetbot/ece417/ws/install/aruco_opencv' for CMake config files
[13.672s] Level 1:colcon.colcon_core.shell:create_environment_hook('aruco_opencv', 'cmake_prefix_path')
[13.713s] INFO:colcon.colcon_core.shell:Creating environment hook '/home/jetbot/ece417/ws/install/aruco_opencv/share/aruco_opencv/hook/cmake_prefix_path.ps1'
[13.716s] INFO:colcon.colcon_core.shell:Creating environment descriptor '/home/jetbot/ece417/ws/install/aruco_opencv/share/aruco_opencv/hook/cmake_prefix_path.dsv'
[13.718s] INFO:colcon.colcon_core.shell:Creating environment hook '/home/jetbot/ece417/ws/install/aruco_opencv/share/aruco_opencv/hook/cmake_prefix_path.sh'
[13.722s] Level 1:colcon.colcon_core.environment:checking '/home/jetbot/ece417/ws/install/aruco_opencv/lib'
[13.723s] Level 1:colcon.colcon_core.shell:create_environment_hook('aruco_opencv', 'ld_library_path_lib')
[13.764s] INFO:colcon.colcon_core.shell:Creating environment hook '/home/jetbot/ece417/ws/install/aruco_opencv/share/aruco_opencv/hook/ld_library_path_lib.ps1'
[13.767s] INFO:colcon.colcon_core.shell:Creating environment descriptor '/home/jetbot/ece417/ws/install/aruco_opencv/share/aruco_opencv/hook/ld_library_path_lib.dsv'
[13.768s] INFO:colcon.colcon_core.shell:Creating environment hook '/home/jetbot/ece417/ws/install/aruco_opencv/share/aruco_opencv/hook/ld_library_path_lib.sh'
[13.770s] Level 1:colcon.colcon_core.environment:checking '/home/jetbot/ece417/ws/install/aruco_opencv/bin'
[13.771s] Level 1:colcon.colcon_core.environment:checking '/home/jetbot/ece417/ws/install/aruco_opencv/lib/pkgconfig/aruco_opencv.pc'
[13.772s] Level 1:colcon.colcon_core.environment:checking '/home/jetbot/ece417/ws/install/aruco_opencv/lib/python3.6/site-packages'
[13.772s] Level 1:colcon.colcon_core.environment:checking '/home/jetbot/ece417/ws/install/aruco_opencv/bin'
[13.814s] INFO:colcon.colcon_core.shell:Creating package script '/home/jetbot/ece417/ws/install/aruco_opencv/share/aruco_opencv/package.ps1'
[13.817s] INFO:colcon.colcon_core.shell:Creating package descriptor '/home/jetbot/ece417/ws/install/aruco_opencv/share/aruco_opencv/package.dsv'
[13.820s] INFO:colcon.colcon_core.shell:Creating package script '/home/jetbot/ece417/ws/install/aruco_opencv/share/aruco_opencv/package.sh'
[13.823s] INFO:colcon.colcon_core.shell:Creating package script '/home/jetbot/ece417/ws/install/aruco_opencv/share/aruco_opencv/package.bash'
[13.825s] INFO:colcon.colcon_core.shell:Creating package script '/home/jetbot/ece417/ws/install/aruco_opencv/share/aruco_opencv/package.zsh'
[13.827s] Level 1:colcon.colcon_core.environment:create_file_with_runtime_dependencies(/home/jetbot/ece417/ws/install/aruco_opencv/share/colcon-core/packages/aruco_opencv)
[15.365s] Level 1:colcon.colcon_core.shell:create_environment_hook('py_pubsub', 'pythonpath_develop')
[15.384s] DEBUG:colcon.colcon_core.event_handler.log_command:Invoked command in '/home/jetbot/ece417/ws/build/py_pubsub' returned '0': PYTHONPATH=/home/jetbot/ece417/ws/build/py_pubsub/prefix_override:/home/jetbot/ece417/ws/install/py_pubsub/lib/python3.6/site-packages:${PYTHONPATH} /usr/bin/python3 setup.py develop --editable --build-directory /home/jetbot/ece417/ws/build/py_pubsub/build --no-deps install_data
[15.411s] INFO:colcon.colcon_core.shell:Creating environment hook '/home/jetbot/ece417/ws/build/py_pubsub/share/py_pubsub/hook/pythonpath_develop.ps1'
[15.417s] INFO:colcon.colcon_core.shell:Creating environment descriptor '/home/jetbot/ece417/ws/build/py_pubsub/share/py_pubsub/hook/pythonpath_develop.dsv'
[15.421s] INFO:colcon.colcon_core.shell:Creating environment hook '/home/jetbot/ece417/ws/build/py_pubsub/share/py_pubsub/hook/pythonpath_develop.sh'
[15.490s] Level 1:colcon.colcon_core.environment:checking '/home/jetbot/ece417/ws/install/py_pubsub' for CMake module files
[15.494s] Level 1:colcon.colcon_core.environment:checking '/home/jetbot/ece417/ws/install/py_pubsub' for CMake config files
[15.500s] Level 1:colcon.colcon_core.environment:checking '/home/jetbot/ece417/ws/install/py_pubsub/lib'
[15.501s] Level 1:colcon.colcon_core.environment:checking '/home/jetbot/ece417/ws/install/py_pubsub/bin'
[15.501s] Level 1:colcon.colcon_core.environment:checking '/home/jetbot/ece417/ws/install/py_pubsub/lib/pkgconfig/py_pubsub.pc'
[15.502s] Level 1:colcon.colcon_core.environment:checking '/home/jetbot/ece417/ws/install/py_pubsub/lib/python3.6/site-packages'
[15.503s] Level 1:colcon.colcon_core.shell:create_environment_hook('py_pubsub', 'pythonpath')
[15.545s] INFO:colcon.colcon_core.shell:Creating environment hook '/home/jetbot/ece417/ws/install/py_pubsub/share/py_pubsub/hook/pythonpath.ps1'
[15.550s] INFO:colcon.colcon_core.shell:Creating environment descriptor '/home/jetbot/ece417/ws/install/py_pubsub/share/py_pubsub/hook/pythonpath.dsv'
[15.552s] INFO:colcon.colcon_core.shell:Creating environment hook '/home/jetbot/ece417/ws/install/py_pubsub/share/py_pubsub/hook/pythonpath.sh'
[15.554s] Level 1:colcon.colcon_core.environment:checking '/home/jetbot/ece417/ws/install/py_pubsub/bin'
[15.555s] Level 1:colcon.colcon_core.environment:create_environment_scripts_only(py_pubsub)
[15.592s] INFO:colcon.colcon_core.shell:Creating package script '/home/jetbot/ece417/ws/install/py_pubsub/share/py_pubsub/package.ps1'
[15.595s] INFO:colcon.colcon_core.shell:Creating package descriptor '/home/jetbot/ece417/ws/install/py_pubsub/share/py_pubsub/package.dsv'
[15.597s] INFO:colcon.colcon_core.shell:Creating package script '/home/jetbot/ece417/ws/install/py_pubsub/share/py_pubsub/package.sh'
[15.599s] INFO:colcon.colcon_core.shell:Creating package script '/home/jetbot/ece417/ws/install/py_pubsub/share/py_pubsub/package.bash'
[15.600s] INFO:colcon.colcon_core.shell:Creating package script '/home/jetbot/ece417/ws/install/py_pubsub/share/py_pubsub/package.zsh'
[15.602s] Level 1:colcon.colcon_core.environment:create_file_with_runtime_dependencies(/home/jetbot/ece417/ws/install/py_pubsub/share/colcon-core/packages/py_pubsub)
[15.607s] Level 1:colcon.colcon_core.shell:create_environment_hook('jetbot_ros', 'pythonpath_develop')
[15.645s] DEBUG:colcon.colcon_core.event_handler.log_command:Invoked command in '/home/jetbot/ece417/ws/build/jetbot_ros' returned '0': PYTHONPATH=/home/jetbot/ece417/ws/build/jetbot_ros/prefix_override:/home/jetbot/ece417/ws/install/jetbot_ros/lib/python3.6/site-packages:${PYTHONPATH} /usr/bin/python3 setup.py develop --editable --build-directory /home/jetbot/ece417/ws/build/jetbot_ros/build --no-deps install_data
[15.647s] INFO:colcon.colcon_core.shell:Creating environment hook '/home/jetbot/ece417/ws/build/jetbot_ros/share/jetbot_ros/hook/pythonpath_develop.ps1'
[15.650s] INFO:colcon.colcon_core.shell:Creating environment descriptor '/home/jetbot/ece417/ws/build/jetbot_ros/share/jetbot_ros/hook/pythonpath_develop.dsv'
[15.652s] INFO:colcon.colcon_core.shell:Creating environment hook '/home/jetbot/ece417/ws/build/jetbot_ros/share/jetbot_ros/hook/pythonpath_develop.sh'
[15.706s] Level 1:colcon.colcon_core.environment:checking '/home/jetbot/ece417/ws/install/jetbot_ros' for CMake module files
[15.709s] Level 1:colcon.colcon_core.environment:checking '/home/jetbot/ece417/ws/install/jetbot_ros' for CMake config files
[15.716s] Level 1:colcon.colcon_core.environment:checking '/home/jetbot/ece417/ws/install/jetbot_ros/lib'
[15.717s] Level 1:colcon.colcon_core.environment:checking '/home/jetbot/ece417/ws/install/jetbot_ros/bin'
[15.717s] Level 1:colcon.colcon_core.environment:checking '/home/jetbot/ece417/ws/install/jetbot_ros/lib/pkgconfig/jetbot_ros.pc'
[15.718s] Level 1:colcon.colcon_core.environment:checking '/home/jetbot/ece417/ws/install/jetbot_ros/lib/python3.6/site-packages'
[15.718s] Level 1:colcon.colcon_core.shell:create_environment_hook('jetbot_ros', 'pythonpath')
[15.756s] INFO:colcon.colcon_core.shell:Creating environment hook '/home/jetbot/ece417/ws/install/jetbot_ros/share/jetbot_ros/hook/pythonpath.ps1'
[15.758s] INFO:colcon.colcon_core.shell:Creating environment descriptor '/home/jetbot/ece417/ws/install/jetbot_ros/share/jetbot_ros/hook/pythonpath.dsv'
[15.760s] INFO:colcon.colcon_core.shell:Creating environment hook '/home/jetbot/ece417/ws/install/jetbot_ros/share/jetbot_ros/hook/pythonpath.sh'
[15.762s] Level 1:colcon.colcon_core.environment:checking '/home/jetbot/ece417/ws/install/jetbot_ros/bin'
[15.762s] Level 1:colcon.colcon_core.environment:create_environment_scripts_only(jetbot_ros)
[15.800s] INFO:colcon.colcon_core.shell:Creating package script '/home/jetbot/ece417/ws/install/jetbot_ros/share/jetbot_ros/package.ps1'
[15.802s] INFO:colcon.colcon_core.shell:Creating package descriptor '/home/jetbot/ece417/ws/install/jetbot_ros/share/jetbot_ros/package.dsv'
[15.804s] INFO:colcon.colcon_core.shell:Creating package script '/home/jetbot/ece417/ws/install/jetbot_ros/share/jetbot_ros/package.sh'
[15.806s] INFO:colcon.colcon_core.shell:Creating package script '/home/jetbot/ece417/ws/install/jetbot_ros/share/jetbot_ros/package.bash'
[15.808s] INFO:colcon.colcon_core.shell:Creating package script '/home/jetbot/ece417/ws/install/jetbot_ros/share/jetbot_ros/package.zsh'
[15.809s] Level 1:colcon.colcon_core.environment:create_file_with_runtime_dependencies(/home/jetbot/ece417/ws/install/jetbot_ros/share/colcon-core/packages/jetbot_ros)
[15.810s] DEBUG:colcon.colcon_parallel_executor.executor.parallel:closing loop
[15.814s] DEBUG:colcon.colcon_parallel_executor.executor.parallel:loop closed
[15.814s] DEBUG:colcon.colcon_parallel_executor.executor.parallel:run_until_complete finished with '0'
[15.815s] DEBUG:colcon.colcon_core.event_reactor:joining thread
[16.132s] INFO:colcon.colcon_core.plugin_system:Skipping extension 'colcon_notification.desktop_notification.notify_send': Could not find 'notify-send'
[16.133s] INFO:colcon.colcon_core.plugin_system:Skipping extension 'colcon_notification.desktop_notification.terminal_notifier': Not used on non-Darwin systems
[16.134s] INFO:colcon.colcon_core.plugin_system:Skipping extension 'colcon_notification.desktop_notification.win32': Not used on non-Windows systems
[16.134s] INFO:colcon.colcon_notification.desktop_notification:Sending desktop notification using 'notify2'
[16.134s] DEBUG:colcon.colcon_notification.desktop_notification.notify2:Failed to initialize notify2: org.freedesktop.DBus.Error.NotSupported: Unable to autolaunch a dbus-daemon without a $DISPLAY for X11
[16.135s] DEBUG:colcon.colcon_core.event_reactor:joined thread
[16.180s] INFO:colcon.colcon_core.shell:Creating prefix script '/home/jetbot/ece417/ws/install/local_setup.ps1'
[16.189s] INFO:colcon.colcon_core.shell:Creating prefix util module '/home/jetbot/ece417/ws/install/_local_setup_util_ps1.py'
[16.200s] INFO:colcon.colcon_core.shell:Creating prefix chain script '/home/jetbot/ece417/ws/install/setup.ps1'
[16.219s] INFO:colcon.colcon_core.shell:Creating prefix script '/home/jetbot/ece417/ws/install/local_setup.sh'
[16.226s] INFO:colcon.colcon_core.shell:Creating prefix util module '/home/jetbot/ece417/ws/install/_local_setup_util_sh.py'
[16.228s] INFO:colcon.colcon_core.shell:Creating prefix chain script '/home/jetbot/ece417/ws/install/setup.sh'
[16.244s] INFO:colcon.colcon_core.shell:Creating prefix script '/home/jetbot/ece417/ws/install/local_setup.bash'
[16.248s] INFO:colcon.colcon_core.shell:Creating prefix chain script '/home/jetbot/ece417/ws/install/setup.bash'
[16.263s] INFO:colcon.colcon_core.shell:Creating prefix script '/home/jetbot/ece417/ws/install/local_setup.zsh'
[16.267s] INFO:colcon.colcon_core.shell:Creating prefix chain script '/home/jetbot/ece417/ws/install/setup.zsh'
