[0.741s] Invoking command in '/home/jetbot/ece417/ws/build/aruco_opencv_msgs': CMAKE_PREFIX_PATH=/home/jetbot/ece417/ws/install/gscam:/home/jetbot/ece417/ws/install/aruco_opencv:/home/jetbot/ece417/ws/install/aruco_opencv_msgs:/home/jetbot/ece417/ws/install/py_pubsub:/home/jetbot/ece417/ws/install/jetbot_ros:/ros_deep_learning/install/ros_deep_learning:/opt/ros/humble/install /usr/local/bin/cmake --build /home/jetbot/ece417/ws/build/aruco_opencv_msgs -- -j4 -l4
[2.859s] [  2%] Built target aruco_opencv_msgs__cpp
[2.860s] [  2%] Built target ament_cmake_python_symlink_aruco_opencv_msgs
[2.862s] [ 12%] Built target aruco_opencv_msgs__rosidl_generator_c
[2.863s] [ 23%] Built target aruco_opencv_msgs__rosidl_typesupport_fastrtps_cpp
[2.866s] [ 34%] Built target aruco_opencv_msgs__rosidl_typesupport_cpp
[2.867s] [ 44%] Built target aruco_opencv_msgs__rosidl_typesupport_fastrtps_c
[2.872s] [ 55%] Built target aruco_opencv_msgs__rosidl_typesupport_introspection_cpp
[2.873s] [ 65%] Built target aruco_opencv_msgs__rosidl_typesupport_introspection_c
[2.874s] [ 76%] Built target aruco_opencv_msgs__rosidl_typesupport_c
[2.874s] [ 76%] Built target aruco_opencv_msgs
[2.875s] [ 78%] Built target aruco_opencv_msgs__py
[2.876s] [ 87%] Built target aruco_opencv_msgs__rosidl_generator_py
[2.876s] [ 91%] Built target aruco_opencv_msgs__rosidl_typesupport_fastrtps_c__pyext
[2.877s] [ 95%] Built target aruco_opencv_msgs__rosidl_typesupport_c__pyext
[2.877s] [100%] Built target aruco_opencv_msgs__rosidl_typesupport_introspection_c__pyext
[2.949s] running egg_info
[2.953s] writing aruco_opencv_msgs.egg-info/PKG-INFO
[2.955s] writing dependency_links to aruco_opencv_msgs.egg-info/dependency_links.txt
[2.956s] writing top-level names to aruco_opencv_msgs.egg-info/top_level.txt
[2.967s] reading manifest file 'aruco_opencv_msgs.egg-info/SOURCES.txt'
[2.972s] writing manifest file 'aruco_opencv_msgs.egg-info/SOURCES.txt'
[3.094s] [100%] Built target ament_cmake_python_build_aruco_opencv_msgs_egg
[4.884s] Invoked command in '/home/jetbot/ece417/ws/build/aruco_opencv_msgs' returned '0': CMAKE_PREFIX_PATH=/home/jetbot/ece417/ws/install/gscam:/home/jetbot/ece417/ws/install/aruco_opencv:/home/jetbot/ece417/ws/install/aruco_opencv_msgs:/home/jetbot/ece417/ws/install/py_pubsub:/home/jetbot/ece417/ws/install/jetbot_ros:/ros_deep_learning/install/ros_deep_learning:/opt/ros/humble/install /usr/local/bin/cmake --build /home/jetbot/ece417/ws/build/aruco_opencv_msgs -- -j4 -l4
[5.665s] Invoking command in '/home/jetbot/ece417/ws/build/aruco_opencv_msgs': CMAKE_PREFIX_PATH=/home/jetbot/ece417/ws/install/gscam:/home/jetbot/ece417/ws/install/aruco_opencv:/home/jetbot/ece417/ws/install/aruco_opencv_msgs:/home/jetbot/ece417/ws/install/py_pubsub:/home/jetbot/ece417/ws/install/jetbot_ros:/ros_deep_learning/install/ros_deep_learning:/opt/ros/humble/install /usr/local/bin/cmake --install /home/jetbot/ece417/ws/build/aruco_opencv_msgs
[6.008s] -- Install configuration: ""
[6.009s] -- Execute custom install script
[6.009s] -- Up-to-date symlink: /home/jetbot/ece417/ws/install/aruco_opencv_msgs/share/ament_index/resource_index/rosidl_interfaces/aruco_opencv_msgs
[6.010s] -- Up-to-date symlink: /home/jetbot/ece417/ws/install/aruco_opencv_msgs/include/aruco_opencv_msgs/aruco_opencv_msgs/msg/aruco_detection.h
[6.010s] -- Up-to-date symlink: /home/jetbot/ece417/ws/install/aruco_opencv_msgs/include/aruco_opencv_msgs/aruco_opencv_msgs/msg/board_pose.h
[6.011s] -- Up-to-date symlink: /home/jetbot/ece417/ws/install/aruco_opencv_msgs/include/aruco_opencv_msgs/aruco_opencv_msgs/msg/detail/aruco_detection__functions.h
[6.012s] -- Up-to-date symlink: /home/jetbot/ece417/ws/install/aruco_opencv_msgs/include/aruco_opencv_msgs/aruco_opencv_msgs/msg/detail/aruco_detection__struct.h
[6.013s] -- Up-to-date symlink: /home/jetbot/ece417/ws/install/aruco_opencv_msgs/include/aruco_opencv_msgs/aruco_opencv_msgs/msg/detail/aruco_detection__type_support.h
[6.014s] -- Up-to-date symlink: /home/jetbot/ece417/ws/install/aruco_opencv_msgs/include/aruco_opencv_msgs/aruco_opencv_msgs/msg/detail/board_pose__functions.h
[6.014s] -- Up-to-date symlink: /home/jetbot/ece417/ws/install/aruco_opencv_msgs/include/aruco_opencv_msgs/aruco_opencv_msgs/msg/detail/board_pose__struct.h
[6.015s] -- Up-to-date symlink: /home/jetbot/ece417/ws/install/aruco_opencv_msgs/include/aruco_opencv_msgs/aruco_opencv_msgs/msg/detail/board_pose__type_support.h
[6.016s] -- Up-to-date symlink: /home/jetbot/ece417/ws/install/aruco_opencv_msgs/include/aruco_opencv_msgs/aruco_opencv_msgs/msg/detail/marker_pose__functions.h
[6.016s] -- Up-to-date symlink: /home/jetbot/ece417/ws/install/aruco_opencv_msgs/include/aruco_opencv_msgs/aruco_opencv_msgs/msg/detail/marker_pose__struct.h
[6.017s] -- Up-to-date symlink: /home/jetbot/ece417/ws/install/aruco_opencv_msgs/include/aruco_opencv_msgs/aruco_opencv_msgs/msg/detail/marker_pose__type_support.h
[6.018s] -- Up-to-date symlink: /home/jetbot/ece417/ws/install/aruco_opencv_msgs/include/aruco_opencv_msgs/aruco_opencv_msgs/msg/marker_pose.h
[6.018s] -- Up-to-date symlink: /home/jetbot/ece417/ws/install/aruco_opencv_msgs/include/aruco_opencv_msgs/aruco_opencv_msgs/msg/rosidl_generator_c__visibility_control.h
[6.019s] -- Up-to-date symlink: /home/jetbot/ece417/ws/install/aruco_opencv_msgs/share/aruco_opencv_msgs/environment/library_path.sh
[6.019s] -- Up-to-date symlink: /home/jetbot/ece417/ws/install/aruco_opencv_msgs/share/aruco_opencv_msgs/environment/library_path.dsv
[6.037s] -- Up-to-date symlink: /home/jetbot/ece417/ws/install/aruco_opencv_msgs/include/aruco_opencv_msgs/aruco_opencv_msgs/msg/detail/aruco_detection__rosidl_typesupport_fastrtps_c.h
[6.038s] -- Up-to-date symlink: /home/jetbot/ece417/ws/install/aruco_opencv_msgs/include/aruco_opencv_msgs/aruco_opencv_msgs/msg/detail/board_pose__rosidl_typesupport_fastrtps_c.h
[6.039s] -- Up-to-date symlink: /home/jetbot/ece417/ws/install/aruco_opencv_msgs/include/aruco_opencv_msgs/aruco_opencv_msgs/msg/detail/marker_pose__rosidl_typesupport_fastrtps_c.h
[6.040s] -- Up-to-date symlink: /home/jetbot/ece417/ws/install/aruco_opencv_msgs/include/aruco_opencv_msgs/aruco_opencv_msgs/msg/rosidl_typesupport_fastrtps_c__visibility_control.h
[6.040s] -- Up-to-date symlink: /home/jetbot/ece417/ws/install/aruco_opencv_msgs/include/aruco_opencv_msgs/aruco_opencv_msgs/msg/detail/aruco_detection__rosidl_typesupport_introspection_c.h
[6.041s] -- Up-to-date symlink: /home/jetbot/ece417/ws/install/aruco_opencv_msgs/include/aruco_opencv_msgs/aruco_opencv_msgs/msg/detail/board_pose__rosidl_typesupport_introspection_c.h
[6.041s] -- Up-to-date symlink: /home/jetbot/ece417/ws/install/aruco_opencv_msgs/include/aruco_opencv_msgs/aruco_opencv_msgs/msg/detail/marker_pose__rosidl_typesupport_introspection_c.h
[6.043s] -- Up-to-date symlink: /home/jetbot/ece417/ws/install/aruco_opencv_msgs/include/aruco_opencv_msgs/aruco_opencv_msgs/msg/rosidl_typesupport_introspection_c__visibility_control.h
[6.043s] -- Up-to-date symlink: /home/jetbot/ece417/ws/install/aruco_opencv_msgs/include/aruco_opencv_msgs/aruco_opencv_msgs/msg/aruco_detection.hpp
[6.045s] -- Up-to-date symlink: /home/jetbot/ece417/ws/install/aruco_opencv_msgs/include/aruco_opencv_msgs/aruco_opencv_msgs/msg/board_pose.hpp
[6.046s] -- Up-to-date symlink: /home/jetbot/ece417/ws/install/aruco_opencv_msgs/include/aruco_opencv_msgs/aruco_opencv_msgs/msg/detail/aruco_detection__builder.hpp
[6.046s] -- Up-to-date symlink: /home/jetbot/ece417/ws/install/aruco_opencv_msgs/include/aruco_opencv_msgs/aruco_opencv_msgs/msg/detail/aruco_detection__struct.hpp
[6.047s] -- Up-to-date symlink: /home/jetbot/ece417/ws/install/aruco_opencv_msgs/include/aruco_opencv_msgs/aruco_opencv_msgs/msg/detail/aruco_detection__traits.hpp
[6.049s] -- Up-to-date symlink: /home/jetbot/ece417/ws/install/aruco_opencv_msgs/include/aruco_opencv_msgs/aruco_opencv_msgs/msg/detail/board_pose__builder.hpp
[6.050s] -- Up-to-date symlink: /home/jetbot/ece417/ws/install/aruco_opencv_msgs/include/aruco_opencv_msgs/aruco_opencv_msgs/msg/detail/board_pose__struct.hpp
[6.050s] -- Up-to-date symlink: /home/jetbot/ece417/ws/install/aruco_opencv_msgs/include/aruco_opencv_msgs/aruco_opencv_msgs/msg/detail/board_pose__traits.hpp
[6.051s] -- Up-to-date symlink: /home/jetbot/ece417/ws/install/aruco_opencv_msgs/include/aruco_opencv_msgs/aruco_opencv_msgs/msg/detail/marker_pose__builder.hpp
[6.052s] -- Up-to-date symlink: /home/jetbot/ece417/ws/install/aruco_opencv_msgs/include/aruco_opencv_msgs/aruco_opencv_msgs/msg/detail/marker_pose__struct.hpp
[6.052s] -- Up-to-date symlink: /home/jetbot/ece417/ws/install/aruco_opencv_msgs/include/aruco_opencv_msgs/aruco_opencv_msgs/msg/detail/marker_pose__traits.hpp
[6.053s] -- Up-to-date symlink: /home/jetbot/ece417/ws/install/aruco_opencv_msgs/include/aruco_opencv_msgs/aruco_opencv_msgs/msg/marker_pose.hpp
[6.054s] -- Up-to-date symlink: /home/jetbot/ece417/ws/install/aruco_opencv_msgs/include/aruco_opencv_msgs/aruco_opencv_msgs/msg/detail/aruco_detection__rosidl_typesupport_fastrtps_cpp.hpp
[6.054s] -- Up-to-date symlink: /home/jetbot/ece417/ws/install/aruco_opencv_msgs/include/aruco_opencv_msgs/aruco_opencv_msgs/msg/detail/board_pose__rosidl_typesupport_fastrtps_cpp.hpp
[6.055s] -- Up-to-date symlink: /home/jetbot/ece417/ws/install/aruco_opencv_msgs/include/aruco_opencv_msgs/aruco_opencv_msgs/msg/detail/marker_pose__rosidl_typesupport_fastrtps_cpp.hpp
[6.056s] -- Up-to-date symlink: /home/jetbot/ece417/ws/install/aruco_opencv_msgs/include/aruco_opencv_msgs/aruco_opencv_msgs/msg/rosidl_typesupport_fastrtps_cpp__visibility_control.h
[6.056s] -- Up-to-date symlink: /home/jetbot/ece417/ws/install/aruco_opencv_msgs/include/aruco_opencv_msgs/aruco_opencv_msgs/msg/detail/aruco_detection__rosidl_typesupport_introspection_cpp.hpp
[6.057s] -- Up-to-date symlink: /home/jetbot/ece417/ws/install/aruco_opencv_msgs/include/aruco_opencv_msgs/aruco_opencv_msgs/msg/detail/board_pose__rosidl_typesupport_introspection_cpp.hpp
[6.061s] -- Up-to-date symlink: /home/jetbot/ece417/ws/install/aruco_opencv_msgs/include/aruco_opencv_msgs/aruco_opencv_msgs/msg/detail/marker_pose__rosidl_typesupport_introspection_cpp.hpp
[6.069s] -- Up-to-date symlink: /home/jetbot/ece417/ws/install/aruco_opencv_msgs/share/aruco_opencv_msgs/environment/pythonpath.sh
[6.070s] -- Up-to-date symlink: /home/jetbot/ece417/ws/install/aruco_opencv_msgs/share/aruco_opencv_msgs/environment/pythonpath.dsv
[6.079s] -- Up-to-date symlink: /home/jetbot/ece417/ws/install/aruco_opencv_msgs/lib/python3.6/site-packages/aruco_opencv_msgs-2.3.1-py3.6.egg-info/PKG-INFO
[6.086s] -- Up-to-date symlink: /home/jetbot/ece417/ws/install/aruco_opencv_msgs/lib/python3.6/site-packages/aruco_opencv_msgs-2.3.1-py3.6.egg-info/SOURCES.txt
[6.094s] -- Up-to-date symlink: /home/jetbot/ece417/ws/install/aruco_opencv_msgs/lib/python3.6/site-packages/aruco_opencv_msgs-2.3.1-py3.6.egg-info/dependency_links.txt
[6.095s] -- Up-to-date symlink: /home/jetbot/ece417/ws/install/aruco_opencv_msgs/lib/python3.6/site-packages/aruco_opencv_msgs-2.3.1-py3.6.egg-info/top_level.txt
[6.095s] -- Up-to-date symlink: /home/jetbot/ece417/ws/install/aruco_opencv_msgs/lib/python3.6/site-packages/aruco_opencv_msgs/__init__.py
[6.096s] -- Up-to-date symlink: /home/jetbot/ece417/ws/install/aruco_opencv_msgs/lib/python3.6/site-packages/aruco_opencv_msgs/_aruco_opencv_msgs_s.ep.rosidl_typesupport_c.c
[6.096s] -- Up-to-date symlink: /home/jetbot/ece417/ws/install/aruco_opencv_msgs/lib/python3.6/site-packages/aruco_opencv_msgs/_aruco_opencv_msgs_s.ep.rosidl_typesupport_fastrtps_c.c
[6.097s] -- Up-to-date symlink: /home/jetbot/ece417/ws/install/aruco_opencv_msgs/lib/python3.6/site-packages/aruco_opencv_msgs/_aruco_opencv_msgs_s.ep.rosidl_typesupport_introspection_c.c
[6.097s] -- Up-to-date symlink: /home/jetbot/ece417/ws/install/aruco_opencv_msgs/lib/python3.6/site-packages/aruco_opencv_msgs/aruco_opencv_msgs_s__rosidl_typesupport_c.cpython-36m-aarch64-linux-gnu.so
[6.098s] -- Up-to-date symlink: /home/jetbot/ece417/ws/install/aruco_opencv_msgs/lib/python3.6/site-packages/aruco_opencv_msgs/aruco_opencv_msgs_s__rosidl_typesupport_fastrtps_c.cpython-36m-aarch64-linux-gnu.so
[6.098s] -- Up-to-date symlink: /home/jetbot/ece417/ws/install/aruco_opencv_msgs/lib/python3.6/site-packages/aruco_opencv_msgs/aruco_opencv_msgs_s__rosidl_typesupport_introspection_c.cpython-36m-aarch64-linux-gnu.so
[6.099s] -- Up-to-date symlink: /home/jetbot/ece417/ws/install/aruco_opencv_msgs/lib/python3.6/site-packages/aruco_opencv_msgs/libaruco_opencv_msgs__rosidl_generator_py.so
[6.099s] -- Up-to-date symlink: /home/jetbot/ece417/ws/install/aruco_opencv_msgs/lib/python3.6/site-packages/aruco_opencv_msgs/msg/__init__.py
[6.100s] -- Up-to-date symlink: /home/jetbot/ece417/ws/install/aruco_opencv_msgs/lib/python3.6/site-packages/aruco_opencv_msgs/msg/_aruco_detection.py
[6.101s] -- Up-to-date symlink: /home/jetbot/ece417/ws/install/aruco_opencv_msgs/lib/python3.6/site-packages/aruco_opencv_msgs/msg/_aruco_detection_s.c
[6.102s] -- Up-to-date symlink: /home/jetbot/ece417/ws/install/aruco_opencv_msgs/lib/python3.6/site-packages/aruco_opencv_msgs/msg/_board_pose.py
[6.103s] -- Up-to-date symlink: /home/jetbot/ece417/ws/install/aruco_opencv_msgs/lib/python3.6/site-packages/aruco_opencv_msgs/msg/_board_pose_s.c
[6.104s] -- Up-to-date symlink: /home/jetbot/ece417/ws/install/aruco_opencv_msgs/lib/python3.6/site-packages/aruco_opencv_msgs/msg/_marker_pose.py
[6.111s] -- Up-to-date symlink: /home/jetbot/ece417/ws/install/aruco_opencv_msgs/lib/python3.6/site-packages/aruco_opencv_msgs/msg/_marker_pose_s.c
[6.113s] -- Up-to-date symlink: /home/jetbot/ece417/ws/install/aruco_opencv_msgs/lib/python3.6/site-packages/aruco_opencv_msgs/aruco_opencv_msgs_s__rosidl_typesupport_fastrtps_c.cpython-36m-aarch64-linux-gnu.so
[6.114s] -- Up-to-date symlink: /home/jetbot/ece417/ws/install/aruco_opencv_msgs/lib/python3.6/site-packages/aruco_opencv_msgs/aruco_opencv_msgs_s__rosidl_typesupport_introspection_c.cpython-36m-aarch64-linux-gnu.so
[6.114s] -- Up-to-date symlink: /home/jetbot/ece417/ws/install/aruco_opencv_msgs/lib/python3.6/site-packages/aruco_opencv_msgs/aruco_opencv_msgs_s__rosidl_typesupport_c.cpython-36m-aarch64-linux-gnu.so
[6.115s] -- Up-to-date symlink: /home/jetbot/ece417/ws/install/aruco_opencv_msgs/share/aruco_opencv_msgs/msg/ArucoDetection.idl
[6.115s] -- Up-to-date symlink: /home/jetbot/ece417/ws/install/aruco_opencv_msgs/share/aruco_opencv_msgs/msg/BoardPose.idl
[6.116s] -- Up-to-date symlink: /home/jetbot/ece417/ws/install/aruco_opencv_msgs/share/aruco_opencv_msgs/msg/MarkerPose.idl
[6.116s] -- Up-to-date symlink: /home/jetbot/ece417/ws/install/aruco_opencv_msgs/share/aruco_opencv_msgs/msg/ArucoDetection.msg
[6.117s] -- Up-to-date symlink: /home/jetbot/ece417/ws/install/aruco_opencv_msgs/share/aruco_opencv_msgs/msg/BoardPose.msg
[6.117s] -- Up-to-date symlink: /home/jetbot/ece417/ws/install/aruco_opencv_msgs/share/aruco_opencv_msgs/msg/MarkerPose.msg
[6.118s] -- Up-to-date symlink: /home/jetbot/ece417/ws/install/aruco_opencv_msgs/share/ament_index/resource_index/package_run_dependencies/aruco_opencv_msgs
[6.118s] -- Up-to-date symlink: /home/jetbot/ece417/ws/install/aruco_opencv_msgs/share/ament_index/resource_index/parent_prefix_path/aruco_opencv_msgs
[6.119s] -- Up-to-date symlink: /home/jetbot/ece417/ws/install/aruco_opencv_msgs/share/aruco_opencv_msgs/environment/ament_prefix_path.sh
[6.120s] -- Up-to-date symlink: /home/jetbot/ece417/ws/install/aruco_opencv_msgs/share/aruco_opencv_msgs/environment/ament_prefix_path.dsv
[6.131s] -- Up-to-date symlink: /home/jetbot/ece417/ws/install/aruco_opencv_msgs/share/aruco_opencv_msgs/environment/path.sh
[6.131s] -- Up-to-date symlink: /home/jetbot/ece417/ws/install/aruco_opencv_msgs/share/aruco_opencv_msgs/environment/path.dsv
[6.132s] -- Up-to-date symlink: /home/jetbot/ece417/ws/install/aruco_opencv_msgs/share/aruco_opencv_msgs/local_setup.bash
[6.133s] -- Up-to-date symlink: /home/jetbot/ece417/ws/install/aruco_opencv_msgs/share/aruco_opencv_msgs/local_setup.sh
[6.133s] -- Up-to-date symlink: /home/jetbot/ece417/ws/install/aruco_opencv_msgs/share/aruco_opencv_msgs/local_setup.zsh
[6.134s] -- Up-to-date symlink: /home/jetbot/ece417/ws/install/aruco_opencv_msgs/share/aruco_opencv_msgs/local_setup.dsv
[6.134s] -- Symlinking: /home/jetbot/ece417/ws/install/aruco_opencv_msgs/share/aruco_opencv_msgs/package.dsv
[6.135s] -- Up-to-date symlink: /home/jetbot/ece417/ws/install/aruco_opencv_msgs/share/ament_index/resource_index/packages/aruco_opencv_msgs
[6.135s] -- Up-to-date symlink: /home/jetbot/ece417/ws/install/aruco_opencv_msgs/share/aruco_opencv_msgs/cmake/rosidl_cmake-extras.cmake
[6.136s] -- Up-to-date symlink: /home/jetbot/ece417/ws/install/aruco_opencv_msgs/share/aruco_opencv_msgs/cmake/ament_cmake_export_dependencies-extras.cmake
[6.136s] -- Up-to-date symlink: /home/jetbot/ece417/ws/install/aruco_opencv_msgs/share/aruco_opencv_msgs/cmake/ament_cmake_export_include_directories-extras.cmake
[6.137s] -- Up-to-date symlink: /home/jetbot/ece417/ws/install/aruco_opencv_msgs/share/aruco_opencv_msgs/cmake/ament_cmake_export_libraries-extras.cmake
[6.138s] -- Up-to-date symlink: /home/jetbot/ece417/ws/install/aruco_opencv_msgs/share/aruco_opencv_msgs/cmake/ament_cmake_export_targets-extras.cmake
[6.138s] -- Up-to-date symlink: /home/jetbot/ece417/ws/install/aruco_opencv_msgs/share/aruco_opencv_msgs/cmake/rosidl_cmake_export_typesupport_targets-extras.cmake
[6.139s] -- Up-to-date symlink: /home/jetbot/ece417/ws/install/aruco_opencv_msgs/share/aruco_opencv_msgs/cmake/rosidl_cmake_export_typesupport_libraries-extras.cmake
[6.139s] -- Up-to-date symlink: /home/jetbot/ece417/ws/install/aruco_opencv_msgs/share/aruco_opencv_msgs/cmake/aruco_opencv_msgsConfig.cmake
[6.139s] -- Up-to-date symlink: /home/jetbot/ece417/ws/install/aruco_opencv_msgs/share/aruco_opencv_msgs/cmake/aruco_opencv_msgsConfig-version.cmake
[6.140s] -- Up-to-date symlink: /home/jetbot/ece417/ws/install/aruco_opencv_msgs/share/aruco_opencv_msgs/package.xml
[6.141s] -- Up-to-date: /home/jetbot/ece417/ws/install/aruco_opencv_msgs/lib/libaruco_opencv_msgs__rosidl_generator_c.so
[6.141s] -- Up-to-date: /home/jetbot/ece417/ws/install/aruco_opencv_msgs/lib/libaruco_opencv_msgs__rosidl_typesupport_fastrtps_c.so
[6.142s] -- Up-to-date: /home/jetbot/ece417/ws/install/aruco_opencv_msgs/lib/libaruco_opencv_msgs__rosidl_typesupport_introspection_c.so
[6.142s] -- Up-to-date: /home/jetbot/ece417/ws/install/aruco_opencv_msgs/lib/libaruco_opencv_msgs__rosidl_typesupport_c.so
[6.143s] -- Up-to-date: /home/jetbot/ece417/ws/install/aruco_opencv_msgs/lib/libaruco_opencv_msgs__rosidl_typesupport_fastrtps_cpp.so
[6.143s] -- Up-to-date: /home/jetbot/ece417/ws/install/aruco_opencv_msgs/lib/libaruco_opencv_msgs__rosidl_typesupport_introspection_cpp.so
[6.144s] -- Up-to-date: /home/jetbot/ece417/ws/install/aruco_opencv_msgs/lib/libaruco_opencv_msgs__rosidl_typesupport_cpp.so
[6.339s] Listing '/home/jetbot/ece417/ws/install/aruco_opencv_msgs/lib/python3.6/site-packages/aruco_opencv_msgs'...
[6.340s] Listing '/home/jetbot/ece417/ws/install/aruco_opencv_msgs/lib/python3.6/site-packages/aruco_opencv_msgs/msg'...
[6.363s] -- Up-to-date: /home/jetbot/ece417/ws/install/aruco_opencv_msgs/lib/libaruco_opencv_msgs__rosidl_generator_py.so
[6.364s] -- Up-to-date: /home/jetbot/ece417/ws/install/aruco_opencv_msgs/share/aruco_opencv_msgs/cmake/export_aruco_opencv_msgs__rosidl_generator_cExport.cmake
[6.365s] -- Up-to-date: /home/jetbot/ece417/ws/install/aruco_opencv_msgs/share/aruco_opencv_msgs/cmake/export_aruco_opencv_msgs__rosidl_generator_cExport-noconfig.cmake
[6.366s] -- Up-to-date: /home/jetbot/ece417/ws/install/aruco_opencv_msgs/share/aruco_opencv_msgs/cmake/export_aruco_opencv_msgs__rosidl_typesupport_fastrtps_cExport.cmake
[6.367s] -- Up-to-date: /home/jetbot/ece417/ws/install/aruco_opencv_msgs/share/aruco_opencv_msgs/cmake/export_aruco_opencv_msgs__rosidl_typesupport_fastrtps_cExport-noconfig.cmake
[6.368s] -- Up-to-date: /home/jetbot/ece417/ws/install/aruco_opencv_msgs/share/aruco_opencv_msgs/cmake/aruco_opencv_msgs__rosidl_typesupport_introspection_cExport.cmake
[6.369s] -- Up-to-date: /home/jetbot/ece417/ws/install/aruco_opencv_msgs/share/aruco_opencv_msgs/cmake/aruco_opencv_msgs__rosidl_typesupport_introspection_cExport-noconfig.cmake
[6.370s] -- Up-to-date: /home/jetbot/ece417/ws/install/aruco_opencv_msgs/share/aruco_opencv_msgs/cmake/aruco_opencv_msgs__rosidl_typesupport_cExport.cmake
[6.370s] -- Up-to-date: /home/jetbot/ece417/ws/install/aruco_opencv_msgs/share/aruco_opencv_msgs/cmake/aruco_opencv_msgs__rosidl_typesupport_cExport-noconfig.cmake
[6.371s] -- Up-to-date: /home/jetbot/ece417/ws/install/aruco_opencv_msgs/share/aruco_opencv_msgs/cmake/export_aruco_opencv_msgs__rosidl_generator_cppExport.cmake
[6.372s] -- Up-to-date: /home/jetbot/ece417/ws/install/aruco_opencv_msgs/share/aruco_opencv_msgs/cmake/export_aruco_opencv_msgs__rosidl_typesupport_fastrtps_cppExport.cmake
[6.372s] -- Up-to-date: /home/jetbot/ece417/ws/install/aruco_opencv_msgs/share/aruco_opencv_msgs/cmake/export_aruco_opencv_msgs__rosidl_typesupport_fastrtps_cppExport-noconfig.cmake
[6.373s] -- Up-to-date: /home/jetbot/ece417/ws/install/aruco_opencv_msgs/share/aruco_opencv_msgs/cmake/aruco_opencv_msgs__rosidl_typesupport_introspection_cppExport.cmake
[6.373s] -- Up-to-date: /home/jetbot/ece417/ws/install/aruco_opencv_msgs/share/aruco_opencv_msgs/cmake/aruco_opencv_msgs__rosidl_typesupport_introspection_cppExport-noconfig.cmake
[6.374s] -- Up-to-date: /home/jetbot/ece417/ws/install/aruco_opencv_msgs/share/aruco_opencv_msgs/cmake/aruco_opencv_msgs__rosidl_typesupport_cppExport.cmake
[6.375s] -- Up-to-date: /home/jetbot/ece417/ws/install/aruco_opencv_msgs/share/aruco_opencv_msgs/cmake/aruco_opencv_msgs__rosidl_typesupport_cppExport-noconfig.cmake
[6.375s] -- Up-to-date: /home/jetbot/ece417/ws/install/aruco_opencv_msgs/share/aruco_opencv_msgs/cmake/export_aruco_opencv_msgs__rosidl_generator_pyExport.cmake
[6.376s] -- Up-to-date: /home/jetbot/ece417/ws/install/aruco_opencv_msgs/share/aruco_opencv_msgs/cmake/export_aruco_opencv_msgs__rosidl_generator_pyExport-noconfig.cmake
[6.413s] Invoked command in '/home/jetbot/ece417/ws/build/aruco_opencv_msgs' returned '0': CMAKE_PREFIX_PATH=/home/jetbot/ece417/ws/install/gscam:/home/jetbot/ece417/ws/install/aruco_opencv:/home/jetbot/ece417/ws/install/aruco_opencv_msgs:/home/jetbot/ece417/ws/install/py_pubsub:/home/jetbot/ece417/ws/install/jetbot_ros:/ros_deep_learning/install/ros_deep_learning:/opt/ros/humble/install /usr/local/bin/cmake --install /home/jetbot/ece417/ws/build/aruco_opencv_msgs
