[0.120s] Invoking command in '/home/jetbot/ece417/ws/build/aruco_opencv': AMENT_PREFIX_PATH=/home/jetbot/ece417/ws/install/aruco_opencv_msgs:${AMENT_PREFIX_PATH} CMAKE_PREFIX_PATH=/home/jetbot/ece417/ws/install/aruco_opencv_msgs:${CMAKE_PREFIX_PATH} LD_LIBRARY_PATH=/home/jetbot/ece417/ws/install/aruco_opencv_msgs/lib:/opt/ros/humble/install/lib:/usr/local/cuda/lib64:/usr/local/cuda-10.2/targets/aarch64-linux/lib PYTHONPATH=/home/jetbot/ece417/ws/install/aruco_opencv_msgs/lib/python3.6/site-packages:${PYTHONPATH} /usr/local/bin/cmake --build /home/jetbot/ece417/ws/build/aruco_opencv -- -j4 -l4
[0.562s] [ 28%] Built target aruco_tracker_autostart
[0.565s] [ 57%] Built target aruco_tracker
[0.606s] [100%] Built target aruco_opencv
[0.648s] Invoked command in '/home/jetbot/ece417/ws/build/aruco_opencv' returned '0': AMENT_PREFIX_PATH=/home/jetbot/ece417/ws/install/aruco_opencv_msgs:${AMENT_PREFIX_PATH} CMAKE_PREFIX_PATH=/home/jetbot/ece417/ws/install/aruco_opencv_msgs:${CMAKE_PREFIX_PATH} LD_LIBRARY_PATH=/home/jetbot/ece417/ws/install/aruco_opencv_msgs/lib:/opt/ros/humble/install/lib:/usr/local/cuda/lib64:/usr/local/cuda-10.2/targets/aarch64-linux/lib PYTHONPATH=/home/jetbot/ece417/ws/install/aruco_opencv_msgs/lib/python3.6/site-packages:${PYTHONPATH} /usr/local/bin/cmake --build /home/jetbot/ece417/ws/build/aruco_opencv -- -j4 -l4
[0.924s] Invoking command in '/home/jetbot/ece417/ws/build/aruco_opencv': AMENT_PREFIX_PATH=/home/jetbot/ece417/ws/install/aruco_opencv_msgs:${AMENT_PREFIX_PATH} CMAKE_PREFIX_PATH=/home/jetbot/ece417/ws/install/aruco_opencv_msgs:${CMAKE_PREFIX_PATH} LD_LIBRARY_PATH=/home/jetbot/ece417/ws/install/aruco_opencv_msgs/lib:/opt/ros/humble/install/lib:/usr/local/cuda/lib64:/usr/local/cuda-10.2/targets/aarch64-linux/lib PYTHONPATH=/home/jetbot/ece417/ws/install/aruco_opencv_msgs/lib/python3.6/site-packages:${PYTHONPATH} /usr/local/bin/cmake --install /home/jetbot/ece417/ws/build/aruco_opencv
[1.093s] -- Install configuration: ""
[1.095s] -- Execute custom install script
[1.099s] -- Up-to-date symlink: /home/jetbot/ece417/ws/install/aruco_opencv/lib/aruco_opencv/aruco_tracker
[1.102s] -- Up-to-date symlink: /home/jetbot/ece417/ws/install/aruco_opencv/lib/aruco_opencv/aruco_tracker_autostart
[1.104s] -- Up-to-date symlink: /home/jetbot/ece417/ws/install/aruco_opencv/lib/libaruco_opencv.so
[1.108s] -- Up-to-date symlink: /home/jetbot/ece417/ws/install/aruco_opencv/share/aruco_opencv/config/aruco_tracker.yaml
[1.109s] -- Up-to-date symlink: /home/jetbot/ece417/ws/install/aruco_opencv/share/aruco_opencv/config/board_descriptions.yaml
[1.112s] -- Up-to-date symlink: /home/jetbot/ece417/ws/install/aruco_opencv/share/aruco_opencv/launch/aruco.launch.xml
[1.113s] -- Up-to-date symlink: /home/jetbot/ece417/ws/install/aruco_opencv/share/aruco_opencv/launch/aruco_tracker.launch.xml
[1.115s] -- Up-to-date symlink: /home/jetbot/ece417/ws/install/aruco_opencv/lib/aruco_opencv/create_board
[1.115s] -- Up-to-date symlink: /home/jetbot/ece417/ws/install/aruco_opencv/lib/aruco_opencv/create_marker
[1.119s] -- Up-to-date symlink: /home/jetbot/ece417/ws/install/aruco_opencv/share/ament_index/resource_index/package_run_dependencies/aruco_opencv
[1.121s] -- Up-to-date symlink: /home/jetbot/ece417/ws/install/aruco_opencv/share/ament_index/resource_index/parent_prefix_path/aruco_opencv
[1.123s] -- Up-to-date symlink: /home/jetbot/ece417/ws/install/aruco_opencv/share/aruco_opencv/environment/ament_prefix_path.sh
[1.124s] -- Up-to-date symlink: /home/jetbot/ece417/ws/install/aruco_opencv/share/aruco_opencv/environment/ament_prefix_path.dsv
[1.126s] -- Up-to-date symlink: /home/jetbot/ece417/ws/install/aruco_opencv/share/aruco_opencv/environment/path.sh
[1.127s] -- Up-to-date symlink: /home/jetbot/ece417/ws/install/aruco_opencv/share/aruco_opencv/environment/path.dsv
[1.129s] -- Up-to-date symlink: /home/jetbot/ece417/ws/install/aruco_opencv/share/aruco_opencv/local_setup.bash
[1.131s] -- Up-to-date symlink: /home/jetbot/ece417/ws/install/aruco_opencv/share/aruco_opencv/local_setup.sh
[1.132s] -- Up-to-date symlink: /home/jetbot/ece417/ws/install/aruco_opencv/share/aruco_opencv/local_setup.zsh
[1.134s] -- Up-to-date symlink: /home/jetbot/ece417/ws/install/aruco_opencv/share/aruco_opencv/local_setup.dsv
[1.135s] -- Symlinking: /home/jetbot/ece417/ws/install/aruco_opencv/share/aruco_opencv/package.dsv
[1.146s] -- Up-to-date symlink: /home/jetbot/ece417/ws/install/aruco_opencv/share/ament_index/resource_index/packages/aruco_opencv
[1.148s] -- Up-to-date symlink: /home/jetbot/ece417/ws/install/aruco_opencv/share/ament_index/resource_index/rclcpp_components/aruco_opencv
[1.150s] -- Up-to-date symlink: /home/jetbot/ece417/ws/install/aruco_opencv/share/aruco_opencv/cmake/aruco_opencvConfig.cmake
[1.151s] -- Up-to-date symlink: /home/jetbot/ece417/ws/install/aruco_opencv/share/aruco_opencv/cmake/aruco_opencvConfig-version.cmake
[1.152s] -- Up-to-date symlink: /home/jetbot/ece417/ws/install/aruco_opencv/share/aruco_opencv/package.xml
[1.189s] Invoked command in '/home/jetbot/ece417/ws/build/aruco_opencv' returned '0': AMENT_PREFIX_PATH=/home/jetbot/ece417/ws/install/aruco_opencv_msgs:${AMENT_PREFIX_PATH} CMAKE_PREFIX_PATH=/home/jetbot/ece417/ws/install/aruco_opencv_msgs:${CMAKE_PREFIX_PATH} LD_LIBRARY_PATH=/home/jetbot/ece417/ws/install/aruco_opencv_msgs/lib:/opt/ros/humble/install/lib:/usr/local/cuda/lib64:/usr/local/cuda-10.2/targets/aarch64-linux/lib PYTHONPATH=/home/jetbot/ece417/ws/install/aruco_opencv_msgs/lib/python3.6/site-packages:${PYTHONPATH} /usr/local/bin/cmake --install /home/jetbot/ece417/ws/build/aruco_opencv
