[0.708s] Invoking command in '/home/jetbot/ece417/ws/build/aruco_opencv_msgs': CMAKE_PREFIX_PATH=/home/jetbot/ece417/ws/install/gscam:/home/jetbot/ece417/ws/install/aruco_opencv:/home/jetbot/ece417/ws/install/aruco_opencv_msgs:/home/jetbot/ece417/ws/install/py_pubsub:/home/jetbot/ece417/ws/install/jetbot_ros:/ros_deep_learning/install/ros_deep_learning:/opt/ros/humble/install /usr/local/bin/cmake --build /home/jetbot/ece417/ws/build/aruco_opencv_msgs -- -j4 -l4
[2.740s] [  2%] Built target aruco_opencv_msgs__cpp
[2.741s] [  2%] Built target ament_cmake_python_symlink_aruco_opencv_msgs
[2.741s] [ 12%] Built target aruco_opencv_msgs__rosidl_generator_c
[2.742s] [ 23%] Built target aruco_opencv_msgs__rosidl_typesupport_fastrtps_cpp
[2.745s] [ 34%] Built target aruco_opencv_msgs__rosidl_typesupport_cpp
[2.746s] [ 44%] Built target aruco_opencv_msgs__rosidl_typesupport_introspection_cpp
[2.747s] [ 55%] Built target aruco_opencv_msgs__rosidl_typesupport_introspection_c
[2.748s] [ 65%] Built target aruco_opencv_msgs__rosidl_typesupport_fastrtps_c
[2.749s] [ 76%] Built target aruco_opencv_msgs__rosidl_typesupport_c
[2.750s] [ 76%] Built target aruco_opencv_msgs
[2.750s] [ 78%] Built target aruco_opencv_msgs__py
[2.751s] [ 87%] Built target aruco_opencv_msgs__rosidl_generator_py
[2.751s] [ 91%] Built target aruco_opencv_msgs__rosidl_typesupport_c__pyext
[2.752s] [ 95%] Built target aruco_opencv_msgs__rosidl_typesupport_fastrtps_c__pyext
[2.752s] [100%] Built target aruco_opencv_msgs__rosidl_typesupport_introspection_c__pyext
[2.819s] running egg_info
[2.822s] writing aruco_opencv_msgs.egg-info/PKG-INFO
[2.824s] writing dependency_links to aruco_opencv_msgs.egg-info/dependency_links.txt
[2.825s] writing top-level names to aruco_opencv_msgs.egg-info/top_level.txt
[2.836s] reading manifest file 'aruco_opencv_msgs.egg-info/SOURCES.txt'
[2.841s] writing manifest file 'aruco_opencv_msgs.egg-info/SOURCES.txt'
[2.951s] [100%] Built target ament_cmake_python_build_aruco_opencv_msgs_egg
[4.620s] Invoked command in '/home/jetbot/ece417/ws/build/aruco_opencv_msgs' returned '0': CMAKE_PREFIX_PATH=/home/jetbot/ece417/ws/install/gscam:/home/jetbot/ece417/ws/install/aruco_opencv:/home/jetbot/ece417/ws/install/aruco_opencv_msgs:/home/jetbot/ece417/ws/install/py_pubsub:/home/jetbot/ece417/ws/install/jetbot_ros:/ros_deep_learning/install/ros_deep_learning:/opt/ros/humble/install /usr/local/bin/cmake --build /home/jetbot/ece417/ws/build/aruco_opencv_msgs -- -j4 -l4
[5.356s] Invoking command in '/home/jetbot/ece417/ws/build/aruco_opencv_msgs': CMAKE_PREFIX_PATH=/home/jetbot/ece417/ws/install/gscam:/home/jetbot/ece417/ws/install/aruco_opencv:/home/jetbot/ece417/ws/install/aruco_opencv_msgs:/home/jetbot/ece417/ws/install/py_pubsub:/home/jetbot/ece417/ws/install/jetbot_ros:/ros_deep_learning/install/ros_deep_learning:/opt/ros/humble/install /usr/local/bin/cmake --install /home/jetbot/ece417/ws/build/aruco_opencv_msgs
[5.569s] -- Install configuration: ""
[5.569s] -- Execute custom install script
[5.570s] -- Up-to-date symlink: /home/jetbot/ece417/ws/install/aruco_opencv_msgs/share/ament_index/resource_index/rosidl_interfaces/aruco_opencv_msgs
[5.571s] -- Up-to-date symlink: /home/jetbot/ece417/ws/install/aruco_opencv_msgs/include/aruco_opencv_msgs/aruco_opencv_msgs/msg/aruco_detection.h
[5.571s] -- Up-to-date symlink: /home/jetbot/ece417/ws/install/aruco_opencv_msgs/include/aruco_opencv_msgs/aruco_opencv_msgs/msg/board_pose.h
[5.572s] -- Up-to-date symlink: /home/jetbot/ece417/ws/install/aruco_opencv_msgs/include/aruco_opencv_msgs/aruco_opencv_msgs/msg/detail/aruco_detection__functions.h
[5.573s] -- Up-to-date symlink: /home/jetbot/ece417/ws/install/aruco_opencv_msgs/include/aruco_opencv_msgs/aruco_opencv_msgs/msg/detail/aruco_detection__struct.h
[5.573s] -- Up-to-date symlink: /home/jetbot/ece417/ws/install/aruco_opencv_msgs/include/aruco_opencv_msgs/aruco_opencv_msgs/msg/detail/aruco_detection__type_support.h
[5.574s] -- Up-to-date symlink: /home/jetbot/ece417/ws/install/aruco_opencv_msgs/include/aruco_opencv_msgs/aruco_opencv_msgs/msg/detail/board_pose__functions.h
[5.575s] -- Up-to-date symlink: /home/jetbot/ece417/ws/install/aruco_opencv_msgs/include/aruco_opencv_msgs/aruco_opencv_msgs/msg/detail/board_pose__struct.h
[5.575s] -- Up-to-date symlink: /home/jetbot/ece417/ws/install/aruco_opencv_msgs/include/aruco_opencv_msgs/aruco_opencv_msgs/msg/detail/board_pose__type_support.h
[5.576s] -- Up-to-date symlink: /home/jetbot/ece417/ws/install/aruco_opencv_msgs/include/aruco_opencv_msgs/aruco_opencv_msgs/msg/detail/marker_pose__functions.h
[5.576s] -- Up-to-date symlink: /home/jetbot/ece417/ws/install/aruco_opencv_msgs/include/aruco_opencv_msgs/aruco_opencv_msgs/msg/detail/marker_pose__struct.h
[5.577s] -- Up-to-date symlink: /home/jetbot/ece417/ws/install/aruco_opencv_msgs/include/aruco_opencv_msgs/aruco_opencv_msgs/msg/detail/marker_pose__type_support.h
[5.578s] -- Up-to-date symlink: /home/jetbot/ece417/ws/install/aruco_opencv_msgs/include/aruco_opencv_msgs/aruco_opencv_msgs/msg/marker_pose.h
[5.578s] -- Up-to-date symlink: /home/jetbot/ece417/ws/install/aruco_opencv_msgs/include/aruco_opencv_msgs/aruco_opencv_msgs/msg/rosidl_generator_c__visibility_control.h
[5.579s] -- Up-to-date symlink: /home/jetbot/ece417/ws/install/aruco_opencv_msgs/share/aruco_opencv_msgs/environment/library_path.sh
[5.579s] -- Up-to-date symlink: /home/jetbot/ece417/ws/install/aruco_opencv_msgs/share/aruco_opencv_msgs/environment/library_path.dsv
[5.583s] -- Up-to-date symlink: /home/jetbot/ece417/ws/install/aruco_opencv_msgs/include/aruco_opencv_msgs/aruco_opencv_msgs/msg/detail/aruco_detection__rosidl_typesupport_fastrtps_c.h
[5.584s] -- Up-to-date symlink: /home/jetbot/ece417/ws/install/aruco_opencv_msgs/include/aruco_opencv_msgs/aruco_opencv_msgs/msg/detail/board_pose__rosidl_typesupport_fastrtps_c.h
[5.585s] -- Up-to-date symlink: /home/jetbot/ece417/ws/install/aruco_opencv_msgs/include/aruco_opencv_msgs/aruco_opencv_msgs/msg/detail/marker_pose__rosidl_typesupport_fastrtps_c.h
[5.585s] -- Up-to-date symlink: /home/jetbot/ece417/ws/install/aruco_opencv_msgs/include/aruco_opencv_msgs/aruco_opencv_msgs/msg/rosidl_typesupport_fastrtps_c__visibility_control.h
[5.587s] -- Up-to-date symlink: /home/jetbot/ece417/ws/install/aruco_opencv_msgs/include/aruco_opencv_msgs/aruco_opencv_msgs/msg/detail/aruco_detection__rosidl_typesupport_introspection_c.h
[5.587s] -- Up-to-date symlink: /home/jetbot/ece417/ws/install/aruco_opencv_msgs/include/aruco_opencv_msgs/aruco_opencv_msgs/msg/detail/board_pose__rosidl_typesupport_introspection_c.h
[5.588s] -- Up-to-date symlink: /home/jetbot/ece417/ws/install/aruco_opencv_msgs/include/aruco_opencv_msgs/aruco_opencv_msgs/msg/detail/marker_pose__rosidl_typesupport_introspection_c.h
[5.588s] -- Up-to-date symlink: /home/jetbot/ece417/ws/install/aruco_opencv_msgs/include/aruco_opencv_msgs/aruco_opencv_msgs/msg/rosidl_typesupport_introspection_c__visibility_control.h
[5.591s] -- Up-to-date symlink: /home/jetbot/ece417/ws/install/aruco_opencv_msgs/include/aruco_opencv_msgs/aruco_opencv_msgs/msg/aruco_detection.hpp
[5.598s] -- Up-to-date symlink: /home/jetbot/ece417/ws/install/aruco_opencv_msgs/include/aruco_opencv_msgs/aruco_opencv_msgs/msg/board_pose.hpp
[5.602s] -- Up-to-date symlink: /home/jetbot/ece417/ws/install/aruco_opencv_msgs/include/aruco_opencv_msgs/aruco_opencv_msgs/msg/detail/aruco_detection__builder.hpp
[5.603s] -- Up-to-date symlink: /home/jetbot/ece417/ws/install/aruco_opencv_msgs/include/aruco_opencv_msgs/aruco_opencv_msgs/msg/detail/aruco_detection__struct.hpp
[5.604s] -- Up-to-date symlink: /home/jetbot/ece417/ws/install/aruco_opencv_msgs/include/aruco_opencv_msgs/aruco_opencv_msgs/msg/detail/aruco_detection__traits.hpp
[5.604s] -- Up-to-date symlink: /home/jetbot/ece417/ws/install/aruco_opencv_msgs/include/aruco_opencv_msgs/aruco_opencv_msgs/msg/detail/board_pose__builder.hpp
[5.611s] -- Up-to-date symlink: /home/jetbot/ece417/ws/install/aruco_opencv_msgs/include/aruco_opencv_msgs/aruco_opencv_msgs/msg/detail/board_pose__struct.hpp
[5.612s] -- Up-to-date symlink: /home/jetbot/ece417/ws/install/aruco_opencv_msgs/include/aruco_opencv_msgs/aruco_opencv_msgs/msg/detail/board_pose__traits.hpp
[5.612s] -- Up-to-date symlink: /home/jetbot/ece417/ws/install/aruco_opencv_msgs/include/aruco_opencv_msgs/aruco_opencv_msgs/msg/detail/marker_pose__builder.hpp
[5.613s] -- Up-to-date symlink: /home/jetbot/ece417/ws/install/aruco_opencv_msgs/include/aruco_opencv_msgs/aruco_opencv_msgs/msg/detail/marker_pose__struct.hpp
[5.613s] -- Up-to-date symlink: /home/jetbot/ece417/ws/install/aruco_opencv_msgs/include/aruco_opencv_msgs/aruco_opencv_msgs/msg/detail/marker_pose__traits.hpp
[5.614s] -- Up-to-date symlink: /home/jetbot/ece417/ws/install/aruco_opencv_msgs/include/aruco_opencv_msgs/aruco_opencv_msgs/msg/marker_pose.hpp
[5.615s] -- Up-to-date symlink: /home/jetbot/ece417/ws/install/aruco_opencv_msgs/include/aruco_opencv_msgs/aruco_opencv_msgs/msg/detail/aruco_detection__rosidl_typesupport_fastrtps_cpp.hpp
[5.615s] -- Up-to-date symlink: /home/jetbot/ece417/ws/install/aruco_opencv_msgs/include/aruco_opencv_msgs/aruco_opencv_msgs/msg/detail/board_pose__rosidl_typesupport_fastrtps_cpp.hpp
[5.616s] -- Up-to-date symlink: /home/jetbot/ece417/ws/install/aruco_opencv_msgs/include/aruco_opencv_msgs/aruco_opencv_msgs/msg/detail/marker_pose__rosidl_typesupport_fastrtps_cpp.hpp
[5.617s] -- Up-to-date symlink: /home/jetbot/ece417/ws/install/aruco_opencv_msgs/include/aruco_opencv_msgs/aruco_opencv_msgs/msg/rosidl_typesupport_fastrtps_cpp__visibility_control.h
[5.622s] -- Up-to-date symlink: /home/jetbot/ece417/ws/install/aruco_opencv_msgs/include/aruco_opencv_msgs/aruco_opencv_msgs/msg/detail/aruco_detection__rosidl_typesupport_introspection_cpp.hpp
[5.623s] -- Up-to-date symlink: /home/jetbot/ece417/ws/install/aruco_opencv_msgs/include/aruco_opencv_msgs/aruco_opencv_msgs/msg/detail/board_pose__rosidl_typesupport_introspection_cpp.hpp
[5.623s] -- Up-to-date symlink: /home/jetbot/ece417/ws/install/aruco_opencv_msgs/include/aruco_opencv_msgs/aruco_opencv_msgs/msg/detail/marker_pose__rosidl_typesupport_introspection_cpp.hpp
[5.624s] -- Up-to-date symlink: /home/jetbot/ece417/ws/install/aruco_opencv_msgs/share/aruco_opencv_msgs/environment/pythonpath.sh
[5.625s] -- Up-to-date symlink: /home/jetbot/ece417/ws/install/aruco_opencv_msgs/share/aruco_opencv_msgs/environment/pythonpath.dsv
[5.626s] -- Up-to-date symlink: /home/jetbot/ece417/ws/install/aruco_opencv_msgs/lib/python3.6/site-packages/aruco_opencv_msgs-2.3.1-py3.6.egg-info/PKG-INFO
[5.626s] -- Up-to-date symlink: /home/jetbot/ece417/ws/install/aruco_opencv_msgs/lib/python3.6/site-packages/aruco_opencv_msgs-2.3.1-py3.6.egg-info/SOURCES.txt
[5.628s] -- Up-to-date symlink: /home/jetbot/ece417/ws/install/aruco_opencv_msgs/lib/python3.6/site-packages/aruco_opencv_msgs-2.3.1-py3.6.egg-info/dependency_links.txt
[5.630s] -- Up-to-date symlink: /home/jetbot/ece417/ws/install/aruco_opencv_msgs/lib/python3.6/site-packages/aruco_opencv_msgs-2.3.1-py3.6.egg-info/top_level.txt
[5.631s] -- Up-to-date symlink: /home/jetbot/ece417/ws/install/aruco_opencv_msgs/lib/python3.6/site-packages/aruco_opencv_msgs/__init__.py
[5.635s] -- Up-to-date symlink: /home/jetbot/ece417/ws/install/aruco_opencv_msgs/lib/python3.6/site-packages/aruco_opencv_msgs/_aruco_opencv_msgs_s.ep.rosidl_typesupport_c.c
[5.637s] -- Up-to-date symlink: /home/jetbot/ece417/ws/install/aruco_opencv_msgs/lib/python3.6/site-packages/aruco_opencv_msgs/_aruco_opencv_msgs_s.ep.rosidl_typesupport_fastrtps_c.c
[5.639s] -- Up-to-date symlink: /home/jetbot/ece417/ws/install/aruco_opencv_msgs/lib/python3.6/site-packages/aruco_opencv_msgs/_aruco_opencv_msgs_s.ep.rosidl_typesupport_introspection_c.c
[5.639s] -- Up-to-date symlink: /home/jetbot/ece417/ws/install/aruco_opencv_msgs/lib/python3.6/site-packages/aruco_opencv_msgs/aruco_opencv_msgs_s__rosidl_typesupport_c.cpython-36m-aarch64-linux-gnu.so
[5.640s] -- Up-to-date symlink: /home/jetbot/ece417/ws/install/aruco_opencv_msgs/lib/python3.6/site-packages/aruco_opencv_msgs/aruco_opencv_msgs_s__rosidl_typesupport_fastrtps_c.cpython-36m-aarch64-linux-gnu.so
[5.641s] -- Up-to-date symlink: /home/jetbot/ece417/ws/install/aruco_opencv_msgs/lib/python3.6/site-packages/aruco_opencv_msgs/aruco_opencv_msgs_s__rosidl_typesupport_introspection_c.cpython-36m-aarch64-linux-gnu.so
[5.644s] -- Up-to-date symlink: /home/jetbot/ece417/ws/install/aruco_opencv_msgs/lib/python3.6/site-packages/aruco_opencv_msgs/libaruco_opencv_msgs__rosidl_generator_py.so
[5.644s] -- Up-to-date symlink: /home/jetbot/ece417/ws/install/aruco_opencv_msgs/lib/python3.6/site-packages/aruco_opencv_msgs/msg/__init__.py
[5.645s] -- Up-to-date symlink: /home/jetbot/ece417/ws/install/aruco_opencv_msgs/lib/python3.6/site-packages/aruco_opencv_msgs/msg/_aruco_detection.py
[5.645s] -- Up-to-date symlink: /home/jetbot/ece417/ws/install/aruco_opencv_msgs/lib/python3.6/site-packages/aruco_opencv_msgs/msg/_aruco_detection_s.c
[5.646s] -- Up-to-date symlink: /home/jetbot/ece417/ws/install/aruco_opencv_msgs/lib/python3.6/site-packages/aruco_opencv_msgs/msg/_board_pose.py
[5.647s] -- Up-to-date symlink: /home/jetbot/ece417/ws/install/aruco_opencv_msgs/lib/python3.6/site-packages/aruco_opencv_msgs/msg/_board_pose_s.c
[5.647s] -- Up-to-date symlink: /home/jetbot/ece417/ws/install/aruco_opencv_msgs/lib/python3.6/site-packages/aruco_opencv_msgs/msg/_marker_pose.py
[5.648s] -- Up-to-date symlink: /home/jetbot/ece417/ws/install/aruco_opencv_msgs/lib/python3.6/site-packages/aruco_opencv_msgs/msg/_marker_pose_s.c
[5.649s] -- Up-to-date symlink: /home/jetbot/ece417/ws/install/aruco_opencv_msgs/lib/python3.6/site-packages/aruco_opencv_msgs/aruco_opencv_msgs_s__rosidl_typesupport_fastrtps_c.cpython-36m-aarch64-linux-gnu.so
[5.649s] -- Up-to-date symlink: /home/jetbot/ece417/ws/install/aruco_opencv_msgs/lib/python3.6/site-packages/aruco_opencv_msgs/aruco_opencv_msgs_s__rosidl_typesupport_introspection_c.cpython-36m-aarch64-linux-gnu.so
[5.650s] -- Up-to-date symlink: /home/jetbot/ece417/ws/install/aruco_opencv_msgs/lib/python3.6/site-packages/aruco_opencv_msgs/aruco_opencv_msgs_s__rosidl_typesupport_c.cpython-36m-aarch64-linux-gnu.so
[5.650s] -- Up-to-date symlink: /home/jetbot/ece417/ws/install/aruco_opencv_msgs/share/aruco_opencv_msgs/msg/ArucoDetection.idl
[5.651s] -- Up-to-date symlink: /home/jetbot/ece417/ws/install/aruco_opencv_msgs/share/aruco_opencv_msgs/msg/BoardPose.idl
[5.651s] -- Up-to-date symlink: /home/jetbot/ece417/ws/install/aruco_opencv_msgs/share/aruco_opencv_msgs/msg/MarkerPose.idl
[5.652s] -- Up-to-date symlink: /home/jetbot/ece417/ws/install/aruco_opencv_msgs/share/aruco_opencv_msgs/msg/ArucoDetection.msg
[5.652s] -- Up-to-date symlink: /home/jetbot/ece417/ws/install/aruco_opencv_msgs/share/aruco_opencv_msgs/msg/BoardPose.msg
[5.653s] -- Up-to-date symlink: /home/jetbot/ece417/ws/install/aruco_opencv_msgs/share/aruco_opencv_msgs/msg/MarkerPose.msg
[5.653s] -- Up-to-date symlink: /home/jetbot/ece417/ws/install/aruco_opencv_msgs/share/ament_index/resource_index/package_run_dependencies/aruco_opencv_msgs
[5.654s] -- Up-to-date symlink: /home/jetbot/ece417/ws/install/aruco_opencv_msgs/share/ament_index/resource_index/parent_prefix_path/aruco_opencv_msgs
[5.655s] -- Up-to-date symlink: /home/jetbot/ece417/ws/install/aruco_opencv_msgs/share/aruco_opencv_msgs/environment/ament_prefix_path.sh
[5.655s] -- Up-to-date symlink: /home/jetbot/ece417/ws/install/aruco_opencv_msgs/share/aruco_opencv_msgs/environment/ament_prefix_path.dsv
[5.656s] -- Up-to-date symlink: /home/jetbot/ece417/ws/install/aruco_opencv_msgs/share/aruco_opencv_msgs/environment/path.sh
[5.656s] -- Up-to-date symlink: /home/jetbot/ece417/ws/install/aruco_opencv_msgs/share/aruco_opencv_msgs/environment/path.dsv
[5.669s] -- Up-to-date symlink: /home/jetbot/ece417/ws/install/aruco_opencv_msgs/share/aruco_opencv_msgs/local_setup.bash
[5.670s] -- Up-to-date symlink: /home/jetbot/ece417/ws/install/aruco_opencv_msgs/share/aruco_opencv_msgs/local_setup.sh
[5.677s] -- Up-to-date symlink: /home/jetbot/ece417/ws/install/aruco_opencv_msgs/share/aruco_opencv_msgs/local_setup.zsh
[5.678s] -- Up-to-date symlink: /home/jetbot/ece417/ws/install/aruco_opencv_msgs/share/aruco_opencv_msgs/local_setup.dsv
[5.679s] -- Symlinking: /home/jetbot/ece417/ws/install/aruco_opencv_msgs/share/aruco_opencv_msgs/package.dsv
[5.679s] -- Up-to-date symlink: /home/jetbot/ece417/ws/install/aruco_opencv_msgs/share/ament_index/resource_index/packages/aruco_opencv_msgs
[5.680s] -- Up-to-date symlink: /home/jetbot/ece417/ws/install/aruco_opencv_msgs/share/aruco_opencv_msgs/cmake/rosidl_cmake-extras.cmake
[5.680s] -- Up-to-date symlink: /home/jetbot/ece417/ws/install/aruco_opencv_msgs/share/aruco_opencv_msgs/cmake/ament_cmake_export_dependencies-extras.cmake
[5.681s] -- Up-to-date symlink: /home/jetbot/ece417/ws/install/aruco_opencv_msgs/share/aruco_opencv_msgs/cmake/ament_cmake_export_include_directories-extras.cmake
[5.681s] -- Up-to-date symlink: /home/jetbot/ece417/ws/install/aruco_opencv_msgs/share/aruco_opencv_msgs/cmake/ament_cmake_export_libraries-extras.cmake
[5.682s] -- Up-to-date symlink: /home/jetbot/ece417/ws/install/aruco_opencv_msgs/share/aruco_opencv_msgs/cmake/ament_cmake_export_targets-extras.cmake
[5.682s] -- Up-to-date symlink: /home/jetbot/ece417/ws/install/aruco_opencv_msgs/share/aruco_opencv_msgs/cmake/rosidl_cmake_export_typesupport_targets-extras.cmake
[5.683s] -- Up-to-date symlink: /home/jetbot/ece417/ws/install/aruco_opencv_msgs/share/aruco_opencv_msgs/cmake/rosidl_cmake_export_typesupport_libraries-extras.cmake
[5.684s] -- Up-to-date symlink: /home/jetbot/ece417/ws/install/aruco_opencv_msgs/share/aruco_opencv_msgs/cmake/aruco_opencv_msgsConfig.cmake
[5.684s] -- Up-to-date symlink: /home/jetbot/ece417/ws/install/aruco_opencv_msgs/share/aruco_opencv_msgs/cmake/aruco_opencv_msgsConfig-version.cmake
[5.685s] -- Up-to-date symlink: /home/jetbot/ece417/ws/install/aruco_opencv_msgs/share/aruco_opencv_msgs/package.xml
[5.685s] -- Up-to-date: /home/jetbot/ece417/ws/install/aruco_opencv_msgs/lib/libaruco_opencv_msgs__rosidl_generator_c.so
[5.686s] -- Up-to-date: /home/jetbot/ece417/ws/install/aruco_opencv_msgs/lib/libaruco_opencv_msgs__rosidl_typesupport_fastrtps_c.so
[5.686s] -- Up-to-date: /home/jetbot/ece417/ws/install/aruco_opencv_msgs/lib/libaruco_opencv_msgs__rosidl_typesupport_introspection_c.so
[5.687s] -- Up-to-date: /home/jetbot/ece417/ws/install/aruco_opencv_msgs/lib/libaruco_opencv_msgs__rosidl_typesupport_c.so
[5.688s] -- Up-to-date: /home/jetbot/ece417/ws/install/aruco_opencv_msgs/lib/libaruco_opencv_msgs__rosidl_typesupport_fastrtps_cpp.so
[5.688s] -- Up-to-date: /home/jetbot/ece417/ws/install/aruco_opencv_msgs/lib/libaruco_opencv_msgs__rosidl_typesupport_introspection_cpp.so
[5.689s] -- Up-to-date: /home/jetbot/ece417/ws/install/aruco_opencv_msgs/lib/libaruco_opencv_msgs__rosidl_typesupport_cpp.so
[5.854s] Listing '/home/jetbot/ece417/ws/install/aruco_opencv_msgs/lib/python3.6/site-packages/aruco_opencv_msgs'...
[5.855s] Listing '/home/jetbot/ece417/ws/install/aruco_opencv_msgs/lib/python3.6/site-packages/aruco_opencv_msgs/msg'...
[5.881s] -- Up-to-date: /home/jetbot/ece417/ws/install/aruco_opencv_msgs/lib/libaruco_opencv_msgs__rosidl_generator_py.so
[5.883s] -- Up-to-date: /home/jetbot/ece417/ws/install/aruco_opencv_msgs/share/aruco_opencv_msgs/cmake/export_aruco_opencv_msgs__rosidl_generator_cExport.cmake
[5.885s] -- Up-to-date: /home/jetbot/ece417/ws/install/aruco_opencv_msgs/share/aruco_opencv_msgs/cmake/export_aruco_opencv_msgs__rosidl_generator_cExport-noconfig.cmake
[5.886s] -- Up-to-date: /home/jetbot/ece417/ws/install/aruco_opencv_msgs/share/aruco_opencv_msgs/cmake/export_aruco_opencv_msgs__rosidl_typesupport_fastrtps_cExport.cmake
[5.888s] -- Up-to-date: /home/jetbot/ece417/ws/install/aruco_opencv_msgs/share/aruco_opencv_msgs/cmake/export_aruco_opencv_msgs__rosidl_typesupport_fastrtps_cExport-noconfig.cmake
[5.889s] -- Up-to-date: /home/jetbot/ece417/ws/install/aruco_opencv_msgs/share/aruco_opencv_msgs/cmake/aruco_opencv_msgs__rosidl_typesupport_introspection_cExport.cmake
[5.890s] -- Up-to-date: /home/jetbot/ece417/ws/install/aruco_opencv_msgs/share/aruco_opencv_msgs/cmake/aruco_opencv_msgs__rosidl_typesupport_introspection_cExport-noconfig.cmake
[5.892s] -- Up-to-date: /home/jetbot/ece417/ws/install/aruco_opencv_msgs/share/aruco_opencv_msgs/cmake/aruco_opencv_msgs__rosidl_typesupport_cExport.cmake
[5.894s] -- Up-to-date: /home/jetbot/ece417/ws/install/aruco_opencv_msgs/share/aruco_opencv_msgs/cmake/aruco_opencv_msgs__rosidl_typesupport_cExport-noconfig.cmake
[5.895s] -- Up-to-date: /home/jetbot/ece417/ws/install/aruco_opencv_msgs/share/aruco_opencv_msgs/cmake/export_aruco_opencv_msgs__rosidl_generator_cppExport.cmake
[5.897s] -- Up-to-date: /home/jetbot/ece417/ws/install/aruco_opencv_msgs/share/aruco_opencv_msgs/cmake/export_aruco_opencv_msgs__rosidl_typesupport_fastrtps_cppExport.cmake
[5.898s] -- Up-to-date: /home/jetbot/ece417/ws/install/aruco_opencv_msgs/share/aruco_opencv_msgs/cmake/export_aruco_opencv_msgs__rosidl_typesupport_fastrtps_cppExport-noconfig.cmake
[5.900s] -- Up-to-date: /home/jetbot/ece417/ws/install/aruco_opencv_msgs/share/aruco_opencv_msgs/cmake/aruco_opencv_msgs__rosidl_typesupport_introspection_cppExport.cmake
[5.900s] -- Up-to-date: /home/jetbot/ece417/ws/install/aruco_opencv_msgs/share/aruco_opencv_msgs/cmake/aruco_opencv_msgs__rosidl_typesupport_introspection_cppExport-noconfig.cmake
[5.903s] -- Up-to-date: /home/jetbot/ece417/ws/install/aruco_opencv_msgs/share/aruco_opencv_msgs/cmake/aruco_opencv_msgs__rosidl_typesupport_cppExport.cmake
[5.923s] -- Up-to-date: /home/jetbot/ece417/ws/install/aruco_opencv_msgs/share/aruco_opencv_msgs/cmake/aruco_opencv_msgs__rosidl_typesupport_cppExport-noconfig.cmake
[5.926s] -- Up-to-date: /home/jetbot/ece417/ws/install/aruco_opencv_msgs/share/aruco_opencv_msgs/cmake/export_aruco_opencv_msgs__rosidl_generator_pyExport.cmake
[5.928s] -- Up-to-date: /home/jetbot/ece417/ws/install/aruco_opencv_msgs/share/aruco_opencv_msgs/cmake/export_aruco_opencv_msgs__rosidl_generator_pyExport-noconfig.cmake
[5.967s] Invoked command in '/home/jetbot/ece417/ws/build/aruco_opencv_msgs' returned '0': CMAKE_PREFIX_PATH=/home/jetbot/ece417/ws/install/gscam:/home/jetbot/ece417/ws/install/aruco_opencv:/home/jetbot/ece417/ws/install/aruco_opencv_msgs:/home/jetbot/ece417/ws/install/py_pubsub:/home/jetbot/ece417/ws/install/jetbot_ros:/ros_deep_learning/install/ros_deep_learning:/opt/ros/humble/install /usr/local/bin/cmake --install /home/jetbot/ece417/ws/build/aruco_opencv_msgs
