[0.598s] Invoking command in '/home/jetbot/ece417/ws/build/gscam': CMAKE_PREFIX_PATH=/home/jetbot/ece417/ws/install/gscam:/home/jetbot/ece417/ws/install/aruco_opencv:/home/jetbot/ece417/ws/install/aruco_opencv_msgs:/home/jetbot/ece417/ws/install/py_pubsub:/home/jetbot/ece417/ws/install/jetbot_ros:/ros_deep_learning/install/ros_deep_learning:/opt/ros/humble/install /usr/local/bin/cmake --build /home/jetbot/ece417/ws/build/gscam -- -j4 -l4
[2.709s] [ 20%] Built target gtest_main
[2.710s] [ 40%] Built target gtest
[2.710s] [ 60%] Built target gscam_node
[2.711s] [ 80%] Built target gscam
[2.712s] [100%] Built target smoke_test
[4.685s] Invoked command in '/home/jetbot/ece417/ws/build/gscam' returned '0': CMAKE_PREFIX_PATH=/home/jetbot/ece417/ws/install/gscam:/home/jetbot/ece417/ws/install/aruco_opencv:/home/jetbot/ece417/ws/install/aruco_opencv_msgs:/home/jetbot/ece417/ws/install/py_pubsub:/home/jetbot/ece417/ws/install/jetbot_ros:/ros_deep_learning/install/ros_deep_learning:/opt/ros/humble/install /usr/local/bin/cmake --build /home/jetbot/ece417/ws/build/gscam -- -j4 -l4
[5.320s] Invoking command in '/home/jetbot/ece417/ws/build/gscam': CMAKE_PREFIX_PATH=/home/jetbot/ece417/ws/install/gscam:/home/jetbot/ece417/ws/install/aruco_opencv:/home/jetbot/ece417/ws/install/aruco_opencv_msgs:/home/jetbot/ece417/ws/install/py_pubsub:/home/jetbot/ece417/ws/install/jetbot_ros:/ros_deep_learning/install/ros_deep_learning:/opt/ros/humble/install /usr/local/bin/cmake --install /home/jetbot/ece417/ws/build/gscam
[5.562s] -- Install configuration: ""
[5.566s] -- Execute custom install script
[5.567s] -- Up-to-date symlink: /home/jetbot/ece417/ws/install/gscam/lib/gscam/gscam_node
[5.568s] -- Up-to-date symlink: /home/jetbot/ece417/ws/install/gscam/share/gscam/environment/library_path.sh
[5.568s] -- Up-to-date symlink: /home/jetbot/ece417/ws/install/gscam/share/gscam/environment/library_path.dsv
[5.569s] -- Up-to-date symlink: /home/jetbot/ece417/ws/install/gscam/share/ament_index/resource_index/package_run_dependencies/gscam
[5.569s] -- Up-to-date symlink: /home/jetbot/ece417/ws/install/gscam/share/ament_index/resource_index/parent_prefix_path/gscam
[5.570s] -- Up-to-date symlink: /home/jetbot/ece417/ws/install/gscam/share/gscam/environment/ament_prefix_path.sh
[5.571s] -- Up-to-date symlink: /home/jetbot/ece417/ws/install/gscam/share/gscam/environment/ament_prefix_path.dsv
[5.572s] -- Up-to-date symlink: /home/jetbot/ece417/ws/install/gscam/share/gscam/environment/path.sh
[5.573s] -- Up-to-date symlink: /home/jetbot/ece417/ws/install/gscam/share/gscam/environment/path.dsv
[5.574s] -- Up-to-date symlink: /home/jetbot/ece417/ws/install/gscam/share/gscam/local_setup.bash
[5.575s] -- Up-to-date symlink: /home/jetbot/ece417/ws/install/gscam/share/gscam/local_setup.sh
[5.575s] -- Up-to-date symlink: /home/jetbot/ece417/ws/install/gscam/share/gscam/local_setup.zsh
[5.576s] -- Up-to-date symlink: /home/jetbot/ece417/ws/install/gscam/share/gscam/local_setup.dsv
[5.577s] -- Symlinking: /home/jetbot/ece417/ws/install/gscam/share/gscam/package.dsv
[5.587s] -- Up-to-date symlink: /home/jetbot/ece417/ws/install/gscam/share/ament_index/resource_index/packages/gscam
[5.588s] -- Up-to-date symlink: /home/jetbot/ece417/ws/install/gscam/share/ament_index/resource_index/rclcpp_components/gscam
[5.589s] -- Up-to-date symlink: /home/jetbot/ece417/ws/install/gscam/share/gscam/cmake/ament_cmake_export_dependencies-extras.cmake
[5.590s] -- Up-to-date symlink: /home/jetbot/ece417/ws/install/gscam/share/gscam/cmake/ament_cmake_export_include_directories-extras.cmake
[5.591s] -- Up-to-date symlink: /home/jetbot/ece417/ws/install/gscam/share/gscam/cmake/ament_cmake_export_targets-extras.cmake
[5.592s] -- Up-to-date symlink: /home/jetbot/ece417/ws/install/gscam/share/gscam/cmake/ament_cmake_export_libraries-extras.cmake
[5.592s] -- Up-to-date symlink: /home/jetbot/ece417/ws/install/gscam/share/gscam/cmake/gscamConfig.cmake
[5.593s] -- Up-to-date symlink: /home/jetbot/ece417/ws/install/gscam/share/gscam/cmake/gscamConfig-version.cmake
[5.594s] -- Up-to-date symlink: /home/jetbot/ece417/ws/install/gscam/share/gscam/package.xml
[5.596s] -- Up-to-date symlink: /home/jetbot/ece417/ws/install/gscam/share/gscam/examples/component_pipeline_launch.py
[5.597s] -- Up-to-date symlink: /home/jetbot/ece417/ws/install/gscam/share/gscam/examples/csi_cam_640x360.ini
[5.598s] -- Up-to-date symlink: /home/jetbot/ece417/ws/install/gscam/share/gscam/examples/decklink.launch.xml
[5.598s] -- Up-to-date symlink: /home/jetbot/ece417/ws/install/gscam/share/gscam/examples/minoru.launch.xml
[5.599s] -- Up-to-date symlink: /home/jetbot/ece417/ws/install/gscam/share/gscam/examples/nvcsi.launch.xml
[5.600s] -- Up-to-date symlink: /home/jetbot/ece417/ws/install/gscam/share/gscam/examples/osx.launch.xml
[5.600s] -- Up-to-date symlink: /home/jetbot/ece417/ws/install/gscam/share/gscam/examples/uncalibrated_parameters.ini
[5.601s] -- Up-to-date symlink: /home/jetbot/ece417/ws/install/gscam/share/gscam/examples/v4l.launch.xml
[5.601s] -- Up-to-date symlink: /home/jetbot/ece417/ws/install/gscam/share/gscam/examples/v4ljpeg.launch.xml
[5.602s] -- Up-to-date symlink: /home/jetbot/ece417/ws/install/gscam/share/gscam/examples/videofile.launch.xml
[5.608s] -- Up-to-date: /home/jetbot/ece417/ws/install/gscam/share/gscam/cmake/export_gscamExport.cmake
[5.609s] -- Up-to-date: /home/jetbot/ece417/ws/install/gscam/share/gscam/cmake/export_gscamExport-noconfig.cmake
[5.609s] -- Up-to-date: /home/jetbot/ece417/ws/install/gscam/lib/libgscam.so
[5.672s] Invoked command in '/home/jetbot/ece417/ws/build/gscam' returned '0': CMAKE_PREFIX_PATH=/home/jetbot/ece417/ws/install/gscam:/home/jetbot/ece417/ws/install/aruco_opencv:/home/jetbot/ece417/ws/install/aruco_opencv_msgs:/home/jetbot/ece417/ws/install/py_pubsub:/home/jetbot/ece417/ws/install/jetbot_ros:/ros_deep_learning/install/ros_deep_learning:/opt/ros/humble/install /usr/local/bin/cmake --install /home/jetbot/ece417/ws/build/gscam
