[7.130s] Invoking command in '/home/jetbot/ece417/ws/build/jetbot_ros': PYTHONPATH=/home/jetbot/ece417/ws/build/jetbot_ros/prefix_override:/home/jetbot/ece417/ws/install/jetbot_ros/lib/python3.6/site-packages:${PYTHONPATH} /usr/bin/python3 setup.py develop --editable --build-directory /home/jetbot/ece417/ws/build/jetbot_ros/build --no-deps install_data
[8.680s] /usr/local/lib/python3.6/dist-packages/setuptools/dist.py:726: UserWarning: Usage of dash-separated 'script-dir' will not be supported in future versions. Please use the underscore name 'script_dir' instead
[8.680s]   % (opt, underscore_opt)
[8.954s] running develop
[8.955s] /usr/local/lib/python3.6/dist-packages/setuptools/command/easy_install.py:159: EasyInstallDeprecationWarning: easy_install command is deprecated. Use build and pip and other standards-based tools.
[8.956s]   EasyInstallDeprecationWarning,
[8.962s] /usr/local/lib/python3.6/dist-packages/setuptools/command/install.py:37: SetuptoolsDeprecationWarning: setup.py install is deprecated. Use build and pip and other standards-based tools.
[8.963s]   setuptools.SetuptoolsDeprecationWarning,
[9.992s] running egg_info
[9.994s] writing jetbot_ros.egg-info/PKG-INFO
[9.995s] writing dependency_links to jetbot_ros.egg-info/dependency_links.txt
[9.996s] writing entry points to jetbot_ros.egg-info/entry_points.txt
[9.997s] writing requirements to jetbot_ros.egg-info/requires.txt
[9.997s] writing top-level names to jetbot_ros.egg-info/top_level.txt
[10.008s] reading manifest file 'jetbot_ros.egg-info/SOURCES.txt'
[10.019s] writing manifest file 'jetbot_ros.egg-info/SOURCES.txt'
[10.261s] running build_ext
[10.263s] Creating /home/jetbot/ece417/ws/install/jetbot_ros/lib/python3.6/site-packages/jetbot-ros.egg-link (link to .)
[10.268s] Installing data_collection script to /home/jetbot/ece417/ws/install/jetbot_ros/lib/jetbot_ros
[10.269s] Installing gazebo_spawn script to /home/jetbot/ece417/ws/install/jetbot_ros/lib/jetbot_ros
[10.270s] Installing motors_nvidia script to /home/jetbot/ece417/ws/install/jetbot_ros/lib/jetbot_ros
[10.271s] Installing motors_sparkfun script to /home/jetbot/ece417/ws/install/jetbot_ros/lib/jetbot_ros
[10.272s] Installing motors_waveshare script to /home/jetbot/ece417/ws/install/jetbot_ros/lib/jetbot_ros
[10.273s] Installing nav_model script to /home/jetbot/ece417/ws/install/jetbot_ros/lib/jetbot_ros
[10.273s] Installing oled_ssd1306 script to /home/jetbot/ece417/ws/install/jetbot_ros/lib/jetbot_ros
[10.274s] Installing teleop_keyboard script to /home/jetbot/ece417/ws/install/jetbot_ros/lib/jetbot_ros
[10.275s] 
[10.276s] Installed /home/jetbot/ece417/ws/build/jetbot_ros
[10.277s] running install_data
[10.682s] Invoked command in '/home/jetbot/ece417/ws/build/jetbot_ros' returned '0': PYTHONPATH=/home/jetbot/ece417/ws/build/jetbot_ros/prefix_override:/home/jetbot/ece417/ws/install/jetbot_ros/lib/python3.6/site-packages:${PYTHONPATH} /usr/bin/python3 setup.py develop --editable --build-directory /home/jetbot/ece417/ws/build/jetbot_ros/build --no-deps install_data
