[6.853s] Invoking command in '/home/jetbot/ece417/ws/build/jetbot_ros': PYTHONPATH=/home/jetbot/ece417/ws/build/jetbot_ros/prefix_override:/home/jetbot/ece417/ws/install/jetbot_ros/lib/python3.6/site-packages:${PYTHONPATH} /usr/bin/python3 setup.py develop --editable --build-directory /home/jetbot/ece417/ws/build/jetbot_ros/build --no-deps install_data
[8.407s] /usr/local/lib/python3.6/dist-packages/setuptools/dist.py:726: UserWarning: Usage of dash-separated 'script-dir' will not be supported in future versions. Please use the underscore name 'script_dir' instead
[8.408s]   % (opt, underscore_opt)
[8.660s] running develop
[8.661s] /usr/local/lib/python3.6/dist-packages/setuptools/command/easy_install.py:159: EasyInstallDeprecationWarning: easy_install command is deprecated. Use build and pip and other standards-based tools.
[8.662s]   EasyInstallDeprecationWarning,
[8.668s] /usr/local/lib/python3.6/dist-packages/setuptools/command/install.py:37: SetuptoolsDeprecationWarning: setup.py install is deprecated. Use build and pip and other standards-based tools.
[8.669s]   setuptools.SetuptoolsDeprecationWarning,
[9.619s] running egg_info
[9.620s] writing jetbot_ros.egg-info/PKG-INFO
[9.621s] writing dependency_links to jetbot_ros.egg-info/dependency_links.txt
[9.622s] writing entry points to jetbot_ros.egg-info/entry_points.txt
[9.623s] writing requirements to jetbot_ros.egg-info/requires.txt
[9.623s] writing top-level names to jetbot_ros.egg-info/top_level.txt
[9.634s] reading manifest file 'jetbot_ros.egg-info/SOURCES.txt'
[9.644s] writing manifest file 'jetbot_ros.egg-info/SOURCES.txt'
[9.857s] running build_ext
[9.858s] Creating /home/jetbot/ece417/ws/install/jetbot_ros/lib/python3.6/site-packages/jetbot-ros.egg-link (link to .)
[9.874s] Installing data_collection script to /home/jetbot/ece417/ws/install/jetbot_ros/lib/jetbot_ros
[9.875s] Installing gazebo_spawn script to /home/jetbot/ece417/ws/install/jetbot_ros/lib/jetbot_ros
[9.875s] Installing motors_nvidia script to /home/jetbot/ece417/ws/install/jetbot_ros/lib/jetbot_ros
[9.876s] Installing motors_sparkfun script to /home/jetbot/ece417/ws/install/jetbot_ros/lib/jetbot_ros
[9.877s] Installing motors_waveshare script to /home/jetbot/ece417/ws/install/jetbot_ros/lib/jetbot_ros
[9.877s] Installing nav_model script to /home/jetbot/ece417/ws/install/jetbot_ros/lib/jetbot_ros
[9.878s] Installing oled_ssd1306 script to /home/jetbot/ece417/ws/install/jetbot_ros/lib/jetbot_ros
[9.878s] Installing teleop_keyboard script to /home/jetbot/ece417/ws/install/jetbot_ros/lib/jetbot_ros
[9.879s] 
[9.880s] Installed /home/jetbot/ece417/ws/build/jetbot_ros
[9.881s] running install_data
[10.257s] Invoked command in '/home/jetbot/ece417/ws/build/jetbot_ros' returned '0': PYTHONPATH=/home/jetbot/ece417/ws/build/jetbot_ros/prefix_override:/home/jetbot/ece417/ws/install/jetbot_ros/lib/python3.6/site-packages:${PYTHONPATH} /usr/bin/python3 setup.py develop --editable --build-directory /home/jetbot/ece417/ws/build/jetbot_ros/build --no-deps install_data
