[0.681s] Invoking command in '/home/jetbot/ece417/ws/build/aruco_opencv_msgs': CMAKE_PREFIX_PATH=/home/jetbot/ece417/ws/install/gscam:/home/jetbot/ece417/ws/install/aruco_opencv:/home/jetbot/ece417/ws/install/aruco_opencv_msgs:/home/jetbot/ece417/ws/install/py_pubsub:/home/jetbot/ece417/ws/install/jetbot_ros:/ros_deep_learning/install/ros_deep_learning:/opt/ros/humble/install /usr/local/bin/cmake --build /home/jetbot/ece417/ws/build/aruco_opencv_msgs -- -j4 -l4
[4.593s] [ 10%] Built target aruco_opencv_msgs__rosidl_generator_c
[4.594s] [ 12%] Built target aruco_opencv_msgs__cpp
[4.596s] [ 12%] Built target ament_cmake_python_symlink_aruco_opencv_msgs
[4.597s] [ 23%] Built target aruco_opencv_msgs__rosidl_typesupport_fastrtps_c
[4.597s] [ 34%] Built target aruco_opencv_msgs__rosidl_typesupport_c
[4.598s] [ 44%] Built target aruco_opencv_msgs__rosidl_typesupport_introspection_c
[4.599s] [ 55%] Built target aruco_opencv_msgs__rosidl_typesupport_fastrtps_cpp
[4.601s] [ 65%] Built target aruco_opencv_msgs__rosidl_typesupport_introspection_cpp
[4.602s] [ 76%] Built target aruco_opencv_msgs__rosidl_typesupport_cpp
[4.604s] [ 76%] Built target aruco_opencv_msgs
[4.605s] [ 78%] Built target aruco_opencv_msgs__py
[4.606s] [ 87%] Built target aruco_opencv_msgs__rosidl_generator_py
[4.607s] [ 91%] Built target aruco_opencv_msgs__rosidl_typesupport_fastrtps_c__pyext
[4.611s] [ 95%] Built target aruco_opencv_msgs__rosidl_typesupport_c__pyext
[4.612s] [100%] Built target aruco_opencv_msgs__rosidl_typesupport_introspection_c__pyext
[4.613s] running egg_info
[4.614s] writing aruco_opencv_msgs.egg-info/PKG-INFO
[4.615s] writing dependency_links to aruco_opencv_msgs.egg-info/dependency_links.txt
[4.617s] writing top-level names to aruco_opencv_msgs.egg-info/top_level.txt
[4.621s] reading manifest file 'aruco_opencv_msgs.egg-info/SOURCES.txt'
[4.622s] writing manifest file 'aruco_opencv_msgs.egg-info/SOURCES.txt'
[4.622s] [100%] Built target ament_cmake_python_build_aruco_opencv_msgs_egg
[4.633s] Invoked command in '/home/jetbot/ece417/ws/build/aruco_opencv_msgs' returned '0': CMAKE_PREFIX_PATH=/home/jetbot/ece417/ws/install/gscam:/home/jetbot/ece417/ws/install/aruco_opencv:/home/jetbot/ece417/ws/install/aruco_opencv_msgs:/home/jetbot/ece417/ws/install/py_pubsub:/home/jetbot/ece417/ws/install/jetbot_ros:/ros_deep_learning/install/ros_deep_learning:/opt/ros/humble/install /usr/local/bin/cmake --build /home/jetbot/ece417/ws/build/aruco_opencv_msgs -- -j4 -l4
[5.336s] Invoking command in '/home/jetbot/ece417/ws/build/aruco_opencv_msgs': CMAKE_PREFIX_PATH=/home/jetbot/ece417/ws/install/gscam:/home/jetbot/ece417/ws/install/aruco_opencv:/home/jetbot/ece417/ws/install/aruco_opencv_msgs:/home/jetbot/ece417/ws/install/py_pubsub:/home/jetbot/ece417/ws/install/jetbot_ros:/ros_deep_learning/install/ros_deep_learning:/opt/ros/humble/install /usr/local/bin/cmake --install /home/jetbot/ece417/ws/build/aruco_opencv_msgs
[5.531s] -- Install configuration: ""
[5.532s] -- Execute custom install script
[5.533s] -- Up-to-date symlink: /home/jetbot/ece417/ws/install/aruco_opencv_msgs/share/ament_index/resource_index/rosidl_interfaces/aruco_opencv_msgs
[5.533s] -- Up-to-date symlink: /home/jetbot/ece417/ws/install/aruco_opencv_msgs/include/aruco_opencv_msgs/aruco_opencv_msgs/msg/aruco_detection.h
[5.534s] -- Up-to-date symlink: /home/jetbot/ece417/ws/install/aruco_opencv_msgs/include/aruco_opencv_msgs/aruco_opencv_msgs/msg/board_pose.h
[5.535s] -- Up-to-date symlink: /home/jetbot/ece417/ws/install/aruco_opencv_msgs/include/aruco_opencv_msgs/aruco_opencv_msgs/msg/detail/aruco_detection__functions.h
[5.536s] -- Up-to-date symlink: /home/jetbot/ece417/ws/install/aruco_opencv_msgs/include/aruco_opencv_msgs/aruco_opencv_msgs/msg/detail/aruco_detection__struct.h
[5.536s] -- Up-to-date symlink: /home/jetbot/ece417/ws/install/aruco_opencv_msgs/include/aruco_opencv_msgs/aruco_opencv_msgs/msg/detail/aruco_detection__type_support.h
[5.537s] -- Up-to-date symlink: /home/jetbot/ece417/ws/install/aruco_opencv_msgs/include/aruco_opencv_msgs/aruco_opencv_msgs/msg/detail/board_pose__functions.h
[5.538s] -- Up-to-date symlink: /home/jetbot/ece417/ws/install/aruco_opencv_msgs/include/aruco_opencv_msgs/aruco_opencv_msgs/msg/detail/board_pose__struct.h
[5.538s] -- Up-to-date symlink: /home/jetbot/ece417/ws/install/aruco_opencv_msgs/include/aruco_opencv_msgs/aruco_opencv_msgs/msg/detail/board_pose__type_support.h
[5.539s] -- Up-to-date symlink: /home/jetbot/ece417/ws/install/aruco_opencv_msgs/include/aruco_opencv_msgs/aruco_opencv_msgs/msg/detail/marker_pose__functions.h
[5.540s] -- Up-to-date symlink: /home/jetbot/ece417/ws/install/aruco_opencv_msgs/include/aruco_opencv_msgs/aruco_opencv_msgs/msg/detail/marker_pose__struct.h
[5.540s] -- Up-to-date symlink: /home/jetbot/ece417/ws/install/aruco_opencv_msgs/include/aruco_opencv_msgs/aruco_opencv_msgs/msg/detail/marker_pose__type_support.h
[5.541s] -- Up-to-date symlink: /home/jetbot/ece417/ws/install/aruco_opencv_msgs/include/aruco_opencv_msgs/aruco_opencv_msgs/msg/marker_pose.h
[5.547s] -- Up-to-date symlink: /home/jetbot/ece417/ws/install/aruco_opencv_msgs/include/aruco_opencv_msgs/aruco_opencv_msgs/msg/rosidl_generator_c__visibility_control.h
[5.548s] -- Up-to-date symlink: /home/jetbot/ece417/ws/install/aruco_opencv_msgs/share/aruco_opencv_msgs/environment/library_path.sh
[5.549s] -- Up-to-date symlink: /home/jetbot/ece417/ws/install/aruco_opencv_msgs/share/aruco_opencv_msgs/environment/library_path.dsv
[5.549s] -- Up-to-date symlink: /home/jetbot/ece417/ws/install/aruco_opencv_msgs/include/aruco_opencv_msgs/aruco_opencv_msgs/msg/detail/aruco_detection__rosidl_typesupport_fastrtps_c.h
[5.550s] -- Up-to-date symlink: /home/jetbot/ece417/ws/install/aruco_opencv_msgs/include/aruco_opencv_msgs/aruco_opencv_msgs/msg/detail/board_pose__rosidl_typesupport_fastrtps_c.h
[5.550s] -- Up-to-date symlink: /home/jetbot/ece417/ws/install/aruco_opencv_msgs/include/aruco_opencv_msgs/aruco_opencv_msgs/msg/detail/marker_pose__rosidl_typesupport_fastrtps_c.h
[5.551s] -- Up-to-date symlink: /home/jetbot/ece417/ws/install/aruco_opencv_msgs/include/aruco_opencv_msgs/aruco_opencv_msgs/msg/rosidl_typesupport_fastrtps_c__visibility_control.h
[5.552s] -- Up-to-date symlink: /home/jetbot/ece417/ws/install/aruco_opencv_msgs/include/aruco_opencv_msgs/aruco_opencv_msgs/msg/detail/aruco_detection__rosidl_typesupport_introspection_c.h
[5.553s] -- Up-to-date symlink: /home/jetbot/ece417/ws/install/aruco_opencv_msgs/include/aruco_opencv_msgs/aruco_opencv_msgs/msg/detail/board_pose__rosidl_typesupport_introspection_c.h
[5.554s] -- Up-to-date symlink: /home/jetbot/ece417/ws/install/aruco_opencv_msgs/include/aruco_opencv_msgs/aruco_opencv_msgs/msg/detail/marker_pose__rosidl_typesupport_introspection_c.h
[5.560s] -- Up-to-date symlink: /home/jetbot/ece417/ws/install/aruco_opencv_msgs/include/aruco_opencv_msgs/aruco_opencv_msgs/msg/rosidl_typesupport_introspection_c__visibility_control.h
[5.561s] -- Up-to-date symlink: /home/jetbot/ece417/ws/install/aruco_opencv_msgs/include/aruco_opencv_msgs/aruco_opencv_msgs/msg/aruco_detection.hpp
[5.570s] -- Up-to-date symlink: /home/jetbot/ece417/ws/install/aruco_opencv_msgs/include/aruco_opencv_msgs/aruco_opencv_msgs/msg/board_pose.hpp
[5.571s] -- Up-to-date symlink: /home/jetbot/ece417/ws/install/aruco_opencv_msgs/include/aruco_opencv_msgs/aruco_opencv_msgs/msg/detail/aruco_detection__builder.hpp
[5.572s] -- Up-to-date symlink: /home/jetbot/ece417/ws/install/aruco_opencv_msgs/include/aruco_opencv_msgs/aruco_opencv_msgs/msg/detail/aruco_detection__struct.hpp
[5.573s] -- Up-to-date symlink: /home/jetbot/ece417/ws/install/aruco_opencv_msgs/include/aruco_opencv_msgs/aruco_opencv_msgs/msg/detail/aruco_detection__traits.hpp
[5.573s] -- Up-to-date symlink: /home/jetbot/ece417/ws/install/aruco_opencv_msgs/include/aruco_opencv_msgs/aruco_opencv_msgs/msg/detail/board_pose__builder.hpp
[5.574s] -- Up-to-date symlink: /home/jetbot/ece417/ws/install/aruco_opencv_msgs/include/aruco_opencv_msgs/aruco_opencv_msgs/msg/detail/board_pose__struct.hpp
[5.574s] -- Up-to-date symlink: /home/jetbot/ece417/ws/install/aruco_opencv_msgs/include/aruco_opencv_msgs/aruco_opencv_msgs/msg/detail/board_pose__traits.hpp
[5.575s] -- Up-to-date symlink: /home/jetbot/ece417/ws/install/aruco_opencv_msgs/include/aruco_opencv_msgs/aruco_opencv_msgs/msg/detail/marker_pose__builder.hpp
[5.576s] -- Up-to-date symlink: /home/jetbot/ece417/ws/install/aruco_opencv_msgs/include/aruco_opencv_msgs/aruco_opencv_msgs/msg/detail/marker_pose__struct.hpp
[5.576s] -- Up-to-date symlink: /home/jetbot/ece417/ws/install/aruco_opencv_msgs/include/aruco_opencv_msgs/aruco_opencv_msgs/msg/detail/marker_pose__traits.hpp
[5.577s] -- Up-to-date symlink: /home/jetbot/ece417/ws/install/aruco_opencv_msgs/include/aruco_opencv_msgs/aruco_opencv_msgs/msg/marker_pose.hpp
[5.578s] -- Up-to-date symlink: /home/jetbot/ece417/ws/install/aruco_opencv_msgs/include/aruco_opencv_msgs/aruco_opencv_msgs/msg/detail/aruco_detection__rosidl_typesupport_fastrtps_cpp.hpp
[5.578s] -- Up-to-date symlink: /home/jetbot/ece417/ws/install/aruco_opencv_msgs/include/aruco_opencv_msgs/aruco_opencv_msgs/msg/detail/board_pose__rosidl_typesupport_fastrtps_cpp.hpp
[5.579s] -- Up-to-date symlink: /home/jetbot/ece417/ws/install/aruco_opencv_msgs/include/aruco_opencv_msgs/aruco_opencv_msgs/msg/detail/marker_pose__rosidl_typesupport_fastrtps_cpp.hpp
[5.591s] -- Up-to-date symlink: /home/jetbot/ece417/ws/install/aruco_opencv_msgs/include/aruco_opencv_msgs/aruco_opencv_msgs/msg/rosidl_typesupport_fastrtps_cpp__visibility_control.h
[5.592s] -- Up-to-date symlink: /home/jetbot/ece417/ws/install/aruco_opencv_msgs/include/aruco_opencv_msgs/aruco_opencv_msgs/msg/detail/aruco_detection__rosidl_typesupport_introspection_cpp.hpp
[5.593s] -- Up-to-date symlink: /home/jetbot/ece417/ws/install/aruco_opencv_msgs/include/aruco_opencv_msgs/aruco_opencv_msgs/msg/detail/board_pose__rosidl_typesupport_introspection_cpp.hpp
[5.594s] -- Up-to-date symlink: /home/jetbot/ece417/ws/install/aruco_opencv_msgs/include/aruco_opencv_msgs/aruco_opencv_msgs/msg/detail/marker_pose__rosidl_typesupport_introspection_cpp.hpp
[5.594s] -- Up-to-date symlink: /home/jetbot/ece417/ws/install/aruco_opencv_msgs/share/aruco_opencv_msgs/environment/pythonpath.sh
[5.595s] -- Up-to-date symlink: /home/jetbot/ece417/ws/install/aruco_opencv_msgs/share/aruco_opencv_msgs/environment/pythonpath.dsv
[5.596s] -- Up-to-date symlink: /home/jetbot/ece417/ws/install/aruco_opencv_msgs/lib/python3.6/site-packages/aruco_opencv_msgs-2.3.1-py3.6.egg-info/PKG-INFO
[5.597s] -- Up-to-date symlink: /home/jetbot/ece417/ws/install/aruco_opencv_msgs/lib/python3.6/site-packages/aruco_opencv_msgs-2.3.1-py3.6.egg-info/SOURCES.txt
[5.597s] -- Up-to-date symlink: /home/jetbot/ece417/ws/install/aruco_opencv_msgs/lib/python3.6/site-packages/aruco_opencv_msgs-2.3.1-py3.6.egg-info/dependency_links.txt
[5.598s] -- Up-to-date symlink: /home/jetbot/ece417/ws/install/aruco_opencv_msgs/lib/python3.6/site-packages/aruco_opencv_msgs-2.3.1-py3.6.egg-info/top_level.txt
[5.599s] -- Up-to-date symlink: /home/jetbot/ece417/ws/install/aruco_opencv_msgs/lib/python3.6/site-packages/aruco_opencv_msgs/__init__.py
[5.599s] -- Up-to-date symlink: /home/jetbot/ece417/ws/install/aruco_opencv_msgs/lib/python3.6/site-packages/aruco_opencv_msgs/_aruco_opencv_msgs_s.ep.rosidl_typesupport_c.c
[5.606s] -- Up-to-date symlink: /home/jetbot/ece417/ws/install/aruco_opencv_msgs/lib/python3.6/site-packages/aruco_opencv_msgs/_aruco_opencv_msgs_s.ep.rosidl_typesupport_fastrtps_c.c
[5.610s] -- Up-to-date symlink: /home/jetbot/ece417/ws/install/aruco_opencv_msgs/lib/python3.6/site-packages/aruco_opencv_msgs/_aruco_opencv_msgs_s.ep.rosidl_typesupport_introspection_c.c
[5.611s] -- Up-to-date symlink: /home/jetbot/ece417/ws/install/aruco_opencv_msgs/lib/python3.6/site-packages/aruco_opencv_msgs/aruco_opencv_msgs_s__rosidl_typesupport_c.cpython-36m-aarch64-linux-gnu.so
[5.612s] -- Up-to-date symlink: /home/jetbot/ece417/ws/install/aruco_opencv_msgs/lib/python3.6/site-packages/aruco_opencv_msgs/aruco_opencv_msgs_s__rosidl_typesupport_fastrtps_c.cpython-36m-aarch64-linux-gnu.so
[5.612s] -- Up-to-date symlink: /home/jetbot/ece417/ws/install/aruco_opencv_msgs/lib/python3.6/site-packages/aruco_opencv_msgs/aruco_opencv_msgs_s__rosidl_typesupport_introspection_c.cpython-36m-aarch64-linux-gnu.so
[5.613s] -- Up-to-date symlink: /home/jetbot/ece417/ws/install/aruco_opencv_msgs/lib/python3.6/site-packages/aruco_opencv_msgs/libaruco_opencv_msgs__rosidl_generator_py.so
[5.614s] -- Up-to-date symlink: /home/jetbot/ece417/ws/install/aruco_opencv_msgs/lib/python3.6/site-packages/aruco_opencv_msgs/msg/__init__.py
[5.614s] -- Up-to-date symlink: /home/jetbot/ece417/ws/install/aruco_opencv_msgs/lib/python3.6/site-packages/aruco_opencv_msgs/msg/_aruco_detection.py
[5.615s] -- Up-to-date symlink: /home/jetbot/ece417/ws/install/aruco_opencv_msgs/lib/python3.6/site-packages/aruco_opencv_msgs/msg/_aruco_detection_s.c
[5.615s] -- Up-to-date symlink: /home/jetbot/ece417/ws/install/aruco_opencv_msgs/lib/python3.6/site-packages/aruco_opencv_msgs/msg/_board_pose.py
[5.616s] -- Up-to-date symlink: /home/jetbot/ece417/ws/install/aruco_opencv_msgs/lib/python3.6/site-packages/aruco_opencv_msgs/msg/_board_pose_s.c
[5.617s] -- Up-to-date symlink: /home/jetbot/ece417/ws/install/aruco_opencv_msgs/lib/python3.6/site-packages/aruco_opencv_msgs/msg/_marker_pose.py
[5.617s] -- Up-to-date symlink: /home/jetbot/ece417/ws/install/aruco_opencv_msgs/lib/python3.6/site-packages/aruco_opencv_msgs/msg/_marker_pose_s.c
[5.618s] -- Up-to-date symlink: /home/jetbot/ece417/ws/install/aruco_opencv_msgs/lib/python3.6/site-packages/aruco_opencv_msgs/aruco_opencv_msgs_s__rosidl_typesupport_fastrtps_c.cpython-36m-aarch64-linux-gnu.so
[5.618s] -- Up-to-date symlink: /home/jetbot/ece417/ws/install/aruco_opencv_msgs/lib/python3.6/site-packages/aruco_opencv_msgs/aruco_opencv_msgs_s__rosidl_typesupport_introspection_c.cpython-36m-aarch64-linux-gnu.so
[5.620s] -- Up-to-date symlink: /home/jetbot/ece417/ws/install/aruco_opencv_msgs/lib/python3.6/site-packages/aruco_opencv_msgs/aruco_opencv_msgs_s__rosidl_typesupport_c.cpython-36m-aarch64-linux-gnu.so
[5.620s] -- Up-to-date symlink: /home/jetbot/ece417/ws/install/aruco_opencv_msgs/share/aruco_opencv_msgs/msg/ArucoDetection.idl
[5.621s] -- Up-to-date symlink: /home/jetbot/ece417/ws/install/aruco_opencv_msgs/share/aruco_opencv_msgs/msg/BoardPose.idl
[5.622s] -- Up-to-date symlink: /home/jetbot/ece417/ws/install/aruco_opencv_msgs/share/aruco_opencv_msgs/msg/MarkerPose.idl
[5.622s] -- Up-to-date symlink: /home/jetbot/ece417/ws/install/aruco_opencv_msgs/share/aruco_opencv_msgs/msg/ArucoDetection.msg
[5.623s] -- Up-to-date symlink: /home/jetbot/ece417/ws/install/aruco_opencv_msgs/share/aruco_opencv_msgs/msg/BoardPose.msg
[5.623s] -- Up-to-date symlink: /home/jetbot/ece417/ws/install/aruco_opencv_msgs/share/aruco_opencv_msgs/msg/MarkerPose.msg
[5.624s] -- Up-to-date symlink: /home/jetbot/ece417/ws/install/aruco_opencv_msgs/share/ament_index/resource_index/package_run_dependencies/aruco_opencv_msgs
[5.624s] -- Up-to-date symlink: /home/jetbot/ece417/ws/install/aruco_opencv_msgs/share/ament_index/resource_index/parent_prefix_path/aruco_opencv_msgs
[5.625s] -- Up-to-date symlink: /home/jetbot/ece417/ws/install/aruco_opencv_msgs/share/aruco_opencv_msgs/environment/ament_prefix_path.sh
[5.625s] -- Up-to-date symlink: /home/jetbot/ece417/ws/install/aruco_opencv_msgs/share/aruco_opencv_msgs/environment/ament_prefix_path.dsv
[5.626s] -- Up-to-date symlink: /home/jetbot/ece417/ws/install/aruco_opencv_msgs/share/aruco_opencv_msgs/environment/path.sh
[5.626s] -- Up-to-date symlink: /home/jetbot/ece417/ws/install/aruco_opencv_msgs/share/aruco_opencv_msgs/environment/path.dsv
[5.627s] -- Up-to-date symlink: /home/jetbot/ece417/ws/install/aruco_opencv_msgs/share/aruco_opencv_msgs/local_setup.bash
[5.627s] -- Up-to-date symlink: /home/jetbot/ece417/ws/install/aruco_opencv_msgs/share/aruco_opencv_msgs/local_setup.sh
[5.628s] -- Up-to-date symlink: /home/jetbot/ece417/ws/install/aruco_opencv_msgs/share/aruco_opencv_msgs/local_setup.zsh
[5.628s] -- Up-to-date symlink: /home/jetbot/ece417/ws/install/aruco_opencv_msgs/share/aruco_opencv_msgs/local_setup.dsv
[5.629s] -- Symlinking: /home/jetbot/ece417/ws/install/aruco_opencv_msgs/share/aruco_opencv_msgs/package.dsv
[5.645s] -- Up-to-date symlink: /home/jetbot/ece417/ws/install/aruco_opencv_msgs/share/ament_index/resource_index/packages/aruco_opencv_msgs
[5.645s] -- Up-to-date symlink: /home/jetbot/ece417/ws/install/aruco_opencv_msgs/share/aruco_opencv_msgs/cmake/rosidl_cmake-extras.cmake
[5.646s] -- Up-to-date symlink: /home/jetbot/ece417/ws/install/aruco_opencv_msgs/share/aruco_opencv_msgs/cmake/ament_cmake_export_dependencies-extras.cmake
[5.647s] -- Up-to-date symlink: /home/jetbot/ece417/ws/install/aruco_opencv_msgs/share/aruco_opencv_msgs/cmake/ament_cmake_export_include_directories-extras.cmake
[5.648s] -- Up-to-date symlink: /home/jetbot/ece417/ws/install/aruco_opencv_msgs/share/aruco_opencv_msgs/cmake/ament_cmake_export_libraries-extras.cmake
[5.648s] -- Up-to-date symlink: /home/jetbot/ece417/ws/install/aruco_opencv_msgs/share/aruco_opencv_msgs/cmake/ament_cmake_export_targets-extras.cmake
[5.657s] -- Up-to-date symlink: /home/jetbot/ece417/ws/install/aruco_opencv_msgs/share/aruco_opencv_msgs/cmake/rosidl_cmake_export_typesupport_targets-extras.cmake
[5.658s] -- Up-to-date symlink: /home/jetbot/ece417/ws/install/aruco_opencv_msgs/share/aruco_opencv_msgs/cmake/rosidl_cmake_export_typesupport_libraries-extras.cmake
[5.659s] -- Up-to-date symlink: /home/jetbot/ece417/ws/install/aruco_opencv_msgs/share/aruco_opencv_msgs/cmake/aruco_opencv_msgsConfig.cmake
[5.659s] -- Up-to-date symlink: /home/jetbot/ece417/ws/install/aruco_opencv_msgs/share/aruco_opencv_msgs/cmake/aruco_opencv_msgsConfig-version.cmake
[5.660s] -- Up-to-date symlink: /home/jetbot/ece417/ws/install/aruco_opencv_msgs/share/aruco_opencv_msgs/package.xml
[5.661s] -- Up-to-date: /home/jetbot/ece417/ws/install/aruco_opencv_msgs/lib/libaruco_opencv_msgs__rosidl_generator_c.so
[5.661s] -- Up-to-date: /home/jetbot/ece417/ws/install/aruco_opencv_msgs/lib/libaruco_opencv_msgs__rosidl_typesupport_fastrtps_c.so
[5.662s] -- Up-to-date: /home/jetbot/ece417/ws/install/aruco_opencv_msgs/lib/libaruco_opencv_msgs__rosidl_typesupport_introspection_c.so
[5.662s] -- Up-to-date: /home/jetbot/ece417/ws/install/aruco_opencv_msgs/lib/libaruco_opencv_msgs__rosidl_typesupport_c.so
[5.663s] -- Up-to-date: /home/jetbot/ece417/ws/install/aruco_opencv_msgs/lib/libaruco_opencv_msgs__rosidl_typesupport_fastrtps_cpp.so
[5.663s] -- Up-to-date: /home/jetbot/ece417/ws/install/aruco_opencv_msgs/lib/libaruco_opencv_msgs__rosidl_typesupport_introspection_cpp.so
[5.664s] -- Up-to-date: /home/jetbot/ece417/ws/install/aruco_opencv_msgs/lib/libaruco_opencv_msgs__rosidl_typesupport_cpp.so
[5.836s] Listing '/home/jetbot/ece417/ws/install/aruco_opencv_msgs/lib/python3.6/site-packages/aruco_opencv_msgs'...
[5.837s] Listing '/home/jetbot/ece417/ws/install/aruco_opencv_msgs/lib/python3.6/site-packages/aruco_opencv_msgs/msg'...
[5.864s] -- Up-to-date: /home/jetbot/ece417/ws/install/aruco_opencv_msgs/lib/libaruco_opencv_msgs__rosidl_generator_py.so
[5.866s] -- Up-to-date: /home/jetbot/ece417/ws/install/aruco_opencv_msgs/share/aruco_opencv_msgs/cmake/export_aruco_opencv_msgs__rosidl_generator_cExport.cmake
[5.867s] -- Up-to-date: /home/jetbot/ece417/ws/install/aruco_opencv_msgs/share/aruco_opencv_msgs/cmake/export_aruco_opencv_msgs__rosidl_generator_cExport-noconfig.cmake
[5.868s] -- Up-to-date: /home/jetbot/ece417/ws/install/aruco_opencv_msgs/share/aruco_opencv_msgs/cmake/export_aruco_opencv_msgs__rosidl_typesupport_fastrtps_cExport.cmake
[5.869s] -- Up-to-date: /home/jetbot/ece417/ws/install/aruco_opencv_msgs/share/aruco_opencv_msgs/cmake/export_aruco_opencv_msgs__rosidl_typesupport_fastrtps_cExport-noconfig.cmake
[5.871s] -- Up-to-date: /home/jetbot/ece417/ws/install/aruco_opencv_msgs/share/aruco_opencv_msgs/cmake/aruco_opencv_msgs__rosidl_typesupport_introspection_cExport.cmake
[5.872s] -- Up-to-date: /home/jetbot/ece417/ws/install/aruco_opencv_msgs/share/aruco_opencv_msgs/cmake/aruco_opencv_msgs__rosidl_typesupport_introspection_cExport-noconfig.cmake
[5.874s] -- Up-to-date: /home/jetbot/ece417/ws/install/aruco_opencv_msgs/share/aruco_opencv_msgs/cmake/aruco_opencv_msgs__rosidl_typesupport_cExport.cmake
[5.875s] -- Up-to-date: /home/jetbot/ece417/ws/install/aruco_opencv_msgs/share/aruco_opencv_msgs/cmake/aruco_opencv_msgs__rosidl_typesupport_cExport-noconfig.cmake
[5.877s] -- Up-to-date: /home/jetbot/ece417/ws/install/aruco_opencv_msgs/share/aruco_opencv_msgs/cmake/export_aruco_opencv_msgs__rosidl_generator_cppExport.cmake
[5.878s] -- Up-to-date: /home/jetbot/ece417/ws/install/aruco_opencv_msgs/share/aruco_opencv_msgs/cmake/export_aruco_opencv_msgs__rosidl_typesupport_fastrtps_cppExport.cmake
[5.880s] -- Up-to-date: /home/jetbot/ece417/ws/install/aruco_opencv_msgs/share/aruco_opencv_msgs/cmake/export_aruco_opencv_msgs__rosidl_typesupport_fastrtps_cppExport-noconfig.cmake
[5.880s] -- Up-to-date: /home/jetbot/ece417/ws/install/aruco_opencv_msgs/share/aruco_opencv_msgs/cmake/aruco_opencv_msgs__rosidl_typesupport_introspection_cppExport.cmake
[5.883s] -- Up-to-date: /home/jetbot/ece417/ws/install/aruco_opencv_msgs/share/aruco_opencv_msgs/cmake/aruco_opencv_msgs__rosidl_typesupport_introspection_cppExport-noconfig.cmake
[5.883s] -- Up-to-date: /home/jetbot/ece417/ws/install/aruco_opencv_msgs/share/aruco_opencv_msgs/cmake/aruco_opencv_msgs__rosidl_typesupport_cppExport.cmake
[5.884s] -- Up-to-date: /home/jetbot/ece417/ws/install/aruco_opencv_msgs/share/aruco_opencv_msgs/cmake/aruco_opencv_msgs__rosidl_typesupport_cppExport-noconfig.cmake
[5.888s] -- Up-to-date: /home/jetbot/ece417/ws/install/aruco_opencv_msgs/share/aruco_opencv_msgs/cmake/export_aruco_opencv_msgs__rosidl_generator_pyExport.cmake
[5.889s] -- Up-to-date: /home/jetbot/ece417/ws/install/aruco_opencv_msgs/share/aruco_opencv_msgs/cmake/export_aruco_opencv_msgs__rosidl_generator_pyExport-noconfig.cmake
[5.935s] Invoked command in '/home/jetbot/ece417/ws/build/aruco_opencv_msgs' returned '0': CMAKE_PREFIX_PATH=/home/jetbot/ece417/ws/install/gscam:/home/jetbot/ece417/ws/install/aruco_opencv:/home/jetbot/ece417/ws/install/aruco_opencv_msgs:/home/jetbot/ece417/ws/install/py_pubsub:/home/jetbot/ece417/ws/install/jetbot_ros:/ros_deep_learning/install/ros_deep_learning:/opt/ros/humble/install /usr/local/bin/cmake --install /home/jetbot/ece417/ws/build/aruco_opencv_msgs
