[0.221s] Invoking command in '/home/jetbot/ece417/ws/build/aruco_opencv': CMAKE_PREFIX_PATH=/home/jetbot/ece417/ws/install/aruco_opencv_msgs:/home/jetbot/ece417/ws/install/aruco_opencv:/home/jetbot/ece417/ws/install/gscam:/home/jetbot/ece417/ws/install/py_pubsub:/home/jetbot/ece417/ws/install/jetbot_ros:/ros_deep_learning/install/ros_deep_learning:/opt/ros/humble/install LD_LIBRARY_PATH=/home/jetbot/ece417/ws/install/aruco_opencv_msgs/lib:/home/jetbot/ece417/ws/install/aruco_opencv/lib:/home/jetbot/ece417/ws/install/gscam/lib:/opt/ros/humble/install/lib:/usr/local/cuda/lib64:/usr/local/cuda-10.2/targets/aarch64-linux/lib /usr/local/bin/cmake --build /home/jetbot/ece417/ws/build/aruco_opencv -- -j4 -l4
[0.555s] [ 42%] Built target aruco_opencv
[0.566s] [ 71%] Built target aruco_tracker
[0.582s] [100%] Built target aruco_tracker_autostart
[0.623s] Invoked command in '/home/jetbot/ece417/ws/build/aruco_opencv' returned '0': CMAKE_PREFIX_PATH=/home/jetbot/ece417/ws/install/aruco_opencv_msgs:/home/jetbot/ece417/ws/install/aruco_opencv:/home/jetbot/ece417/ws/install/gscam:/home/jetbot/ece417/ws/install/py_pubsub:/home/jetbot/ece417/ws/install/jetbot_ros:/ros_deep_learning/install/ros_deep_learning:/opt/ros/humble/install LD_LIBRARY_PATH=/home/jetbot/ece417/ws/install/aruco_opencv_msgs/lib:/home/jetbot/ece417/ws/install/aruco_opencv/lib:/home/jetbot/ece417/ws/install/gscam/lib:/opt/ros/humble/install/lib:/usr/local/cuda/lib64:/usr/local/cuda-10.2/targets/aarch64-linux/lib /usr/local/bin/cmake --build /home/jetbot/ece417/ws/build/aruco_opencv -- -j4 -l4
[0.965s] Invoking command in '/home/jetbot/ece417/ws/build/aruco_opencv': CMAKE_PREFIX_PATH=/home/jetbot/ece417/ws/install/aruco_opencv_msgs:/home/jetbot/ece417/ws/install/aruco_opencv:/home/jetbot/ece417/ws/install/gscam:/home/jetbot/ece417/ws/install/py_pubsub:/home/jetbot/ece417/ws/install/jetbot_ros:/ros_deep_learning/install/ros_deep_learning:/opt/ros/humble/install LD_LIBRARY_PATH=/home/jetbot/ece417/ws/install/aruco_opencv_msgs/lib:/home/jetbot/ece417/ws/install/aruco_opencv/lib:/home/jetbot/ece417/ws/install/gscam/lib:/opt/ros/humble/install/lib:/usr/local/cuda/lib64:/usr/local/cuda-10.2/targets/aarch64-linux/lib /usr/local/bin/cmake --install /home/jetbot/ece417/ws/build/aruco_opencv
[1.156s] -- Install configuration: ""
[1.157s] -- Execute custom install script
[1.158s] -- Up-to-date symlink: /home/jetbot/ece417/ws/install/aruco_opencv/lib/aruco_opencv/aruco_tracker
[1.159s] -- Up-to-date symlink: /home/jetbot/ece417/ws/install/aruco_opencv/lib/aruco_opencv/aruco_tracker_autostart
[1.159s] -- Up-to-date symlink: /home/jetbot/ece417/ws/install/aruco_opencv/lib/libaruco_opencv.so
[1.166s] -- Up-to-date symlink: /home/jetbot/ece417/ws/install/aruco_opencv/share/aruco_opencv/config/aruco_tracker.yaml
[1.166s] -- Up-to-date symlink: /home/jetbot/ece417/ws/install/aruco_opencv/share/aruco_opencv/config/board_descriptions.yaml
[1.167s] -- Symlinking: /home/jetbot/ece417/ws/install/aruco_opencv/share/aruco_opencv/launch/aruco.launch.xml
[1.181s] -- Up-to-date symlink: /home/jetbot/ece417/ws/install/aruco_opencv/share/aruco_opencv/launch/aruco_tracker.launch.xml
[1.184s] -- Up-to-date symlink: /home/jetbot/ece417/ws/install/aruco_opencv/lib/aruco_opencv/create_board
[1.185s] -- Up-to-date symlink: /home/jetbot/ece417/ws/install/aruco_opencv/lib/aruco_opencv/create_marker
[1.191s] -- Up-to-date symlink: /home/jetbot/ece417/ws/install/aruco_opencv/share/ament_index/resource_index/package_run_dependencies/aruco_opencv
[1.197s] -- Up-to-date symlink: /home/jetbot/ece417/ws/install/aruco_opencv/share/ament_index/resource_index/parent_prefix_path/aruco_opencv
[1.198s] -- Up-to-date symlink: /home/jetbot/ece417/ws/install/aruco_opencv/share/aruco_opencv/environment/ament_prefix_path.sh
[1.199s] -- Up-to-date symlink: /home/jetbot/ece417/ws/install/aruco_opencv/share/aruco_opencv/environment/ament_prefix_path.dsv
[1.199s] -- Up-to-date symlink: /home/jetbot/ece417/ws/install/aruco_opencv/share/aruco_opencv/environment/path.sh
[1.200s] -- Up-to-date symlink: /home/jetbot/ece417/ws/install/aruco_opencv/share/aruco_opencv/environment/path.dsv
[1.200s] -- Up-to-date symlink: /home/jetbot/ece417/ws/install/aruco_opencv/share/aruco_opencv/local_setup.bash
[1.201s] -- Up-to-date symlink: /home/jetbot/ece417/ws/install/aruco_opencv/share/aruco_opencv/local_setup.sh
[1.202s] -- Up-to-date symlink: /home/jetbot/ece417/ws/install/aruco_opencv/share/aruco_opencv/local_setup.zsh
[1.227s] -- Up-to-date symlink: /home/jetbot/ece417/ws/install/aruco_opencv/share/aruco_opencv/local_setup.dsv
[1.227s] -- Symlinking: /home/jetbot/ece417/ws/install/aruco_opencv/share/aruco_opencv/package.dsv
[1.228s] -- Up-to-date symlink: /home/jetbot/ece417/ws/install/aruco_opencv/share/ament_index/resource_index/packages/aruco_opencv
[1.228s] -- Up-to-date symlink: /home/jetbot/ece417/ws/install/aruco_opencv/share/ament_index/resource_index/rclcpp_components/aruco_opencv
[1.229s] -- Up-to-date symlink: /home/jetbot/ece417/ws/install/aruco_opencv/share/aruco_opencv/cmake/aruco_opencvConfig.cmake
[1.230s] -- Up-to-date symlink: /home/jetbot/ece417/ws/install/aruco_opencv/share/aruco_opencv/cmake/aruco_opencvConfig-version.cmake
[1.230s] -- Up-to-date symlink: /home/jetbot/ece417/ws/install/aruco_opencv/share/aruco_opencv/package.xml
[1.249s] Invoked command in '/home/jetbot/ece417/ws/build/aruco_opencv' returned '0': CMAKE_PREFIX_PATH=/home/jetbot/ece417/ws/install/aruco_opencv_msgs:/home/jetbot/ece417/ws/install/aruco_opencv:/home/jetbot/ece417/ws/install/gscam:/home/jetbot/ece417/ws/install/py_pubsub:/home/jetbot/ece417/ws/install/jetbot_ros:/ros_deep_learning/install/ros_deep_learning:/opt/ros/humble/install LD_LIBRARY_PATH=/home/jetbot/ece417/ws/install/aruco_opencv_msgs/lib:/home/jetbot/ece417/ws/install/aruco_opencv/lib:/home/jetbot/ece417/ws/install/gscam/lib:/opt/ros/humble/install/lib:/usr/local/cuda/lib64:/usr/local/cuda-10.2/targets/aarch64-linux/lib /usr/local/bin/cmake --install /home/jetbot/ece417/ws/build/aruco_opencv
