[3.375s] DEBUG:colcon:Command line arguments: ['/usr/bin/colcon', 'build', '--symlink-install']
[3.375s] DEBUG:colcon:Parsed command line arguments: Namespace(ament_cmake_args=None, base_paths=['.'], build_base='build', catkin_cmake_args=None, catkin_skip_building_tests=False, cmake_args=None, cmake_clean_cache=False, cmake_clean_first=False, cmake_force_configure=False, cmake_target=None, cmake_target_skip_unavailable=False, continue_on_error=False, event_handlers=None, executor='parallel', ignore_user_meta=False, install_base='install', log_base=None, log_level=None, main=<bound method BuildVerb.main of <colcon_core.verb.build.BuildVerb object at 0x7fb44b7f28>>, merge_install=False, metas=['./colcon.meta'], packages_above=None, packages_above_and_dependencies=None, packages_above_depth=None, packages_end=None, packages_ignore=None, packages_ignore_regex=None, packages_select=None, packages_select_build_failed=False, packages_select_by_dep=None, packages_select_regex=None, packages_select_test_failures=False, packages_skip=None, packages_skip_build_finished=False, packages_skip_by_dep=None, packages_skip_regex=None, packages_skip_test_passed=False, packages_skip_up_to=None, packages_start=None, packages_up_to=None, packages_up_to_regex=None, parallel_workers=4, paths=None, symlink_install=True, test_result_base=None, verb_extension=<colcon_core.verb.build.BuildVerb object at 0x7fb44b7f28>, verb_name='build', verb_parser=<colcon_defaults.argument_parser.defaults.DefaultArgumentsDecorator object at 0x7fb438f438>)
[3.636s] Level 1:colcon.colcon_core.package_discovery:discover_packages(colcon_meta) check parameters
[3.637s] Level 1:colcon.colcon_core.package_discovery:discover_packages(recursive) check parameters
[3.637s] Level 1:colcon.colcon_core.package_discovery:discover_packages(ignore) check parameters
[3.637s] Level 1:colcon.colcon_core.package_discovery:discover_packages(path) check parameters
[3.638s] Level 1:colcon.colcon_core.package_discovery:discover_packages(colcon_meta) discover
[3.639s] Level 1:colcon.colcon_core.package_discovery:discover_packages(recursive) discover
[3.639s] INFO:colcon.colcon_core.package_discovery:Crawling recursively for packages in '/home/jetbot/ece417/ws'
[3.640s] Level 1:colcon.colcon_core.package_identification:_identify(.) by extensions ['ignore', 'ignore_ament_install']
[3.640s] Level 1:colcon.colcon_core.package_identification:_identify(.) by extension 'ignore'
[3.641s] Level 1:colcon.colcon_core.package_identification:_identify(.) by extension 'ignore_ament_install'
[3.641s] Level 1:colcon.colcon_core.package_identification:_identify(.) by extensions ['colcon_pkg']
[3.641s] Level 1:colcon.colcon_core.package_identification:_identify(.) by extension 'colcon_pkg'
[3.641s] Level 1:colcon.colcon_core.package_identification:_identify(.) by extensions ['colcon_meta']
[3.642s] Level 1:colcon.colcon_core.package_identification:_identify(.) by extension 'colcon_meta'
[3.642s] Level 1:colcon.colcon_core.package_identification:_identify(.) by extensions ['ros']
[3.642s] Level 1:colcon.colcon_core.package_identification:_identify(.) by extension 'ros'
[3.843s] Level 1:colcon.colcon_core.package_identification:_identify(.) by extensions ['cmake', 'python']
[3.844s] Level 1:colcon.colcon_core.package_identification:_identify(.) by extension 'cmake'
[3.844s] Level 1:colcon.colcon_core.package_identification:_identify(.) by extension 'python'
[3.844s] Level 1:colcon.colcon_core.package_identification:_identify(.) by extensions ['python_setup_py']
[3.844s] Level 1:colcon.colcon_core.package_identification:_identify(.) by extension 'python_setup_py'
[3.845s] Level 1:colcon.colcon_core.package_identification:_identify(build) by extensions ['ignore', 'ignore_ament_install']
[3.845s] Level 1:colcon.colcon_core.package_identification:_identify(build) by extension 'ignore'
[3.846s] Level 1:colcon.colcon_core.package_identification:_identify(build) ignored
[3.848s] Level 1:colcon.colcon_core.package_identification:_identify(install) by extensions ['ignore', 'ignore_ament_install']
[3.848s] Level 1:colcon.colcon_core.package_identification:_identify(install) by extension 'ignore'
[3.848s] Level 1:colcon.colcon_core.package_identification:_identify(install) ignored
[3.849s] Level 1:colcon.colcon_core.package_identification:_identify(log) by extensions ['ignore', 'ignore_ament_install']
[3.849s] Level 1:colcon.colcon_core.package_identification:_identify(log) by extension 'ignore'
[3.849s] Level 1:colcon.colcon_core.package_identification:_identify(log) ignored
[3.850s] Level 1:colcon.colcon_core.package_identification:_identify(src) by extensions ['ignore', 'ignore_ament_install']
[3.850s] Level 1:colcon.colcon_core.package_identification:_identify(src) by extension 'ignore'
[3.851s] Level 1:colcon.colcon_core.package_identification:_identify(src) by extension 'ignore_ament_install'
[3.851s] Level 1:colcon.colcon_core.package_identification:_identify(src) by extensions ['colcon_pkg']
[3.851s] Level 1:colcon.colcon_core.package_identification:_identify(src) by extension 'colcon_pkg'
[3.851s] Level 1:colcon.colcon_core.package_identification:_identify(src) by extensions ['colcon_meta']
[3.851s] Level 1:colcon.colcon_core.package_identification:_identify(src) by extension 'colcon_meta'
[3.852s] Level 1:colcon.colcon_core.package_identification:_identify(src) by extensions ['ros']
[3.852s] Level 1:colcon.colcon_core.package_identification:_identify(src) by extension 'ros'
[3.852s] Level 1:colcon.colcon_core.package_identification:_identify(src) by extensions ['cmake', 'python']
[3.853s] Level 1:colcon.colcon_core.package_identification:_identify(src) by extension 'cmake'
[3.853s] Level 1:colcon.colcon_core.package_identification:_identify(src) by extension 'python'
[3.853s] Level 1:colcon.colcon_core.package_identification:_identify(src) by extensions ['python_setup_py']
[3.853s] Level 1:colcon.colcon_core.package_identification:_identify(src) by extension 'python_setup_py'
[3.856s] Level 1:colcon.colcon_core.package_identification:_identify(src/gscam) by extensions ['ignore', 'ignore_ament_install']
[3.859s] Level 1:colcon.colcon_core.package_identification:_identify(src/gscam) by extension 'ignore'
[3.859s] Level 1:colcon.colcon_core.package_identification:_identify(src/gscam) by extension 'ignore_ament_install'
[3.859s] Level 1:colcon.colcon_core.package_identification:_identify(src/gscam) by extensions ['colcon_pkg']
[3.859s] Level 1:colcon.colcon_core.package_identification:_identify(src/gscam) by extension 'colcon_pkg'
[3.860s] Level 1:colcon.colcon_core.package_identification:_identify(src/gscam) by extensions ['colcon_meta']
[3.860s] Level 1:colcon.colcon_core.package_identification:_identify(src/gscam) by extension 'colcon_meta'
[3.860s] Level 1:colcon.colcon_core.package_identification:_identify(src/gscam) by extensions ['ros']
[3.860s] Level 1:colcon.colcon_core.package_identification:_identify(src/gscam) by extension 'ros'
[3.887s] DEBUG:colcon.colcon_core.package_identification:Package 'src/gscam' with type 'ros.ament_cmake' and name 'gscam'
[3.888s] Level 1:colcon.colcon_core.package_identification:_identify(src/jetbot_ros) by extensions ['ignore', 'ignore_ament_install']
[3.888s] Level 1:colcon.colcon_core.package_identification:_identify(src/jetbot_ros) by extension 'ignore'
[3.889s] Level 1:colcon.colcon_core.package_identification:_identify(src/jetbot_ros) by extension 'ignore_ament_install'
[3.889s] Level 1:colcon.colcon_core.package_identification:_identify(src/jetbot_ros) by extensions ['colcon_pkg']
[3.889s] Level 1:colcon.colcon_core.package_identification:_identify(src/jetbot_ros) by extension 'colcon_pkg'
[3.890s] Level 1:colcon.colcon_core.package_identification:_identify(src/jetbot_ros) by extensions ['colcon_meta']
[3.890s] Level 1:colcon.colcon_core.package_identification:_identify(src/jetbot_ros) by extension 'colcon_meta'
[3.890s] Level 1:colcon.colcon_core.package_identification:_identify(src/jetbot_ros) by extensions ['ros']
[3.890s] Level 1:colcon.colcon_core.package_identification:_identify(src/jetbot_ros) by extension 'ros'
[3.896s] DEBUG:colcon.colcon_core.package_identification:Package 'src/jetbot_ros' with type 'ros.ament_python' and name 'jetbot_ros'
[3.897s] Level 1:colcon.colcon_core.package_identification:_identify(src/py_pubsub) by extensions ['ignore', 'ignore_ament_install']
[3.897s] Level 1:colcon.colcon_core.package_identification:_identify(src/py_pubsub) by extension 'ignore'
[3.897s] Level 1:colcon.colcon_core.package_identification:_identify(src/py_pubsub) by extension 'ignore_ament_install'
[3.898s] Level 1:colcon.colcon_core.package_identification:_identify(src/py_pubsub) by extensions ['colcon_pkg']
[3.898s] Level 1:colcon.colcon_core.package_identification:_identify(src/py_pubsub) by extension 'colcon_pkg'
[3.898s] Level 1:colcon.colcon_core.package_identification:_identify(src/py_pubsub) by extensions ['colcon_meta']
[3.898s] Level 1:colcon.colcon_core.package_identification:_identify(src/py_pubsub) by extension 'colcon_meta'
[3.899s] Level 1:colcon.colcon_core.package_identification:_identify(src/py_pubsub) by extensions ['ros']
[3.899s] Level 1:colcon.colcon_core.package_identification:_identify(src/py_pubsub) by extension 'ros'
[3.902s] DEBUG:colcon.colcon_core.package_identification:Package 'src/py_pubsub' with type 'ros.ament_python' and name 'py_pubsub'
[3.902s] Level 1:colcon.colcon_core.package_identification:_identify(src/ros_aruco_opencv) by extensions ['ignore', 'ignore_ament_install']
[3.903s] Level 1:colcon.colcon_core.package_identification:_identify(src/ros_aruco_opencv) by extension 'ignore'
[3.903s] Level 1:colcon.colcon_core.package_identification:_identify(src/ros_aruco_opencv) by extension 'ignore_ament_install'
[3.903s] Level 1:colcon.colcon_core.package_identification:_identify(src/ros_aruco_opencv) by extensions ['colcon_pkg']
[3.904s] Level 1:colcon.colcon_core.package_identification:_identify(src/ros_aruco_opencv) by extension 'colcon_pkg'
[3.904s] Level 1:colcon.colcon_core.package_identification:_identify(src/ros_aruco_opencv) by extensions ['colcon_meta']
[3.904s] Level 1:colcon.colcon_core.package_identification:_identify(src/ros_aruco_opencv) by extension 'colcon_meta'
[3.904s] Level 1:colcon.colcon_core.package_identification:_identify(src/ros_aruco_opencv) by extensions ['ros']
[3.904s] Level 1:colcon.colcon_core.package_identification:_identify(src/ros_aruco_opencv) by extension 'ros'
[3.905s] Level 1:colcon.colcon_core.package_identification:_identify(src/ros_aruco_opencv) by extensions ['cmake', 'python']
[3.905s] Level 1:colcon.colcon_core.package_identification:_identify(src/ros_aruco_opencv) by extension 'cmake'
[3.905s] Level 1:colcon.colcon_core.package_identification:_identify(src/ros_aruco_opencv) by extension 'python'
[3.906s] Level 1:colcon.colcon_core.package_identification:_identify(src/ros_aruco_opencv) by extensions ['python_setup_py']
[3.906s] Level 1:colcon.colcon_core.package_identification:_identify(src/ros_aruco_opencv) by extension 'python_setup_py'
[3.906s] Level 1:colcon.colcon_core.package_identification:_identify(src/ros_aruco_opencv/aruco_opencv) by extensions ['ignore', 'ignore_ament_install']
[3.907s] Level 1:colcon.colcon_core.package_identification:_identify(src/ros_aruco_opencv/aruco_opencv) by extension 'ignore'
[3.907s] Level 1:colcon.colcon_core.package_identification:_identify(src/ros_aruco_opencv/aruco_opencv) by extension 'ignore_ament_install'
[3.907s] Level 1:colcon.colcon_core.package_identification:_identify(src/ros_aruco_opencv/aruco_opencv) by extensions ['colcon_pkg']
[3.908s] Level 1:colcon.colcon_core.package_identification:_identify(src/ros_aruco_opencv/aruco_opencv) by extension 'colcon_pkg'
[3.908s] Level 1:colcon.colcon_core.package_identification:_identify(src/ros_aruco_opencv/aruco_opencv) by extensions ['colcon_meta']
[3.908s] Level 1:colcon.colcon_core.package_identification:_identify(src/ros_aruco_opencv/aruco_opencv) by extension 'colcon_meta'
[3.908s] Level 1:colcon.colcon_core.package_identification:_identify(src/ros_aruco_opencv/aruco_opencv) by extensions ['ros']
[3.908s] Level 1:colcon.colcon_core.package_identification:_identify(src/ros_aruco_opencv/aruco_opencv) by extension 'ros'
[3.914s] DEBUG:colcon.colcon_core.package_identification:Package 'src/ros_aruco_opencv/aruco_opencv' with type 'ros.ament_cmake' and name 'aruco_opencv'
[3.916s] Level 1:colcon.colcon_core.package_identification:_identify(src/ros_aruco_opencv/aruco_opencv_msgs) by extensions ['ignore', 'ignore_ament_install']
[3.919s] Level 1:colcon.colcon_core.package_identification:_identify(src/ros_aruco_opencv/aruco_opencv_msgs) by extension 'ignore'
[3.919s] Level 1:colcon.colcon_core.package_identification:_identify(src/ros_aruco_opencv/aruco_opencv_msgs) by extension 'ignore_ament_install'
[3.919s] Level 1:colcon.colcon_core.package_identification:_identify(src/ros_aruco_opencv/aruco_opencv_msgs) by extensions ['colcon_pkg']
[3.919s] Level 1:colcon.colcon_core.package_identification:_identify(src/ros_aruco_opencv/aruco_opencv_msgs) by extension 'colcon_pkg'
[3.920s] Level 1:colcon.colcon_core.package_identification:_identify(src/ros_aruco_opencv/aruco_opencv_msgs) by extensions ['colcon_meta']
[3.920s] Level 1:colcon.colcon_core.package_identification:_identify(src/ros_aruco_opencv/aruco_opencv_msgs) by extension 'colcon_meta'
[3.920s] Level 1:colcon.colcon_core.package_identification:_identify(src/ros_aruco_opencv/aruco_opencv_msgs) by extensions ['ros']
[3.920s] Level 1:colcon.colcon_core.package_identification:_identify(src/ros_aruco_opencv/aruco_opencv_msgs) by extension 'ros'
[3.924s] DEBUG:colcon.colcon_core.package_identification:Package 'src/ros_aruco_opencv/aruco_opencv_msgs' with type 'ros.ament_cmake' and name 'aruco_opencv_msgs'
[3.925s] Level 1:colcon.colcon_core.package_discovery:discover_packages(recursive) using defaults
[3.926s] Level 1:colcon.colcon_core.package_discovery:discover_packages(ignore) discover
[3.926s] Level 1:colcon.colcon_core.package_discovery:discover_packages(ignore) using defaults
[3.926s] Level 1:colcon.colcon_core.package_discovery:discover_packages(path) discover
[3.926s] Level 1:colcon.colcon_core.package_discovery:discover_packages(path) using defaults
[4.208s] Level 5:colcon.colcon_core.verb:set package 'aruco_opencv_msgs' build argument 'cmake_args' from command line to 'None'
[4.209s] Level 5:colcon.colcon_core.verb:set package 'aruco_opencv_msgs' build argument 'cmake_target' from command line to 'None'
[4.209s] Level 5:colcon.colcon_core.verb:set package 'aruco_opencv_msgs' build argument 'cmake_target_skip_unavailable' from command line to 'False'
[4.209s] Level 5:colcon.colcon_core.verb:set package 'aruco_opencv_msgs' build argument 'cmake_clean_cache' from command line to 'False'
[4.209s] Level 5:colcon.colcon_core.verb:set package 'aruco_opencv_msgs' build argument 'cmake_clean_first' from command line to 'False'
[4.209s] Level 5:colcon.colcon_core.verb:set package 'aruco_opencv_msgs' build argument 'cmake_force_configure' from command line to 'False'
[4.210s] Level 5:colcon.colcon_core.verb:set package 'aruco_opencv_msgs' build argument 'ament_cmake_args' from command line to 'None'
[4.210s] Level 5:colcon.colcon_core.verb:set package 'aruco_opencv_msgs' build argument 'catkin_cmake_args' from command line to 'None'
[4.210s] Level 5:colcon.colcon_core.verb:set package 'aruco_opencv_msgs' build argument 'catkin_skip_building_tests' from command line to 'False'
[4.210s] DEBUG:colcon.colcon_core.verb:Building package 'aruco_opencv_msgs' with the following arguments: {'ament_cmake_args': None, 'build_base': '/home/jetbot/ece417/ws/build/aruco_opencv_msgs', 'catkin_cmake_args': None, 'catkin_skip_building_tests': False, 'cmake_args': None, 'cmake_clean_cache': False, 'cmake_clean_first': False, 'cmake_force_configure': False, 'cmake_target': None, 'cmake_target_skip_unavailable': False, 'install_base': '/home/jetbot/ece417/ws/install/aruco_opencv_msgs', 'merge_install': False, 'path': '/home/jetbot/ece417/ws/src/ros_aruco_opencv/aruco_opencv_msgs', 'symlink_install': True, 'test_result_base': None}
[4.228s] Level 5:colcon.colcon_core.verb:set package 'gscam' build argument 'cmake_args' from command line to 'None'
[4.228s] Level 5:colcon.colcon_core.verb:set package 'gscam' build argument 'cmake_target' from command line to 'None'
[4.228s] Level 5:colcon.colcon_core.verb:set package 'gscam' build argument 'cmake_target_skip_unavailable' from command line to 'False'
[4.228s] Level 5:colcon.colcon_core.verb:set package 'gscam' build argument 'cmake_clean_cache' from command line to 'False'
[4.228s] Level 5:colcon.colcon_core.verb:set package 'gscam' build argument 'cmake_clean_first' from command line to 'False'
[4.229s] Level 5:colcon.colcon_core.verb:set package 'gscam' build argument 'cmake_force_configure' from command line to 'False'
[4.229s] Level 5:colcon.colcon_core.verb:set package 'gscam' build argument 'ament_cmake_args' from command line to 'None'
[4.229s] Level 5:colcon.colcon_core.verb:set package 'gscam' build argument 'catkin_cmake_args' from command line to 'None'
[4.229s] Level 5:colcon.colcon_core.verb:set package 'gscam' build argument 'catkin_skip_building_tests' from command line to 'False'
[4.229s] DEBUG:colcon.colcon_core.verb:Building package 'gscam' with the following arguments: {'ament_cmake_args': None, 'build_base': '/home/jetbot/ece417/ws/build/gscam', 'catkin_cmake_args': None, 'catkin_skip_building_tests': False, 'cmake_args': None, 'cmake_clean_cache': False, 'cmake_clean_first': False, 'cmake_force_configure': False, 'cmake_target': None, 'cmake_target_skip_unavailable': False, 'install_base': '/home/jetbot/ece417/ws/install/gscam', 'merge_install': False, 'path': '/home/jetbot/ece417/ws/src/gscam', 'symlink_install': True, 'test_result_base': None}
[4.247s] Level 5:colcon.colcon_core.verb:set package 'jetbot_ros' build argument 'cmake_args' from command line to 'None'
[4.247s] Level 5:colcon.colcon_core.verb:set package 'jetbot_ros' build argument 'cmake_target' from command line to 'None'
[4.247s] Level 5:colcon.colcon_core.verb:set package 'jetbot_ros' build argument 'cmake_target_skip_unavailable' from command line to 'False'
[4.247s] Level 5:colcon.colcon_core.verb:set package 'jetbot_ros' build argument 'cmake_clean_cache' from command line to 'False'
[4.247s] Level 5:colcon.colcon_core.verb:set package 'jetbot_ros' build argument 'cmake_clean_first' from command line to 'False'
[4.248s] Level 5:colcon.colcon_core.verb:set package 'jetbot_ros' build argument 'cmake_force_configure' from command line to 'False'
[4.248s] Level 5:colcon.colcon_core.verb:set package 'jetbot_ros' build argument 'ament_cmake_args' from command line to 'None'
[4.248s] Level 5:colcon.colcon_core.verb:set package 'jetbot_ros' build argument 'catkin_cmake_args' from command line to 'None'
[4.248s] Level 5:colcon.colcon_core.verb:set package 'jetbot_ros' build argument 'catkin_skip_building_tests' from command line to 'False'
[4.248s] DEBUG:colcon.colcon_core.verb:Building package 'jetbot_ros' with the following arguments: {'ament_cmake_args': None, 'build_base': '/home/jetbot/ece417/ws/build/jetbot_ros', 'catkin_cmake_args': None, 'catkin_skip_building_tests': False, 'cmake_args': None, 'cmake_clean_cache': False, 'cmake_clean_first': False, 'cmake_force_configure': False, 'cmake_target': None, 'cmake_target_skip_unavailable': False, 'install_base': '/home/jetbot/ece417/ws/install/jetbot_ros', 'merge_install': False, 'path': '/home/jetbot/ece417/ws/src/jetbot_ros', 'symlink_install': True, 'test_result_base': None}
[4.266s] Level 5:colcon.colcon_core.verb:set package 'py_pubsub' build argument 'cmake_args' from command line to 'None'
[4.266s] Level 5:colcon.colcon_core.verb:set package 'py_pubsub' build argument 'cmake_target' from command line to 'None'
[4.266s] Level 5:colcon.colcon_core.verb:set package 'py_pubsub' build argument 'cmake_target_skip_unavailable' from command line to 'False'
[4.266s] Level 5:colcon.colcon_core.verb:set package 'py_pubsub' build argument 'cmake_clean_cache' from command line to 'False'
[4.266s] Level 5:colcon.colcon_core.verb:set package 'py_pubsub' build argument 'cmake_clean_first' from command line to 'False'
[4.266s] Level 5:colcon.colcon_core.verb:set package 'py_pubsub' build argument 'cmake_force_configure' from command line to 'False'
[4.267s] Level 5:colcon.colcon_core.verb:set package 'py_pubsub' build argument 'ament_cmake_args' from command line to 'None'
[4.267s] Level 5:colcon.colcon_core.verb:set package 'py_pubsub' build argument 'catkin_cmake_args' from command line to 'None'
[4.267s] Level 5:colcon.colcon_core.verb:set package 'py_pubsub' build argument 'catkin_skip_building_tests' from command line to 'False'
[4.267s] DEBUG:colcon.colcon_core.verb:Building package 'py_pubsub' with the following arguments: {'ament_cmake_args': None, 'build_base': '/home/jetbot/ece417/ws/build/py_pubsub', 'catkin_cmake_args': None, 'catkin_skip_building_tests': False, 'cmake_args': None, 'cmake_clean_cache': False, 'cmake_clean_first': False, 'cmake_force_configure': False, 'cmake_target': None, 'cmake_target_skip_unavailable': False, 'install_base': '/home/jetbot/ece417/ws/install/py_pubsub', 'merge_install': False, 'path': '/home/jetbot/ece417/ws/src/py_pubsub', 'symlink_install': True, 'test_result_base': None}
[4.285s] Level 5:colcon.colcon_core.verb:set package 'aruco_opencv' build argument 'cmake_args' from command line to 'None'
[4.285s] Level 5:colcon.colcon_core.verb:set package 'aruco_opencv' build argument 'cmake_target' from command line to 'None'
[4.285s] Level 5:colcon.colcon_core.verb:set package 'aruco_opencv' build argument 'cmake_target_skip_unavailable' from command line to 'False'
[4.285s] Level 5:colcon.colcon_core.verb:set package 'aruco_opencv' build argument 'cmake_clean_cache' from command line to 'False'
[4.285s] Level 5:colcon.colcon_core.verb:set package 'aruco_opencv' build argument 'cmake_clean_first' from command line to 'False'
[4.286s] Level 5:colcon.colcon_core.verb:set package 'aruco_opencv' build argument 'cmake_force_configure' from command line to 'False'
[4.286s] Level 5:colcon.colcon_core.verb:set package 'aruco_opencv' build argument 'ament_cmake_args' from command line to 'None'
[4.286s] Level 5:colcon.colcon_core.verb:set package 'aruco_opencv' build argument 'catkin_cmake_args' from command line to 'None'
[4.286s] Level 5:colcon.colcon_core.verb:set package 'aruco_opencv' build argument 'catkin_skip_building_tests' from command line to 'False'
[4.286s] DEBUG:colcon.colcon_core.verb:Building package 'aruco_opencv' with the following arguments: {'ament_cmake_args': None, 'build_base': '/home/jetbot/ece417/ws/build/aruco_opencv', 'catkin_cmake_args': None, 'catkin_skip_building_tests': False, 'cmake_args': None, 'cmake_clean_cache': False, 'cmake_clean_first': False, 'cmake_force_configure': False, 'cmake_target': None, 'cmake_target_skip_unavailable': False, 'install_base': '/home/jetbot/ece417/ws/install/aruco_opencv', 'merge_install': False, 'path': '/home/jetbot/ece417/ws/src/ros_aruco_opencv/aruco_opencv', 'symlink_install': True, 'test_result_base': None}
[4.301s] INFO:colcon.colcon_core.executor:Executing jobs using 'parallel' executor
[4.385s] DEBUG:colcon.colcon_parallel_executor.executor.parallel:run_until_complete
[4.387s] INFO:colcon.colcon_ros.task.ament_cmake.build:Building ROS package in '/home/jetbot/ece417/ws/src/ros_aruco_opencv/aruco_opencv_msgs' with build type 'ament_cmake'
[4.387s] INFO:colcon.colcon_cmake.task.cmake.build:Building CMake package in '/home/jetbot/ece417/ws/src/ros_aruco_opencv/aruco_opencv_msgs'
[4.449s] INFO:colcon.colcon_core.plugin_system:Skipping extension 'colcon_core.shell.bat': Not used on non-Windows systems
[4.450s] INFO:colcon.colcon_core.shell:Skip shell extension 'powershell' for command environment: Not usable outside of PowerShell
[4.451s] DEBUG:colcon.colcon_core.shell:Skip shell extension 'dsv' for command environment
[4.572s] INFO:colcon.colcon_ros.task.ament_cmake.build:Building ROS package in '/home/jetbot/ece417/ws/src/gscam' with build type 'ament_cmake'
[4.578s] INFO:colcon.colcon_cmake.task.cmake.build:Building CMake package in '/home/jetbot/ece417/ws/src/gscam'
[4.620s] INFO:colcon.colcon_core.shell:Skip shell extension 'powershell' for command environment: Not usable outside of PowerShell
[4.620s] DEBUG:colcon.colcon_core.shell:Skip shell extension 'dsv' for command environment
[4.719s] INFO:colcon.colcon_ros.task.ament_python.build:Building ROS package in '/home/jetbot/ece417/ws/src/jetbot_ros' with build type 'ament_python'
[4.720s] Level 1:colcon.colcon_core.shell:create_environment_hook('jetbot_ros', 'ament_prefix_path')
[4.766s] INFO:colcon.colcon_core.shell:Creating environment hook '/home/jetbot/ece417/ws/install/jetbot_ros/share/jetbot_ros/hook/ament_prefix_path.ps1'
[4.771s] INFO:colcon.colcon_core.shell:Creating environment descriptor '/home/jetbot/ece417/ws/install/jetbot_ros/share/jetbot_ros/hook/ament_prefix_path.dsv'
[4.775s] INFO:colcon.colcon_core.shell:Creating environment hook '/home/jetbot/ece417/ws/install/jetbot_ros/share/jetbot_ros/hook/ament_prefix_path.sh'
[4.826s] INFO:colcon.colcon_core.shell:Skip shell extension 'powershell' for command environment: Not usable outside of PowerShell
[4.826s] DEBUG:colcon.colcon_core.shell:Skip shell extension 'dsv' for command environment
[4.930s] INFO:colcon.colcon_ros.task.ament_python.build:Building ROS package in '/home/jetbot/ece417/ws/src/py_pubsub' with build type 'ament_python'
[4.931s] Level 1:colcon.colcon_core.shell:create_environment_hook('py_pubsub', 'ament_prefix_path')
[4.971s] INFO:colcon.colcon_core.shell:Creating environment hook '/home/jetbot/ece417/ws/install/py_pubsub/share/py_pubsub/hook/ament_prefix_path.ps1'
[4.973s] INFO:colcon.colcon_core.shell:Creating environment descriptor '/home/jetbot/ece417/ws/install/py_pubsub/share/py_pubsub/hook/ament_prefix_path.dsv'
[4.974s] INFO:colcon.colcon_core.shell:Creating environment hook '/home/jetbot/ece417/ws/install/py_pubsub/share/py_pubsub/hook/ament_prefix_path.sh'
[5.012s] INFO:colcon.colcon_core.shell:Skip shell extension 'powershell' for command environment: Not usable outside of PowerShell
[5.013s] DEBUG:colcon.colcon_core.shell:Skip shell extension 'dsv' for command environment
[5.134s] DEBUG:colcon.colcon_core.event_handler.log_command:Invoking command in '/home/jetbot/ece417/ws/build/aruco_opencv_msgs': CMAKE_PREFIX_PATH=/home/jetbot/ece417/ws/install/gscam:/home/jetbot/ece417/ws/install/aruco_opencv:/home/jetbot/ece417/ws/install/aruco_opencv_msgs:/home/jetbot/ece417/ws/install/py_pubsub:/home/jetbot/ece417/ws/install/jetbot_ros:/ros_deep_learning/install/ros_deep_learning:/opt/ros/humble/install /usr/local/bin/cmake --build /home/jetbot/ece417/ws/build/aruco_opencv_msgs -- -j4 -l4
[5.171s] DEBUG:colcon.colcon_core.event_handler.log_command:Invoking command in '/home/jetbot/ece417/ws/build/gscam': CMAKE_PREFIX_PATH=/home/jetbot/ece417/ws/install/gscam:/home/jetbot/ece417/ws/install/aruco_opencv:/home/jetbot/ece417/ws/install/aruco_opencv_msgs:/home/jetbot/ece417/ws/install/py_pubsub:/home/jetbot/ece417/ws/install/jetbot_ros:/ros_deep_learning/install/ros_deep_learning:/opt/ros/humble/install /usr/local/bin/cmake --build /home/jetbot/ece417/ws/build/gscam -- -j4 -l4
[7.055s] INFO:colcon.colcon_core.task.python.build:Building Python package in '/home/jetbot/ece417/ws/src/jetbot_ros'
[7.094s] INFO:colcon.colcon_core.shell:Skip shell extension 'powershell' for command environment: Not usable outside of PowerShell
[7.094s] DEBUG:colcon.colcon_core.shell:Skip shell extension 'dsv' for command environment
[8.934s] INFO:colcon.colcon_core.task.python.build:Building Python package in '/home/jetbot/ece417/ws/src/py_pubsub'
[8.972s] INFO:colcon.colcon_core.shell:Skip shell extension 'powershell' for command environment: Not usable outside of PowerShell
[8.973s] DEBUG:colcon.colcon_core.shell:Skip shell extension 'dsv' for command environment
[9.135s] DEBUG:colcon.colcon_core.event_handler.log_command:Invoked command in '/home/jetbot/ece417/ws/build/aruco_opencv_msgs' returned '0': CMAKE_PREFIX_PATH=/home/jetbot/ece417/ws/install/gscam:/home/jetbot/ece417/ws/install/aruco_opencv:/home/jetbot/ece417/ws/install/aruco_opencv_msgs:/home/jetbot/ece417/ws/install/py_pubsub:/home/jetbot/ece417/ws/install/jetbot_ros:/ros_deep_learning/install/ros_deep_learning:/opt/ros/humble/install /usr/local/bin/cmake --build /home/jetbot/ece417/ws/build/aruco_opencv_msgs -- -j4 -l4
[9.140s] DEBUG:colcon.colcon_core.event_handler.log_command:Invoked command in '/home/jetbot/ece417/ws/build/gscam' returned '0': CMAKE_PREFIX_PATH=/home/jetbot/ece417/ws/install/gscam:/home/jetbot/ece417/ws/install/aruco_opencv:/home/jetbot/ece417/ws/install/aruco_opencv_msgs:/home/jetbot/ece417/ws/install/py_pubsub:/home/jetbot/ece417/ws/install/jetbot_ros:/ros_deep_learning/install/ros_deep_learning:/opt/ros/humble/install /usr/local/bin/cmake --build /home/jetbot/ece417/ws/build/gscam -- -j4 -l4
[9.673s] DEBUG:colcon.colcon_core.event_handler.log_command:Invoking command in '/home/jetbot/ece417/ws/build/gscam': CMAKE_PREFIX_PATH=/home/jetbot/ece417/ws/install/gscam:/home/jetbot/ece417/ws/install/aruco_opencv:/home/jetbot/ece417/ws/install/aruco_opencv_msgs:/home/jetbot/ece417/ws/install/py_pubsub:/home/jetbot/ece417/ws/install/jetbot_ros:/ros_deep_learning/install/ros_deep_learning:/opt/ros/humble/install /usr/local/bin/cmake --install /home/jetbot/ece417/ws/build/gscam
[9.746s] DEBUG:colcon.colcon_core.event_handler.log_command:Invoking command in '/home/jetbot/ece417/ws/build/aruco_opencv_msgs': CMAKE_PREFIX_PATH=/home/jetbot/ece417/ws/install/gscam:/home/jetbot/ece417/ws/install/aruco_opencv:/home/jetbot/ece417/ws/install/aruco_opencv_msgs:/home/jetbot/ece417/ws/install/py_pubsub:/home/jetbot/ece417/ws/install/jetbot_ros:/ros_deep_learning/install/ros_deep_learning:/opt/ros/humble/install /usr/local/bin/cmake --install /home/jetbot/ece417/ws/build/aruco_opencv_msgs
[10.016s] Level 1:colcon.colcon_core.environment:create_environment_scripts_only(gscam)
[10.025s] DEBUG:colcon.colcon_core.event_handler.log_command:Invoked command in '/home/jetbot/ece417/ws/build/gscam' returned '0': CMAKE_PREFIX_PATH=/home/jetbot/ece417/ws/install/gscam:/home/jetbot/ece417/ws/install/aruco_opencv:/home/jetbot/ece417/ws/install/aruco_opencv_msgs:/home/jetbot/ece417/ws/install/py_pubsub:/home/jetbot/ece417/ws/install/jetbot_ros:/ros_deep_learning/install/ros_deep_learning:/opt/ros/humble/install /usr/local/bin/cmake --install /home/jetbot/ece417/ws/build/gscam
[10.191s] Level 1:colcon.colcon_core.environment:checking '/home/jetbot/ece417/ws/install/gscam' for CMake module files
[10.196s] Level 1:colcon.colcon_core.environment:checking '/home/jetbot/ece417/ws/install/gscam' for CMake config files
[10.198s] Level 1:colcon.colcon_core.shell:create_environment_hook('gscam', 'cmake_prefix_path')
[10.260s] INFO:colcon.colcon_core.shell:Creating environment hook '/home/jetbot/ece417/ws/install/gscam/share/gscam/hook/cmake_prefix_path.ps1'
[10.262s] INFO:colcon.colcon_core.shell:Creating environment descriptor '/home/jetbot/ece417/ws/install/gscam/share/gscam/hook/cmake_prefix_path.dsv'
[10.265s] INFO:colcon.colcon_core.shell:Creating environment hook '/home/jetbot/ece417/ws/install/gscam/share/gscam/hook/cmake_prefix_path.sh'
[10.269s] Level 1:colcon.colcon_core.environment:checking '/home/jetbot/ece417/ws/install/gscam/lib'
[10.270s] Level 1:colcon.colcon_core.shell:create_environment_hook('gscam', 'ld_library_path_lib')
[10.342s] INFO:colcon.colcon_core.shell:Creating environment hook '/home/jetbot/ece417/ws/install/gscam/share/gscam/hook/ld_library_path_lib.ps1'
[10.345s] INFO:colcon.colcon_core.shell:Creating environment descriptor '/home/jetbot/ece417/ws/install/gscam/share/gscam/hook/ld_library_path_lib.dsv'
[10.346s] INFO:colcon.colcon_core.shell:Creating environment hook '/home/jetbot/ece417/ws/install/gscam/share/gscam/hook/ld_library_path_lib.sh'
[10.348s] Level 1:colcon.colcon_core.environment:checking '/home/jetbot/ece417/ws/install/gscam/bin'
[10.348s] Level 1:colcon.colcon_core.environment:checking '/home/jetbot/ece417/ws/install/gscam/lib/pkgconfig/gscam.pc'
[10.349s] Level 1:colcon.colcon_core.environment:checking '/home/jetbot/ece417/ws/install/gscam/lib/python3.6/site-packages'
[10.350s] Level 1:colcon.colcon_core.environment:checking '/home/jetbot/ece417/ws/install/gscam/bin'
[10.412s] INFO:colcon.colcon_core.shell:Creating package script '/home/jetbot/ece417/ws/install/gscam/share/gscam/package.ps1'
[10.418s] INFO:colcon.colcon_core.shell:Creating package descriptor '/home/jetbot/ece417/ws/install/gscam/share/gscam/package.dsv'
[10.424s] INFO:colcon.colcon_core.shell:Creating package script '/home/jetbot/ece417/ws/install/gscam/share/gscam/package.sh'
[10.430s] INFO:colcon.colcon_core.shell:Creating package script '/home/jetbot/ece417/ws/install/gscam/share/gscam/package.bash'
[10.437s] INFO:colcon.colcon_core.shell:Creating package script '/home/jetbot/ece417/ws/install/gscam/share/gscam/package.zsh'
[10.445s] Level 1:colcon.colcon_core.environment:create_file_with_runtime_dependencies(/home/jetbot/ece417/ws/install/gscam/share/colcon-core/packages/gscam)
[10.461s] Level 1:colcon.colcon_core.environment:create_environment_scripts_only(aruco_opencv_msgs)
[10.463s] DEBUG:colcon.colcon_core.event_handler.log_command:Invoked command in '/home/jetbot/ece417/ws/build/aruco_opencv_msgs' returned '0': CMAKE_PREFIX_PATH=/home/jetbot/ece417/ws/install/gscam:/home/jetbot/ece417/ws/install/aruco_opencv:/home/jetbot/ece417/ws/install/aruco_opencv_msgs:/home/jetbot/ece417/ws/install/py_pubsub:/home/jetbot/ece417/ws/install/jetbot_ros:/ros_deep_learning/install/ros_deep_learning:/opt/ros/humble/install /usr/local/bin/cmake --install /home/jetbot/ece417/ws/build/aruco_opencv_msgs
[10.527s] Level 1:colcon.colcon_core.environment:checking '/home/jetbot/ece417/ws/install/aruco_opencv_msgs' for CMake module files
[10.533s] Level 1:colcon.colcon_core.environment:checking '/home/jetbot/ece417/ws/install/aruco_opencv_msgs' for CMake config files
[10.536s] Level 1:colcon.colcon_core.shell:create_environment_hook('aruco_opencv_msgs', 'cmake_prefix_path')
[10.578s] INFO:colcon.colcon_core.shell:Creating environment hook '/home/jetbot/ece417/ws/install/aruco_opencv_msgs/share/aruco_opencv_msgs/hook/cmake_prefix_path.ps1'
[10.581s] INFO:colcon.colcon_core.shell:Creating environment descriptor '/home/jetbot/ece417/ws/install/aruco_opencv_msgs/share/aruco_opencv_msgs/hook/cmake_prefix_path.dsv'
[10.583s] INFO:colcon.colcon_core.shell:Creating environment hook '/home/jetbot/ece417/ws/install/aruco_opencv_msgs/share/aruco_opencv_msgs/hook/cmake_prefix_path.sh'
[10.587s] Level 1:colcon.colcon_core.environment:checking '/home/jetbot/ece417/ws/install/aruco_opencv_msgs/lib'
[10.587s] Level 1:colcon.colcon_core.shell:create_environment_hook('aruco_opencv_msgs', 'ld_library_path_lib')
[10.630s] INFO:colcon.colcon_core.shell:Creating environment hook '/home/jetbot/ece417/ws/install/aruco_opencv_msgs/share/aruco_opencv_msgs/hook/ld_library_path_lib.ps1'
[10.636s] INFO:colcon.colcon_core.shell:Creating environment descriptor '/home/jetbot/ece417/ws/install/aruco_opencv_msgs/share/aruco_opencv_msgs/hook/ld_library_path_lib.dsv'
[10.639s] INFO:colcon.colcon_core.shell:Creating environment hook '/home/jetbot/ece417/ws/install/aruco_opencv_msgs/share/aruco_opencv_msgs/hook/ld_library_path_lib.sh'
[10.641s] Level 1:colcon.colcon_core.environment:checking '/home/jetbot/ece417/ws/install/aruco_opencv_msgs/bin'
[10.642s] Level 1:colcon.colcon_core.environment:checking '/home/jetbot/ece417/ws/install/aruco_opencv_msgs/lib/pkgconfig/aruco_opencv_msgs.pc'
[10.643s] Level 1:colcon.colcon_core.environment:checking '/home/jetbot/ece417/ws/install/aruco_opencv_msgs/lib/python3.6/site-packages'
[10.643s] Level 1:colcon.colcon_core.shell:create_environment_hook('aruco_opencv_msgs', 'pythonpath')
[10.689s] INFO:colcon.colcon_core.shell:Creating environment hook '/home/jetbot/ece417/ws/install/aruco_opencv_msgs/share/aruco_opencv_msgs/hook/pythonpath.ps1'
[10.691s] INFO:colcon.colcon_core.shell:Creating environment descriptor '/home/jetbot/ece417/ws/install/aruco_opencv_msgs/share/aruco_opencv_msgs/hook/pythonpath.dsv'
[10.693s] INFO:colcon.colcon_core.shell:Creating environment hook '/home/jetbot/ece417/ws/install/aruco_opencv_msgs/share/aruco_opencv_msgs/hook/pythonpath.sh'
[10.696s] Level 1:colcon.colcon_core.environment:checking '/home/jetbot/ece417/ws/install/aruco_opencv_msgs/bin'
[10.745s] INFO:colcon.colcon_core.shell:Creating package script '/home/jetbot/ece417/ws/install/aruco_opencv_msgs/share/aruco_opencv_msgs/package.ps1'
[10.748s] INFO:colcon.colcon_core.shell:Creating package descriptor '/home/jetbot/ece417/ws/install/aruco_opencv_msgs/share/aruco_opencv_msgs/package.dsv'
[10.751s] INFO:colcon.colcon_core.shell:Creating package script '/home/jetbot/ece417/ws/install/aruco_opencv_msgs/share/aruco_opencv_msgs/package.sh'
[10.754s] INFO:colcon.colcon_core.shell:Creating package script '/home/jetbot/ece417/ws/install/aruco_opencv_msgs/share/aruco_opencv_msgs/package.bash'
[10.756s] INFO:colcon.colcon_core.shell:Creating package script '/home/jetbot/ece417/ws/install/aruco_opencv_msgs/share/aruco_opencv_msgs/package.zsh'
[10.757s] Level 1:colcon.colcon_core.environment:create_file_with_runtime_dependencies(/home/jetbot/ece417/ws/install/aruco_opencv_msgs/share/colcon-core/packages/aruco_opencv_msgs)
[10.815s] Level 1:colcon.colcon_core.environment:create_environment_scripts_only(gscam)
[10.882s] Level 1:colcon.colcon_core.environment:checking '/home/jetbot/ece417/ws/install/gscam' for CMake module files
[10.886s] Level 1:colcon.colcon_core.environment:checking '/home/jetbot/ece417/ws/install/gscam' for CMake config files
[10.889s] Level 1:colcon.colcon_core.shell:create_environment_hook('gscam', 'cmake_prefix_path')
[10.931s] INFO:colcon.colcon_core.shell:Creating environment hook '/home/jetbot/ece417/ws/install/gscam/share/gscam/hook/cmake_prefix_path.ps1'
[10.933s] INFO:colcon.colcon_core.shell:Creating environment descriptor '/home/jetbot/ece417/ws/install/gscam/share/gscam/hook/cmake_prefix_path.dsv'
[10.935s] INFO:colcon.colcon_core.shell:Creating environment hook '/home/jetbot/ece417/ws/install/gscam/share/gscam/hook/cmake_prefix_path.sh'
[10.939s] Level 1:colcon.colcon_core.environment:checking '/home/jetbot/ece417/ws/install/gscam/lib'
[10.940s] Level 1:colcon.colcon_core.shell:create_environment_hook('gscam', 'ld_library_path_lib')
[10.990s] INFO:colcon.colcon_core.shell:Creating environment hook '/home/jetbot/ece417/ws/install/gscam/share/gscam/hook/ld_library_path_lib.ps1'
[10.993s] INFO:colcon.colcon_core.shell:Creating environment descriptor '/home/jetbot/ece417/ws/install/gscam/share/gscam/hook/ld_library_path_lib.dsv'
[10.994s] INFO:colcon.colcon_core.shell:Creating environment hook '/home/jetbot/ece417/ws/install/gscam/share/gscam/hook/ld_library_path_lib.sh'
[10.996s] Level 1:colcon.colcon_core.environment:checking '/home/jetbot/ece417/ws/install/gscam/bin'
[10.997s] Level 1:colcon.colcon_core.environment:checking '/home/jetbot/ece417/ws/install/gscam/lib/pkgconfig/gscam.pc'
[10.998s] Level 1:colcon.colcon_core.environment:checking '/home/jetbot/ece417/ws/install/gscam/lib/python3.6/site-packages'
[10.999s] Level 1:colcon.colcon_core.environment:checking '/home/jetbot/ece417/ws/install/gscam/bin'
[11.045s] INFO:colcon.colcon_core.shell:Creating package script '/home/jetbot/ece417/ws/install/gscam/share/gscam/package.ps1'
[11.048s] INFO:colcon.colcon_core.shell:Creating package descriptor '/home/jetbot/ece417/ws/install/gscam/share/gscam/package.dsv'
[11.051s] INFO:colcon.colcon_core.shell:Creating package script '/home/jetbot/ece417/ws/install/gscam/share/gscam/package.sh'
[11.054s] INFO:colcon.colcon_core.shell:Creating package script '/home/jetbot/ece417/ws/install/gscam/share/gscam/package.bash'
[11.058s] INFO:colcon.colcon_core.shell:Creating package script '/home/jetbot/ece417/ws/install/gscam/share/gscam/package.zsh'
[11.060s] Level 1:colcon.colcon_core.environment:create_file_with_runtime_dependencies(/home/jetbot/ece417/ws/install/gscam/share/colcon-core/packages/gscam)
[11.378s] Level 1:colcon.colcon_core.environment:create_environment_scripts_only(aruco_opencv_msgs)
[11.439s] Level 1:colcon.colcon_core.environment:checking '/home/jetbot/ece417/ws/install/aruco_opencv_msgs' for CMake module files
[11.443s] Level 1:colcon.colcon_core.environment:checking '/home/jetbot/ece417/ws/install/aruco_opencv_msgs' for CMake config files
[11.447s] Level 1:colcon.colcon_core.shell:create_environment_hook('aruco_opencv_msgs', 'cmake_prefix_path')
[11.496s] INFO:colcon.colcon_core.shell:Creating environment hook '/home/jetbot/ece417/ws/install/aruco_opencv_msgs/share/aruco_opencv_msgs/hook/cmake_prefix_path.ps1'
[11.498s] INFO:colcon.colcon_core.shell:Creating environment descriptor '/home/jetbot/ece417/ws/install/aruco_opencv_msgs/share/aruco_opencv_msgs/hook/cmake_prefix_path.dsv'
[11.500s] INFO:colcon.colcon_core.shell:Creating environment hook '/home/jetbot/ece417/ws/install/aruco_opencv_msgs/share/aruco_opencv_msgs/hook/cmake_prefix_path.sh'
[11.504s] Level 1:colcon.colcon_core.environment:checking '/home/jetbot/ece417/ws/install/aruco_opencv_msgs/lib'
[11.504s] Level 1:colcon.colcon_core.shell:create_environment_hook('aruco_opencv_msgs', 'ld_library_path_lib')
[11.550s] INFO:colcon.colcon_core.shell:Creating environment hook '/home/jetbot/ece417/ws/install/aruco_opencv_msgs/share/aruco_opencv_msgs/hook/ld_library_path_lib.ps1'
[11.552s] INFO:colcon.colcon_core.shell:Creating environment descriptor '/home/jetbot/ece417/ws/install/aruco_opencv_msgs/share/aruco_opencv_msgs/hook/ld_library_path_lib.dsv'
[11.555s] INFO:colcon.colcon_core.shell:Creating environment hook '/home/jetbot/ece417/ws/install/aruco_opencv_msgs/share/aruco_opencv_msgs/hook/ld_library_path_lib.sh'
[11.557s] Level 1:colcon.colcon_core.environment:checking '/home/jetbot/ece417/ws/install/aruco_opencv_msgs/bin'
[11.558s] Level 1:colcon.colcon_core.environment:checking '/home/jetbot/ece417/ws/install/aruco_opencv_msgs/lib/pkgconfig/aruco_opencv_msgs.pc'
[11.559s] Level 1:colcon.colcon_core.environment:checking '/home/jetbot/ece417/ws/install/aruco_opencv_msgs/lib/python3.6/site-packages'
[11.559s] Level 1:colcon.colcon_core.shell:create_environment_hook('aruco_opencv_msgs', 'pythonpath')
[11.606s] INFO:colcon.colcon_core.shell:Creating environment hook '/home/jetbot/ece417/ws/install/aruco_opencv_msgs/share/aruco_opencv_msgs/hook/pythonpath.ps1'
[11.608s] INFO:colcon.colcon_core.shell:Creating environment descriptor '/home/jetbot/ece417/ws/install/aruco_opencv_msgs/share/aruco_opencv_msgs/hook/pythonpath.dsv'
[11.610s] INFO:colcon.colcon_core.shell:Creating environment hook '/home/jetbot/ece417/ws/install/aruco_opencv_msgs/share/aruco_opencv_msgs/hook/pythonpath.sh'
[11.612s] Level 1:colcon.colcon_core.environment:checking '/home/jetbot/ece417/ws/install/aruco_opencv_msgs/bin'
[11.660s] INFO:colcon.colcon_core.shell:Creating package script '/home/jetbot/ece417/ws/install/aruco_opencv_msgs/share/aruco_opencv_msgs/package.ps1'
[11.664s] INFO:colcon.colcon_core.shell:Creating package descriptor '/home/jetbot/ece417/ws/install/aruco_opencv_msgs/share/aruco_opencv_msgs/package.dsv'
[11.668s] INFO:colcon.colcon_core.shell:Creating package script '/home/jetbot/ece417/ws/install/aruco_opencv_msgs/share/aruco_opencv_msgs/package.sh'
[11.671s] INFO:colcon.colcon_core.shell:Creating package script '/home/jetbot/ece417/ws/install/aruco_opencv_msgs/share/aruco_opencv_msgs/package.bash'
[11.674s] INFO:colcon.colcon_core.shell:Creating package script '/home/jetbot/ece417/ws/install/aruco_opencv_msgs/share/aruco_opencv_msgs/package.zsh'
[11.676s] Level 1:colcon.colcon_core.environment:create_file_with_runtime_dependencies(/home/jetbot/ece417/ws/install/aruco_opencv_msgs/share/colcon-core/packages/aruco_opencv_msgs)
[11.683s] INFO:colcon.colcon_ros.task.ament_cmake.build:Building ROS package in '/home/jetbot/ece417/ws/src/ros_aruco_opencv/aruco_opencv' with build type 'ament_cmake'
[11.685s] INFO:colcon.colcon_cmake.task.cmake.build:Building CMake package in '/home/jetbot/ece417/ws/src/ros_aruco_opencv/aruco_opencv'
[11.748s] INFO:colcon.colcon_core.shell:Skip shell extension 'powershell' for command environment: Not usable outside of PowerShell
[11.749s] DEBUG:colcon.colcon_core.shell:Skip shell extension 'dsv' for command environment
[11.899s] DEBUG:colcon.colcon_core.event_handler.log_command:Invoking command in '/home/jetbot/ece417/ws/build/aruco_opencv': CMAKE_PREFIX_PATH=/home/jetbot/ece417/ws/install/aruco_opencv_msgs:/home/jetbot/ece417/ws/install/gscam:/home/jetbot/ece417/ws/install/aruco_opencv:/home/jetbot/ece417/ws/install/py_pubsub:/home/jetbot/ece417/ws/install/jetbot_ros:/ros_deep_learning/install/ros_deep_learning:/opt/ros/humble/install LD_LIBRARY_PATH=/home/jetbot/ece417/ws/install/aruco_opencv_msgs/lib:/home/jetbot/ece417/ws/install/gscam/lib:/home/jetbot/ece417/ws/install/aruco_opencv/lib:/opt/ros/humble/install/lib:/usr/local/cuda/lib64:/usr/local/cuda-10.2/targets/aarch64-linux/lib PYTHONPATH=/home/jetbot/ece417/ws/install/aruco_opencv_msgs/lib/python3.6/site-packages:/home/jetbot/ece417/ws/build/py_pubsub:/home/jetbot/ece417/ws/install/py_pubsub/lib/python3.6/site-packages:/home/jetbot/ece417/ws/build/jetbot_ros:/home/jetbot/ece417/ws/install/jetbot_ros/lib/python3.6/site-packages:/opt/ros/humble/install/lib/python3.6/site-packages /usr/local/bin/cmake --build /home/jetbot/ece417/ws/build/aruco_opencv -- -j4 -l4
[12.074s] DEBUG:colcon.colcon_core.event_handler.log_command:Invoking command in '/home/jetbot/ece417/ws/build/jetbot_ros': PYTHONPATH=/home/jetbot/ece417/ws/build/jetbot_ros/prefix_override:/home/jetbot/ece417/ws/install/jetbot_ros/lib/python3.6/site-packages:${PYTHONPATH} /usr/bin/python3 setup.py develop --editable --build-directory /home/jetbot/ece417/ws/build/jetbot_ros/build --no-deps install_data
[12.087s] DEBUG:colcon.colcon_core.event_handler.log_command:Invoking command in '/home/jetbot/ece417/ws/build/py_pubsub': PYTHONPATH=/home/jetbot/ece417/ws/build/py_pubsub/prefix_override:/home/jetbot/ece417/ws/install/py_pubsub/lib/python3.6/site-packages:${PYTHONPATH} /usr/bin/python3 setup.py develop --editable --build-directory /home/jetbot/ece417/ws/build/py_pubsub/build --no-deps install_data
[15.406s] Level 1:colcon.colcon_core.shell:create_environment_hook('jetbot_ros', 'pythonpath_develop')
[15.419s] DEBUG:colcon.colcon_core.event_handler.log_command:Invoked command in '/home/jetbot/ece417/ws/build/jetbot_ros' returned '0': PYTHONPATH=/home/jetbot/ece417/ws/build/jetbot_ros/prefix_override:/home/jetbot/ece417/ws/install/jetbot_ros/lib/python3.6/site-packages:${PYTHONPATH} /usr/bin/python3 setup.py develop --editable --build-directory /home/jetbot/ece417/ws/build/jetbot_ros/build --no-deps install_data
[15.459s] INFO:colcon.colcon_core.shell:Creating environment hook '/home/jetbot/ece417/ws/build/jetbot_ros/share/jetbot_ros/hook/pythonpath_develop.ps1'
[15.463s] INFO:colcon.colcon_core.shell:Creating environment descriptor '/home/jetbot/ece417/ws/build/jetbot_ros/share/jetbot_ros/hook/pythonpath_develop.dsv'
[15.465s] INFO:colcon.colcon_core.shell:Creating environment hook '/home/jetbot/ece417/ws/build/jetbot_ros/share/jetbot_ros/hook/pythonpath_develop.sh'
[15.532s] Level 1:colcon.colcon_core.environment:checking '/home/jetbot/ece417/ws/install/jetbot_ros' for CMake module files
[15.535s] Level 1:colcon.colcon_core.environment:checking '/home/jetbot/ece417/ws/install/jetbot_ros' for CMake config files
[15.540s] Level 1:colcon.colcon_core.environment:checking '/home/jetbot/ece417/ws/install/jetbot_ros/lib'
[15.541s] Level 1:colcon.colcon_core.environment:checking '/home/jetbot/ece417/ws/install/jetbot_ros/bin'
[15.541s] Level 1:colcon.colcon_core.environment:checking '/home/jetbot/ece417/ws/install/jetbot_ros/lib/pkgconfig/jetbot_ros.pc'
[15.542s] Level 1:colcon.colcon_core.environment:checking '/home/jetbot/ece417/ws/install/jetbot_ros/lib/python3.6/site-packages'
[15.542s] Level 1:colcon.colcon_core.shell:create_environment_hook('jetbot_ros', 'pythonpath')
[15.587s] INFO:colcon.colcon_core.shell:Creating environment hook '/home/jetbot/ece417/ws/install/jetbot_ros/share/jetbot_ros/hook/pythonpath.ps1'
[15.591s] INFO:colcon.colcon_core.shell:Creating environment descriptor '/home/jetbot/ece417/ws/install/jetbot_ros/share/jetbot_ros/hook/pythonpath.dsv'
[15.592s] INFO:colcon.colcon_core.shell:Creating environment hook '/home/jetbot/ece417/ws/install/jetbot_ros/share/jetbot_ros/hook/pythonpath.sh'
[15.595s] Level 1:colcon.colcon_core.environment:checking '/home/jetbot/ece417/ws/install/jetbot_ros/bin'
[15.595s] Level 1:colcon.colcon_core.environment:create_environment_scripts_only(jetbot_ros)
[15.640s] INFO:colcon.colcon_core.shell:Creating package script '/home/jetbot/ece417/ws/install/jetbot_ros/share/jetbot_ros/package.ps1'
[15.643s] INFO:colcon.colcon_core.shell:Creating package descriptor '/home/jetbot/ece417/ws/install/jetbot_ros/share/jetbot_ros/package.dsv'
[15.646s] INFO:colcon.colcon_core.shell:Creating package script '/home/jetbot/ece417/ws/install/jetbot_ros/share/jetbot_ros/package.sh'
[15.649s] INFO:colcon.colcon_core.shell:Creating package script '/home/jetbot/ece417/ws/install/jetbot_ros/share/jetbot_ros/package.bash'
[15.651s] INFO:colcon.colcon_core.shell:Creating package script '/home/jetbot/ece417/ws/install/jetbot_ros/share/jetbot_ros/package.zsh'
[15.652s] Level 1:colcon.colcon_core.environment:create_file_with_runtime_dependencies(/home/jetbot/ece417/ws/install/jetbot_ros/share/colcon-core/packages/jetbot_ros)
[15.657s] Level 1:colcon.colcon_core.shell:create_environment_hook('py_pubsub', 'pythonpath_develop')
[15.701s] INFO:colcon.colcon_core.shell:Creating environment hook '/home/jetbot/ece417/ws/build/py_pubsub/share/py_pubsub/hook/pythonpath_develop.ps1'
[15.705s] DEBUG:colcon.colcon_core.event_handler.log_command:Invoked command in '/home/jetbot/ece417/ws/build/py_pubsub' returned '0': PYTHONPATH=/home/jetbot/ece417/ws/build/py_pubsub/prefix_override:/home/jetbot/ece417/ws/install/py_pubsub/lib/python3.6/site-packages:${PYTHONPATH} /usr/bin/python3 setup.py develop --editable --build-directory /home/jetbot/ece417/ws/build/py_pubsub/build --no-deps install_data
[15.707s] INFO:colcon.colcon_core.shell:Creating environment descriptor '/home/jetbot/ece417/ws/build/py_pubsub/share/py_pubsub/hook/pythonpath_develop.dsv'
[15.709s] INFO:colcon.colcon_core.shell:Creating environment hook '/home/jetbot/ece417/ws/build/py_pubsub/share/py_pubsub/hook/pythonpath_develop.sh'
[15.780s] Level 1:colcon.colcon_core.environment:checking '/home/jetbot/ece417/ws/install/py_pubsub' for CMake module files
[15.784s] Level 1:colcon.colcon_core.environment:checking '/home/jetbot/ece417/ws/install/py_pubsub' for CMake config files
[15.788s] Level 1:colcon.colcon_core.environment:checking '/home/jetbot/ece417/ws/install/py_pubsub/lib'
[15.789s] Level 1:colcon.colcon_core.environment:checking '/home/jetbot/ece417/ws/install/py_pubsub/bin'
[15.789s] Level 1:colcon.colcon_core.environment:checking '/home/jetbot/ece417/ws/install/py_pubsub/lib/pkgconfig/py_pubsub.pc'
[15.791s] Level 1:colcon.colcon_core.environment:checking '/home/jetbot/ece417/ws/install/py_pubsub/lib/python3.6/site-packages'
[15.791s] Level 1:colcon.colcon_core.shell:create_environment_hook('py_pubsub', 'pythonpath')
[15.842s] INFO:colcon.colcon_core.shell:Creating environment hook '/home/jetbot/ece417/ws/install/py_pubsub/share/py_pubsub/hook/pythonpath.ps1'
[15.845s] INFO:colcon.colcon_core.shell:Creating environment descriptor '/home/jetbot/ece417/ws/install/py_pubsub/share/py_pubsub/hook/pythonpath.dsv'
[15.847s] INFO:colcon.colcon_core.shell:Creating environment hook '/home/jetbot/ece417/ws/install/py_pubsub/share/py_pubsub/hook/pythonpath.sh'
[15.849s] Level 1:colcon.colcon_core.environment:checking '/home/jetbot/ece417/ws/install/py_pubsub/bin'
[15.850s] Level 1:colcon.colcon_core.environment:create_environment_scripts_only(py_pubsub)
[15.891s] INFO:colcon.colcon_core.shell:Creating package script '/home/jetbot/ece417/ws/install/py_pubsub/share/py_pubsub/package.ps1'
[15.894s] INFO:colcon.colcon_core.shell:Creating package descriptor '/home/jetbot/ece417/ws/install/py_pubsub/share/py_pubsub/package.dsv'
[15.896s] INFO:colcon.colcon_core.shell:Creating package script '/home/jetbot/ece417/ws/install/py_pubsub/share/py_pubsub/package.sh'
[15.899s] INFO:colcon.colcon_core.shell:Creating package script '/home/jetbot/ece417/ws/install/py_pubsub/share/py_pubsub/package.bash'
[15.901s] INFO:colcon.colcon_core.shell:Creating package script '/home/jetbot/ece417/ws/install/py_pubsub/share/py_pubsub/package.zsh'
[15.902s] Level 1:colcon.colcon_core.environment:create_file_with_runtime_dependencies(/home/jetbot/ece417/ws/install/py_pubsub/share/colcon-core/packages/py_pubsub)
[85.870s] DEBUG:colcon.colcon_core.event_handler.log_command:Invoked command in '/home/jetbot/ece417/ws/build/aruco_opencv' returned '0': CMAKE_PREFIX_PATH=/home/jetbot/ece417/ws/install/aruco_opencv_msgs:/home/jetbot/ece417/ws/install/gscam:/home/jetbot/ece417/ws/install/aruco_opencv:/home/jetbot/ece417/ws/install/py_pubsub:/home/jetbot/ece417/ws/install/jetbot_ros:/ros_deep_learning/install/ros_deep_learning:/opt/ros/humble/install LD_LIBRARY_PATH=/home/jetbot/ece417/ws/install/aruco_opencv_msgs/lib:/home/jetbot/ece417/ws/install/gscam/lib:/home/jetbot/ece417/ws/install/aruco_opencv/lib:/opt/ros/humble/install/lib:/usr/local/cuda/lib64:/usr/local/cuda-10.2/targets/aarch64-linux/lib PYTHONPATH=/home/jetbot/ece417/ws/install/aruco_opencv_msgs/lib/python3.6/site-packages:/home/jetbot/ece417/ws/build/py_pubsub:/home/jetbot/ece417/ws/install/py_pubsub/lib/python3.6/site-packages:/home/jetbot/ece417/ws/build/jetbot_ros:/home/jetbot/ece417/ws/install/jetbot_ros/lib/python3.6/site-packages:/opt/ros/humble/install/lib/python3.6/site-packages /usr/local/bin/cmake --build /home/jetbot/ece417/ws/build/aruco_opencv -- -j4 -l4
[86.151s] DEBUG:colcon.colcon_core.event_handler.log_command:Invoking command in '/home/jetbot/ece417/ws/build/aruco_opencv': CMAKE_PREFIX_PATH=/home/jetbot/ece417/ws/install/aruco_opencv_msgs:/home/jetbot/ece417/ws/install/gscam:/home/jetbot/ece417/ws/install/aruco_opencv:/home/jetbot/ece417/ws/install/py_pubsub:/home/jetbot/ece417/ws/install/jetbot_ros:/ros_deep_learning/install/ros_deep_learning:/opt/ros/humble/install LD_LIBRARY_PATH=/home/jetbot/ece417/ws/install/aruco_opencv_msgs/lib:/home/jetbot/ece417/ws/install/gscam/lib:/home/jetbot/ece417/ws/install/aruco_opencv/lib:/opt/ros/humble/install/lib:/usr/local/cuda/lib64:/usr/local/cuda-10.2/targets/aarch64-linux/lib PYTHONPATH=/home/jetbot/ece417/ws/install/aruco_opencv_msgs/lib/python3.6/site-packages:/home/jetbot/ece417/ws/build/py_pubsub:/home/jetbot/ece417/ws/install/py_pubsub/lib/python3.6/site-packages:/home/jetbot/ece417/ws/build/jetbot_ros:/home/jetbot/ece417/ws/install/jetbot_ros/lib/python3.6/site-packages:/opt/ros/humble/install/lib/python3.6/site-packages /usr/local/bin/cmake --install /home/jetbot/ece417/ws/build/aruco_opencv
[86.370s] Level 1:colcon.colcon_core.environment:create_environment_scripts_only(aruco_opencv)
[86.387s] DEBUG:colcon.colcon_core.event_handler.log_command:Invoked command in '/home/jetbot/ece417/ws/build/aruco_opencv' returned '0': CMAKE_PREFIX_PATH=/home/jetbot/ece417/ws/install/aruco_opencv_msgs:/home/jetbot/ece417/ws/install/gscam:/home/jetbot/ece417/ws/install/aruco_opencv:/home/jetbot/ece417/ws/install/py_pubsub:/home/jetbot/ece417/ws/install/jetbot_ros:/ros_deep_learning/install/ros_deep_learning:/opt/ros/humble/install LD_LIBRARY_PATH=/home/jetbot/ece417/ws/install/aruco_opencv_msgs/lib:/home/jetbot/ece417/ws/install/gscam/lib:/home/jetbot/ece417/ws/install/aruco_opencv/lib:/opt/ros/humble/install/lib:/usr/local/cuda/lib64:/usr/local/cuda-10.2/targets/aarch64-linux/lib PYTHONPATH=/home/jetbot/ece417/ws/install/aruco_opencv_msgs/lib/python3.6/site-packages:/home/jetbot/ece417/ws/build/py_pubsub:/home/jetbot/ece417/ws/install/py_pubsub/lib/python3.6/site-packages:/home/jetbot/ece417/ws/build/jetbot_ros:/home/jetbot/ece417/ws/install/jetbot_ros/lib/python3.6/site-packages:/opt/ros/humble/install/lib/python3.6/site-packages /usr/local/bin/cmake --install /home/jetbot/ece417/ws/build/aruco_opencv
[86.426s] Level 1:colcon.colcon_core.environment:checking '/home/jetbot/ece417/ws/install/aruco_opencv' for CMake module files
[86.430s] Level 1:colcon.colcon_core.environment:checking '/home/jetbot/ece417/ws/install/aruco_opencv' for CMake config files
[86.432s] Level 1:colcon.colcon_core.shell:create_environment_hook('aruco_opencv', 'cmake_prefix_path')
[86.469s] INFO:colcon.colcon_core.shell:Creating environment hook '/home/jetbot/ece417/ws/install/aruco_opencv/share/aruco_opencv/hook/cmake_prefix_path.ps1'
[86.471s] INFO:colcon.colcon_core.shell:Creating environment descriptor '/home/jetbot/ece417/ws/install/aruco_opencv/share/aruco_opencv/hook/cmake_prefix_path.dsv'
[86.473s] INFO:colcon.colcon_core.shell:Creating environment hook '/home/jetbot/ece417/ws/install/aruco_opencv/share/aruco_opencv/hook/cmake_prefix_path.sh'
[86.476s] Level 1:colcon.colcon_core.environment:checking '/home/jetbot/ece417/ws/install/aruco_opencv/lib'
[86.476s] Level 1:colcon.colcon_core.shell:create_environment_hook('aruco_opencv', 'ld_library_path_lib')
[86.513s] INFO:colcon.colcon_core.shell:Creating environment hook '/home/jetbot/ece417/ws/install/aruco_opencv/share/aruco_opencv/hook/ld_library_path_lib.ps1'
[86.515s] INFO:colcon.colcon_core.shell:Creating environment descriptor '/home/jetbot/ece417/ws/install/aruco_opencv/share/aruco_opencv/hook/ld_library_path_lib.dsv'
[86.516s] INFO:colcon.colcon_core.shell:Creating environment hook '/home/jetbot/ece417/ws/install/aruco_opencv/share/aruco_opencv/hook/ld_library_path_lib.sh'
[86.518s] Level 1:colcon.colcon_core.environment:checking '/home/jetbot/ece417/ws/install/aruco_opencv/bin'
[86.518s] Level 1:colcon.colcon_core.environment:checking '/home/jetbot/ece417/ws/install/aruco_opencv/lib/pkgconfig/aruco_opencv.pc'
[86.519s] Level 1:colcon.colcon_core.environment:checking '/home/jetbot/ece417/ws/install/aruco_opencv/lib/python3.6/site-packages'
[86.520s] Level 1:colcon.colcon_core.environment:checking '/home/jetbot/ece417/ws/install/aruco_opencv/bin'
[86.563s] INFO:colcon.colcon_core.shell:Creating package script '/home/jetbot/ece417/ws/install/aruco_opencv/share/aruco_opencv/package.ps1'
[86.565s] INFO:colcon.colcon_core.shell:Creating package descriptor '/home/jetbot/ece417/ws/install/aruco_opencv/share/aruco_opencv/package.dsv'
[86.567s] INFO:colcon.colcon_core.shell:Creating package script '/home/jetbot/ece417/ws/install/aruco_opencv/share/aruco_opencv/package.sh'
[86.569s] INFO:colcon.colcon_core.shell:Creating package script '/home/jetbot/ece417/ws/install/aruco_opencv/share/aruco_opencv/package.bash'
[86.571s] INFO:colcon.colcon_core.shell:Creating package script '/home/jetbot/ece417/ws/install/aruco_opencv/share/aruco_opencv/package.zsh'
[86.572s] Level 1:colcon.colcon_core.environment:create_file_with_runtime_dependencies(/home/jetbot/ece417/ws/install/aruco_opencv/share/colcon-core/packages/aruco_opencv)
[86.890s] Level 1:colcon.colcon_core.environment:create_environment_scripts_only(aruco_opencv)
[86.943s] Level 1:colcon.colcon_core.environment:checking '/home/jetbot/ece417/ws/install/aruco_opencv' for CMake module files
[86.948s] Level 1:colcon.colcon_core.environment:checking '/home/jetbot/ece417/ws/install/aruco_opencv' for CMake config files
[86.951s] Level 1:colcon.colcon_core.shell:create_environment_hook('aruco_opencv', 'cmake_prefix_path')
[86.988s] INFO:colcon.colcon_core.shell:Creating environment hook '/home/jetbot/ece417/ws/install/aruco_opencv/share/aruco_opencv/hook/cmake_prefix_path.ps1'
[86.991s] INFO:colcon.colcon_core.shell:Creating environment descriptor '/home/jetbot/ece417/ws/install/aruco_opencv/share/aruco_opencv/hook/cmake_prefix_path.dsv'
[86.993s] INFO:colcon.colcon_core.shell:Creating environment hook '/home/jetbot/ece417/ws/install/aruco_opencv/share/aruco_opencv/hook/cmake_prefix_path.sh'
[86.998s] Level 1:colcon.colcon_core.environment:checking '/home/jetbot/ece417/ws/install/aruco_opencv/lib'
[86.998s] Level 1:colcon.colcon_core.shell:create_environment_hook('aruco_opencv', 'ld_library_path_lib')
[87.043s] INFO:colcon.colcon_core.shell:Creating environment hook '/home/jetbot/ece417/ws/install/aruco_opencv/share/aruco_opencv/hook/ld_library_path_lib.ps1'
[87.046s] INFO:colcon.colcon_core.shell:Creating environment descriptor '/home/jetbot/ece417/ws/install/aruco_opencv/share/aruco_opencv/hook/ld_library_path_lib.dsv'
[87.048s] INFO:colcon.colcon_core.shell:Creating environment hook '/home/jetbot/ece417/ws/install/aruco_opencv/share/aruco_opencv/hook/ld_library_path_lib.sh'
[87.050s] Level 1:colcon.colcon_core.environment:checking '/home/jetbot/ece417/ws/install/aruco_opencv/bin'
[87.051s] Level 1:colcon.colcon_core.environment:checking '/home/jetbot/ece417/ws/install/aruco_opencv/lib/pkgconfig/aruco_opencv.pc'
[87.052s] Level 1:colcon.colcon_core.environment:checking '/home/jetbot/ece417/ws/install/aruco_opencv/lib/python3.6/site-packages'
[87.053s] Level 1:colcon.colcon_core.environment:checking '/home/jetbot/ece417/ws/install/aruco_opencv/bin'
[87.097s] INFO:colcon.colcon_core.shell:Creating package script '/home/jetbot/ece417/ws/install/aruco_opencv/share/aruco_opencv/package.ps1'
[87.100s] INFO:colcon.colcon_core.shell:Creating package descriptor '/home/jetbot/ece417/ws/install/aruco_opencv/share/aruco_opencv/package.dsv'
[87.102s] INFO:colcon.colcon_core.shell:Creating package script '/home/jetbot/ece417/ws/install/aruco_opencv/share/aruco_opencv/package.sh'
[87.104s] INFO:colcon.colcon_core.shell:Creating package script '/home/jetbot/ece417/ws/install/aruco_opencv/share/aruco_opencv/package.bash'
[87.106s] INFO:colcon.colcon_core.shell:Creating package script '/home/jetbot/ece417/ws/install/aruco_opencv/share/aruco_opencv/package.zsh'
[87.108s] Level 1:colcon.colcon_core.environment:create_file_with_runtime_dependencies(/home/jetbot/ece417/ws/install/aruco_opencv/share/colcon-core/packages/aruco_opencv)
[87.109s] DEBUG:colcon.colcon_parallel_executor.executor.parallel:closing loop
[87.114s] DEBUG:colcon.colcon_parallel_executor.executor.parallel:loop closed
[87.114s] DEBUG:colcon.colcon_parallel_executor.executor.parallel:run_until_complete finished with '0'
[87.115s] DEBUG:colcon.colcon_core.event_reactor:joining thread
[87.177s] INFO:colcon.colcon_core.plugin_system:Skipping extension 'colcon_notification.desktop_notification.notify_send': Could not find 'notify-send'
[87.178s] INFO:colcon.colcon_core.plugin_system:Skipping extension 'colcon_notification.desktop_notification.terminal_notifier': Not used on non-Darwin systems
[87.178s] INFO:colcon.colcon_core.plugin_system:Skipping extension 'colcon_notification.desktop_notification.win32': Not used on non-Windows systems
[87.179s] INFO:colcon.colcon_notification.desktop_notification:Sending desktop notification using 'notify2'
[87.179s] DEBUG:colcon.colcon_notification.desktop_notification.notify2:Failed to initialize notify2: org.freedesktop.DBus.Error.NotSupported: Unable to autolaunch a dbus-daemon without a $DISPLAY for X11
[87.179s] DEBUG:colcon.colcon_core.event_reactor:joined thread
[87.217s] INFO:colcon.colcon_core.shell:Creating prefix script '/home/jetbot/ece417/ws/install/local_setup.ps1'
[87.224s] INFO:colcon.colcon_core.shell:Creating prefix util module '/home/jetbot/ece417/ws/install/_local_setup_util_ps1.py'
[87.236s] INFO:colcon.colcon_core.shell:Creating prefix chain script '/home/jetbot/ece417/ws/install/setup.ps1'
[87.253s] INFO:colcon.colcon_core.shell:Creating prefix script '/home/jetbot/ece417/ws/install/local_setup.sh'
[87.257s] INFO:colcon.colcon_core.shell:Creating prefix util module '/home/jetbot/ece417/ws/install/_local_setup_util_sh.py'
[87.259s] INFO:colcon.colcon_core.shell:Creating prefix chain script '/home/jetbot/ece417/ws/install/setup.sh'
[87.276s] INFO:colcon.colcon_core.shell:Creating prefix script '/home/jetbot/ece417/ws/install/local_setup.bash'
[87.280s] INFO:colcon.colcon_core.shell:Creating prefix chain script '/home/jetbot/ece417/ws/install/setup.bash'
[87.295s] INFO:colcon.colcon_core.shell:Creating prefix script '/home/jetbot/ece417/ws/install/local_setup.zsh'
[87.299s] INFO:colcon.colcon_core.shell:Creating prefix chain script '/home/jetbot/ece417/ws/install/setup.zsh'
