[0.583s] Invoking command in '/home/jetbot/ece417/ws/build/gscam': CMAKE_PREFIX_PATH=/home/jetbot/ece417/ws/install/gscam:/home/jetbot/ece417/ws/install/aruco_opencv:/home/jetbot/ece417/ws/install/aruco_opencv_msgs:/home/jetbot/ece417/ws/install/py_pubsub:/home/jetbot/ece417/ws/install/jetbot_ros:/ros_deep_learning/install/ros_deep_learning:/opt/ros/humble/install /usr/local/bin/cmake --build /home/jetbot/ece417/ws/build/gscam -- -j4 -l4
[2.588s] [ 20%] Built target gscam_node
[2.589s] [ 40%] Built target gtest
[2.589s] [ 60%] Built target gtest_main
[2.590s] [ 80%] Built target gscam
[2.591s] [100%] Built target smoke_test
[4.472s] Invoked command in '/home/jetbot/ece417/ws/build/gscam' returned '0': CMAKE_PREFIX_PATH=/home/jetbot/ece417/ws/install/gscam:/home/jetbot/ece417/ws/install/aruco_opencv:/home/jetbot/ece417/ws/install/aruco_opencv_msgs:/home/jetbot/ece417/ws/install/py_pubsub:/home/jetbot/ece417/ws/install/jetbot_ros:/ros_deep_learning/install/ros_deep_learning:/opt/ros/humble/install /usr/local/bin/cmake --build /home/jetbot/ece417/ws/build/gscam -- -j4 -l4
[5.010s] Invoking command in '/home/jetbot/ece417/ws/build/gscam': CMAKE_PREFIX_PATH=/home/jetbot/ece417/ws/install/gscam:/home/jetbot/ece417/ws/install/aruco_opencv:/home/jetbot/ece417/ws/install/aruco_opencv_msgs:/home/jetbot/ece417/ws/install/py_pubsub:/home/jetbot/ece417/ws/install/jetbot_ros:/ros_deep_learning/install/ros_deep_learning:/opt/ros/humble/install /usr/local/bin/cmake --install /home/jetbot/ece417/ws/build/gscam
[5.212s] -- Install configuration: ""
[5.214s] -- Execute custom install script
[5.215s] -- Up-to-date symlink: /home/jetbot/ece417/ws/install/gscam/lib/gscam/gscam_node
[5.216s] -- Up-to-date symlink: /home/jetbot/ece417/ws/install/gscam/share/gscam/environment/library_path.sh
[5.217s] -- Up-to-date symlink: /home/jetbot/ece417/ws/install/gscam/share/gscam/environment/library_path.dsv
[5.218s] -- Up-to-date symlink: /home/jetbot/ece417/ws/install/gscam/share/ament_index/resource_index/package_run_dependencies/gscam
[5.219s] -- Up-to-date symlink: /home/jetbot/ece417/ws/install/gscam/share/ament_index/resource_index/parent_prefix_path/gscam
[5.220s] -- Up-to-date symlink: /home/jetbot/ece417/ws/install/gscam/share/gscam/environment/ament_prefix_path.sh
[5.221s] -- Up-to-date symlink: /home/jetbot/ece417/ws/install/gscam/share/gscam/environment/ament_prefix_path.dsv
[5.222s] -- Up-to-date symlink: /home/jetbot/ece417/ws/install/gscam/share/gscam/environment/path.sh
[5.223s] -- Up-to-date symlink: /home/jetbot/ece417/ws/install/gscam/share/gscam/environment/path.dsv
[5.223s] -- Up-to-date symlink: /home/jetbot/ece417/ws/install/gscam/share/gscam/local_setup.bash
[5.224s] -- Up-to-date symlink: /home/jetbot/ece417/ws/install/gscam/share/gscam/local_setup.sh
[5.225s] -- Up-to-date symlink: /home/jetbot/ece417/ws/install/gscam/share/gscam/local_setup.zsh
[5.226s] -- Up-to-date symlink: /home/jetbot/ece417/ws/install/gscam/share/gscam/local_setup.dsv
[5.227s] -- Symlinking: /home/jetbot/ece417/ws/install/gscam/share/gscam/package.dsv
[5.237s] -- Up-to-date symlink: /home/jetbot/ece417/ws/install/gscam/share/ament_index/resource_index/packages/gscam
[5.238s] -- Up-to-date symlink: /home/jetbot/ece417/ws/install/gscam/share/ament_index/resource_index/rclcpp_components/gscam
[5.239s] -- Up-to-date symlink: /home/jetbot/ece417/ws/install/gscam/share/gscam/cmake/ament_cmake_export_dependencies-extras.cmake
[5.240s] -- Up-to-date symlink: /home/jetbot/ece417/ws/install/gscam/share/gscam/cmake/ament_cmake_export_include_directories-extras.cmake
[5.241s] -- Up-to-date symlink: /home/jetbot/ece417/ws/install/gscam/share/gscam/cmake/ament_cmake_export_targets-extras.cmake
[5.242s] -- Up-to-date symlink: /home/jetbot/ece417/ws/install/gscam/share/gscam/cmake/ament_cmake_export_libraries-extras.cmake
[5.243s] -- Up-to-date symlink: /home/jetbot/ece417/ws/install/gscam/share/gscam/cmake/gscamConfig.cmake
[5.243s] -- Up-to-date symlink: /home/jetbot/ece417/ws/install/gscam/share/gscam/cmake/gscamConfig-version.cmake
[5.244s] -- Up-to-date symlink: /home/jetbot/ece417/ws/install/gscam/share/gscam/package.xml
[5.247s] [33mCMake Warning (dev) at ament_cmake_symlink_install/ament_cmake_symlink_install.cmake:62 (file):
[5.248s]   Policy CMP0009 is not set: FILE GLOB_RECURSE calls should not follow
[5.249s]   symlinks by default.  Run "cmake --help-policy CMP0009" for policy details.
[5.249s]   Use the cmake_policy command to set the policy and suppress this warning.
[5.250s] Call Stack (most recent call first):
[5.251s]   ament_cmake_symlink_install/ament_cmake_symlink_install.cmake:380 (ament_cmake_symlink_install_directory)
[5.251s]   cmake_install.cmake:46 (include)
[5.252s] This warning is for project developers.  Use -Wno-dev to suppress it.
[5.256s] [0m
[5.256s] -- Up-to-date symlink: /home/jetbot/ece417/ws/install/gscam/share/gscam/examples/build/.built_by
[5.257s] -- Up-to-date symlink: /home/jetbot/ece417/ws/install/gscam/share/gscam/examples/build/COLCON_IGNORE
[5.257s] -- Up-to-date symlink: /home/jetbot/ece417/ws/install/gscam/share/gscam/examples/component_pipeline_launch.py
[5.261s] -- Up-to-date symlink: /home/jetbot/ece417/ws/install/gscam/share/gscam/examples/csi_cam_640x360.ini
[5.261s] -- Up-to-date symlink: /home/jetbot/ece417/ws/install/gscam/share/gscam/examples/decklink.launch.xml
[5.262s] -- Up-to-date symlink: /home/jetbot/ece417/ws/install/gscam/share/gscam/examples/install/.colcon_install_layout
[5.263s] -- Up-to-date symlink: /home/jetbot/ece417/ws/install/gscam/share/gscam/examples/install/COLCON_IGNORE
[5.263s] -- Up-to-date symlink: /home/jetbot/ece417/ws/install/gscam/share/gscam/examples/install/_local_setup_util_ps1.py
[5.264s] -- Up-to-date symlink: /home/jetbot/ece417/ws/install/gscam/share/gscam/examples/install/_local_setup_util_sh.py
[5.265s] -- Up-to-date symlink: /home/jetbot/ece417/ws/install/gscam/share/gscam/examples/install/local_setup.bash
[5.265s] -- Up-to-date symlink: /home/jetbot/ece417/ws/install/gscam/share/gscam/examples/install/local_setup.ps1
[5.266s] -- Up-to-date symlink: /home/jetbot/ece417/ws/install/gscam/share/gscam/examples/install/local_setup.sh
[5.266s] -- Up-to-date symlink: /home/jetbot/ece417/ws/install/gscam/share/gscam/examples/install/local_setup.zsh
[5.267s] -- Up-to-date symlink: /home/jetbot/ece417/ws/install/gscam/share/gscam/examples/install/setup.bash
[5.268s] -- Up-to-date symlink: /home/jetbot/ece417/ws/install/gscam/share/gscam/examples/install/setup.ps1
[5.268s] -- Up-to-date symlink: /home/jetbot/ece417/ws/install/gscam/share/gscam/examples/install/setup.sh
[5.278s] -- Up-to-date symlink: /home/jetbot/ece417/ws/install/gscam/share/gscam/examples/install/setup.zsh
[5.279s] -- Up-to-date symlink: /home/jetbot/ece417/ws/install/gscam/share/gscam/examples/log/COLCON_IGNORE
[5.280s] -- Up-to-date symlink: /home/jetbot/ece417/ws/install/gscam/share/gscam/examples/log/build_2024-12-06_17-12-54/events.log
[5.280s] -- Up-to-date symlink: /home/jetbot/ece417/ws/install/gscam/share/gscam/examples/log/build_2024-12-06_17-12-54/logger_all.log
[5.281s] -- Up-to-date symlink: /home/jetbot/ece417/ws/install/gscam/share/gscam/examples/log/latest/events.log
[5.282s] -- Up-to-date symlink: /home/jetbot/ece417/ws/install/gscam/share/gscam/examples/log/latest/logger_all.log
[5.282s] -- Up-to-date symlink: /home/jetbot/ece417/ws/install/gscam/share/gscam/examples/log/latest_build/events.log
[5.283s] -- Up-to-date symlink: /home/jetbot/ece417/ws/install/gscam/share/gscam/examples/log/latest_build/logger_all.log
[5.283s] -- Up-to-date symlink: /home/jetbot/ece417/ws/install/gscam/share/gscam/examples/minoru.launch.xml
[5.284s] -- Up-to-date symlink: /home/jetbot/ece417/ws/install/gscam/share/gscam/examples/nvcsi.launch.xml
[5.284s] -- Up-to-date symlink: /home/jetbot/ece417/ws/install/gscam/share/gscam/examples/osx.launch.xml
[5.306s] -- Up-to-date symlink: /home/jetbot/ece417/ws/install/gscam/share/gscam/examples/uncalibrated_parameters.ini
[5.307s] -- Up-to-date symlink: /home/jetbot/ece417/ws/install/gscam/share/gscam/examples/v4l.launch.xml
[5.307s] -- Up-to-date symlink: /home/jetbot/ece417/ws/install/gscam/share/gscam/examples/v4ljpeg.launch.xml
[5.308s] -- Up-to-date symlink: /home/jetbot/ece417/ws/install/gscam/share/gscam/examples/videofile.launch.xml
[5.308s] -- Up-to-date: /home/jetbot/ece417/ws/install/gscam/share/gscam/cmake/export_gscamExport.cmake
[5.309s] -- Up-to-date: /home/jetbot/ece417/ws/install/gscam/share/gscam/cmake/export_gscamExport-noconfig.cmake
[5.309s] -- Up-to-date: /home/jetbot/ece417/ws/install/gscam/lib/libgscam.so
[5.334s] Invoked command in '/home/jetbot/ece417/ws/build/gscam' returned '0': CMAKE_PREFIX_PATH=/home/jetbot/ece417/ws/install/gscam:/home/jetbot/ece417/ws/install/aruco_opencv:/home/jetbot/ece417/ws/install/aruco_opencv_msgs:/home/jetbot/ece417/ws/install/py_pubsub:/home/jetbot/ece417/ws/install/jetbot_ros:/ros_deep_learning/install/ros_deep_learning:/opt/ros/humble/install /usr/local/bin/cmake --install /home/jetbot/ece417/ws/build/gscam
