[2.878s] DEBUG:colcon:Command line arguments: ['/usr/bin/colcon', 'build', '--symlink-install']
[2.879s] DEBUG:colcon:Parsed command line arguments: Namespace(ament_cmake_args=None, base_paths=['.'], build_base='build', catkin_cmake_args=None, catkin_skip_building_tests=False, cmake_args=None, cmake_clean_cache=False, cmake_clean_first=False, cmake_force_configure=False, cmake_target=None, cmake_target_skip_unavailable=False, continue_on_error=False, event_handlers=None, executor='parallel', ignore_user_meta=False, install_base='install', log_base=None, log_level=None, main=<bound method BuildVerb.main of <colcon_core.verb.build.BuildVerb object at 0x7fb0961f28>>, merge_install=False, metas=['./colcon.meta'], packages_above=None, packages_above_and_dependencies=None, packages_above_depth=None, packages_end=None, packages_ignore=None, packages_ignore_regex=None, packages_select=None, packages_select_build_failed=False, packages_select_by_dep=None, packages_select_regex=None, packages_select_test_failures=False, packages_skip=None, packages_skip_build_finished=False, packages_skip_by_dep=None, packages_skip_regex=None, packages_skip_test_passed=False, packages_skip_up_to=None, packages_start=None, packages_up_to=None, packages_up_to_regex=None, parallel_workers=4, paths=None, symlink_install=True, test_result_base=None, verb_extension=<colcon_core.verb.build.BuildVerb object at 0x7fb0961f28>, verb_name='build', verb_parser=<colcon_defaults.argument_parser.defaults.DefaultArgumentsDecorator object at 0x7fb083b7b8>)
[3.068s] Level 1:colcon.colcon_core.package_discovery:discover_packages(colcon_meta) check parameters
[3.069s] Level 1:colcon.colcon_core.package_discovery:discover_packages(recursive) check parameters
[3.069s] Level 1:colcon.colcon_core.package_discovery:discover_packages(ignore) check parameters
[3.069s] Level 1:colcon.colcon_core.package_discovery:discover_packages(path) check parameters
[3.069s] Level 1:colcon.colcon_core.package_discovery:discover_packages(colcon_meta) discover
[3.071s] Level 1:colcon.colcon_core.package_discovery:discover_packages(recursive) discover
[3.071s] INFO:colcon.colcon_core.package_discovery:Crawling recursively for packages in '/home/jetbot/ece417/ws'
[3.072s] Level 1:colcon.colcon_core.package_identification:_identify(.) by extensions ['ignore', 'ignore_ament_install']
[3.072s] Level 1:colcon.colcon_core.package_identification:_identify(.) by extension 'ignore'
[3.072s] Level 1:colcon.colcon_core.package_identification:_identify(.) by extension 'ignore_ament_install'
[3.073s] Level 1:colcon.colcon_core.package_identification:_identify(.) by extensions ['colcon_pkg']
[3.073s] Level 1:colcon.colcon_core.package_identification:_identify(.) by extension 'colcon_pkg'
[3.073s] Level 1:colcon.colcon_core.package_identification:_identify(.) by extensions ['colcon_meta']
[3.073s] Level 1:colcon.colcon_core.package_identification:_identify(.) by extension 'colcon_meta'
[3.074s] Level 1:colcon.colcon_core.package_identification:_identify(.) by extensions ['ros']
[3.074s] Level 1:colcon.colcon_core.package_identification:_identify(.) by extension 'ros'
[3.245s] Level 1:colcon.colcon_core.package_identification:_identify(.) by extensions ['cmake', 'python']
[3.246s] Level 1:colcon.colcon_core.package_identification:_identify(.) by extension 'cmake'
[3.246s] Level 1:colcon.colcon_core.package_identification:_identify(.) by extension 'python'
[3.246s] Level 1:colcon.colcon_core.package_identification:_identify(.) by extensions ['python_setup_py']
[3.246s] Level 1:colcon.colcon_core.package_identification:_identify(.) by extension 'python_setup_py'
[3.247s] Level 1:colcon.colcon_core.package_identification:_identify(build) by extensions ['ignore', 'ignore_ament_install']
[3.248s] Level 1:colcon.colcon_core.package_identification:_identify(build) by extension 'ignore'
[3.248s] Level 1:colcon.colcon_core.package_identification:_identify(build) ignored
[3.250s] Level 1:colcon.colcon_core.package_identification:_identify(install) by extensions ['ignore', 'ignore_ament_install']
[3.250s] Level 1:colcon.colcon_core.package_identification:_identify(install) by extension 'ignore'
[3.250s] Level 1:colcon.colcon_core.package_identification:_identify(install) ignored
[3.251s] Level 1:colcon.colcon_core.package_identification:_identify(log) by extensions ['ignore', 'ignore_ament_install']
[3.251s] Level 1:colcon.colcon_core.package_identification:_identify(log) by extension 'ignore'
[3.252s] Level 1:colcon.colcon_core.package_identification:_identify(log) ignored
[3.252s] Level 1:colcon.colcon_core.package_identification:_identify(src) by extensions ['ignore', 'ignore_ament_install']
[3.252s] Level 1:colcon.colcon_core.package_identification:_identify(src) by extension 'ignore'
[3.253s] Level 1:colcon.colcon_core.package_identification:_identify(src) by extension 'ignore_ament_install'
[3.253s] Level 1:colcon.colcon_core.package_identification:_identify(src) by extensions ['colcon_pkg']
[3.253s] Level 1:colcon.colcon_core.package_identification:_identify(src) by extension 'colcon_pkg'
[3.253s] Level 1:colcon.colcon_core.package_identification:_identify(src) by extensions ['colcon_meta']
[3.253s] Level 1:colcon.colcon_core.package_identification:_identify(src) by extension 'colcon_meta'
[3.254s] Level 1:colcon.colcon_core.package_identification:_identify(src) by extensions ['ros']
[3.254s] Level 1:colcon.colcon_core.package_identification:_identify(src) by extension 'ros'
[3.254s] Level 1:colcon.colcon_core.package_identification:_identify(src) by extensions ['cmake', 'python']
[3.255s] Level 1:colcon.colcon_core.package_identification:_identify(src) by extension 'cmake'
[3.255s] Level 1:colcon.colcon_core.package_identification:_identify(src) by extension 'python'
[3.255s] Level 1:colcon.colcon_core.package_identification:_identify(src) by extensions ['python_setup_py']
[3.255s] Level 1:colcon.colcon_core.package_identification:_identify(src) by extension 'python_setup_py'
[3.256s] Level 1:colcon.colcon_core.package_identification:_identify(src/gscam) by extensions ['ignore', 'ignore_ament_install']
[3.256s] Level 1:colcon.colcon_core.package_identification:_identify(src/gscam) by extension 'ignore'
[3.257s] Level 1:colcon.colcon_core.package_identification:_identify(src/gscam) by extension 'ignore_ament_install'
[3.257s] Level 1:colcon.colcon_core.package_identification:_identify(src/gscam) by extensions ['colcon_pkg']
[3.257s] Level 1:colcon.colcon_core.package_identification:_identify(src/gscam) by extension 'colcon_pkg'
[3.257s] Level 1:colcon.colcon_core.package_identification:_identify(src/gscam) by extensions ['colcon_meta']
[3.257s] Level 1:colcon.colcon_core.package_identification:_identify(src/gscam) by extension 'colcon_meta'
[3.258s] Level 1:colcon.colcon_core.package_identification:_identify(src/gscam) by extensions ['ros']
[3.258s] Level 1:colcon.colcon_core.package_identification:_identify(src/gscam) by extension 'ros'
[3.276s] DEBUG:colcon.colcon_core.package_identification:Package 'src/gscam' with type 'ros.ament_cmake' and name 'gscam'
[3.277s] Level 1:colcon.colcon_core.package_identification:_identify(src/jetbot_ros) by extensions ['ignore', 'ignore_ament_install']
[3.277s] Level 1:colcon.colcon_core.package_identification:_identify(src/jetbot_ros) by extension 'ignore'
[3.278s] Level 1:colcon.colcon_core.package_identification:_identify(src/jetbot_ros) by extension 'ignore_ament_install'
[3.278s] Level 1:colcon.colcon_core.package_identification:_identify(src/jetbot_ros) by extensions ['colcon_pkg']
[3.278s] Level 1:colcon.colcon_core.package_identification:_identify(src/jetbot_ros) by extension 'colcon_pkg'
[3.278s] Level 1:colcon.colcon_core.package_identification:_identify(src/jetbot_ros) by extensions ['colcon_meta']
[3.279s] Level 1:colcon.colcon_core.package_identification:_identify(src/jetbot_ros) by extension 'colcon_meta'
[3.279s] Level 1:colcon.colcon_core.package_identification:_identify(src/jetbot_ros) by extensions ['ros']
[3.279s] Level 1:colcon.colcon_core.package_identification:_identify(src/jetbot_ros) by extension 'ros'
[3.281s] DEBUG:colcon.colcon_core.package_identification:Package 'src/jetbot_ros' with type 'ros.ament_python' and name 'jetbot_ros'
[3.282s] Level 1:colcon.colcon_core.package_identification:_identify(src/py_pubsub) by extensions ['ignore', 'ignore_ament_install']
[3.282s] Level 1:colcon.colcon_core.package_identification:_identify(src/py_pubsub) by extension 'ignore'
[3.283s] Level 1:colcon.colcon_core.package_identification:_identify(src/py_pubsub) by extension 'ignore_ament_install'
[3.283s] Level 1:colcon.colcon_core.package_identification:_identify(src/py_pubsub) by extensions ['colcon_pkg']
[3.283s] Level 1:colcon.colcon_core.package_identification:_identify(src/py_pubsub) by extension 'colcon_pkg'
[3.283s] Level 1:colcon.colcon_core.package_identification:_identify(src/py_pubsub) by extensions ['colcon_meta']
[3.284s] Level 1:colcon.colcon_core.package_identification:_identify(src/py_pubsub) by extension 'colcon_meta'
[3.284s] Level 1:colcon.colcon_core.package_identification:_identify(src/py_pubsub) by extensions ['ros']
[3.284s] Level 1:colcon.colcon_core.package_identification:_identify(src/py_pubsub) by extension 'ros'
[3.287s] DEBUG:colcon.colcon_core.package_identification:Package 'src/py_pubsub' with type 'ros.ament_python' and name 'py_pubsub'
[3.287s] Level 1:colcon.colcon_core.package_identification:_identify(src/ros_aruco_opencv) by extensions ['ignore', 'ignore_ament_install']
[3.288s] Level 1:colcon.colcon_core.package_identification:_identify(src/ros_aruco_opencv) by extension 'ignore'
[3.288s] Level 1:colcon.colcon_core.package_identification:_identify(src/ros_aruco_opencv) by extension 'ignore_ament_install'
[3.288s] Level 1:colcon.colcon_core.package_identification:_identify(src/ros_aruco_opencv) by extensions ['colcon_pkg']
[3.288s] Level 1:colcon.colcon_core.package_identification:_identify(src/ros_aruco_opencv) by extension 'colcon_pkg'
[3.289s] Level 1:colcon.colcon_core.package_identification:_identify(src/ros_aruco_opencv) by extensions ['colcon_meta']
[3.289s] Level 1:colcon.colcon_core.package_identification:_identify(src/ros_aruco_opencv) by extension 'colcon_meta'
[3.289s] Level 1:colcon.colcon_core.package_identification:_identify(src/ros_aruco_opencv) by extensions ['ros']
[3.289s] Level 1:colcon.colcon_core.package_identification:_identify(src/ros_aruco_opencv) by extension 'ros'
[3.290s] Level 1:colcon.colcon_core.package_identification:_identify(src/ros_aruco_opencv) by extensions ['cmake', 'python']
[3.290s] Level 1:colcon.colcon_core.package_identification:_identify(src/ros_aruco_opencv) by extension 'cmake'
[3.290s] Level 1:colcon.colcon_core.package_identification:_identify(src/ros_aruco_opencv) by extension 'python'
[3.290s] Level 1:colcon.colcon_core.package_identification:_identify(src/ros_aruco_opencv) by extensions ['python_setup_py']
[3.291s] Level 1:colcon.colcon_core.package_identification:_identify(src/ros_aruco_opencv) by extension 'python_setup_py'
[3.291s] Level 1:colcon.colcon_core.package_identification:_identify(src/ros_aruco_opencv/aruco_opencv) by extensions ['ignore', 'ignore_ament_install']
[3.292s] Level 1:colcon.colcon_core.package_identification:_identify(src/ros_aruco_opencv/aruco_opencv) by extension 'ignore'
[3.292s] Level 1:colcon.colcon_core.package_identification:_identify(src/ros_aruco_opencv/aruco_opencv) by extension 'ignore_ament_install'
[3.292s] Level 1:colcon.colcon_core.package_identification:_identify(src/ros_aruco_opencv/aruco_opencv) by extensions ['colcon_pkg']
[3.292s] Level 1:colcon.colcon_core.package_identification:_identify(src/ros_aruco_opencv/aruco_opencv) by extension 'colcon_pkg'
[3.293s] Level 1:colcon.colcon_core.package_identification:_identify(src/ros_aruco_opencv/aruco_opencv) by extensions ['colcon_meta']
[3.293s] Level 1:colcon.colcon_core.package_identification:_identify(src/ros_aruco_opencv/aruco_opencv) by extension 'colcon_meta'
[3.293s] Level 1:colcon.colcon_core.package_identification:_identify(src/ros_aruco_opencv/aruco_opencv) by extensions ['ros']
[3.293s] Level 1:colcon.colcon_core.package_identification:_identify(src/ros_aruco_opencv/aruco_opencv) by extension 'ros'
[3.299s] DEBUG:colcon.colcon_core.package_identification:Package 'src/ros_aruco_opencv/aruco_opencv' with type 'ros.ament_cmake' and name 'aruco_opencv'
[3.299s] Level 1:colcon.colcon_core.package_identification:_identify(src/ros_aruco_opencv/aruco_opencv_msgs) by extensions ['ignore', 'ignore_ament_install']
[3.300s] Level 1:colcon.colcon_core.package_identification:_identify(src/ros_aruco_opencv/aruco_opencv_msgs) by extension 'ignore'
[3.300s] Level 1:colcon.colcon_core.package_identification:_identify(src/ros_aruco_opencv/aruco_opencv_msgs) by extension 'ignore_ament_install'
[3.300s] Level 1:colcon.colcon_core.package_identification:_identify(src/ros_aruco_opencv/aruco_opencv_msgs) by extensions ['colcon_pkg']
[3.300s] Level 1:colcon.colcon_core.package_identification:_identify(src/ros_aruco_opencv/aruco_opencv_msgs) by extension 'colcon_pkg'
[3.301s] Level 1:colcon.colcon_core.package_identification:_identify(src/ros_aruco_opencv/aruco_opencv_msgs) by extensions ['colcon_meta']
[3.301s] Level 1:colcon.colcon_core.package_identification:_identify(src/ros_aruco_opencv/aruco_opencv_msgs) by extension 'colcon_meta'
[3.301s] Level 1:colcon.colcon_core.package_identification:_identify(src/ros_aruco_opencv/aruco_opencv_msgs) by extensions ['ros']
[3.301s] Level 1:colcon.colcon_core.package_identification:_identify(src/ros_aruco_opencv/aruco_opencv_msgs) by extension 'ros'
[3.305s] DEBUG:colcon.colcon_core.package_identification:Package 'src/ros_aruco_opencv/aruco_opencv_msgs' with type 'ros.ament_cmake' and name 'aruco_opencv_msgs'
[3.305s] Level 1:colcon.colcon_core.package_discovery:discover_packages(recursive) using defaults
[3.306s] Level 1:colcon.colcon_core.package_discovery:discover_packages(ignore) discover
[3.307s] Level 1:colcon.colcon_core.package_discovery:discover_packages(ignore) using defaults
[3.307s] Level 1:colcon.colcon_core.package_discovery:discover_packages(path) discover
[3.307s] Level 1:colcon.colcon_core.package_discovery:discover_packages(path) using defaults
[3.523s] Level 5:colcon.colcon_core.verb:set package 'aruco_opencv_msgs' build argument 'cmake_args' from command line to 'None'
[3.523s] Level 5:colcon.colcon_core.verb:set package 'aruco_opencv_msgs' build argument 'cmake_target' from command line to 'None'
[3.523s] Level 5:colcon.colcon_core.verb:set package 'aruco_opencv_msgs' build argument 'cmake_target_skip_unavailable' from command line to 'False'
[3.523s] Level 5:colcon.colcon_core.verb:set package 'aruco_opencv_msgs' build argument 'cmake_clean_cache' from command line to 'False'
[3.523s] Level 5:colcon.colcon_core.verb:set package 'aruco_opencv_msgs' build argument 'cmake_clean_first' from command line to 'False'
[3.524s] Level 5:colcon.colcon_core.verb:set package 'aruco_opencv_msgs' build argument 'cmake_force_configure' from command line to 'False'
[3.524s] Level 5:colcon.colcon_core.verb:set package 'aruco_opencv_msgs' build argument 'ament_cmake_args' from command line to 'None'
[3.524s] Level 5:colcon.colcon_core.verb:set package 'aruco_opencv_msgs' build argument 'catkin_cmake_args' from command line to 'None'
[3.524s] Level 5:colcon.colcon_core.verb:set package 'aruco_opencv_msgs' build argument 'catkin_skip_building_tests' from command line to 'False'
[3.524s] DEBUG:colcon.colcon_core.verb:Building package 'aruco_opencv_msgs' with the following arguments: {'ament_cmake_args': None, 'build_base': '/home/jetbot/ece417/ws/build/aruco_opencv_msgs', 'catkin_cmake_args': None, 'catkin_skip_building_tests': False, 'cmake_args': None, 'cmake_clean_cache': False, 'cmake_clean_first': False, 'cmake_force_configure': False, 'cmake_target': None, 'cmake_target_skip_unavailable': False, 'install_base': '/home/jetbot/ece417/ws/install/aruco_opencv_msgs', 'merge_install': False, 'path': '/home/jetbot/ece417/ws/src/ros_aruco_opencv/aruco_opencv_msgs', 'symlink_install': True, 'test_result_base': None}
[3.542s] Level 5:colcon.colcon_core.verb:set package 'gscam' build argument 'cmake_args' from command line to 'None'
[3.542s] Level 5:colcon.colcon_core.verb:set package 'gscam' build argument 'cmake_target' from command line to 'None'
[3.542s] Level 5:colcon.colcon_core.verb:set package 'gscam' build argument 'cmake_target_skip_unavailable' from command line to 'False'
[3.543s] Level 5:colcon.colcon_core.verb:set package 'gscam' build argument 'cmake_clean_cache' from command line to 'False'
[3.543s] Level 5:colcon.colcon_core.verb:set package 'gscam' build argument 'cmake_clean_first' from command line to 'False'
[3.543s] Level 5:colcon.colcon_core.verb:set package 'gscam' build argument 'cmake_force_configure' from command line to 'False'
[3.543s] Level 5:colcon.colcon_core.verb:set package 'gscam' build argument 'ament_cmake_args' from command line to 'None'
[3.543s] Level 5:colcon.colcon_core.verb:set package 'gscam' build argument 'catkin_cmake_args' from command line to 'None'
[3.543s] Level 5:colcon.colcon_core.verb:set package 'gscam' build argument 'catkin_skip_building_tests' from command line to 'False'
[3.544s] DEBUG:colcon.colcon_core.verb:Building package 'gscam' with the following arguments: {'ament_cmake_args': None, 'build_base': '/home/jetbot/ece417/ws/build/gscam', 'catkin_cmake_args': None, 'catkin_skip_building_tests': False, 'cmake_args': None, 'cmake_clean_cache': False, 'cmake_clean_first': False, 'cmake_force_configure': False, 'cmake_target': None, 'cmake_target_skip_unavailable': False, 'install_base': '/home/jetbot/ece417/ws/install/gscam', 'merge_install': False, 'path': '/home/jetbot/ece417/ws/src/gscam', 'symlink_install': True, 'test_result_base': None}
[3.561s] Level 5:colcon.colcon_core.verb:set package 'jetbot_ros' build argument 'cmake_args' from command line to 'None'
[3.561s] Level 5:colcon.colcon_core.verb:set package 'jetbot_ros' build argument 'cmake_target' from command line to 'None'
[3.562s] Level 5:colcon.colcon_core.verb:set package 'jetbot_ros' build argument 'cmake_target_skip_unavailable' from command line to 'False'
[3.562s] Level 5:colcon.colcon_core.verb:set package 'jetbot_ros' build argument 'cmake_clean_cache' from command line to 'False'
[3.562s] Level 5:colcon.colcon_core.verb:set package 'jetbot_ros' build argument 'cmake_clean_first' from command line to 'False'
[3.562s] Level 5:colcon.colcon_core.verb:set package 'jetbot_ros' build argument 'cmake_force_configure' from command line to 'False'
[3.562s] Level 5:colcon.colcon_core.verb:set package 'jetbot_ros' build argument 'ament_cmake_args' from command line to 'None'
[3.562s] Level 5:colcon.colcon_core.verb:set package 'jetbot_ros' build argument 'catkin_cmake_args' from command line to 'None'
[3.563s] Level 5:colcon.colcon_core.verb:set package 'jetbot_ros' build argument 'catkin_skip_building_tests' from command line to 'False'
[3.563s] DEBUG:colcon.colcon_core.verb:Building package 'jetbot_ros' with the following arguments: {'ament_cmake_args': None, 'build_base': '/home/jetbot/ece417/ws/build/jetbot_ros', 'catkin_cmake_args': None, 'catkin_skip_building_tests': False, 'cmake_args': None, 'cmake_clean_cache': False, 'cmake_clean_first': False, 'cmake_force_configure': False, 'cmake_target': None, 'cmake_target_skip_unavailable': False, 'install_base': '/home/jetbot/ece417/ws/install/jetbot_ros', 'merge_install': False, 'path': '/home/jetbot/ece417/ws/src/jetbot_ros', 'symlink_install': True, 'test_result_base': None}
[3.580s] Level 5:colcon.colcon_core.verb:set package 'py_pubsub' build argument 'cmake_args' from command line to 'None'
[3.580s] Level 5:colcon.colcon_core.verb:set package 'py_pubsub' build argument 'cmake_target' from command line to 'None'
[3.580s] Level 5:colcon.colcon_core.verb:set package 'py_pubsub' build argument 'cmake_target_skip_unavailable' from command line to 'False'
[3.581s] Level 5:colcon.colcon_core.verb:set package 'py_pubsub' build argument 'cmake_clean_cache' from command line to 'False'
[3.581s] Level 5:colcon.colcon_core.verb:set package 'py_pubsub' build argument 'cmake_clean_first' from command line to 'False'
[3.581s] Level 5:colcon.colcon_core.verb:set package 'py_pubsub' build argument 'cmake_force_configure' from command line to 'False'
[3.581s] Level 5:colcon.colcon_core.verb:set package 'py_pubsub' build argument 'ament_cmake_args' from command line to 'None'
[3.581s] Level 5:colcon.colcon_core.verb:set package 'py_pubsub' build argument 'catkin_cmake_args' from command line to 'None'
[3.581s] Level 5:colcon.colcon_core.verb:set package 'py_pubsub' build argument 'catkin_skip_building_tests' from command line to 'False'
[3.582s] DEBUG:colcon.colcon_core.verb:Building package 'py_pubsub' with the following arguments: {'ament_cmake_args': None, 'build_base': '/home/jetbot/ece417/ws/build/py_pubsub', 'catkin_cmake_args': None, 'catkin_skip_building_tests': False, 'cmake_args': None, 'cmake_clean_cache': False, 'cmake_clean_first': False, 'cmake_force_configure': False, 'cmake_target': None, 'cmake_target_skip_unavailable': False, 'install_base': '/home/jetbot/ece417/ws/install/py_pubsub', 'merge_install': False, 'path': '/home/jetbot/ece417/ws/src/py_pubsub', 'symlink_install': True, 'test_result_base': None}
[3.599s] Level 5:colcon.colcon_core.verb:set package 'aruco_opencv' build argument 'cmake_args' from command line to 'None'
[3.599s] Level 5:colcon.colcon_core.verb:set package 'aruco_opencv' build argument 'cmake_target' from command line to 'None'
[3.599s] Level 5:colcon.colcon_core.verb:set package 'aruco_opencv' build argument 'cmake_target_skip_unavailable' from command line to 'False'
[3.600s] Level 5:colcon.colcon_core.verb:set package 'aruco_opencv' build argument 'cmake_clean_cache' from command line to 'False'
[3.600s] Level 5:colcon.colcon_core.verb:set package 'aruco_opencv' build argument 'cmake_clean_first' from command line to 'False'
[3.600s] Level 5:colcon.colcon_core.verb:set package 'aruco_opencv' build argument 'cmake_force_configure' from command line to 'False'
[3.600s] Level 5:colcon.colcon_core.verb:set package 'aruco_opencv' build argument 'ament_cmake_args' from command line to 'None'
[3.600s] Level 5:colcon.colcon_core.verb:set package 'aruco_opencv' build argument 'catkin_cmake_args' from command line to 'None'
[3.600s] Level 5:colcon.colcon_core.verb:set package 'aruco_opencv' build argument 'catkin_skip_building_tests' from command line to 'False'
[3.601s] DEBUG:colcon.colcon_core.verb:Building package 'aruco_opencv' with the following arguments: {'ament_cmake_args': None, 'build_base': '/home/jetbot/ece417/ws/build/aruco_opencv', 'catkin_cmake_args': None, 'catkin_skip_building_tests': False, 'cmake_args': None, 'cmake_clean_cache': False, 'cmake_clean_first': False, 'cmake_force_configure': False, 'cmake_target': None, 'cmake_target_skip_unavailable': False, 'install_base': '/home/jetbot/ece417/ws/install/aruco_opencv', 'merge_install': False, 'path': '/home/jetbot/ece417/ws/src/ros_aruco_opencv/aruco_opencv', 'symlink_install': True, 'test_result_base': None}
[3.615s] INFO:colcon.colcon_core.executor:Executing jobs using 'parallel' executor
[3.698s] DEBUG:colcon.colcon_parallel_executor.executor.parallel:run_until_complete
[3.699s] INFO:colcon.colcon_ros.task.ament_cmake.build:Building ROS package in '/home/jetbot/ece417/ws/src/ros_aruco_opencv/aruco_opencv_msgs' with build type 'ament_cmake'
[3.699s] INFO:colcon.colcon_cmake.task.cmake.build:Building CMake package in '/home/jetbot/ece417/ws/src/ros_aruco_opencv/aruco_opencv_msgs'
[3.759s] INFO:colcon.colcon_core.plugin_system:Skipping extension 'colcon_core.shell.bat': Not used on non-Windows systems
[3.760s] INFO:colcon.colcon_core.shell:Skip shell extension 'powershell' for command environment: Not usable outside of PowerShell
[3.760s] DEBUG:colcon.colcon_core.shell:Skip shell extension 'dsv' for command environment
[3.870s] INFO:colcon.colcon_ros.task.ament_cmake.build:Building ROS package in '/home/jetbot/ece417/ws/src/gscam' with build type 'ament_cmake'
[3.871s] INFO:colcon.colcon_cmake.task.cmake.build:Building CMake package in '/home/jetbot/ece417/ws/src/gscam'
[3.912s] INFO:colcon.colcon_core.shell:Skip shell extension 'powershell' for command environment: Not usable outside of PowerShell
[3.912s] DEBUG:colcon.colcon_core.shell:Skip shell extension 'dsv' for command environment
[4.009s] INFO:colcon.colcon_ros.task.ament_python.build:Building ROS package in '/home/jetbot/ece417/ws/src/jetbot_ros' with build type 'ament_python'
[4.010s] Level 1:colcon.colcon_core.shell:create_environment_hook('jetbot_ros', 'ament_prefix_path')
[4.056s] INFO:colcon.colcon_core.shell:Creating environment hook '/home/jetbot/ece417/ws/install/jetbot_ros/share/jetbot_ros/hook/ament_prefix_path.ps1'
[4.060s] INFO:colcon.colcon_core.shell:Creating environment descriptor '/home/jetbot/ece417/ws/install/jetbot_ros/share/jetbot_ros/hook/ament_prefix_path.dsv'
[4.063s] INFO:colcon.colcon_core.shell:Creating environment hook '/home/jetbot/ece417/ws/install/jetbot_ros/share/jetbot_ros/hook/ament_prefix_path.sh'
[4.112s] INFO:colcon.colcon_core.shell:Skip shell extension 'powershell' for command environment: Not usable outside of PowerShell
[4.112s] DEBUG:colcon.colcon_core.shell:Skip shell extension 'dsv' for command environment
[4.215s] INFO:colcon.colcon_ros.task.ament_python.build:Building ROS package in '/home/jetbot/ece417/ws/src/py_pubsub' with build type 'ament_python'
[4.216s] Level 1:colcon.colcon_core.shell:create_environment_hook('py_pubsub', 'ament_prefix_path')
[4.257s] INFO:colcon.colcon_core.shell:Creating environment hook '/home/jetbot/ece417/ws/install/py_pubsub/share/py_pubsub/hook/ament_prefix_path.ps1'
[4.259s] INFO:colcon.colcon_core.shell:Creating environment descriptor '/home/jetbot/ece417/ws/install/py_pubsub/share/py_pubsub/hook/ament_prefix_path.dsv'
[4.261s] INFO:colcon.colcon_core.shell:Creating environment hook '/home/jetbot/ece417/ws/install/py_pubsub/share/py_pubsub/hook/ament_prefix_path.sh'
[4.299s] INFO:colcon.colcon_core.shell:Skip shell extension 'powershell' for command environment: Not usable outside of PowerShell
[4.299s] DEBUG:colcon.colcon_core.shell:Skip shell extension 'dsv' for command environment
[4.419s] DEBUG:colcon.colcon_core.event_handler.log_command:Invoking command in '/home/jetbot/ece417/ws/build/aruco_opencv_msgs': CMAKE_PREFIX_PATH=/home/jetbot/ece417/ws/install/gscam:/home/jetbot/ece417/ws/install/aruco_opencv:/home/jetbot/ece417/ws/install/aruco_opencv_msgs:/home/jetbot/ece417/ws/install/py_pubsub:/home/jetbot/ece417/ws/install/jetbot_ros:/ros_deep_learning/install/ros_deep_learning:/opt/ros/humble/install /usr/local/bin/cmake --build /home/jetbot/ece417/ws/build/aruco_opencv_msgs -- -j4 -l4
[4.445s] DEBUG:colcon.colcon_core.event_handler.log_command:Invoking command in '/home/jetbot/ece417/ws/build/gscam': CMAKE_PREFIX_PATH=/home/jetbot/ece417/ws/install/gscam:/home/jetbot/ece417/ws/install/aruco_opencv:/home/jetbot/ece417/ws/install/aruco_opencv_msgs:/home/jetbot/ece417/ws/install/py_pubsub:/home/jetbot/ece417/ws/install/jetbot_ros:/ros_deep_learning/install/ros_deep_learning:/opt/ros/humble/install /usr/local/bin/cmake --build /home/jetbot/ece417/ws/build/gscam -- -j4 -l4
[6.286s] INFO:colcon.colcon_core.task.python.build:Building Python package in '/home/jetbot/ece417/ws/src/jetbot_ros'
[6.325s] INFO:colcon.colcon_core.shell:Skip shell extension 'powershell' for command environment: Not usable outside of PowerShell
[6.326s] DEBUG:colcon.colcon_core.shell:Skip shell extension 'dsv' for command environment
[8.183s] INFO:colcon.colcon_core.task.python.build:Building Python package in '/home/jetbot/ece417/ws/src/py_pubsub'
[8.223s] INFO:colcon.colcon_core.shell:Skip shell extension 'powershell' for command environment: Not usable outside of PowerShell
[8.223s] DEBUG:colcon.colcon_core.shell:Skip shell extension 'dsv' for command environment
[8.328s] DEBUG:colcon.colcon_core.event_handler.log_command:Invoked command in '/home/jetbot/ece417/ws/build/gscam' returned '0': CMAKE_PREFIX_PATH=/home/jetbot/ece417/ws/install/gscam:/home/jetbot/ece417/ws/install/aruco_opencv:/home/jetbot/ece417/ws/install/aruco_opencv_msgs:/home/jetbot/ece417/ws/install/py_pubsub:/home/jetbot/ece417/ws/install/jetbot_ros:/ros_deep_learning/install/ros_deep_learning:/opt/ros/humble/install /usr/local/bin/cmake --build /home/jetbot/ece417/ws/build/gscam -- -j4 -l4
[8.340s] DEBUG:colcon.colcon_core.event_handler.log_command:Invoked command in '/home/jetbot/ece417/ws/build/aruco_opencv_msgs' returned '0': CMAKE_PREFIX_PATH=/home/jetbot/ece417/ws/install/gscam:/home/jetbot/ece417/ws/install/aruco_opencv:/home/jetbot/ece417/ws/install/aruco_opencv_msgs:/home/jetbot/ece417/ws/install/py_pubsub:/home/jetbot/ece417/ws/install/jetbot_ros:/ros_deep_learning/install/ros_deep_learning:/opt/ros/humble/install /usr/local/bin/cmake --build /home/jetbot/ece417/ws/build/aruco_opencv_msgs -- -j4 -l4
[8.877s] DEBUG:colcon.colcon_core.event_handler.log_command:Invoking command in '/home/jetbot/ece417/ws/build/gscam': CMAKE_PREFIX_PATH=/home/jetbot/ece417/ws/install/gscam:/home/jetbot/ece417/ws/install/aruco_opencv:/home/jetbot/ece417/ws/install/aruco_opencv_msgs:/home/jetbot/ece417/ws/install/py_pubsub:/home/jetbot/ece417/ws/install/jetbot_ros:/ros_deep_learning/install/ros_deep_learning:/opt/ros/humble/install /usr/local/bin/cmake --install /home/jetbot/ece417/ws/build/gscam
[9.001s] DEBUG:colcon.colcon_core.event_handler.log_command:Invoking command in '/home/jetbot/ece417/ws/build/aruco_opencv_msgs': CMAKE_PREFIX_PATH=/home/jetbot/ece417/ws/install/gscam:/home/jetbot/ece417/ws/install/aruco_opencv:/home/jetbot/ece417/ws/install/aruco_opencv_msgs:/home/jetbot/ece417/ws/install/py_pubsub:/home/jetbot/ece417/ws/install/jetbot_ros:/ros_deep_learning/install/ros_deep_learning:/opt/ros/humble/install /usr/local/bin/cmake --install /home/jetbot/ece417/ws/build/aruco_opencv_msgs
[9.155s] Level 1:colcon.colcon_core.environment:create_environment_scripts_only(gscam)
[9.167s] DEBUG:colcon.colcon_core.event_handler.log_command:Invoked command in '/home/jetbot/ece417/ws/build/gscam' returned '0': CMAKE_PREFIX_PATH=/home/jetbot/ece417/ws/install/gscam:/home/jetbot/ece417/ws/install/aruco_opencv:/home/jetbot/ece417/ws/install/aruco_opencv_msgs:/home/jetbot/ece417/ws/install/py_pubsub:/home/jetbot/ece417/ws/install/jetbot_ros:/ros_deep_learning/install/ros_deep_learning:/opt/ros/humble/install /usr/local/bin/cmake --install /home/jetbot/ece417/ws/build/gscam
[9.299s] Level 1:colcon.colcon_core.environment:checking '/home/jetbot/ece417/ws/install/gscam' for CMake module files
[9.305s] Level 1:colcon.colcon_core.environment:checking '/home/jetbot/ece417/ws/install/gscam' for CMake config files
[9.311s] Level 1:colcon.colcon_core.shell:create_environment_hook('gscam', 'cmake_prefix_path')
[9.363s] INFO:colcon.colcon_core.shell:Creating environment hook '/home/jetbot/ece417/ws/install/gscam/share/gscam/hook/cmake_prefix_path.ps1'
[9.367s] INFO:colcon.colcon_core.shell:Creating environment descriptor '/home/jetbot/ece417/ws/install/gscam/share/gscam/hook/cmake_prefix_path.dsv'
[9.369s] INFO:colcon.colcon_core.shell:Creating environment hook '/home/jetbot/ece417/ws/install/gscam/share/gscam/hook/cmake_prefix_path.sh'
[9.373s] Level 1:colcon.colcon_core.environment:checking '/home/jetbot/ece417/ws/install/gscam/lib'
[9.374s] Level 1:colcon.colcon_core.shell:create_environment_hook('gscam', 'ld_library_path_lib')
[9.417s] INFO:colcon.colcon_core.shell:Creating environment hook '/home/jetbot/ece417/ws/install/gscam/share/gscam/hook/ld_library_path_lib.ps1'
[9.419s] INFO:colcon.colcon_core.shell:Creating environment descriptor '/home/jetbot/ece417/ws/install/gscam/share/gscam/hook/ld_library_path_lib.dsv'
[9.421s] INFO:colcon.colcon_core.shell:Creating environment hook '/home/jetbot/ece417/ws/install/gscam/share/gscam/hook/ld_library_path_lib.sh'
[9.423s] Level 1:colcon.colcon_core.environment:checking '/home/jetbot/ece417/ws/install/gscam/bin'
[9.423s] Level 1:colcon.colcon_core.environment:checking '/home/jetbot/ece417/ws/install/gscam/lib/pkgconfig/gscam.pc'
[9.425s] Level 1:colcon.colcon_core.environment:checking '/home/jetbot/ece417/ws/install/gscam/lib/python3.6/site-packages'
[9.426s] Level 1:colcon.colcon_core.environment:checking '/home/jetbot/ece417/ws/install/gscam/bin'
[9.478s] INFO:colcon.colcon_core.shell:Creating package script '/home/jetbot/ece417/ws/install/gscam/share/gscam/package.ps1'
[9.485s] INFO:colcon.colcon_core.shell:Creating package descriptor '/home/jetbot/ece417/ws/install/gscam/share/gscam/package.dsv'
[9.488s] INFO:colcon.colcon_core.shell:Creating package script '/home/jetbot/ece417/ws/install/gscam/share/gscam/package.sh'
[9.494s] INFO:colcon.colcon_core.shell:Creating package script '/home/jetbot/ece417/ws/install/gscam/share/gscam/package.bash'
[9.500s] INFO:colcon.colcon_core.shell:Creating package script '/home/jetbot/ece417/ws/install/gscam/share/gscam/package.zsh'
[9.505s] Level 1:colcon.colcon_core.environment:create_file_with_runtime_dependencies(/home/jetbot/ece417/ws/install/gscam/share/colcon-core/packages/gscam)
[9.635s] Level 1:colcon.colcon_core.environment:create_environment_scripts_only(aruco_opencv_msgs)
[9.645s] DEBUG:colcon.colcon_core.event_handler.log_command:Invoked command in '/home/jetbot/ece417/ws/build/aruco_opencv_msgs' returned '0': CMAKE_PREFIX_PATH=/home/jetbot/ece417/ws/install/gscam:/home/jetbot/ece417/ws/install/aruco_opencv:/home/jetbot/ece417/ws/install/aruco_opencv_msgs:/home/jetbot/ece417/ws/install/py_pubsub:/home/jetbot/ece417/ws/install/jetbot_ros:/ros_deep_learning/install/ros_deep_learning:/opt/ros/humble/install /usr/local/bin/cmake --install /home/jetbot/ece417/ws/build/aruco_opencv_msgs
[9.708s] Level 1:colcon.colcon_core.environment:checking '/home/jetbot/ece417/ws/install/aruco_opencv_msgs' for CMake module files
[9.713s] Level 1:colcon.colcon_core.environment:checking '/home/jetbot/ece417/ws/install/aruco_opencv_msgs' for CMake config files
[9.716s] Level 1:colcon.colcon_core.shell:create_environment_hook('aruco_opencv_msgs', 'cmake_prefix_path')
[9.761s] INFO:colcon.colcon_core.shell:Creating environment hook '/home/jetbot/ece417/ws/install/aruco_opencv_msgs/share/aruco_opencv_msgs/hook/cmake_prefix_path.ps1'
[9.764s] INFO:colcon.colcon_core.shell:Creating environment descriptor '/home/jetbot/ece417/ws/install/aruco_opencv_msgs/share/aruco_opencv_msgs/hook/cmake_prefix_path.dsv'
[9.766s] INFO:colcon.colcon_core.shell:Creating environment hook '/home/jetbot/ece417/ws/install/aruco_opencv_msgs/share/aruco_opencv_msgs/hook/cmake_prefix_path.sh'
[9.771s] Level 1:colcon.colcon_core.environment:checking '/home/jetbot/ece417/ws/install/aruco_opencv_msgs/lib'
[9.771s] Level 1:colcon.colcon_core.shell:create_environment_hook('aruco_opencv_msgs', 'ld_library_path_lib')
[9.815s] INFO:colcon.colcon_core.shell:Creating environment hook '/home/jetbot/ece417/ws/install/aruco_opencv_msgs/share/aruco_opencv_msgs/hook/ld_library_path_lib.ps1'
[9.817s] INFO:colcon.colcon_core.shell:Creating environment descriptor '/home/jetbot/ece417/ws/install/aruco_opencv_msgs/share/aruco_opencv_msgs/hook/ld_library_path_lib.dsv'
[9.820s] INFO:colcon.colcon_core.shell:Creating environment hook '/home/jetbot/ece417/ws/install/aruco_opencv_msgs/share/aruco_opencv_msgs/hook/ld_library_path_lib.sh'
[9.822s] Level 1:colcon.colcon_core.environment:checking '/home/jetbot/ece417/ws/install/aruco_opencv_msgs/bin'
[9.822s] Level 1:colcon.colcon_core.environment:checking '/home/jetbot/ece417/ws/install/aruco_opencv_msgs/lib/pkgconfig/aruco_opencv_msgs.pc'
[9.824s] Level 1:colcon.colcon_core.environment:checking '/home/jetbot/ece417/ws/install/aruco_opencv_msgs/lib/python3.6/site-packages'
[9.824s] Level 1:colcon.colcon_core.shell:create_environment_hook('aruco_opencv_msgs', 'pythonpath')
[9.866s] INFO:colcon.colcon_core.shell:Creating environment hook '/home/jetbot/ece417/ws/install/aruco_opencv_msgs/share/aruco_opencv_msgs/hook/pythonpath.ps1'
[9.870s] INFO:colcon.colcon_core.shell:Creating environment descriptor '/home/jetbot/ece417/ws/install/aruco_opencv_msgs/share/aruco_opencv_msgs/hook/pythonpath.dsv'
[9.872s] INFO:colcon.colcon_core.shell:Creating environment hook '/home/jetbot/ece417/ws/install/aruco_opencv_msgs/share/aruco_opencv_msgs/hook/pythonpath.sh'
[9.875s] Level 1:colcon.colcon_core.environment:checking '/home/jetbot/ece417/ws/install/aruco_opencv_msgs/bin'
[9.918s] INFO:colcon.colcon_core.shell:Creating package script '/home/jetbot/ece417/ws/install/aruco_opencv_msgs/share/aruco_opencv_msgs/package.ps1'
[9.921s] INFO:colcon.colcon_core.shell:Creating package descriptor '/home/jetbot/ece417/ws/install/aruco_opencv_msgs/share/aruco_opencv_msgs/package.dsv'
[9.924s] INFO:colcon.colcon_core.shell:Creating package script '/home/jetbot/ece417/ws/install/aruco_opencv_msgs/share/aruco_opencv_msgs/package.sh'
[9.927s] INFO:colcon.colcon_core.shell:Creating package script '/home/jetbot/ece417/ws/install/aruco_opencv_msgs/share/aruco_opencv_msgs/package.bash'
[9.929s] INFO:colcon.colcon_core.shell:Creating package script '/home/jetbot/ece417/ws/install/aruco_opencv_msgs/share/aruco_opencv_msgs/package.zsh'
[9.931s] Level 1:colcon.colcon_core.environment:create_file_with_runtime_dependencies(/home/jetbot/ece417/ws/install/aruco_opencv_msgs/share/colcon-core/packages/aruco_opencv_msgs)
[9.992s] Level 1:colcon.colcon_core.environment:create_environment_scripts_only(gscam)
[10.053s] Level 1:colcon.colcon_core.environment:checking '/home/jetbot/ece417/ws/install/gscam' for CMake module files
[10.057s] Level 1:colcon.colcon_core.environment:checking '/home/jetbot/ece417/ws/install/gscam' for CMake config files
[10.059s] Level 1:colcon.colcon_core.shell:create_environment_hook('gscam', 'cmake_prefix_path')
[10.102s] INFO:colcon.colcon_core.shell:Creating environment hook '/home/jetbot/ece417/ws/install/gscam/share/gscam/hook/cmake_prefix_path.ps1'
[10.106s] INFO:colcon.colcon_core.shell:Creating environment descriptor '/home/jetbot/ece417/ws/install/gscam/share/gscam/hook/cmake_prefix_path.dsv'
[10.108s] INFO:colcon.colcon_core.shell:Creating environment hook '/home/jetbot/ece417/ws/install/gscam/share/gscam/hook/cmake_prefix_path.sh'
[10.113s] Level 1:colcon.colcon_core.environment:checking '/home/jetbot/ece417/ws/install/gscam/lib'
[10.113s] Level 1:colcon.colcon_core.shell:create_environment_hook('gscam', 'ld_library_path_lib')
[10.156s] INFO:colcon.colcon_core.shell:Creating environment hook '/home/jetbot/ece417/ws/install/gscam/share/gscam/hook/ld_library_path_lib.ps1'
[10.159s] INFO:colcon.colcon_core.shell:Creating environment descriptor '/home/jetbot/ece417/ws/install/gscam/share/gscam/hook/ld_library_path_lib.dsv'
[10.161s] INFO:colcon.colcon_core.shell:Creating environment hook '/home/jetbot/ece417/ws/install/gscam/share/gscam/hook/ld_library_path_lib.sh'
[10.163s] Level 1:colcon.colcon_core.environment:checking '/home/jetbot/ece417/ws/install/gscam/bin'
[10.163s] Level 1:colcon.colcon_core.environment:checking '/home/jetbot/ece417/ws/install/gscam/lib/pkgconfig/gscam.pc'
[10.164s] Level 1:colcon.colcon_core.environment:checking '/home/jetbot/ece417/ws/install/gscam/lib/python3.6/site-packages'
[10.165s] Level 1:colcon.colcon_core.environment:checking '/home/jetbot/ece417/ws/install/gscam/bin'
[10.211s] INFO:colcon.colcon_core.shell:Creating package script '/home/jetbot/ece417/ws/install/gscam/share/gscam/package.ps1'
[10.216s] INFO:colcon.colcon_core.shell:Creating package descriptor '/home/jetbot/ece417/ws/install/gscam/share/gscam/package.dsv'
[10.219s] INFO:colcon.colcon_core.shell:Creating package script '/home/jetbot/ece417/ws/install/gscam/share/gscam/package.sh'
[10.222s] INFO:colcon.colcon_core.shell:Creating package script '/home/jetbot/ece417/ws/install/gscam/share/gscam/package.bash'
[10.224s] INFO:colcon.colcon_core.shell:Creating package script '/home/jetbot/ece417/ws/install/gscam/share/gscam/package.zsh'
[10.227s] Level 1:colcon.colcon_core.environment:create_file_with_runtime_dependencies(/home/jetbot/ece417/ws/install/gscam/share/colcon-core/packages/gscam)
[10.547s] Level 1:colcon.colcon_core.environment:create_environment_scripts_only(aruco_opencv_msgs)
[10.606s] Level 1:colcon.colcon_core.environment:checking '/home/jetbot/ece417/ws/install/aruco_opencv_msgs' for CMake module files
[10.611s] Level 1:colcon.colcon_core.environment:checking '/home/jetbot/ece417/ws/install/aruco_opencv_msgs' for CMake config files
[10.615s] Level 1:colcon.colcon_core.shell:create_environment_hook('aruco_opencv_msgs', 'cmake_prefix_path')
[10.657s] INFO:colcon.colcon_core.shell:Creating environment hook '/home/jetbot/ece417/ws/install/aruco_opencv_msgs/share/aruco_opencv_msgs/hook/cmake_prefix_path.ps1'
[10.661s] INFO:colcon.colcon_core.shell:Creating environment descriptor '/home/jetbot/ece417/ws/install/aruco_opencv_msgs/share/aruco_opencv_msgs/hook/cmake_prefix_path.dsv'
[10.663s] INFO:colcon.colcon_core.shell:Creating environment hook '/home/jetbot/ece417/ws/install/aruco_opencv_msgs/share/aruco_opencv_msgs/hook/cmake_prefix_path.sh'
[10.667s] Level 1:colcon.colcon_core.environment:checking '/home/jetbot/ece417/ws/install/aruco_opencv_msgs/lib'
[10.667s] Level 1:colcon.colcon_core.shell:create_environment_hook('aruco_opencv_msgs', 'ld_library_path_lib')
[10.717s] INFO:colcon.colcon_core.shell:Creating environment hook '/home/jetbot/ece417/ws/install/aruco_opencv_msgs/share/aruco_opencv_msgs/hook/ld_library_path_lib.ps1'
[10.720s] INFO:colcon.colcon_core.shell:Creating environment descriptor '/home/jetbot/ece417/ws/install/aruco_opencv_msgs/share/aruco_opencv_msgs/hook/ld_library_path_lib.dsv'
[10.722s] INFO:colcon.colcon_core.shell:Creating environment hook '/home/jetbot/ece417/ws/install/aruco_opencv_msgs/share/aruco_opencv_msgs/hook/ld_library_path_lib.sh'
[10.724s] Level 1:colcon.colcon_core.environment:checking '/home/jetbot/ece417/ws/install/aruco_opencv_msgs/bin'
[10.725s] Level 1:colcon.colcon_core.environment:checking '/home/jetbot/ece417/ws/install/aruco_opencv_msgs/lib/pkgconfig/aruco_opencv_msgs.pc'
[10.726s] Level 1:colcon.colcon_core.environment:checking '/home/jetbot/ece417/ws/install/aruco_opencv_msgs/lib/python3.6/site-packages'
[10.726s] Level 1:colcon.colcon_core.shell:create_environment_hook('aruco_opencv_msgs', 'pythonpath')
[10.772s] INFO:colcon.colcon_core.shell:Creating environment hook '/home/jetbot/ece417/ws/install/aruco_opencv_msgs/share/aruco_opencv_msgs/hook/pythonpath.ps1'
[10.775s] INFO:colcon.colcon_core.shell:Creating environment descriptor '/home/jetbot/ece417/ws/install/aruco_opencv_msgs/share/aruco_opencv_msgs/hook/pythonpath.dsv'
[10.777s] INFO:colcon.colcon_core.shell:Creating environment hook '/home/jetbot/ece417/ws/install/aruco_opencv_msgs/share/aruco_opencv_msgs/hook/pythonpath.sh'
[10.780s] Level 1:colcon.colcon_core.environment:checking '/home/jetbot/ece417/ws/install/aruco_opencv_msgs/bin'
[10.822s] INFO:colcon.colcon_core.shell:Creating package script '/home/jetbot/ece417/ws/install/aruco_opencv_msgs/share/aruco_opencv_msgs/package.ps1'
[10.825s] INFO:colcon.colcon_core.shell:Creating package descriptor '/home/jetbot/ece417/ws/install/aruco_opencv_msgs/share/aruco_opencv_msgs/package.dsv'
[10.829s] INFO:colcon.colcon_core.shell:Creating package script '/home/jetbot/ece417/ws/install/aruco_opencv_msgs/share/aruco_opencv_msgs/package.sh'
[10.831s] INFO:colcon.colcon_core.shell:Creating package script '/home/jetbot/ece417/ws/install/aruco_opencv_msgs/share/aruco_opencv_msgs/package.bash'
[10.834s] INFO:colcon.colcon_core.shell:Creating package script '/home/jetbot/ece417/ws/install/aruco_opencv_msgs/share/aruco_opencv_msgs/package.zsh'
[10.836s] Level 1:colcon.colcon_core.environment:create_file_with_runtime_dependencies(/home/jetbot/ece417/ws/install/aruco_opencv_msgs/share/colcon-core/packages/aruco_opencv_msgs)
[10.838s] INFO:colcon.colcon_ros.task.ament_cmake.build:Building ROS package in '/home/jetbot/ece417/ws/src/ros_aruco_opencv/aruco_opencv' with build type 'ament_cmake'
[10.838s] INFO:colcon.colcon_cmake.task.cmake.build:Building CMake package in '/home/jetbot/ece417/ws/src/ros_aruco_opencv/aruco_opencv'
[10.893s] INFO:colcon.colcon_core.shell:Skip shell extension 'powershell' for command environment: Not usable outside of PowerShell
[10.893s] DEBUG:colcon.colcon_core.shell:Skip shell extension 'dsv' for command environment
[11.065s] DEBUG:colcon.colcon_core.event_handler.log_command:Invoking command in '/home/jetbot/ece417/ws/build/aruco_opencv': CMAKE_PREFIX_PATH=/home/jetbot/ece417/ws/install/aruco_opencv_msgs:/home/jetbot/ece417/ws/install/gscam:/home/jetbot/ece417/ws/install/aruco_opencv:/home/jetbot/ece417/ws/install/py_pubsub:/home/jetbot/ece417/ws/install/jetbot_ros:/ros_deep_learning/install/ros_deep_learning:/opt/ros/humble/install LD_LIBRARY_PATH=/home/jetbot/ece417/ws/install/aruco_opencv_msgs/lib:/home/jetbot/ece417/ws/install/gscam/lib:/home/jetbot/ece417/ws/install/aruco_opencv/lib:/opt/ros/humble/install/lib:/usr/local/cuda/lib64:/usr/local/cuda-10.2/targets/aarch64-linux/lib PYTHONPATH=/home/jetbot/ece417/ws/install/aruco_opencv_msgs/lib/python3.6/site-packages:/home/jetbot/ece417/ws/build/py_pubsub:/home/jetbot/ece417/ws/install/py_pubsub/lib/python3.6/site-packages:/home/jetbot/ece417/ws/build/jetbot_ros:/home/jetbot/ece417/ws/install/jetbot_ros/lib/python3.6/site-packages:/opt/ros/humble/install/lib/python3.6/site-packages /usr/local/bin/cmake --build /home/jetbot/ece417/ws/build/aruco_opencv -- -j4 -l4
[11.127s] DEBUG:colcon.colcon_core.event_handler.log_command:Invoking command in '/home/jetbot/ece417/ws/build/py_pubsub': PYTHONPATH=/home/jetbot/ece417/ws/build/py_pubsub/prefix_override:/home/jetbot/ece417/ws/install/py_pubsub/lib/python3.6/site-packages:${PYTHONPATH} /usr/bin/python3 setup.py develop --editable --build-directory /home/jetbot/ece417/ws/build/py_pubsub/build --no-deps install_data
[11.164s] DEBUG:colcon.colcon_core.event_handler.log_command:Invoking command in '/home/jetbot/ece417/ws/build/jetbot_ros': PYTHONPATH=/home/jetbot/ece417/ws/build/jetbot_ros/prefix_override:/home/jetbot/ece417/ws/install/jetbot_ros/lib/python3.6/site-packages:${PYTHONPATH} /usr/bin/python3 setup.py develop --editable --build-directory /home/jetbot/ece417/ws/build/jetbot_ros/build --no-deps install_data
[14.444s] Level 1:colcon.colcon_core.shell:create_environment_hook('py_pubsub', 'pythonpath_develop')
[14.456s] DEBUG:colcon.colcon_core.event_handler.log_command:Invoked command in '/home/jetbot/ece417/ws/build/py_pubsub' returned '0': PYTHONPATH=/home/jetbot/ece417/ws/build/py_pubsub/prefix_override:/home/jetbot/ece417/ws/install/py_pubsub/lib/python3.6/site-packages:${PYTHONPATH} /usr/bin/python3 setup.py develop --editable --build-directory /home/jetbot/ece417/ws/build/py_pubsub/build --no-deps install_data
[14.495s] INFO:colcon.colcon_core.shell:Creating environment hook '/home/jetbot/ece417/ws/build/py_pubsub/share/py_pubsub/hook/pythonpath_develop.ps1'
[14.499s] INFO:colcon.colcon_core.shell:Creating environment descriptor '/home/jetbot/ece417/ws/build/py_pubsub/share/py_pubsub/hook/pythonpath_develop.dsv'
[14.501s] INFO:colcon.colcon_core.shell:Creating environment hook '/home/jetbot/ece417/ws/build/py_pubsub/share/py_pubsub/hook/pythonpath_develop.sh'
[14.560s] Level 1:colcon.colcon_core.environment:checking '/home/jetbot/ece417/ws/install/py_pubsub' for CMake module files
[14.563s] Level 1:colcon.colcon_core.environment:checking '/home/jetbot/ece417/ws/install/py_pubsub' for CMake config files
[14.566s] Level 1:colcon.colcon_core.environment:checking '/home/jetbot/ece417/ws/install/py_pubsub/lib'
[14.567s] Level 1:colcon.colcon_core.environment:checking '/home/jetbot/ece417/ws/install/py_pubsub/bin'
[14.567s] Level 1:colcon.colcon_core.environment:checking '/home/jetbot/ece417/ws/install/py_pubsub/lib/pkgconfig/py_pubsub.pc'
[14.568s] Level 1:colcon.colcon_core.environment:checking '/home/jetbot/ece417/ws/install/py_pubsub/lib/python3.6/site-packages'
[14.568s] Level 1:colcon.colcon_core.shell:create_environment_hook('py_pubsub', 'pythonpath')
[14.613s] INFO:colcon.colcon_core.shell:Creating environment hook '/home/jetbot/ece417/ws/install/py_pubsub/share/py_pubsub/hook/pythonpath.ps1'
[14.615s] INFO:colcon.colcon_core.shell:Creating environment descriptor '/home/jetbot/ece417/ws/install/py_pubsub/share/py_pubsub/hook/pythonpath.dsv'
[14.617s] INFO:colcon.colcon_core.shell:Creating environment hook '/home/jetbot/ece417/ws/install/py_pubsub/share/py_pubsub/hook/pythonpath.sh'
[14.619s] Level 1:colcon.colcon_core.environment:checking '/home/jetbot/ece417/ws/install/py_pubsub/bin'
[14.620s] Level 1:colcon.colcon_core.environment:create_environment_scripts_only(py_pubsub)
[14.663s] INFO:colcon.colcon_core.shell:Creating package script '/home/jetbot/ece417/ws/install/py_pubsub/share/py_pubsub/package.ps1'
[14.667s] INFO:colcon.colcon_core.shell:Creating package descriptor '/home/jetbot/ece417/ws/install/py_pubsub/share/py_pubsub/package.dsv'
[14.669s] INFO:colcon.colcon_core.shell:Creating package script '/home/jetbot/ece417/ws/install/py_pubsub/share/py_pubsub/package.sh'
[14.672s] INFO:colcon.colcon_core.shell:Creating package script '/home/jetbot/ece417/ws/install/py_pubsub/share/py_pubsub/package.bash'
[14.673s] INFO:colcon.colcon_core.shell:Creating package script '/home/jetbot/ece417/ws/install/py_pubsub/share/py_pubsub/package.zsh'
[14.675s] Level 1:colcon.colcon_core.environment:create_file_with_runtime_dependencies(/home/jetbot/ece417/ws/install/py_pubsub/share/colcon-core/packages/py_pubsub)
[14.681s] Level 1:colcon.colcon_core.shell:create_environment_hook('jetbot_ros', 'pythonpath_develop')
[14.725s] INFO:colcon.colcon_core.shell:Creating environment hook '/home/jetbot/ece417/ws/build/jetbot_ros/share/jetbot_ros/hook/pythonpath_develop.ps1'
[14.726s] DEBUG:colcon.colcon_core.event_handler.log_command:Invoked command in '/home/jetbot/ece417/ws/build/jetbot_ros' returned '0': PYTHONPATH=/home/jetbot/ece417/ws/build/jetbot_ros/prefix_override:/home/jetbot/ece417/ws/install/jetbot_ros/lib/python3.6/site-packages:${PYTHONPATH} /usr/bin/python3 setup.py develop --editable --build-directory /home/jetbot/ece417/ws/build/jetbot_ros/build --no-deps install_data
[14.727s] INFO:colcon.colcon_core.shell:Creating environment descriptor '/home/jetbot/ece417/ws/build/jetbot_ros/share/jetbot_ros/hook/pythonpath_develop.dsv'
[14.729s] INFO:colcon.colcon_core.shell:Creating environment hook '/home/jetbot/ece417/ws/build/jetbot_ros/share/jetbot_ros/hook/pythonpath_develop.sh'
[14.788s] Level 1:colcon.colcon_core.environment:checking '/home/jetbot/ece417/ws/install/jetbot_ros' for CMake module files
[14.791s] Level 1:colcon.colcon_core.environment:checking '/home/jetbot/ece417/ws/install/jetbot_ros' for CMake config files
[14.796s] Level 1:colcon.colcon_core.environment:checking '/home/jetbot/ece417/ws/install/jetbot_ros/lib'
[14.797s] Level 1:colcon.colcon_core.environment:checking '/home/jetbot/ece417/ws/install/jetbot_ros/bin'
[14.797s] Level 1:colcon.colcon_core.environment:checking '/home/jetbot/ece417/ws/install/jetbot_ros/lib/pkgconfig/jetbot_ros.pc'
[14.798s] Level 1:colcon.colcon_core.environment:checking '/home/jetbot/ece417/ws/install/jetbot_ros/lib/python3.6/site-packages'
[14.798s] Level 1:colcon.colcon_core.shell:create_environment_hook('jetbot_ros', 'pythonpath')
[14.844s] INFO:colcon.colcon_core.shell:Creating environment hook '/home/jetbot/ece417/ws/install/jetbot_ros/share/jetbot_ros/hook/pythonpath.ps1'
[14.846s] INFO:colcon.colcon_core.shell:Creating environment descriptor '/home/jetbot/ece417/ws/install/jetbot_ros/share/jetbot_ros/hook/pythonpath.dsv'
[14.848s] INFO:colcon.colcon_core.shell:Creating environment hook '/home/jetbot/ece417/ws/install/jetbot_ros/share/jetbot_ros/hook/pythonpath.sh'
[14.850s] Level 1:colcon.colcon_core.environment:checking '/home/jetbot/ece417/ws/install/jetbot_ros/bin'
[14.851s] Level 1:colcon.colcon_core.environment:create_environment_scripts_only(jetbot_ros)
[14.892s] INFO:colcon.colcon_core.shell:Creating package script '/home/jetbot/ece417/ws/install/jetbot_ros/share/jetbot_ros/package.ps1'
[14.895s] INFO:colcon.colcon_core.shell:Creating package descriptor '/home/jetbot/ece417/ws/install/jetbot_ros/share/jetbot_ros/package.dsv'
[14.897s] INFO:colcon.colcon_core.shell:Creating package script '/home/jetbot/ece417/ws/install/jetbot_ros/share/jetbot_ros/package.sh'
[14.900s] INFO:colcon.colcon_core.shell:Creating package script '/home/jetbot/ece417/ws/install/jetbot_ros/share/jetbot_ros/package.bash'
[14.902s] INFO:colcon.colcon_core.shell:Creating package script '/home/jetbot/ece417/ws/install/jetbot_ros/share/jetbot_ros/package.zsh'
[14.904s] Level 1:colcon.colcon_core.environment:create_file_with_runtime_dependencies(/home/jetbot/ece417/ws/install/jetbot_ros/share/colcon-core/packages/jetbot_ros)
[84.113s] DEBUG:colcon.colcon_core.event_handler.log_command:Invoked command in '/home/jetbot/ece417/ws/build/aruco_opencv' returned '0': CMAKE_PREFIX_PATH=/home/jetbot/ece417/ws/install/aruco_opencv_msgs:/home/jetbot/ece417/ws/install/gscam:/home/jetbot/ece417/ws/install/aruco_opencv:/home/jetbot/ece417/ws/install/py_pubsub:/home/jetbot/ece417/ws/install/jetbot_ros:/ros_deep_learning/install/ros_deep_learning:/opt/ros/humble/install LD_LIBRARY_PATH=/home/jetbot/ece417/ws/install/aruco_opencv_msgs/lib:/home/jetbot/ece417/ws/install/gscam/lib:/home/jetbot/ece417/ws/install/aruco_opencv/lib:/opt/ros/humble/install/lib:/usr/local/cuda/lib64:/usr/local/cuda-10.2/targets/aarch64-linux/lib PYTHONPATH=/home/jetbot/ece417/ws/install/aruco_opencv_msgs/lib/python3.6/site-packages:/home/jetbot/ece417/ws/build/py_pubsub:/home/jetbot/ece417/ws/install/py_pubsub/lib/python3.6/site-packages:/home/jetbot/ece417/ws/build/jetbot_ros:/home/jetbot/ece417/ws/install/jetbot_ros/lib/python3.6/site-packages:/opt/ros/humble/install/lib/python3.6/site-packages /usr/local/bin/cmake --build /home/jetbot/ece417/ws/build/aruco_opencv -- -j4 -l4
[84.395s] DEBUG:colcon.colcon_core.event_handler.log_command:Invoking command in '/home/jetbot/ece417/ws/build/aruco_opencv': CMAKE_PREFIX_PATH=/home/jetbot/ece417/ws/install/aruco_opencv_msgs:/home/jetbot/ece417/ws/install/gscam:/home/jetbot/ece417/ws/install/aruco_opencv:/home/jetbot/ece417/ws/install/py_pubsub:/home/jetbot/ece417/ws/install/jetbot_ros:/ros_deep_learning/install/ros_deep_learning:/opt/ros/humble/install LD_LIBRARY_PATH=/home/jetbot/ece417/ws/install/aruco_opencv_msgs/lib:/home/jetbot/ece417/ws/install/gscam/lib:/home/jetbot/ece417/ws/install/aruco_opencv/lib:/opt/ros/humble/install/lib:/usr/local/cuda/lib64:/usr/local/cuda-10.2/targets/aarch64-linux/lib PYTHONPATH=/home/jetbot/ece417/ws/install/aruco_opencv_msgs/lib/python3.6/site-packages:/home/jetbot/ece417/ws/build/py_pubsub:/home/jetbot/ece417/ws/install/py_pubsub/lib/python3.6/site-packages:/home/jetbot/ece417/ws/build/jetbot_ros:/home/jetbot/ece417/ws/install/jetbot_ros/lib/python3.6/site-packages:/opt/ros/humble/install/lib/python3.6/site-packages /usr/local/bin/cmake --install /home/jetbot/ece417/ws/build/aruco_opencv
[84.612s] Level 1:colcon.colcon_core.environment:create_environment_scripts_only(aruco_opencv)
[84.619s] DEBUG:colcon.colcon_core.event_handler.log_command:Invoked command in '/home/jetbot/ece417/ws/build/aruco_opencv' returned '0': CMAKE_PREFIX_PATH=/home/jetbot/ece417/ws/install/aruco_opencv_msgs:/home/jetbot/ece417/ws/install/gscam:/home/jetbot/ece417/ws/install/aruco_opencv:/home/jetbot/ece417/ws/install/py_pubsub:/home/jetbot/ece417/ws/install/jetbot_ros:/ros_deep_learning/install/ros_deep_learning:/opt/ros/humble/install LD_LIBRARY_PATH=/home/jetbot/ece417/ws/install/aruco_opencv_msgs/lib:/home/jetbot/ece417/ws/install/gscam/lib:/home/jetbot/ece417/ws/install/aruco_opencv/lib:/opt/ros/humble/install/lib:/usr/local/cuda/lib64:/usr/local/cuda-10.2/targets/aarch64-linux/lib PYTHONPATH=/home/jetbot/ece417/ws/install/aruco_opencv_msgs/lib/python3.6/site-packages:/home/jetbot/ece417/ws/build/py_pubsub:/home/jetbot/ece417/ws/install/py_pubsub/lib/python3.6/site-packages:/home/jetbot/ece417/ws/build/jetbot_ros:/home/jetbot/ece417/ws/install/jetbot_ros/lib/python3.6/site-packages:/opt/ros/humble/install/lib/python3.6/site-packages /usr/local/bin/cmake --install /home/jetbot/ece417/ws/build/aruco_opencv
[84.669s] Level 1:colcon.colcon_core.environment:checking '/home/jetbot/ece417/ws/install/aruco_opencv' for CMake module files
[84.672s] Level 1:colcon.colcon_core.environment:checking '/home/jetbot/ece417/ws/install/aruco_opencv' for CMake config files
[84.674s] Level 1:colcon.colcon_core.shell:create_environment_hook('aruco_opencv', 'cmake_prefix_path')
[84.711s] INFO:colcon.colcon_core.shell:Creating environment hook '/home/jetbot/ece417/ws/install/aruco_opencv/share/aruco_opencv/hook/cmake_prefix_path.ps1'
[84.713s] INFO:colcon.colcon_core.shell:Creating environment descriptor '/home/jetbot/ece417/ws/install/aruco_opencv/share/aruco_opencv/hook/cmake_prefix_path.dsv'
[84.715s] INFO:colcon.colcon_core.shell:Creating environment hook '/home/jetbot/ece417/ws/install/aruco_opencv/share/aruco_opencv/hook/cmake_prefix_path.sh'
[84.718s] Level 1:colcon.colcon_core.environment:checking '/home/jetbot/ece417/ws/install/aruco_opencv/lib'
[84.718s] Level 1:colcon.colcon_core.shell:create_environment_hook('aruco_opencv', 'ld_library_path_lib')
[84.762s] INFO:colcon.colcon_core.shell:Creating environment hook '/home/jetbot/ece417/ws/install/aruco_opencv/share/aruco_opencv/hook/ld_library_path_lib.ps1'
[84.764s] INFO:colcon.colcon_core.shell:Creating environment descriptor '/home/jetbot/ece417/ws/install/aruco_opencv/share/aruco_opencv/hook/ld_library_path_lib.dsv'
[84.765s] INFO:colcon.colcon_core.shell:Creating environment hook '/home/jetbot/ece417/ws/install/aruco_opencv/share/aruco_opencv/hook/ld_library_path_lib.sh'
[84.766s] Level 1:colcon.colcon_core.environment:checking '/home/jetbot/ece417/ws/install/aruco_opencv/bin'
[84.767s] Level 1:colcon.colcon_core.environment:checking '/home/jetbot/ece417/ws/install/aruco_opencv/lib/pkgconfig/aruco_opencv.pc'
[84.768s] Level 1:colcon.colcon_core.environment:checking '/home/jetbot/ece417/ws/install/aruco_opencv/lib/python3.6/site-packages'
[84.768s] Level 1:colcon.colcon_core.environment:checking '/home/jetbot/ece417/ws/install/aruco_opencv/bin'
[84.810s] INFO:colcon.colcon_core.shell:Creating package script '/home/jetbot/ece417/ws/install/aruco_opencv/share/aruco_opencv/package.ps1'
[84.813s] INFO:colcon.colcon_core.shell:Creating package descriptor '/home/jetbot/ece417/ws/install/aruco_opencv/share/aruco_opencv/package.dsv'
[84.815s] INFO:colcon.colcon_core.shell:Creating package script '/home/jetbot/ece417/ws/install/aruco_opencv/share/aruco_opencv/package.sh'
[84.816s] INFO:colcon.colcon_core.shell:Creating package script '/home/jetbot/ece417/ws/install/aruco_opencv/share/aruco_opencv/package.bash'
[84.818s] INFO:colcon.colcon_core.shell:Creating package script '/home/jetbot/ece417/ws/install/aruco_opencv/share/aruco_opencv/package.zsh'
[84.819s] Level 1:colcon.colcon_core.environment:create_file_with_runtime_dependencies(/home/jetbot/ece417/ws/install/aruco_opencv/share/colcon-core/packages/aruco_opencv)
[85.158s] Level 1:colcon.colcon_core.environment:create_environment_scripts_only(aruco_opencv)
[85.211s] Level 1:colcon.colcon_core.environment:checking '/home/jetbot/ece417/ws/install/aruco_opencv' for CMake module files
[85.215s] Level 1:colcon.colcon_core.environment:checking '/home/jetbot/ece417/ws/install/aruco_opencv' for CMake config files
[85.216s] Level 1:colcon.colcon_core.shell:create_environment_hook('aruco_opencv', 'cmake_prefix_path')
[85.253s] INFO:colcon.colcon_core.shell:Creating environment hook '/home/jetbot/ece417/ws/install/aruco_opencv/share/aruco_opencv/hook/cmake_prefix_path.ps1'
[85.255s] INFO:colcon.colcon_core.shell:Creating environment descriptor '/home/jetbot/ece417/ws/install/aruco_opencv/share/aruco_opencv/hook/cmake_prefix_path.dsv'
[85.257s] INFO:colcon.colcon_core.shell:Creating environment hook '/home/jetbot/ece417/ws/install/aruco_opencv/share/aruco_opencv/hook/cmake_prefix_path.sh'
[85.261s] Level 1:colcon.colcon_core.environment:checking '/home/jetbot/ece417/ws/install/aruco_opencv/lib'
[85.261s] Level 1:colcon.colcon_core.shell:create_environment_hook('aruco_opencv', 'ld_library_path_lib')
[85.298s] INFO:colcon.colcon_core.shell:Creating environment hook '/home/jetbot/ece417/ws/install/aruco_opencv/share/aruco_opencv/hook/ld_library_path_lib.ps1'
[85.300s] INFO:colcon.colcon_core.shell:Creating environment descriptor '/home/jetbot/ece417/ws/install/aruco_opencv/share/aruco_opencv/hook/ld_library_path_lib.dsv'
[85.301s] INFO:colcon.colcon_core.shell:Creating environment hook '/home/jetbot/ece417/ws/install/aruco_opencv/share/aruco_opencv/hook/ld_library_path_lib.sh'
[85.303s] Level 1:colcon.colcon_core.environment:checking '/home/jetbot/ece417/ws/install/aruco_opencv/bin'
[85.303s] Level 1:colcon.colcon_core.environment:checking '/home/jetbot/ece417/ws/install/aruco_opencv/lib/pkgconfig/aruco_opencv.pc'
[85.304s] Level 1:colcon.colcon_core.environment:checking '/home/jetbot/ece417/ws/install/aruco_opencv/lib/python3.6/site-packages'
[85.305s] Level 1:colcon.colcon_core.environment:checking '/home/jetbot/ece417/ws/install/aruco_opencv/bin'
[85.342s] INFO:colcon.colcon_core.shell:Creating package script '/home/jetbot/ece417/ws/install/aruco_opencv/share/aruco_opencv/package.ps1'
[85.344s] INFO:colcon.colcon_core.shell:Creating package descriptor '/home/jetbot/ece417/ws/install/aruco_opencv/share/aruco_opencv/package.dsv'
[85.347s] INFO:colcon.colcon_core.shell:Creating package script '/home/jetbot/ece417/ws/install/aruco_opencv/share/aruco_opencv/package.sh'
[85.349s] INFO:colcon.colcon_core.shell:Creating package script '/home/jetbot/ece417/ws/install/aruco_opencv/share/aruco_opencv/package.bash'
[85.350s] INFO:colcon.colcon_core.shell:Creating package script '/home/jetbot/ece417/ws/install/aruco_opencv/share/aruco_opencv/package.zsh'
[85.352s] Level 1:colcon.colcon_core.environment:create_file_with_runtime_dependencies(/home/jetbot/ece417/ws/install/aruco_opencv/share/colcon-core/packages/aruco_opencv)
[85.353s] DEBUG:colcon.colcon_parallel_executor.executor.parallel:closing loop
[85.357s] DEBUG:colcon.colcon_parallel_executor.executor.parallel:loop closed
[85.358s] DEBUG:colcon.colcon_parallel_executor.executor.parallel:run_until_complete finished with '0'
[85.359s] DEBUG:colcon.colcon_core.event_reactor:joining thread
[85.387s] INFO:colcon.colcon_core.plugin_system:Skipping extension 'colcon_notification.desktop_notification.notify_send': Could not find 'notify-send'
[85.388s] INFO:colcon.colcon_core.plugin_system:Skipping extension 'colcon_notification.desktop_notification.terminal_notifier': Not used on non-Darwin systems
[85.388s] INFO:colcon.colcon_core.plugin_system:Skipping extension 'colcon_notification.desktop_notification.win32': Not used on non-Windows systems
[85.389s] INFO:colcon.colcon_notification.desktop_notification:Sending desktop notification using 'notify2'
[85.389s] DEBUG:colcon.colcon_notification.desktop_notification.notify2:Failed to initialize notify2: org.freedesktop.DBus.Error.NotSupported: Unable to autolaunch a dbus-daemon without a $DISPLAY for X11
[85.389s] DEBUG:colcon.colcon_core.event_reactor:joined thread
[85.426s] INFO:colcon.colcon_core.shell:Creating prefix script '/home/jetbot/ece417/ws/install/local_setup.ps1'
[85.432s] INFO:colcon.colcon_core.shell:Creating prefix util module '/home/jetbot/ece417/ws/install/_local_setup_util_ps1.py'
[85.441s] INFO:colcon.colcon_core.shell:Creating prefix chain script '/home/jetbot/ece417/ws/install/setup.ps1'
[85.456s] INFO:colcon.colcon_core.shell:Creating prefix script '/home/jetbot/ece417/ws/install/local_setup.sh'
[85.459s] INFO:colcon.colcon_core.shell:Creating prefix util module '/home/jetbot/ece417/ws/install/_local_setup_util_sh.py'
[85.461s] INFO:colcon.colcon_core.shell:Creating prefix chain script '/home/jetbot/ece417/ws/install/setup.sh'
[85.477s] INFO:colcon.colcon_core.shell:Creating prefix script '/home/jetbot/ece417/ws/install/local_setup.bash'
[85.479s] INFO:colcon.colcon_core.shell:Creating prefix chain script '/home/jetbot/ece417/ws/install/setup.bash'
[85.494s] INFO:colcon.colcon_core.shell:Creating prefix script '/home/jetbot/ece417/ws/install/local_setup.zsh'
[85.497s] INFO:colcon.colcon_core.shell:Creating prefix chain script '/home/jetbot/ece417/ws/install/setup.zsh'
