[6.899s] Invoking command in '/home/jetbot/ece417/ws/build/py_pubsub': PYTHONPATH=/home/jetbot/ece417/ws/build/py_pubsub/prefix_override:/home/jetbot/ece417/ws/install/py_pubsub/lib/python3.6/site-packages:${PYTHONPATH} /usr/bin/python3 setup.py develop --editable --build-directory /home/jetbot/ece417/ws/build/py_pubsub/build --no-deps install_data
[8.719s] running develop
[8.721s] /usr/local/lib/python3.6/dist-packages/setuptools/command/easy_install.py:159: EasyInstallDeprecationWarning: easy_install command is deprecated. Use build and pip and other standards-based tools.
[8.721s]   EasyInstallDeprecationWarning,
[8.727s] /usr/local/lib/python3.6/dist-packages/setuptools/command/install.py:37: SetuptoolsDeprecationWarning: setup.py install is deprecated. Use build and pip and other standards-based tools.
[8.728s]   setuptools.SetuptoolsDeprecationWarning,
[9.802s] running egg_info
[9.803s] writing py_pubsub.egg-info/PKG-INFO
[9.805s] writing dependency_links to py_pubsub.egg-info/dependency_links.txt
[9.806s] writing entry points to py_pubsub.egg-info/entry_points.txt
[9.807s] writing requirements to py_pubsub.egg-info/requires.txt
[9.807s] writing top-level names to py_pubsub.egg-info/top_level.txt
[9.818s] reading manifest file 'py_pubsub.egg-info/SOURCES.txt'
[9.823s] writing manifest file 'py_pubsub.egg-info/SOURCES.txt'
[10.056s] running build_ext
[10.057s] Creating /home/jetbot/ece417/ws/install/py_pubsub/lib/python3.6/site-packages/py-pubsub.egg-link (link to .)
[10.063s] Installing listener script to /home/jetbot/ece417/ws/install/py_pubsub/lib/py_pubsub
[10.063s] Installing move2aruco script to /home/jetbot/ece417/ws/install/py_pubsub/lib/py_pubsub
[10.064s] Installing talker script to /home/jetbot/ece417/ws/install/py_pubsub/lib/py_pubsub
[10.065s] 
[10.066s] Installed /home/jetbot/ece417/ws/build/py_pubsub
[10.067s] running install_data
[10.228s] Invoked command in '/home/jetbot/ece417/ws/build/py_pubsub' returned '0': PYTHONPATH=/home/jetbot/ece417/ws/build/py_pubsub/prefix_override:/home/jetbot/ece417/ws/install/py_pubsub/lib/python3.6/site-packages:${PYTHONPATH} /usr/bin/python3 setup.py develop --editable --build-directory /home/jetbot/ece417/ws/build/py_pubsub/build --no-deps install_data
