[6.941s] Invoking command in '/home/jetbot/ece417/ws/build/py_pubsub': PYTHONPATH=/home/jetbot/ece417/ws/build/py_pubsub/prefix_override:/home/jetbot/ece417/ws/install/py_pubsub/lib/python3.6/site-packages:${PYTHONPATH} /usr/bin/python3 setup.py develop --editable --build-directory /home/jetbot/ece417/ws/build/py_pubsub/build --no-deps install_data
[8.791s] running develop
[8.792s] /usr/local/lib/python3.6/dist-packages/setuptools/command/easy_install.py:159: EasyInstallDeprecationWarning: easy_install command is deprecated. Use build and pip and other standards-based tools.
[8.793s]   EasyInstallDeprecationWarning,
[8.798s] /usr/local/lib/python3.6/dist-packages/setuptools/command/install.py:37: SetuptoolsDeprecationWarning: setup.py install is deprecated. Use build and pip and other standards-based tools.
[8.799s]   setuptools.SetuptoolsDeprecationWarning,
[9.746s] running egg_info
[9.746s] writing py_pubsub.egg-info/PKG-INFO
[9.748s] writing dependency_links to py_pubsub.egg-info/dependency_links.txt
[9.749s] writing entry points to py_pubsub.egg-info/entry_points.txt
[9.750s] writing requirements to py_pubsub.egg-info/requires.txt
[9.750s] writing top-level names to py_pubsub.egg-info/top_level.txt
[9.757s] reading manifest file 'py_pubsub.egg-info/SOURCES.txt'
[9.763s] writing manifest file 'py_pubsub.egg-info/SOURCES.txt'
[9.996s] running build_ext
[9.998s] Creating /home/jetbot/ece417/ws/install/py_pubsub/lib/python3.6/site-packages/py-pubsub.egg-link (link to .)
[10.002s] Installing listener script to /home/jetbot/ece417/ws/install/py_pubsub/lib/py_pubsub
[10.002s] Installing talker script to /home/jetbot/ece417/ws/install/py_pubsub/lib/py_pubsub
[10.004s] 
[10.004s] Installed /home/jetbot/ece417/ws/build/py_pubsub
[10.005s] running install_data
[10.157s] Invoked command in '/home/jetbot/ece417/ws/build/py_pubsub' returned '0': PYTHONPATH=/home/jetbot/ece417/ws/build/py_pubsub/prefix_override:/home/jetbot/ece417/ws/install/py_pubsub/lib/python3.6/site-packages:${PYTHONPATH} /usr/bin/python3 setup.py develop --editable --build-directory /home/jetbot/ece417/ws/build/py_pubsub/build --no-deps install_data
