/usr/local/lib/python3.6/dist-packages/setuptools/dist.py:726: UserWarning: Usage of dash-separated 'script-dir' will not be supported in future versions. Please use the underscore name 'script_dir' instead
  % (opt, underscore_opt)
running develop
/usr/local/lib/python3.6/dist-packages/setuptools/command/easy_install.py:159: EasyInstallDeprecationWarning: easy_install command is deprecated. Use build and pip and other standards-based tools.
  EasyInstallDeprecationWarning,
/usr/local/lib/python3.6/dist-packages/setuptools/command/install.py:37: SetuptoolsDeprecationWarning: setup.py install is deprecated. Use build and pip and other standards-based tools.
  setuptools.SetuptoolsDeprecationWarning,
running egg_info
writing jetbot_ros.egg-info/PKG-INFO
writing dependency_links to jetbot_ros.egg-info/dependency_links.txt
writing entry points to jetbot_ros.egg-info/entry_points.txt
writing requirements to jetbot_ros.egg-info/requires.txt
writing top-level names to jetbot_ros.egg-info/top_level.txt
reading manifest file 'jetbot_ros.egg-info/SOURCES.txt'
writing manifest file 'jetbot_ros.egg-info/SOURCES.txt'
running build_ext
Creating /home/jetbot/ece417/ws/install/jetbot_ros/lib/python3.6/site-packages/jetbot-ros.egg-link (link to .)
Installing data_collection script to /home/jetbot/ece417/ws/install/jetbot_ros/lib/jetbot_ros
Installing gazebo_spawn script to /home/jetbot/ece417/ws/install/jetbot_ros/lib/jetbot_ros
Installing motors_nvidia script to /home/jetbot/ece417/ws/install/jetbot_ros/lib/jetbot_ros
Installing motors_sparkfun script to /home/jetbot/ece417/ws/install/jetbot_ros/lib/jetbot_ros
Installing motors_waveshare script to /home/jetbot/ece417/ws/install/jetbot_ros/lib/jetbot_ros
Installing nav_model script to /home/jetbot/ece417/ws/install/jetbot_ros/lib/jetbot_ros
Installing oled_ssd1306 script to /home/jetbot/ece417/ws/install/jetbot_ros/lib/jetbot_ros
Installing teleop_keyboard script to /home/jetbot/ece417/ws/install/jetbot_ros/lib/jetbot_ros

Installed /home/jetbot/ece417/ws/build/jetbot_ros
running install_data
