[0.550s] Invoking command in '/home/jetbot/ece417/ws/build/gscam': CMAKE_PREFIX_PATH=/home/jetbot/ece417/ws/install/gscam:/home/jetbot/ece417/ws/install/aruco_opencv:/home/jetbot/ece417/ws/install/aruco_opencv_msgs:/home/jetbot/ece417/ws/install/py_pubsub:/home/jetbot/ece417/ws/install/jetbot_ros:/ros_deep_learning/install/ros_deep_learning:/opt/ros/humble/install /usr/local/bin/cmake --build /home/jetbot/ece417/ws/build/gscam -- -j4 -l4
[4.470s] [ 20%] Built target gscam
[4.474s] [ 40%] Built target gscam_node
[4.476s] [ 60%] Built target gtest_main
[4.478s] [ 80%] Built target gtest
[4.479s] [100%] Built target smoke_test
[4.483s] Invoked command in '/home/jetbot/ece417/ws/build/gscam' returned '0': CMAKE_PREFIX_PATH=/home/jetbot/ece417/ws/install/gscam:/home/jetbot/ece417/ws/install/aruco_opencv:/home/jetbot/ece417/ws/install/aruco_opencv_msgs:/home/jetbot/ece417/ws/install/py_pubsub:/home/jetbot/ece417/ws/install/jetbot_ros:/ros_deep_learning/install/ros_deep_learning:/opt/ros/humble/install /usr/local/bin/cmake --build /home/jetbot/ece417/ws/build/gscam -- -j4 -l4
[5.083s] Invoking command in '/home/jetbot/ece417/ws/build/gscam': CMAKE_PREFIX_PATH=/home/jetbot/ece417/ws/install/gscam:/home/jetbot/ece417/ws/install/aruco_opencv:/home/jetbot/ece417/ws/install/aruco_opencv_msgs:/home/jetbot/ece417/ws/install/py_pubsub:/home/jetbot/ece417/ws/install/jetbot_ros:/ros_deep_learning/install/ros_deep_learning:/opt/ros/humble/install /usr/local/bin/cmake --install /home/jetbot/ece417/ws/build/gscam
[5.282s] -- Install configuration: ""
[5.284s] -- Execute custom install script
[5.286s] -- Up-to-date symlink: /home/jetbot/ece417/ws/install/gscam/lib/gscam/gscam_node
[5.287s] -- Up-to-date symlink: /home/jetbot/ece417/ws/install/gscam/share/gscam/environment/library_path.sh
[5.288s] -- Up-to-date symlink: /home/jetbot/ece417/ws/install/gscam/share/gscam/environment/library_path.dsv
[5.289s] -- Up-to-date symlink: /home/jetbot/ece417/ws/install/gscam/share/ament_index/resource_index/package_run_dependencies/gscam
[5.290s] -- Up-to-date symlink: /home/jetbot/ece417/ws/install/gscam/share/ament_index/resource_index/parent_prefix_path/gscam
[5.292s] -- Up-to-date symlink: /home/jetbot/ece417/ws/install/gscam/share/gscam/environment/ament_prefix_path.sh
[5.293s] -- Up-to-date symlink: /home/jetbot/ece417/ws/install/gscam/share/gscam/environment/ament_prefix_path.dsv
[5.294s] -- Up-to-date symlink: /home/jetbot/ece417/ws/install/gscam/share/gscam/environment/path.sh
[5.295s] -- Up-to-date symlink: /home/jetbot/ece417/ws/install/gscam/share/gscam/environment/path.dsv
[5.296s] -- Up-to-date symlink: /home/jetbot/ece417/ws/install/gscam/share/gscam/local_setup.bash
[5.297s] -- Up-to-date symlink: /home/jetbot/ece417/ws/install/gscam/share/gscam/local_setup.sh
[5.300s] -- Up-to-date symlink: /home/jetbot/ece417/ws/install/gscam/share/gscam/local_setup.zsh
[5.301s] -- Up-to-date symlink: /home/jetbot/ece417/ws/install/gscam/share/gscam/local_setup.dsv
[5.303s] -- Symlinking: /home/jetbot/ece417/ws/install/gscam/share/gscam/package.dsv
[5.310s] -- Up-to-date symlink: /home/jetbot/ece417/ws/install/gscam/share/ament_index/resource_index/packages/gscam
[5.311s] -- Up-to-date symlink: /home/jetbot/ece417/ws/install/gscam/share/ament_index/resource_index/rclcpp_components/gscam
[5.312s] -- Up-to-date symlink: /home/jetbot/ece417/ws/install/gscam/share/gscam/cmake/ament_cmake_export_dependencies-extras.cmake
[5.313s] -- Up-to-date symlink: /home/jetbot/ece417/ws/install/gscam/share/gscam/cmake/ament_cmake_export_include_directories-extras.cmake
[5.314s] -- Up-to-date symlink: /home/jetbot/ece417/ws/install/gscam/share/gscam/cmake/ament_cmake_export_targets-extras.cmake
[5.315s] -- Up-to-date symlink: /home/jetbot/ece417/ws/install/gscam/share/gscam/cmake/ament_cmake_export_libraries-extras.cmake
[5.315s] -- Up-to-date symlink: /home/jetbot/ece417/ws/install/gscam/share/gscam/cmake/gscamConfig.cmake
[5.316s] -- Up-to-date symlink: /home/jetbot/ece417/ws/install/gscam/share/gscam/cmake/gscamConfig-version.cmake
[5.317s] -- Up-to-date symlink: /home/jetbot/ece417/ws/install/gscam/share/gscam/package.xml
[5.319s] -- Up-to-date symlink: /home/jetbot/ece417/ws/install/gscam/share/gscam/examples/component_pipeline_launch.py
[5.320s] -- Up-to-date symlink: /home/jetbot/ece417/ws/install/gscam/share/gscam/examples/csi_cam_640x360.ini
[5.321s] -- Up-to-date symlink: /home/jetbot/ece417/ws/install/gscam/share/gscam/examples/decklink.launch.xml
[5.322s] -- Up-to-date symlink: /home/jetbot/ece417/ws/install/gscam/share/gscam/examples/minoru.launch.xml
[5.322s] -- Up-to-date symlink: /home/jetbot/ece417/ws/install/gscam/share/gscam/examples/nvcsi.launch.xml
[5.323s] -- Up-to-date symlink: /home/jetbot/ece417/ws/install/gscam/share/gscam/examples/osx.launch.xml
[5.324s] -- Up-to-date symlink: /home/jetbot/ece417/ws/install/gscam/share/gscam/examples/uncalibrated_parameters.ini
[5.324s] -- Up-to-date symlink: /home/jetbot/ece417/ws/install/gscam/share/gscam/examples/v4l.launch.xml
[5.325s] -- Up-to-date symlink: /home/jetbot/ece417/ws/install/gscam/share/gscam/examples/v4ljpeg.launch.xml
[5.329s] -- Up-to-date symlink: /home/jetbot/ece417/ws/install/gscam/share/gscam/examples/videofile.launch.xml
[5.330s] -- Up-to-date: /home/jetbot/ece417/ws/install/gscam/share/gscam/cmake/export_gscamExport.cmake
[5.330s] -- Up-to-date: /home/jetbot/ece417/ws/install/gscam/share/gscam/cmake/export_gscamExport-noconfig.cmake
[5.331s] -- Up-to-date: /home/jetbot/ece417/ws/install/gscam/lib/libgscam.so
[5.367s] Invoked command in '/home/jetbot/ece417/ws/build/gscam' returned '0': CMAKE_PREFIX_PATH=/home/jetbot/ece417/ws/install/gscam:/home/jetbot/ece417/ws/install/aruco_opencv:/home/jetbot/ece417/ws/install/aruco_opencv_msgs:/home/jetbot/ece417/ws/install/py_pubsub:/home/jetbot/ece417/ws/install/jetbot_ros:/ros_deep_learning/install/ros_deep_learning:/opt/ros/humble/install /usr/local/bin/cmake --install /home/jetbot/ece417/ws/build/gscam
