[6.953s] Invoking command in '/home/jetbot/ece417/ws/build/py_pubsub': PYTHONPATH=/home/jetbot/ece417/ws/build/py_pubsub/prefix_override:/home/jetbot/ece417/ws/install/py_pubsub/lib/python3.6/site-packages:${PYTHONPATH} /usr/bin/python3 setup.py develop --editable --build-directory /home/jetbot/ece417/ws/build/py_pubsub/build --no-deps install_data
[8.787s] running develop
[8.788s] /usr/local/lib/python3.6/dist-packages/setuptools/command/easy_install.py:159: EasyInstallDeprecationWarning: easy_install command is deprecated. Use build and pip and other standards-based tools.
[8.789s]   EasyInstallDeprecationWarning,
[8.795s] /usr/local/lib/python3.6/dist-packages/setuptools/command/install.py:37: SetuptoolsDeprecationWarning: setup.py install is deprecated. Use build and pip and other standards-based tools.
[8.795s]   setuptools.SetuptoolsDeprecationWarning,
[9.818s] running egg_info
[9.819s] writing py_pubsub.egg-info/PKG-INFO
[9.820s] writing dependency_links to py_pubsub.egg-info/dependency_links.txt
[9.821s] writing entry points to py_pubsub.egg-info/entry_points.txt
[9.822s] writing requirements to py_pubsub.egg-info/requires.txt
[9.823s] writing top-level names to py_pubsub.egg-info/top_level.txt
[9.832s] reading manifest file 'py_pubsub.egg-info/SOURCES.txt'
[9.838s] writing manifest file 'py_pubsub.egg-info/SOURCES.txt'
[10.077s] running build_ext
[10.077s] Creating /home/jetbot/ece417/ws/install/py_pubsub/lib/python3.6/site-packages/py-pubsub.egg-link (link to .)
[10.085s] Installing listener script to /home/jetbot/ece417/ws/install/py_pubsub/lib/py_pubsub
[10.092s] Installing move2aruco script to /home/jetbot/ece417/ws/install/py_pubsub/lib/py_pubsub
[10.106s] Installing talker script to /home/jetbot/ece417/ws/install/py_pubsub/lib/py_pubsub
[10.108s] 
[10.109s] Installed /home/jetbot/ece417/ws/build/py_pubsub
[10.110s] running install_data
[10.264s] Invoked command in '/home/jetbot/ece417/ws/build/py_pubsub' returned '0': PYTHONPATH=/home/jetbot/ece417/ws/build/py_pubsub/prefix_override:/home/jetbot/ece417/ws/install/py_pubsub/lib/python3.6/site-packages:${PYTHONPATH} /usr/bin/python3 setup.py develop --editable --build-directory /home/jetbot/ece417/ws/build/py_pubsub/build --no-deps install_data
