[4.315s] Invoking command in '/home/jetbot/ece417/ws/src/py_pubsub': PYTHONPATH=/home/jetbot/ece417/ws/build/py_pubsub/prefix_override:/home/jetbot/ece417/ws/install/py_pubsub/lib/python3.6/site-packages:${PYTHONPATH} /usr/bin/python3 setup.py egg_info --egg-base ../../build/py_pubsub build --build-base /home/jetbot/ece417/ws/build/py_pubsub/build install --record /home/jetbot/ece417/ws/build/py_pubsub/install.log --single-version-externally-managed
[5.889s] running egg_info
[5.892s] creating ../../build/py_pubsub/py_pubsub.egg-info
[5.892s] writing ../../build/py_pubsub/py_pubsub.egg-info/PKG-INFO
[5.893s] writing dependency_links to ../../build/py_pubsub/py_pubsub.egg-info/dependency_links.txt
[5.894s] writing entry points to ../../build/py_pubsub/py_pubsub.egg-info/entry_points.txt
[5.895s] writing requirements to ../../build/py_pubsub/py_pubsub.egg-info/requires.txt
[5.895s] writing top-level names to ../../build/py_pubsub/py_pubsub.egg-info/top_level.txt
[5.896s] writing manifest file '../../build/py_pubsub/py_pubsub.egg-info/SOURCES.txt'
[5.903s] reading manifest file '../../build/py_pubsub/py_pubsub.egg-info/SOURCES.txt'
[5.908s] writing manifest file '../../build/py_pubsub/py_pubsub.egg-info/SOURCES.txt'
[5.909s] running build
[5.910s] running build_py
[5.911s] creating /home/jetbot/ece417/ws/build/py_pubsub/build
[5.911s] creating /home/jetbot/ece417/ws/build/py_pubsub/build/lib
[5.912s] creating /home/jetbot/ece417/ws/build/py_pubsub/build/lib/py_pubsub
[5.913s] copying py_pubsub/__init__.py -> /home/jetbot/ece417/ws/build/py_pubsub/build/lib/py_pubsub
[5.913s] copying py_pubsub/publisher_member_function.py -> /home/jetbot/ece417/ws/build/py_pubsub/build/lib/py_pubsub
[5.914s] copying py_pubsub/subscriber_member_function.py -> /home/jetbot/ece417/ws/build/py_pubsub/build/lib/py_pubsub
[5.914s] running install
[5.915s] /usr/local/lib/python3.6/dist-packages/setuptools/command/install.py:37: SetuptoolsDeprecationWarning: setup.py install is deprecated. Use build and pip and other standards-based tools.
[5.915s]   setuptools.SetuptoolsDeprecationWarning,
[5.915s] running install_lib
[5.917s] creating /home/jetbot/ece417/ws/install/py_pubsub/lib/python3.6/site-packages/py_pubsub
[5.917s] copying /home/jetbot/ece417/ws/build/py_pubsub/build/lib/py_pubsub/__init__.py -> /home/jetbot/ece417/ws/install/py_pubsub/lib/python3.6/site-packages/py_pubsub
[5.918s] copying /home/jetbot/ece417/ws/build/py_pubsub/build/lib/py_pubsub/publisher_member_function.py -> /home/jetbot/ece417/ws/install/py_pubsub/lib/python3.6/site-packages/py_pubsub
[5.918s] copying /home/jetbot/ece417/ws/build/py_pubsub/build/lib/py_pubsub/subscriber_member_function.py -> /home/jetbot/ece417/ws/install/py_pubsub/lib/python3.6/site-packages/py_pubsub
[5.920s] byte-compiling /home/jetbot/ece417/ws/install/py_pubsub/lib/python3.6/site-packages/py_pubsub/__init__.py to __init__.cpython-36.pyc
[5.921s] byte-compiling /home/jetbot/ece417/ws/install/py_pubsub/lib/python3.6/site-packages/py_pubsub/publisher_member_function.py to publisher_member_function.cpython-36.pyc
[5.922s] byte-compiling /home/jetbot/ece417/ws/install/py_pubsub/lib/python3.6/site-packages/py_pubsub/subscriber_member_function.py to subscriber_member_function.cpython-36.pyc
[5.923s] running install_data
[5.928s] creating /home/jetbot/ece417/ws/install/py_pubsub/share/ament_index
[5.928s] creating /home/jetbot/ece417/ws/install/py_pubsub/share/ament_index/resource_index
[5.929s] creating /home/jetbot/ece417/ws/install/py_pubsub/share/ament_index/resource_index/packages
[5.929s] copying resource/py_pubsub -> /home/jetbot/ece417/ws/install/py_pubsub/share/ament_index/resource_index/packages
[5.930s] copying package.xml -> /home/jetbot/ece417/ws/install/py_pubsub/share/py_pubsub
[5.930s] running install_egg_info
[5.936s] Copying ../../build/py_pubsub/py_pubsub.egg-info to /home/jetbot/ece417/ws/install/py_pubsub/lib/python3.6/site-packages/py_pubsub-0.0.0-py3.6.egg-info
[5.940s] running install_scripts
[6.022s] Installing talker script to /home/jetbot/ece417/ws/install/py_pubsub/lib/py_pubsub
[6.023s] writing list of installed files to '/home/jetbot/ece417/ws/build/py_pubsub/install.log'
[6.138s] Invoked command in '/home/jetbot/ece417/ws/src/py_pubsub' returned '0': PYTHONPATH=/home/jetbot/ece417/ws/build/py_pubsub/prefix_override:/home/jetbot/ece417/ws/install/py_pubsub/lib/python3.6/site-packages:${PYTHONPATH} /usr/bin/python3 setup.py egg_info --egg-base ../../build/py_pubsub build --build-base /home/jetbot/ece417/ws/build/py_pubsub/build install --record /home/jetbot/ece417/ws/build/py_pubsub/install.log --single-version-externally-managed
