[0.737s] Invoking command in '/home/jetbot/ece417/ws/build/aruco_opencv_msgs': CMAKE_PREFIX_PATH=/home/jetbot/ece417/ws/install/gscam:/home/jetbot/ece417/ws/install/aruco_opencv:/home/jetbot/ece417/ws/install/aruco_opencv_msgs:/home/jetbot/ece417/ws/install/py_pubsub:/home/jetbot/ece417/ws/install/jetbot_ros:/ros_deep_learning/install/ros_deep_learning:/opt/ros/humble/install /usr/local/bin/cmake --build /home/jetbot/ece417/ws/build/aruco_opencv_msgs -- -j4 -l4
[4.692s] [  0%] Built target ament_cmake_python_symlink_aruco_opencv_msgs
[4.695s] [  2%] Built target aruco_opencv_msgs__cpp
[4.697s] [ 12%] Built target aruco_opencv_msgs__rosidl_generator_c
[4.698s] [ 23%] Built target aruco_opencv_msgs__rosidl_typesupport_fastrtps_cpp
[4.699s] [ 34%] Built target aruco_opencv_msgs__rosidl_typesupport_cpp
[4.701s] [ 44%] Built target aruco_opencv_msgs__rosidl_typesupport_introspection_cpp
[4.702s] [ 55%] Built target aruco_opencv_msgs__rosidl_typesupport_introspection_c
[4.703s] [ 65%] Built target aruco_opencv_msgs__rosidl_typesupport_c
[4.706s] [ 76%] Built target aruco_opencv_msgs__rosidl_typesupport_fastrtps_c
[4.706s] [ 76%] Built target aruco_opencv_msgs
[4.708s] [ 78%] Built target aruco_opencv_msgs__py
[4.711s] [ 87%] Built target aruco_opencv_msgs__rosidl_generator_py
[4.712s] [ 91%] Built target aruco_opencv_msgs__rosidl_typesupport_c__pyext
[4.713s] [ 95%] Built target aruco_opencv_msgs__rosidl_typesupport_introspection_c__pyext
[4.714s] [100%] Built target aruco_opencv_msgs__rosidl_typesupport_fastrtps_c__pyext
[4.715s] running egg_info
[4.717s] writing aruco_opencv_msgs.egg-info/PKG-INFO
[4.722s] writing dependency_links to aruco_opencv_msgs.egg-info/dependency_links.txt
[4.723s] writing top-level names to aruco_opencv_msgs.egg-info/top_level.txt
[4.724s] reading manifest file 'aruco_opencv_msgs.egg-info/SOURCES.txt'
[4.725s] writing manifest file 'aruco_opencv_msgs.egg-info/SOURCES.txt'
[4.729s] [100%] Built target ament_cmake_python_build_aruco_opencv_msgs_egg
[4.737s] Invoked command in '/home/jetbot/ece417/ws/build/aruco_opencv_msgs' returned '0': CMAKE_PREFIX_PATH=/home/jetbot/ece417/ws/install/gscam:/home/jetbot/ece417/ws/install/aruco_opencv:/home/jetbot/ece417/ws/install/aruco_opencv_msgs:/home/jetbot/ece417/ws/install/py_pubsub:/home/jetbot/ece417/ws/install/jetbot_ros:/ros_deep_learning/install/ros_deep_learning:/opt/ros/humble/install /usr/local/bin/cmake --build /home/jetbot/ece417/ws/build/aruco_opencv_msgs -- -j4 -l4
[5.348s] Invoking command in '/home/jetbot/ece417/ws/build/aruco_opencv_msgs': CMAKE_PREFIX_PATH=/home/jetbot/ece417/ws/install/gscam:/home/jetbot/ece417/ws/install/aruco_opencv:/home/jetbot/ece417/ws/install/aruco_opencv_msgs:/home/jetbot/ece417/ws/install/py_pubsub:/home/jetbot/ece417/ws/install/jetbot_ros:/ros_deep_learning/install/ros_deep_learning:/opt/ros/humble/install /usr/local/bin/cmake --install /home/jetbot/ece417/ws/build/aruco_opencv_msgs
[5.567s] -- Install configuration: ""
[5.570s] -- Execute custom install script
[5.574s] -- Up-to-date symlink: /home/jetbot/ece417/ws/install/aruco_opencv_msgs/share/ament_index/resource_index/rosidl_interfaces/aruco_opencv_msgs
[5.576s] -- Up-to-date symlink: /home/jetbot/ece417/ws/install/aruco_opencv_msgs/include/aruco_opencv_msgs/aruco_opencv_msgs/msg/aruco_detection.h
[5.588s] -- Up-to-date symlink: /home/jetbot/ece417/ws/install/aruco_opencv_msgs/include/aruco_opencv_msgs/aruco_opencv_msgs/msg/board_pose.h
[5.602s] -- Up-to-date symlink: /home/jetbot/ece417/ws/install/aruco_opencv_msgs/include/aruco_opencv_msgs/aruco_opencv_msgs/msg/detail/aruco_detection__functions.h
[5.604s] -- Up-to-date symlink: /home/jetbot/ece417/ws/install/aruco_opencv_msgs/include/aruco_opencv_msgs/aruco_opencv_msgs/msg/detail/aruco_detection__struct.h
[5.605s] -- Up-to-date symlink: /home/jetbot/ece417/ws/install/aruco_opencv_msgs/include/aruco_opencv_msgs/aruco_opencv_msgs/msg/detail/aruco_detection__type_support.h
[5.605s] -- Up-to-date symlink: /home/jetbot/ece417/ws/install/aruco_opencv_msgs/include/aruco_opencv_msgs/aruco_opencv_msgs/msg/detail/board_pose__functions.h
[5.606s] -- Up-to-date symlink: /home/jetbot/ece417/ws/install/aruco_opencv_msgs/include/aruco_opencv_msgs/aruco_opencv_msgs/msg/detail/board_pose__struct.h
[5.607s] -- Up-to-date symlink: /home/jetbot/ece417/ws/install/aruco_opencv_msgs/include/aruco_opencv_msgs/aruco_opencv_msgs/msg/detail/board_pose__type_support.h
[5.607s] -- Up-to-date symlink: /home/jetbot/ece417/ws/install/aruco_opencv_msgs/include/aruco_opencv_msgs/aruco_opencv_msgs/msg/detail/marker_pose__functions.h
[5.608s] -- Up-to-date symlink: /home/jetbot/ece417/ws/install/aruco_opencv_msgs/include/aruco_opencv_msgs/aruco_opencv_msgs/msg/detail/marker_pose__struct.h
[5.608s] -- Up-to-date symlink: /home/jetbot/ece417/ws/install/aruco_opencv_msgs/include/aruco_opencv_msgs/aruco_opencv_msgs/msg/detail/marker_pose__type_support.h
[5.609s] -- Up-to-date symlink: /home/jetbot/ece417/ws/install/aruco_opencv_msgs/include/aruco_opencv_msgs/aruco_opencv_msgs/msg/marker_pose.h
[5.610s] -- Up-to-date symlink: /home/jetbot/ece417/ws/install/aruco_opencv_msgs/include/aruco_opencv_msgs/aruco_opencv_msgs/msg/rosidl_generator_c__visibility_control.h
[5.614s] -- Up-to-date symlink: /home/jetbot/ece417/ws/install/aruco_opencv_msgs/share/aruco_opencv_msgs/environment/library_path.sh
[5.616s] -- Up-to-date symlink: /home/jetbot/ece417/ws/install/aruco_opencv_msgs/share/aruco_opencv_msgs/environment/library_path.dsv
[5.629s] -- Up-to-date symlink: /home/jetbot/ece417/ws/install/aruco_opencv_msgs/include/aruco_opencv_msgs/aruco_opencv_msgs/msg/detail/aruco_detection__rosidl_typesupport_fastrtps_c.h
[5.630s] -- Up-to-date symlink: /home/jetbot/ece417/ws/install/aruco_opencv_msgs/include/aruco_opencv_msgs/aruco_opencv_msgs/msg/detail/board_pose__rosidl_typesupport_fastrtps_c.h
[5.630s] -- Up-to-date symlink: /home/jetbot/ece417/ws/install/aruco_opencv_msgs/include/aruco_opencv_msgs/aruco_opencv_msgs/msg/detail/marker_pose__rosidl_typesupport_fastrtps_c.h
[5.631s] -- Up-to-date symlink: /home/jetbot/ece417/ws/install/aruco_opencv_msgs/include/aruco_opencv_msgs/aruco_opencv_msgs/msg/rosidl_typesupport_fastrtps_c__visibility_control.h
[5.631s] -- Up-to-date symlink: /home/jetbot/ece417/ws/install/aruco_opencv_msgs/include/aruco_opencv_msgs/aruco_opencv_msgs/msg/detail/aruco_detection__rosidl_typesupport_introspection_c.h
[5.632s] -- Up-to-date symlink: /home/jetbot/ece417/ws/install/aruco_opencv_msgs/include/aruco_opencv_msgs/aruco_opencv_msgs/msg/detail/board_pose__rosidl_typesupport_introspection_c.h
[5.632s] -- Up-to-date symlink: /home/jetbot/ece417/ws/install/aruco_opencv_msgs/include/aruco_opencv_msgs/aruco_opencv_msgs/msg/detail/marker_pose__rosidl_typesupport_introspection_c.h
[5.639s] -- Up-to-date symlink: /home/jetbot/ece417/ws/install/aruco_opencv_msgs/include/aruco_opencv_msgs/aruco_opencv_msgs/msg/rosidl_typesupport_introspection_c__visibility_control.h
[5.640s] -- Up-to-date symlink: /home/jetbot/ece417/ws/install/aruco_opencv_msgs/include/aruco_opencv_msgs/aruco_opencv_msgs/msg/aruco_detection.hpp
[5.642s] -- Up-to-date symlink: /home/jetbot/ece417/ws/install/aruco_opencv_msgs/include/aruco_opencv_msgs/aruco_opencv_msgs/msg/board_pose.hpp
[5.642s] -- Up-to-date symlink: /home/jetbot/ece417/ws/install/aruco_opencv_msgs/include/aruco_opencv_msgs/aruco_opencv_msgs/msg/detail/aruco_detection__builder.hpp
[5.643s] -- Up-to-date symlink: /home/jetbot/ece417/ws/install/aruco_opencv_msgs/include/aruco_opencv_msgs/aruco_opencv_msgs/msg/detail/aruco_detection__struct.hpp
[5.650s] -- Up-to-date symlink: /home/jetbot/ece417/ws/install/aruco_opencv_msgs/include/aruco_opencv_msgs/aruco_opencv_msgs/msg/detail/aruco_detection__traits.hpp
[5.651s] -- Up-to-date symlink: /home/jetbot/ece417/ws/install/aruco_opencv_msgs/include/aruco_opencv_msgs/aruco_opencv_msgs/msg/detail/board_pose__builder.hpp
[5.651s] -- Up-to-date symlink: /home/jetbot/ece417/ws/install/aruco_opencv_msgs/include/aruco_opencv_msgs/aruco_opencv_msgs/msg/detail/board_pose__struct.hpp
[5.652s] -- Up-to-date symlink: /home/jetbot/ece417/ws/install/aruco_opencv_msgs/include/aruco_opencv_msgs/aruco_opencv_msgs/msg/detail/board_pose__traits.hpp
[5.653s] -- Up-to-date symlink: /home/jetbot/ece417/ws/install/aruco_opencv_msgs/include/aruco_opencv_msgs/aruco_opencv_msgs/msg/detail/marker_pose__builder.hpp
[5.653s] -- Up-to-date symlink: /home/jetbot/ece417/ws/install/aruco_opencv_msgs/include/aruco_opencv_msgs/aruco_opencv_msgs/msg/detail/marker_pose__struct.hpp
[5.654s] -- Up-to-date symlink: /home/jetbot/ece417/ws/install/aruco_opencv_msgs/include/aruco_opencv_msgs/aruco_opencv_msgs/msg/detail/marker_pose__traits.hpp
[5.655s] -- Up-to-date symlink: /home/jetbot/ece417/ws/install/aruco_opencv_msgs/include/aruco_opencv_msgs/aruco_opencv_msgs/msg/marker_pose.hpp
[5.655s] -- Up-to-date symlink: /home/jetbot/ece417/ws/install/aruco_opencv_msgs/include/aruco_opencv_msgs/aruco_opencv_msgs/msg/detail/aruco_detection__rosidl_typesupport_fastrtps_cpp.hpp
[5.660s] -- Up-to-date symlink: /home/jetbot/ece417/ws/install/aruco_opencv_msgs/include/aruco_opencv_msgs/aruco_opencv_msgs/msg/detail/board_pose__rosidl_typesupport_fastrtps_cpp.hpp
[5.661s] -- Up-to-date symlink: /home/jetbot/ece417/ws/install/aruco_opencv_msgs/include/aruco_opencv_msgs/aruco_opencv_msgs/msg/detail/marker_pose__rosidl_typesupport_fastrtps_cpp.hpp
[5.661s] -- Up-to-date symlink: /home/jetbot/ece417/ws/install/aruco_opencv_msgs/include/aruco_opencv_msgs/aruco_opencv_msgs/msg/rosidl_typesupport_fastrtps_cpp__visibility_control.h
[5.662s] -- Up-to-date symlink: /home/jetbot/ece417/ws/install/aruco_opencv_msgs/include/aruco_opencv_msgs/aruco_opencv_msgs/msg/detail/aruco_detection__rosidl_typesupport_introspection_cpp.hpp
[5.662s] -- Up-to-date symlink: /home/jetbot/ece417/ws/install/aruco_opencv_msgs/include/aruco_opencv_msgs/aruco_opencv_msgs/msg/detail/board_pose__rosidl_typesupport_introspection_cpp.hpp
[5.663s] -- Up-to-date symlink: /home/jetbot/ece417/ws/install/aruco_opencv_msgs/include/aruco_opencv_msgs/aruco_opencv_msgs/msg/detail/marker_pose__rosidl_typesupport_introspection_cpp.hpp
[5.663s] -- Up-to-date symlink: /home/jetbot/ece417/ws/install/aruco_opencv_msgs/share/aruco_opencv_msgs/environment/pythonpath.sh
[5.664s] -- Up-to-date symlink: /home/jetbot/ece417/ws/install/aruco_opencv_msgs/share/aruco_opencv_msgs/environment/pythonpath.dsv
[5.664s] -- Up-to-date symlink: /home/jetbot/ece417/ws/install/aruco_opencv_msgs/lib/python3.6/site-packages/aruco_opencv_msgs-2.3.1-py3.6.egg-info/PKG-INFO
[5.665s] -- Up-to-date symlink: /home/jetbot/ece417/ws/install/aruco_opencv_msgs/lib/python3.6/site-packages/aruco_opencv_msgs-2.3.1-py3.6.egg-info/SOURCES.txt
[5.673s] -- Up-to-date symlink: /home/jetbot/ece417/ws/install/aruco_opencv_msgs/lib/python3.6/site-packages/aruco_opencv_msgs-2.3.1-py3.6.egg-info/dependency_links.txt
[5.674s] -- Up-to-date symlink: /home/jetbot/ece417/ws/install/aruco_opencv_msgs/lib/python3.6/site-packages/aruco_opencv_msgs-2.3.1-py3.6.egg-info/top_level.txt
[5.675s] -- Up-to-date symlink: /home/jetbot/ece417/ws/install/aruco_opencv_msgs/lib/python3.6/site-packages/aruco_opencv_msgs/__init__.py
[5.675s] -- Up-to-date symlink: /home/jetbot/ece417/ws/install/aruco_opencv_msgs/lib/python3.6/site-packages/aruco_opencv_msgs/_aruco_opencv_msgs_s.ep.rosidl_typesupport_c.c
[5.676s] -- Up-to-date symlink: /home/jetbot/ece417/ws/install/aruco_opencv_msgs/lib/python3.6/site-packages/aruco_opencv_msgs/_aruco_opencv_msgs_s.ep.rosidl_typesupport_fastrtps_c.c
[5.682s] -- Up-to-date symlink: /home/jetbot/ece417/ws/install/aruco_opencv_msgs/lib/python3.6/site-packages/aruco_opencv_msgs/_aruco_opencv_msgs_s.ep.rosidl_typesupport_introspection_c.c
[5.683s] -- Up-to-date symlink: /home/jetbot/ece417/ws/install/aruco_opencv_msgs/lib/python3.6/site-packages/aruco_opencv_msgs/aruco_opencv_msgs_s__rosidl_typesupport_c.cpython-36m-aarch64-linux-gnu.so
[5.684s] -- Up-to-date symlink: /home/jetbot/ece417/ws/install/aruco_opencv_msgs/lib/python3.6/site-packages/aruco_opencv_msgs/aruco_opencv_msgs_s__rosidl_typesupport_fastrtps_c.cpython-36m-aarch64-linux-gnu.so
[5.685s] -- Up-to-date symlink: /home/jetbot/ece417/ws/install/aruco_opencv_msgs/lib/python3.6/site-packages/aruco_opencv_msgs/aruco_opencv_msgs_s__rosidl_typesupport_introspection_c.cpython-36m-aarch64-linux-gnu.so
[5.686s] -- Up-to-date symlink: /home/jetbot/ece417/ws/install/aruco_opencv_msgs/lib/python3.6/site-packages/aruco_opencv_msgs/libaruco_opencv_msgs__rosidl_generator_py.so
[5.686s] -- Up-to-date symlink: /home/jetbot/ece417/ws/install/aruco_opencv_msgs/lib/python3.6/site-packages/aruco_opencv_msgs/msg/__init__.py
[5.687s] -- Up-to-date symlink: /home/jetbot/ece417/ws/install/aruco_opencv_msgs/lib/python3.6/site-packages/aruco_opencv_msgs/msg/_aruco_detection.py
[5.688s] -- Up-to-date symlink: /home/jetbot/ece417/ws/install/aruco_opencv_msgs/lib/python3.6/site-packages/aruco_opencv_msgs/msg/_aruco_detection_s.c
[5.688s] -- Up-to-date symlink: /home/jetbot/ece417/ws/install/aruco_opencv_msgs/lib/python3.6/site-packages/aruco_opencv_msgs/msg/_board_pose.py
[5.699s] -- Up-to-date symlink: /home/jetbot/ece417/ws/install/aruco_opencv_msgs/lib/python3.6/site-packages/aruco_opencv_msgs/msg/_board_pose_s.c
[5.700s] -- Up-to-date symlink: /home/jetbot/ece417/ws/install/aruco_opencv_msgs/lib/python3.6/site-packages/aruco_opencv_msgs/msg/_marker_pose.py
[5.701s] -- Up-to-date symlink: /home/jetbot/ece417/ws/install/aruco_opencv_msgs/lib/python3.6/site-packages/aruco_opencv_msgs/msg/_marker_pose_s.c
[5.702s] -- Up-to-date symlink: /home/jetbot/ece417/ws/install/aruco_opencv_msgs/lib/python3.6/site-packages/aruco_opencv_msgs/aruco_opencv_msgs_s__rosidl_typesupport_fastrtps_c.cpython-36m-aarch64-linux-gnu.so
[5.703s] -- Up-to-date symlink: /home/jetbot/ece417/ws/install/aruco_opencv_msgs/lib/python3.6/site-packages/aruco_opencv_msgs/aruco_opencv_msgs_s__rosidl_typesupport_introspection_c.cpython-36m-aarch64-linux-gnu.so
[5.712s] -- Up-to-date symlink: /home/jetbot/ece417/ws/install/aruco_opencv_msgs/lib/python3.6/site-packages/aruco_opencv_msgs/aruco_opencv_msgs_s__rosidl_typesupport_c.cpython-36m-aarch64-linux-gnu.so
[5.718s] -- Up-to-date symlink: /home/jetbot/ece417/ws/install/aruco_opencv_msgs/share/aruco_opencv_msgs/msg/ArucoDetection.idl
[5.718s] -- Up-to-date symlink: /home/jetbot/ece417/ws/install/aruco_opencv_msgs/share/aruco_opencv_msgs/msg/BoardPose.idl
[5.719s] -- Up-to-date symlink: /home/jetbot/ece417/ws/install/aruco_opencv_msgs/share/aruco_opencv_msgs/msg/MarkerPose.idl
[5.719s] -- Up-to-date symlink: /home/jetbot/ece417/ws/install/aruco_opencv_msgs/share/aruco_opencv_msgs/msg/ArucoDetection.msg
[5.720s] -- Up-to-date symlink: /home/jetbot/ece417/ws/install/aruco_opencv_msgs/share/aruco_opencv_msgs/msg/BoardPose.msg
[5.720s] -- Up-to-date symlink: /home/jetbot/ece417/ws/install/aruco_opencv_msgs/share/aruco_opencv_msgs/msg/MarkerPose.msg
[5.721s] -- Up-to-date symlink: /home/jetbot/ece417/ws/install/aruco_opencv_msgs/share/ament_index/resource_index/package_run_dependencies/aruco_opencv_msgs
[5.722s] -- Up-to-date symlink: /home/jetbot/ece417/ws/install/aruco_opencv_msgs/share/ament_index/resource_index/parent_prefix_path/aruco_opencv_msgs
[5.723s] -- Up-to-date symlink: /home/jetbot/ece417/ws/install/aruco_opencv_msgs/share/aruco_opencv_msgs/environment/ament_prefix_path.sh
[5.723s] -- Up-to-date symlink: /home/jetbot/ece417/ws/install/aruco_opencv_msgs/share/aruco_opencv_msgs/environment/ament_prefix_path.dsv
[5.725s] -- Up-to-date symlink: /home/jetbot/ece417/ws/install/aruco_opencv_msgs/share/aruco_opencv_msgs/environment/path.sh
[5.726s] -- Up-to-date symlink: /home/jetbot/ece417/ws/install/aruco_opencv_msgs/share/aruco_opencv_msgs/environment/path.dsv
[5.726s] -- Up-to-date symlink: /home/jetbot/ece417/ws/install/aruco_opencv_msgs/share/aruco_opencv_msgs/local_setup.bash
[5.727s] -- Up-to-date symlink: /home/jetbot/ece417/ws/install/aruco_opencv_msgs/share/aruco_opencv_msgs/local_setup.sh
[5.728s] -- Up-to-date symlink: /home/jetbot/ece417/ws/install/aruco_opencv_msgs/share/aruco_opencv_msgs/local_setup.zsh
[5.728s] -- Up-to-date symlink: /home/jetbot/ece417/ws/install/aruco_opencv_msgs/share/aruco_opencv_msgs/local_setup.dsv
[5.729s] -- Symlinking: /home/jetbot/ece417/ws/install/aruco_opencv_msgs/share/aruco_opencv_msgs/package.dsv
[5.730s] -- Up-to-date symlink: /home/jetbot/ece417/ws/install/aruco_opencv_msgs/share/ament_index/resource_index/packages/aruco_opencv_msgs
[5.734s] -- Up-to-date symlink: /home/jetbot/ece417/ws/install/aruco_opencv_msgs/share/aruco_opencv_msgs/cmake/rosidl_cmake-extras.cmake
[5.735s] -- Up-to-date symlink: /home/jetbot/ece417/ws/install/aruco_opencv_msgs/share/aruco_opencv_msgs/cmake/ament_cmake_export_dependencies-extras.cmake
[5.735s] -- Up-to-date symlink: /home/jetbot/ece417/ws/install/aruco_opencv_msgs/share/aruco_opencv_msgs/cmake/ament_cmake_export_include_directories-extras.cmake
[5.741s] -- Up-to-date symlink: /home/jetbot/ece417/ws/install/aruco_opencv_msgs/share/aruco_opencv_msgs/cmake/ament_cmake_export_libraries-extras.cmake
[5.746s] -- Up-to-date symlink: /home/jetbot/ece417/ws/install/aruco_opencv_msgs/share/aruco_opencv_msgs/cmake/ament_cmake_export_targets-extras.cmake
[5.747s] -- Up-to-date symlink: /home/jetbot/ece417/ws/install/aruco_opencv_msgs/share/aruco_opencv_msgs/cmake/rosidl_cmake_export_typesupport_targets-extras.cmake
[5.748s] -- Up-to-date symlink: /home/jetbot/ece417/ws/install/aruco_opencv_msgs/share/aruco_opencv_msgs/cmake/rosidl_cmake_export_typesupport_libraries-extras.cmake
[5.748s] -- Up-to-date symlink: /home/jetbot/ece417/ws/install/aruco_opencv_msgs/share/aruco_opencv_msgs/cmake/aruco_opencv_msgsConfig.cmake
[5.749s] -- Up-to-date symlink: /home/jetbot/ece417/ws/install/aruco_opencv_msgs/share/aruco_opencv_msgs/cmake/aruco_opencv_msgsConfig-version.cmake
[5.750s] -- Up-to-date symlink: /home/jetbot/ece417/ws/install/aruco_opencv_msgs/share/aruco_opencv_msgs/package.xml
[5.751s] -- Up-to-date: /home/jetbot/ece417/ws/install/aruco_opencv_msgs/lib/libaruco_opencv_msgs__rosidl_generator_c.so
[5.751s] -- Up-to-date: /home/jetbot/ece417/ws/install/aruco_opencv_msgs/lib/libaruco_opencv_msgs__rosidl_typesupport_fastrtps_c.so
[5.752s] -- Up-to-date: /home/jetbot/ece417/ws/install/aruco_opencv_msgs/lib/libaruco_opencv_msgs__rosidl_typesupport_introspection_c.so
[5.752s] -- Up-to-date: /home/jetbot/ece417/ws/install/aruco_opencv_msgs/lib/libaruco_opencv_msgs__rosidl_typesupport_c.so
[5.753s] -- Up-to-date: /home/jetbot/ece417/ws/install/aruco_opencv_msgs/lib/libaruco_opencv_msgs__rosidl_typesupport_fastrtps_cpp.so
[5.753s] -- Up-to-date: /home/jetbot/ece417/ws/install/aruco_opencv_msgs/lib/libaruco_opencv_msgs__rosidl_typesupport_introspection_cpp.so
[5.754s] -- Up-to-date: /home/jetbot/ece417/ws/install/aruco_opencv_msgs/lib/libaruco_opencv_msgs__rosidl_typesupport_cpp.so
[5.962s] Listing '/home/jetbot/ece417/ws/install/aruco_opencv_msgs/lib/python3.6/site-packages/aruco_opencv_msgs'...
[5.962s] Listing '/home/jetbot/ece417/ws/install/aruco_opencv_msgs/lib/python3.6/site-packages/aruco_opencv_msgs/msg'...
[6.002s] -- Up-to-date: /home/jetbot/ece417/ws/install/aruco_opencv_msgs/lib/libaruco_opencv_msgs__rosidl_generator_py.so
[6.003s] -- Up-to-date: /home/jetbot/ece417/ws/install/aruco_opencv_msgs/share/aruco_opencv_msgs/cmake/export_aruco_opencv_msgs__rosidl_generator_cExport.cmake
[6.003s] -- Up-to-date: /home/jetbot/ece417/ws/install/aruco_opencv_msgs/share/aruco_opencv_msgs/cmake/export_aruco_opencv_msgs__rosidl_generator_cExport-noconfig.cmake
[6.004s] -- Up-to-date: /home/jetbot/ece417/ws/install/aruco_opencv_msgs/share/aruco_opencv_msgs/cmake/export_aruco_opencv_msgs__rosidl_typesupport_fastrtps_cExport.cmake
[6.005s] -- Up-to-date: /home/jetbot/ece417/ws/install/aruco_opencv_msgs/share/aruco_opencv_msgs/cmake/export_aruco_opencv_msgs__rosidl_typesupport_fastrtps_cExport-noconfig.cmake
[6.005s] -- Up-to-date: /home/jetbot/ece417/ws/install/aruco_opencv_msgs/share/aruco_opencv_msgs/cmake/aruco_opencv_msgs__rosidl_typesupport_introspection_cExport.cmake
[6.006s] -- Up-to-date: /home/jetbot/ece417/ws/install/aruco_opencv_msgs/share/aruco_opencv_msgs/cmake/aruco_opencv_msgs__rosidl_typesupport_introspection_cExport-noconfig.cmake
[6.006s] -- Up-to-date: /home/jetbot/ece417/ws/install/aruco_opencv_msgs/share/aruco_opencv_msgs/cmake/aruco_opencv_msgs__rosidl_typesupport_cExport.cmake
[6.007s] -- Up-to-date: /home/jetbot/ece417/ws/install/aruco_opencv_msgs/share/aruco_opencv_msgs/cmake/aruco_opencv_msgs__rosidl_typesupport_cExport-noconfig.cmake
[6.008s] -- Up-to-date: /home/jetbot/ece417/ws/install/aruco_opencv_msgs/share/aruco_opencv_msgs/cmake/export_aruco_opencv_msgs__rosidl_generator_cppExport.cmake
[6.008s] -- Up-to-date: /home/jetbot/ece417/ws/install/aruco_opencv_msgs/share/aruco_opencv_msgs/cmake/export_aruco_opencv_msgs__rosidl_typesupport_fastrtps_cppExport.cmake
[6.009s] -- Up-to-date: /home/jetbot/ece417/ws/install/aruco_opencv_msgs/share/aruco_opencv_msgs/cmake/export_aruco_opencv_msgs__rosidl_typesupport_fastrtps_cppExport-noconfig.cmake
[6.010s] -- Up-to-date: /home/jetbot/ece417/ws/install/aruco_opencv_msgs/share/aruco_opencv_msgs/cmake/aruco_opencv_msgs__rosidl_typesupport_introspection_cppExport.cmake
[6.010s] -- Up-to-date: /home/jetbot/ece417/ws/install/aruco_opencv_msgs/share/aruco_opencv_msgs/cmake/aruco_opencv_msgs__rosidl_typesupport_introspection_cppExport-noconfig.cmake
[6.011s] -- Up-to-date: /home/jetbot/ece417/ws/install/aruco_opencv_msgs/share/aruco_opencv_msgs/cmake/aruco_opencv_msgs__rosidl_typesupport_cppExport.cmake
[6.012s] -- Up-to-date: /home/jetbot/ece417/ws/install/aruco_opencv_msgs/share/aruco_opencv_msgs/cmake/aruco_opencv_msgs__rosidl_typesupport_cppExport-noconfig.cmake
[6.012s] -- Up-to-date: /home/jetbot/ece417/ws/install/aruco_opencv_msgs/share/aruco_opencv_msgs/cmake/export_aruco_opencv_msgs__rosidl_generator_pyExport.cmake
[6.013s] -- Up-to-date: /home/jetbot/ece417/ws/install/aruco_opencv_msgs/share/aruco_opencv_msgs/cmake/export_aruco_opencv_msgs__rosidl_generator_pyExport-noconfig.cmake
[6.066s] Invoked command in '/home/jetbot/ece417/ws/build/aruco_opencv_msgs' returned '0': CMAKE_PREFIX_PATH=/home/jetbot/ece417/ws/install/gscam:/home/jetbot/ece417/ws/install/aruco_opencv:/home/jetbot/ece417/ws/install/aruco_opencv_msgs:/home/jetbot/ece417/ws/install/py_pubsub:/home/jetbot/ece417/ws/install/jetbot_ros:/ros_deep_learning/install/ros_deep_learning:/opt/ros/humble/install /usr/local/bin/cmake --install /home/jetbot/ece417/ws/build/aruco_opencv_msgs
