[7.050s] Invoking command in '/home/jetbot/ece417/ws/build/jetbot_ros': PYTHONPATH=/home/jetbot/ece417/ws/build/jetbot_ros/prefix_override:/home/jetbot/ece417/ws/install/jetbot_ros/lib/python3.6/site-packages:${PYTHONPATH} /usr/bin/python3 setup.py develop --editable --build-directory /home/jetbot/ece417/ws/build/jetbot_ros/build --no-deps install_data
[8.631s] /usr/local/lib/python3.6/dist-packages/setuptools/dist.py:726: UserWarning: Usage of dash-separated 'script-dir' will not be supported in future versions. Please use the underscore name 'script_dir' instead
[8.633s]   % (opt, underscore_opt)
[8.891s] running develop
[8.892s] /usr/local/lib/python3.6/dist-packages/setuptools/command/easy_install.py:159: EasyInstallDeprecationWarning: easy_install command is deprecated. Use build and pip and other standards-based tools.
[8.893s]   EasyInstallDeprecationWarning,
[8.899s] /usr/local/lib/python3.6/dist-packages/setuptools/command/install.py:37: SetuptoolsDeprecationWarning: setup.py install is deprecated. Use build and pip and other standards-based tools.
[8.899s]   setuptools.SetuptoolsDeprecationWarning,
[9.881s] running egg_info
[9.883s] writing jetbot_ros.egg-info/PKG-INFO
[9.886s] writing dependency_links to jetbot_ros.egg-info/dependency_links.txt
[9.887s] writing entry points to jetbot_ros.egg-info/entry_points.txt
[9.888s] writing requirements to jetbot_ros.egg-info/requires.txt
[9.888s] writing top-level names to jetbot_ros.egg-info/top_level.txt
[9.898s] reading manifest file 'jetbot_ros.egg-info/SOURCES.txt'
[9.909s] writing manifest file 'jetbot_ros.egg-info/SOURCES.txt'
[10.124s] running build_ext
[10.125s] Creating /home/jetbot/ece417/ws/install/jetbot_ros/lib/python3.6/site-packages/jetbot-ros.egg-link (link to .)
[10.131s] Installing data_collection script to /home/jetbot/ece417/ws/install/jetbot_ros/lib/jetbot_ros
[10.132s] Installing gazebo_spawn script to /home/jetbot/ece417/ws/install/jetbot_ros/lib/jetbot_ros
[10.132s] Installing motors_nvidia script to /home/jetbot/ece417/ws/install/jetbot_ros/lib/jetbot_ros
[10.133s] Installing motors_sparkfun script to /home/jetbot/ece417/ws/install/jetbot_ros/lib/jetbot_ros
[10.134s] Installing motors_waveshare script to /home/jetbot/ece417/ws/install/jetbot_ros/lib/jetbot_ros
[10.135s] Installing nav_model script to /home/jetbot/ece417/ws/install/jetbot_ros/lib/jetbot_ros
[10.136s] Installing oled_ssd1306 script to /home/jetbot/ece417/ws/install/jetbot_ros/lib/jetbot_ros
[10.137s] Installing teleop_keyboard script to /home/jetbot/ece417/ws/install/jetbot_ros/lib/jetbot_ros
[10.137s] 
[10.138s] Installed /home/jetbot/ece417/ws/build/jetbot_ros
[10.138s] running install_data
[10.506s] Invoked command in '/home/jetbot/ece417/ws/build/jetbot_ros' returned '0': PYTHONPATH=/home/jetbot/ece417/ws/build/jetbot_ros/prefix_override:/home/jetbot/ece417/ws/install/jetbot_ros/lib/python3.6/site-packages:${PYTHONPATH} /usr/bin/python3 setup.py develop --editable --build-directory /home/jetbot/ece417/ws/build/jetbot_ros/build --no-deps install_data
