[0.690s] Invoking command in '/home/jetbot/ece417/ws/build/aruco_opencv_msgs': /usr/local/bin/cmake --build /home/jetbot/ece417/ws/build/aruco_opencv_msgs -- -j4 -l4
[4.509s] [  2%] Built target aruco_opencv_msgs__cpp
[4.511s] [  2%] Built target ament_cmake_python_symlink_aruco_opencv_msgs
[4.512s] [ 12%] Built target aruco_opencv_msgs__rosidl_generator_c
[4.513s] [ 23%] Built target aruco_opencv_msgs__rosidl_typesupport_cpp
[4.515s] [ 34%] Built target aruco_opencv_msgs__rosidl_typesupport_fastrtps_cpp
[4.515s] [ 44%] Built target aruco_opencv_msgs__rosidl_typesupport_introspection_cpp
[4.517s] [ 55%] Built target aruco_opencv_msgs__rosidl_typesupport_c
[4.519s] [ 65%] Built target aruco_opencv_msgs__rosidl_typesupport_introspection_c
[4.520s] [ 76%] Built target aruco_opencv_msgs__rosidl_typesupport_fastrtps_c
[4.523s] [ 76%] Built target aruco_opencv_msgs
[4.525s] [ 78%] Built target aruco_opencv_msgs__py
[4.526s] [ 87%] Built target aruco_opencv_msgs__rosidl_generator_py
[4.526s] [ 91%] Built target aruco_opencv_msgs__rosidl_typesupport_introspection_c__pyext
[4.528s] [100%] Built target aruco_opencv_msgs__rosidl_typesupport_c__pyext
[4.530s] [ 95%] Built target aruco_opencv_msgs__rosidl_typesupport_fastrtps_c__pyext
[4.534s] running egg_info
[4.535s] writing aruco_opencv_msgs.egg-info/PKG-INFO
[4.535s] writing dependency_links to aruco_opencv_msgs.egg-info/dependency_links.txt
[4.536s] writing top-level names to aruco_opencv_msgs.egg-info/top_level.txt
[4.538s] reading manifest file 'aruco_opencv_msgs.egg-info/SOURCES.txt'
[4.543s] writing manifest file 'aruco_opencv_msgs.egg-info/SOURCES.txt'
[4.543s] [100%] Built target ament_cmake_python_build_aruco_opencv_msgs_egg
[4.553s] Invoked command in '/home/jetbot/ece417/ws/build/aruco_opencv_msgs' returned '0': /usr/local/bin/cmake --build /home/jetbot/ece417/ws/build/aruco_opencv_msgs -- -j4 -l4
[5.167s] Invoking command in '/home/jetbot/ece417/ws/build/aruco_opencv_msgs': /usr/local/bin/cmake --install /home/jetbot/ece417/ws/build/aruco_opencv_msgs
[5.360s] -- Install configuration: ""
[5.371s] -- Execute custom install script
[5.380s] -- Up-to-date symlink: /home/jetbot/ece417/ws/install/aruco_opencv_msgs/share/ament_index/resource_index/rosidl_interfaces/aruco_opencv_msgs
[5.389s] -- Up-to-date symlink: /home/jetbot/ece417/ws/install/aruco_opencv_msgs/include/aruco_opencv_msgs/aruco_opencv_msgs/msg/aruco_detection.h
[5.392s] -- Up-to-date symlink: /home/jetbot/ece417/ws/install/aruco_opencv_msgs/include/aruco_opencv_msgs/aruco_opencv_msgs/msg/board_pose.h
[5.396s] -- Up-to-date symlink: /home/jetbot/ece417/ws/install/aruco_opencv_msgs/include/aruco_opencv_msgs/aruco_opencv_msgs/msg/detail/aruco_detection__functions.h
[5.398s] -- Up-to-date symlink: /home/jetbot/ece417/ws/install/aruco_opencv_msgs/include/aruco_opencv_msgs/aruco_opencv_msgs/msg/detail/aruco_detection__struct.h
[5.401s] -- Up-to-date symlink: /home/jetbot/ece417/ws/install/aruco_opencv_msgs/include/aruco_opencv_msgs/aruco_opencv_msgs/msg/detail/aruco_detection__type_support.h
[5.412s] -- Up-to-date symlink: /home/jetbot/ece417/ws/install/aruco_opencv_msgs/include/aruco_opencv_msgs/aruco_opencv_msgs/msg/detail/board_pose__functions.h
[5.413s] -- Up-to-date symlink: /home/jetbot/ece417/ws/install/aruco_opencv_msgs/include/aruco_opencv_msgs/aruco_opencv_msgs/msg/detail/board_pose__struct.h
[5.422s] -- Up-to-date symlink: /home/jetbot/ece417/ws/install/aruco_opencv_msgs/include/aruco_opencv_msgs/aruco_opencv_msgs/msg/detail/board_pose__type_support.h
[5.423s] -- Up-to-date symlink: /home/jetbot/ece417/ws/install/aruco_opencv_msgs/include/aruco_opencv_msgs/aruco_opencv_msgs/msg/detail/marker_pose__functions.h
[5.424s] -- Up-to-date symlink: /home/jetbot/ece417/ws/install/aruco_opencv_msgs/include/aruco_opencv_msgs/aruco_opencv_msgs/msg/detail/marker_pose__struct.h
[5.424s] -- Up-to-date symlink: /home/jetbot/ece417/ws/install/aruco_opencv_msgs/include/aruco_opencv_msgs/aruco_opencv_msgs/msg/detail/marker_pose__type_support.h
[5.425s] -- Up-to-date symlink: /home/jetbot/ece417/ws/install/aruco_opencv_msgs/include/aruco_opencv_msgs/aruco_opencv_msgs/msg/marker_pose.h
[5.426s] -- Up-to-date symlink: /home/jetbot/ece417/ws/install/aruco_opencv_msgs/include/aruco_opencv_msgs/aruco_opencv_msgs/msg/rosidl_generator_c__visibility_control.h
[5.426s] -- Up-to-date symlink: /home/jetbot/ece417/ws/install/aruco_opencv_msgs/share/aruco_opencv_msgs/environment/library_path.sh
[5.427s] -- Up-to-date symlink: /home/jetbot/ece417/ws/install/aruco_opencv_msgs/share/aruco_opencv_msgs/environment/library_path.dsv
[5.427s] -- Up-to-date symlink: /home/jetbot/ece417/ws/install/aruco_opencv_msgs/include/aruco_opencv_msgs/aruco_opencv_msgs/msg/detail/aruco_detection__rosidl_typesupport_fastrtps_c.h
[5.428s] -- Up-to-date symlink: /home/jetbot/ece417/ws/install/aruco_opencv_msgs/include/aruco_opencv_msgs/aruco_opencv_msgs/msg/detail/board_pose__rosidl_typesupport_fastrtps_c.h
[5.429s] -- Up-to-date symlink: /home/jetbot/ece417/ws/install/aruco_opencv_msgs/include/aruco_opencv_msgs/aruco_opencv_msgs/msg/detail/marker_pose__rosidl_typesupport_fastrtps_c.h
[5.429s] -- Up-to-date symlink: /home/jetbot/ece417/ws/install/aruco_opencv_msgs/include/aruco_opencv_msgs/aruco_opencv_msgs/msg/rosidl_typesupport_fastrtps_c__visibility_control.h
[5.430s] -- Up-to-date symlink: /home/jetbot/ece417/ws/install/aruco_opencv_msgs/include/aruco_opencv_msgs/aruco_opencv_msgs/msg/detail/aruco_detection__rosidl_typesupport_introspection_c.h
[5.431s] -- Up-to-date symlink: /home/jetbot/ece417/ws/install/aruco_opencv_msgs/include/aruco_opencv_msgs/aruco_opencv_msgs/msg/detail/board_pose__rosidl_typesupport_introspection_c.h
[5.432s] -- Up-to-date symlink: /home/jetbot/ece417/ws/install/aruco_opencv_msgs/include/aruco_opencv_msgs/aruco_opencv_msgs/msg/detail/marker_pose__rosidl_typesupport_introspection_c.h
[5.432s] -- Up-to-date symlink: /home/jetbot/ece417/ws/install/aruco_opencv_msgs/include/aruco_opencv_msgs/aruco_opencv_msgs/msg/rosidl_typesupport_introspection_c__visibility_control.h
[5.439s] -- Up-to-date symlink: /home/jetbot/ece417/ws/install/aruco_opencv_msgs/include/aruco_opencv_msgs/aruco_opencv_msgs/msg/aruco_detection.hpp
[5.440s] -- Up-to-date symlink: /home/jetbot/ece417/ws/install/aruco_opencv_msgs/include/aruco_opencv_msgs/aruco_opencv_msgs/msg/board_pose.hpp
[5.440s] -- Up-to-date symlink: /home/jetbot/ece417/ws/install/aruco_opencv_msgs/include/aruco_opencv_msgs/aruco_opencv_msgs/msg/detail/aruco_detection__builder.hpp
[5.441s] -- Up-to-date symlink: /home/jetbot/ece417/ws/install/aruco_opencv_msgs/include/aruco_opencv_msgs/aruco_opencv_msgs/msg/detail/aruco_detection__struct.hpp
[5.442s] -- Up-to-date symlink: /home/jetbot/ece417/ws/install/aruco_opencv_msgs/include/aruco_opencv_msgs/aruco_opencv_msgs/msg/detail/aruco_detection__traits.hpp
[5.442s] -- Up-to-date symlink: /home/jetbot/ece417/ws/install/aruco_opencv_msgs/include/aruco_opencv_msgs/aruco_opencv_msgs/msg/detail/board_pose__builder.hpp
[5.443s] -- Up-to-date symlink: /home/jetbot/ece417/ws/install/aruco_opencv_msgs/include/aruco_opencv_msgs/aruco_opencv_msgs/msg/detail/board_pose__struct.hpp
[5.444s] -- Up-to-date symlink: /home/jetbot/ece417/ws/install/aruco_opencv_msgs/include/aruco_opencv_msgs/aruco_opencv_msgs/msg/detail/board_pose__traits.hpp
[5.449s] -- Up-to-date symlink: /home/jetbot/ece417/ws/install/aruco_opencv_msgs/include/aruco_opencv_msgs/aruco_opencv_msgs/msg/detail/marker_pose__builder.hpp
[5.449s] -- Up-to-date symlink: /home/jetbot/ece417/ws/install/aruco_opencv_msgs/include/aruco_opencv_msgs/aruco_opencv_msgs/msg/detail/marker_pose__struct.hpp
[5.450s] -- Up-to-date symlink: /home/jetbot/ece417/ws/install/aruco_opencv_msgs/include/aruco_opencv_msgs/aruco_opencv_msgs/msg/detail/marker_pose__traits.hpp
[5.456s] -- Up-to-date symlink: /home/jetbot/ece417/ws/install/aruco_opencv_msgs/include/aruco_opencv_msgs/aruco_opencv_msgs/msg/marker_pose.hpp
[5.469s] -- Up-to-date symlink: /home/jetbot/ece417/ws/install/aruco_opencv_msgs/include/aruco_opencv_msgs/aruco_opencv_msgs/msg/detail/aruco_detection__rosidl_typesupport_fastrtps_cpp.hpp
[5.472s] -- Up-to-date symlink: /home/jetbot/ece417/ws/install/aruco_opencv_msgs/include/aruco_opencv_msgs/aruco_opencv_msgs/msg/detail/board_pose__rosidl_typesupport_fastrtps_cpp.hpp
[5.473s] -- Up-to-date symlink: /home/jetbot/ece417/ws/install/aruco_opencv_msgs/include/aruco_opencv_msgs/aruco_opencv_msgs/msg/detail/marker_pose__rosidl_typesupport_fastrtps_cpp.hpp
[5.473s] -- Up-to-date symlink: /home/jetbot/ece417/ws/install/aruco_opencv_msgs/include/aruco_opencv_msgs/aruco_opencv_msgs/msg/rosidl_typesupport_fastrtps_cpp__visibility_control.h
[5.474s] -- Up-to-date symlink: /home/jetbot/ece417/ws/install/aruco_opencv_msgs/include/aruco_opencv_msgs/aruco_opencv_msgs/msg/detail/aruco_detection__rosidl_typesupport_introspection_cpp.hpp
[5.474s] -- Up-to-date symlink: /home/jetbot/ece417/ws/install/aruco_opencv_msgs/include/aruco_opencv_msgs/aruco_opencv_msgs/msg/detail/board_pose__rosidl_typesupport_introspection_cpp.hpp
[5.475s] -- Up-to-date symlink: /home/jetbot/ece417/ws/install/aruco_opencv_msgs/include/aruco_opencv_msgs/aruco_opencv_msgs/msg/detail/marker_pose__rosidl_typesupport_introspection_cpp.hpp
[5.475s] -- Up-to-date symlink: /home/jetbot/ece417/ws/install/aruco_opencv_msgs/share/aruco_opencv_msgs/environment/pythonpath.sh
[5.476s] -- Up-to-date symlink: /home/jetbot/ece417/ws/install/aruco_opencv_msgs/share/aruco_opencv_msgs/environment/pythonpath.dsv
[5.476s] -- Up-to-date symlink: /home/jetbot/ece417/ws/install/aruco_opencv_msgs/lib/python3.6/site-packages/aruco_opencv_msgs-2.3.1-py3.6.egg-info/PKG-INFO
[5.477s] -- Up-to-date symlink: /home/jetbot/ece417/ws/install/aruco_opencv_msgs/lib/python3.6/site-packages/aruco_opencv_msgs-2.3.1-py3.6.egg-info/SOURCES.txt
[5.478s] -- Up-to-date symlink: /home/jetbot/ece417/ws/install/aruco_opencv_msgs/lib/python3.6/site-packages/aruco_opencv_msgs-2.3.1-py3.6.egg-info/dependency_links.txt
[5.478s] -- Up-to-date symlink: /home/jetbot/ece417/ws/install/aruco_opencv_msgs/lib/python3.6/site-packages/aruco_opencv_msgs-2.3.1-py3.6.egg-info/top_level.txt
[5.479s] -- Up-to-date symlink: /home/jetbot/ece417/ws/install/aruco_opencv_msgs/lib/python3.6/site-packages/aruco_opencv_msgs/__init__.py
[5.480s] -- Up-to-date symlink: /home/jetbot/ece417/ws/install/aruco_opencv_msgs/lib/python3.6/site-packages/aruco_opencv_msgs/_aruco_opencv_msgs_s.ep.rosidl_typesupport_c.c
[5.481s] -- Up-to-date symlink: /home/jetbot/ece417/ws/install/aruco_opencv_msgs/lib/python3.6/site-packages/aruco_opencv_msgs/_aruco_opencv_msgs_s.ep.rosidl_typesupport_fastrtps_c.c
[5.482s] -- Up-to-date symlink: /home/jetbot/ece417/ws/install/aruco_opencv_msgs/lib/python3.6/site-packages/aruco_opencv_msgs/_aruco_opencv_msgs_s.ep.rosidl_typesupport_introspection_c.c
[5.482s] -- Up-to-date symlink: /home/jetbot/ece417/ws/install/aruco_opencv_msgs/lib/python3.6/site-packages/aruco_opencv_msgs/aruco_opencv_msgs_s__rosidl_typesupport_c.cpython-36m-aarch64-linux-gnu.so
[5.483s] -- Up-to-date symlink: /home/jetbot/ece417/ws/install/aruco_opencv_msgs/lib/python3.6/site-packages/aruco_opencv_msgs/aruco_opencv_msgs_s__rosidl_typesupport_fastrtps_c.cpython-36m-aarch64-linux-gnu.so
[5.490s] -- Up-to-date symlink: /home/jetbot/ece417/ws/install/aruco_opencv_msgs/lib/python3.6/site-packages/aruco_opencv_msgs/aruco_opencv_msgs_s__rosidl_typesupport_introspection_c.cpython-36m-aarch64-linux-gnu.so
[5.492s] -- Up-to-date symlink: /home/jetbot/ece417/ws/install/aruco_opencv_msgs/lib/python3.6/site-packages/aruco_opencv_msgs/libaruco_opencv_msgs__rosidl_generator_py.so
[5.492s] -- Up-to-date symlink: /home/jetbot/ece417/ws/install/aruco_opencv_msgs/lib/python3.6/site-packages/aruco_opencv_msgs/msg/__init__.py
[5.493s] -- Up-to-date symlink: /home/jetbot/ece417/ws/install/aruco_opencv_msgs/lib/python3.6/site-packages/aruco_opencv_msgs/msg/_aruco_detection.py
[5.500s] -- Up-to-date symlink: /home/jetbot/ece417/ws/install/aruco_opencv_msgs/lib/python3.6/site-packages/aruco_opencv_msgs/msg/_aruco_detection_s.c
[5.501s] -- Up-to-date symlink: /home/jetbot/ece417/ws/install/aruco_opencv_msgs/lib/python3.6/site-packages/aruco_opencv_msgs/msg/_board_pose.py
[5.502s] -- Up-to-date symlink: /home/jetbot/ece417/ws/install/aruco_opencv_msgs/lib/python3.6/site-packages/aruco_opencv_msgs/msg/_board_pose_s.c
[5.503s] -- Up-to-date symlink: /home/jetbot/ece417/ws/install/aruco_opencv_msgs/lib/python3.6/site-packages/aruco_opencv_msgs/msg/_marker_pose.py
[5.503s] -- Up-to-date symlink: /home/jetbot/ece417/ws/install/aruco_opencv_msgs/lib/python3.6/site-packages/aruco_opencv_msgs/msg/_marker_pose_s.c
[5.504s] -- Up-to-date symlink: /home/jetbot/ece417/ws/install/aruco_opencv_msgs/lib/python3.6/site-packages/aruco_opencv_msgs/aruco_opencv_msgs_s__rosidl_typesupport_fastrtps_c.cpython-36m-aarch64-linux-gnu.so
[5.505s] -- Up-to-date symlink: /home/jetbot/ece417/ws/install/aruco_opencv_msgs/lib/python3.6/site-packages/aruco_opencv_msgs/aruco_opencv_msgs_s__rosidl_typesupport_introspection_c.cpython-36m-aarch64-linux-gnu.so
[5.505s] -- Up-to-date symlink: /home/jetbot/ece417/ws/install/aruco_opencv_msgs/lib/python3.6/site-packages/aruco_opencv_msgs/aruco_opencv_msgs_s__rosidl_typesupport_c.cpython-36m-aarch64-linux-gnu.so
[5.507s] -- Up-to-date symlink: /home/jetbot/ece417/ws/install/aruco_opencv_msgs/share/aruco_opencv_msgs/msg/ArucoDetection.idl
[5.518s] -- Up-to-date symlink: /home/jetbot/ece417/ws/install/aruco_opencv_msgs/share/aruco_opencv_msgs/msg/BoardPose.idl
[5.519s] -- Up-to-date symlink: /home/jetbot/ece417/ws/install/aruco_opencv_msgs/share/aruco_opencv_msgs/msg/MarkerPose.idl
[5.520s] -- Up-to-date symlink: /home/jetbot/ece417/ws/install/aruco_opencv_msgs/share/aruco_opencv_msgs/msg/ArucoDetection.msg
[5.521s] -- Up-to-date symlink: /home/jetbot/ece417/ws/install/aruco_opencv_msgs/share/aruco_opencv_msgs/msg/BoardPose.msg
[5.522s] -- Up-to-date symlink: /home/jetbot/ece417/ws/install/aruco_opencv_msgs/share/aruco_opencv_msgs/msg/MarkerPose.msg
[5.523s] -- Up-to-date symlink: /home/jetbot/ece417/ws/install/aruco_opencv_msgs/share/ament_index/resource_index/package_run_dependencies/aruco_opencv_msgs
[5.524s] -- Up-to-date symlink: /home/jetbot/ece417/ws/install/aruco_opencv_msgs/share/ament_index/resource_index/parent_prefix_path/aruco_opencv_msgs
[5.525s] -- Up-to-date symlink: /home/jetbot/ece417/ws/install/aruco_opencv_msgs/share/aruco_opencv_msgs/environment/ament_prefix_path.sh
[5.526s] -- Up-to-date symlink: /home/jetbot/ece417/ws/install/aruco_opencv_msgs/share/aruco_opencv_msgs/environment/ament_prefix_path.dsv
[5.528s] -- Up-to-date symlink: /home/jetbot/ece417/ws/install/aruco_opencv_msgs/share/aruco_opencv_msgs/environment/path.sh
[5.529s] -- Up-to-date symlink: /home/jetbot/ece417/ws/install/aruco_opencv_msgs/share/aruco_opencv_msgs/environment/path.dsv
[5.531s] -- Up-to-date symlink: /home/jetbot/ece417/ws/install/aruco_opencv_msgs/share/aruco_opencv_msgs/local_setup.bash
[5.532s] -- Up-to-date symlink: /home/jetbot/ece417/ws/install/aruco_opencv_msgs/share/aruco_opencv_msgs/local_setup.sh
[5.534s] -- Up-to-date symlink: /home/jetbot/ece417/ws/install/aruco_opencv_msgs/share/aruco_opencv_msgs/local_setup.zsh
[5.535s] -- Up-to-date symlink: /home/jetbot/ece417/ws/install/aruco_opencv_msgs/share/aruco_opencv_msgs/local_setup.dsv
[5.548s] -- Symlinking: /home/jetbot/ece417/ws/install/aruco_opencv_msgs/share/aruco_opencv_msgs/package.dsv
[5.550s] -- Up-to-date symlink: /home/jetbot/ece417/ws/install/aruco_opencv_msgs/share/ament_index/resource_index/packages/aruco_opencv_msgs
[5.551s] -- Up-to-date symlink: /home/jetbot/ece417/ws/install/aruco_opencv_msgs/share/aruco_opencv_msgs/cmake/rosidl_cmake-extras.cmake
[5.552s] -- Up-to-date symlink: /home/jetbot/ece417/ws/install/aruco_opencv_msgs/share/aruco_opencv_msgs/cmake/ament_cmake_export_dependencies-extras.cmake
[5.553s] -- Up-to-date symlink: /home/jetbot/ece417/ws/install/aruco_opencv_msgs/share/aruco_opencv_msgs/cmake/ament_cmake_export_include_directories-extras.cmake
[5.556s] -- Up-to-date symlink: /home/jetbot/ece417/ws/install/aruco_opencv_msgs/share/aruco_opencv_msgs/cmake/ament_cmake_export_libraries-extras.cmake
[5.558s] -- Up-to-date symlink: /home/jetbot/ece417/ws/install/aruco_opencv_msgs/share/aruco_opencv_msgs/cmake/ament_cmake_export_targets-extras.cmake
[5.560s] -- Up-to-date symlink: /home/jetbot/ece417/ws/install/aruco_opencv_msgs/share/aruco_opencv_msgs/cmake/rosidl_cmake_export_typesupport_targets-extras.cmake
[5.565s] -- Up-to-date symlink: /home/jetbot/ece417/ws/install/aruco_opencv_msgs/share/aruco_opencv_msgs/cmake/rosidl_cmake_export_typesupport_libraries-extras.cmake
[5.566s] -- Up-to-date symlink: /home/jetbot/ece417/ws/install/aruco_opencv_msgs/share/aruco_opencv_msgs/cmake/aruco_opencv_msgsConfig.cmake
[5.567s] -- Up-to-date symlink: /home/jetbot/ece417/ws/install/aruco_opencv_msgs/share/aruco_opencv_msgs/cmake/aruco_opencv_msgsConfig-version.cmake
[5.568s] -- Up-to-date symlink: /home/jetbot/ece417/ws/install/aruco_opencv_msgs/share/aruco_opencv_msgs/package.xml
[5.572s] -- Up-to-date: /home/jetbot/ece417/ws/install/aruco_opencv_msgs/lib/libaruco_opencv_msgs__rosidl_generator_c.so
[5.592s] -- Up-to-date: /home/jetbot/ece417/ws/install/aruco_opencv_msgs/lib/libaruco_opencv_msgs__rosidl_typesupport_fastrtps_c.so
[5.594s] -- Up-to-date: /home/jetbot/ece417/ws/install/aruco_opencv_msgs/lib/libaruco_opencv_msgs__rosidl_typesupport_introspection_c.so
[5.595s] -- Up-to-date: /home/jetbot/ece417/ws/install/aruco_opencv_msgs/lib/libaruco_opencv_msgs__rosidl_typesupport_c.so
[5.611s] -- Up-to-date: /home/jetbot/ece417/ws/install/aruco_opencv_msgs/lib/libaruco_opencv_msgs__rosidl_typesupport_fastrtps_cpp.so
[5.612s] -- Up-to-date: /home/jetbot/ece417/ws/install/aruco_opencv_msgs/lib/libaruco_opencv_msgs__rosidl_typesupport_introspection_cpp.so
[5.612s] -- Up-to-date: /home/jetbot/ece417/ws/install/aruco_opencv_msgs/lib/libaruco_opencv_msgs__rosidl_typesupport_cpp.so
[5.776s] Listing '/home/jetbot/ece417/ws/install/aruco_opencv_msgs/lib/python3.6/site-packages/aruco_opencv_msgs'...
[5.777s] Listing '/home/jetbot/ece417/ws/install/aruco_opencv_msgs/lib/python3.6/site-packages/aruco_opencv_msgs/msg'...
[5.825s] -- Up-to-date: /home/jetbot/ece417/ws/install/aruco_opencv_msgs/lib/libaruco_opencv_msgs__rosidl_generator_py.so
[5.828s] -- Up-to-date: /home/jetbot/ece417/ws/install/aruco_opencv_msgs/share/aruco_opencv_msgs/cmake/export_aruco_opencv_msgs__rosidl_generator_cExport.cmake
[5.829s] -- Up-to-date: /home/jetbot/ece417/ws/install/aruco_opencv_msgs/share/aruco_opencv_msgs/cmake/export_aruco_opencv_msgs__rosidl_generator_cExport-noconfig.cmake
[5.833s] -- Up-to-date: /home/jetbot/ece417/ws/install/aruco_opencv_msgs/share/aruco_opencv_msgs/cmake/export_aruco_opencv_msgs__rosidl_typesupport_fastrtps_cExport.cmake
[5.835s] -- Up-to-date: /home/jetbot/ece417/ws/install/aruco_opencv_msgs/share/aruco_opencv_msgs/cmake/export_aruco_opencv_msgs__rosidl_typesupport_fastrtps_cExport-noconfig.cmake
[5.838s] -- Up-to-date: /home/jetbot/ece417/ws/install/aruco_opencv_msgs/share/aruco_opencv_msgs/cmake/aruco_opencv_msgs__rosidl_typesupport_introspection_cExport.cmake
[5.839s] -- Up-to-date: /home/jetbot/ece417/ws/install/aruco_opencv_msgs/share/aruco_opencv_msgs/cmake/aruco_opencv_msgs__rosidl_typesupport_introspection_cExport-noconfig.cmake
[5.842s] -- Up-to-date: /home/jetbot/ece417/ws/install/aruco_opencv_msgs/share/aruco_opencv_msgs/cmake/aruco_opencv_msgs__rosidl_typesupport_cExport.cmake
[5.844s] -- Up-to-date: /home/jetbot/ece417/ws/install/aruco_opencv_msgs/share/aruco_opencv_msgs/cmake/aruco_opencv_msgs__rosidl_typesupport_cExport-noconfig.cmake
[5.848s] -- Up-to-date: /home/jetbot/ece417/ws/install/aruco_opencv_msgs/share/aruco_opencv_msgs/cmake/export_aruco_opencv_msgs__rosidl_generator_cppExport.cmake
[5.852s] -- Up-to-date: /home/jetbot/ece417/ws/install/aruco_opencv_msgs/share/aruco_opencv_msgs/cmake/export_aruco_opencv_msgs__rosidl_typesupport_fastrtps_cppExport.cmake
[5.853s] -- Up-to-date: /home/jetbot/ece417/ws/install/aruco_opencv_msgs/share/aruco_opencv_msgs/cmake/export_aruco_opencv_msgs__rosidl_typesupport_fastrtps_cppExport-noconfig.cmake
[5.858s] -- Up-to-date: /home/jetbot/ece417/ws/install/aruco_opencv_msgs/share/aruco_opencv_msgs/cmake/aruco_opencv_msgs__rosidl_typesupport_introspection_cppExport.cmake
[5.859s] -- Up-to-date: /home/jetbot/ece417/ws/install/aruco_opencv_msgs/share/aruco_opencv_msgs/cmake/aruco_opencv_msgs__rosidl_typesupport_introspection_cppExport-noconfig.cmake
[5.863s] -- Up-to-date: /home/jetbot/ece417/ws/install/aruco_opencv_msgs/share/aruco_opencv_msgs/cmake/aruco_opencv_msgs__rosidl_typesupport_cppExport.cmake
[5.865s] -- Up-to-date: /home/jetbot/ece417/ws/install/aruco_opencv_msgs/share/aruco_opencv_msgs/cmake/aruco_opencv_msgs__rosidl_typesupport_cppExport-noconfig.cmake
[5.868s] -- Up-to-date: /home/jetbot/ece417/ws/install/aruco_opencv_msgs/share/aruco_opencv_msgs/cmake/export_aruco_opencv_msgs__rosidl_generator_pyExport.cmake
[5.871s] -- Up-to-date: /home/jetbot/ece417/ws/install/aruco_opencv_msgs/share/aruco_opencv_msgs/cmake/export_aruco_opencv_msgs__rosidl_generator_pyExport-noconfig.cmake
[5.909s] Invoked command in '/home/jetbot/ece417/ws/build/aruco_opencv_msgs' returned '0': /usr/local/bin/cmake --install /home/jetbot/ece417/ws/build/aruco_opencv_msgs
